Extract contract Wallet from /sb/wallet_04_confused_sign.sol
Extracted 1 contract(s) from /sb/wallet_04_confused_sign.sol
[0;32m> Created "fuzzMe"[0m
[0;32m> To fuzz contracts:[0m
  chmod +x fuzzMe
  ./fuzzMe
contracts/Wallet.sol:39:22: Warning: Using contract member "balance" inherited from the address type is deprecated. Convert the contract to "address" type to access the member, for example use "address(contract).balance" instead.
         to.transfer(this.balance);
                     ^----------^
assets/NormalAttacker.sol:5:3: Warning: No visibility specified. Defaulting to "public". 
  function() payable {
  ^ (Relevant source part starts here and spans across multiple lines).
assets/ReentrancyAttacker.sol:8:7: Warning: Return value of low-level calls not used.
      msg.sender.call(bytes4(255));
      ^--------------------------^
assets/ReentrancyAttacker.sol:5:3: Warning: No visibility specified. Defaulting to "public". 
  function() payable {
  ^ (Relevant source part starts here and spans across multiple lines).
>> Fuzz Wallet
** Write stats: 0.004551
** Write stats: 5.00136
** Write stats: 10.0003
** Write stats: 15.0053
** Write stats: 20.0037
** Write stats: 25.0046
** Write stats: 30.0003
** Write stats: 35.0013
** Write stats: 40.0075
** Write stats: 45.0021
** Write stats: 50.0042
** Write stats: 55.0064
** Write stats: 60.0081
** Write stats: 65.0043
** Write stats: 70.0052
** Write stats: 75.0091
** Write stats: 80.0024
** Write stats: 85.0089
** Write stats: 90.0077
** Write stats: 95.0028
** Write stats: 100.003
** Write stats: 105.009
** Write stats: 110.001
** Write stats: 115.01
** Write stats: 120.008
** Write stats: 125
** Write stats: 130.01
** Write stats: 135.002
** Write stats: 140.004
** Write stats: 145.009
** Write stats: 150.007
** Write stats: 155.008
** Write stats: 160.016
** Write stats: 165.009
** Write stats: 170.017
** Write stats: 175.019
** Write stats: 180.015
** Write stats: 185.023
** Write stats: 190.016
** Write stats: 195.005
** Write stats: 200.013
** Write stats: 205.011
** Write stats: 210.03
** Write stats: 215.013
** Write stats: 220.028
** Write stats: 225.022
** Write stats: 230.009
** Write stats: 235.009
** Write stats: 240.003
** Write stats: 245.018
** Write stats: 250.009
** Write stats: 255.01
** Write stats: 260.021
** Write stats: 265.016
** Write stats: 270.025
** Write stats: 275.008
** Write stats: 280.018
** Write stats: 285.003
** Write stats: 290.019
** Write stats: 295.011
** Write stats: 300.016
** Write stats: 305.018
** Write stats: 310.017
** Write stats: 315.009
** Write stats: 320.009
** Write stats: 325.032
** Write stats: 330.001
** Write stats: 335.014
** Write stats: 340.029
** Write stats: 345.028
** Write stats: 350.023
** Write stats: 355.029
** Write stats: 360.022
** Write stats: 365.005
** Write stats: 370.005
** Write stats: 375.017
** Write stats: 380.012
** Write stats: 385.001
** Write stats: 390
** Write stats: 395.029
** Write stats: 400.001
** Write stats: 405.005
** Write stats: 410.009
** Write stats: 415.035
** Write stats: 420.002
** Write stats: 425.001
** Write stats: 430.016
** Write stats: 435.034
** Write stats: 440.012
** Write stats: 445.022
** Write stats: 450.005
** Write stats: 455.017
** Write stats: 460.003
** Write stats: 465.006
** Write stats: 470.027
** Write stats: 475.023
** Write stats: 480.012
** Write stats: 485.009
** Write stats: 490.032
** Write stats: 495.007
** Write stats: 500.035
** Write stats: 505.006
** Write stats: 510.024
** Write stats: 515.034
** Write stats: 520.013
** Write stats: 525.016
** Write stats: 530.023
** Write stats: 535.033
** Write stats: 540.031
** Write stats: 545.002
** Write stats: 550.004
** Write stats: 555.025
** Write stats: 560.01
** Write stats: 565.011
** Write stats: 570.002
** Write stats: 575.022
** Write stats: 580.024
** Write stats: 585.031
** Write stats: 590.011
** Write stats: 595.025
** Write stats: 598.027
