Extract contract LogFile from /sb/0x01f8c4e3fa3edeb29e514cba738d87ce8c091d3f.sol
Extract contract PERSONAL_BANK from /sb/0x01f8c4e3fa3edeb29e514cba738d87ce8c091d3f.sol
Extracted 2 contract(s) from /sb/0x01f8c4e3fa3edeb29e514cba738d87ce8c091d3f.sol
[0;32m> Created "fuzzMe"[0m
[0;32m> To fuzz contracts:[0m
  chmod +x fuzzMe
  ./fuzzMe
assets/NormalAttacker.sol:5:3: Warning: No visibility specified. Defaulting to "public". 
  function() payable {
  ^ (Relevant source part starts here and spans across multiple lines).
assets/ReentrancyAttacker.sol:8:7: Warning: Return value of low-level calls not used.
      msg.sender.call(bytes4(255));
      ^--------------------------^
assets/ReentrancyAttacker.sol:5:3: Warning: No visibility specified. Defaulting to "public". 
  function() payable {
  ^ (Relevant source part starts here and spans across multiple lines).
>> Fuzz PERSONAL_BANK
** Write stats: 0.006083
** Write stats: 5.00168
** Write stats: 10.0015
** Write stats: 15.0006
** Write stats: 20.0028
** Write stats: 25.0038
** Write stats: 30.0015
** Write stats: 35.0041
** Write stats: 40.0021
** Write stats: 45.0002
** Write stats: 50.0037
** Write stats: 55.0043
** Write stats: 60.0028
** Write stats: 65.0032
** Write stats: 70.0011
** Write stats: 75.0025
** Write stats: 80.0002
** Write stats: 85.0044
** Write stats: 90.0055
** Write stats: 95.0008
** Write stats: 100
** Write stats: 105.001
** Write stats: 110.001
** Write stats: 115.001
** Write stats: 120.004
** Write stats: 125.003
** Write stats: 130.002
** Write stats: 135
** Write stats: 140.003
** Write stats: 145.003
** Write stats: 150.003
** Write stats: 155.005
** Write stats: 160.006
** Write stats: 165
** Write stats: 170.005
** Write stats: 175.001
** Write stats: 180.005
** Write stats: 185.003
** Write stats: 190.004
** Write stats: 195.008
** Write stats: 200.01
** Write stats: 205
** Write stats: 210.002
** Write stats: 215.002
** Write stats: 220.001
** Write stats: 225.013
** Write stats: 230.014
** Write stats: 235.008
** Write stats: 240.003
** Write stats: 245.018
** Write stats: 250.013
** Write stats: 255.004
** Write stats: 260.004
** Write stats: 265.013
** Write stats: 270.01
** Write stats: 275.007
** Write stats: 280.017
** Write stats: 285.007
** Write stats: 290.007
** Write stats: 295.004
** Write stats: 298.032
>> Fuzz LogFile
** Write stats: 0.007072
** Write stats: 5.0106
** Write stats: 10.0181
** Write stats: 15.0047
** Write stats: 20.0275
** Write stats: 25.033
** Write stats: 30.0251
** Write stats: 35.0096
** Write stats: 40.015
** Write stats: 45.0482
** Write stats: 50.0474
** Write stats: 55.0216
** Write stats: 60.037
** Write stats: 65.0311
** Write stats: 70.0347
** Write stats: 75.0583
** Write stats: 80.0435
** Write stats: 85.0197
** Write stats: 90.0611
** Write stats: 95.012
** Write stats: 100.031
** Write stats: 105.07
** Write stats: 110.072
** Write stats: 115.058
** Write stats: 120.048
** Write stats: 125.064
** Write stats: 130.024
** Write stats: 135.057
** Write stats: 140.042
** Write stats: 145.04
** Write stats: 150.079
** Write stats: 155.042
** Write stats: 160.089
** Write stats: 165.038
** Write stats: 170.075
** Write stats: 175.04
** Write stats: 180.071
** Write stats: 185.037
** Write stats: 190.012
** Write stats: 195.016
** Write stats: 200.082
** Write stats: 205.092
** Write stats: 210.096
** Write stats: 215.015
** Write stats: 220.017
** Write stats: 225.113
** Write stats: 230.093
** Write stats: 235.05
** Write stats: 240.021
** Write stats: 245.064
** Write stats: 250.024
** Write stats: 255.039
** Write stats: 260.032
** Write stats: 265.099
** Write stats: 270.04
** Write stats: 275.06
** Write stats: 280.113
** Write stats: 285.081
** Write stats: 290.01
** Write stats: 295.007
** Write stats: 298.098
