Extract contract Log from /sb/0x7541b76cb60f4c60af330c208b0623b7f54bf615.sol
Extract contract U_BANK from /sb/0x7541b76cb60f4c60af330c208b0623b7f54bf615.sol
Extracted 2 contract(s) from /sb/0x7541b76cb60f4c60af330c208b0623b7f54bf615.sol
[0;32m> Created "fuzzMe"[0m
[0;32m> To fuzz contracts:[0m
  chmod +x fuzzMe
  ./fuzzMe
contracts/U_BANK.sol:15:9: Warning: Use of the "var" keyword is deprecated.
        var acc = Acc[msg.sender];
        ^-----^
contracts/U_BANK.sol:25:9: Warning: Use of the "var" keyword is deprecated.
        var acc = Acc[msg.sender];
        ^-----^
contracts/U_BANK.sol:56:5: Warning: Defining constructors as functions with the same name as the contract is deprecated. Use "constructor(...) { ... }" instead.
    function U_BANK(address log) public{
    ^ (Relevant source part starts here and spans across multiple lines).
contracts/Log.sol:15:9: Warning: Use of the "var" keyword is deprecated.
        var acc = Acc[msg.sender];
        ^-----^
contracts/Log.sol:25:9: Warning: Use of the "var" keyword is deprecated.
        var acc = Acc[msg.sender];
        ^-----^
contracts/Log.sol:56:5: Warning: Defining constructors as functions with the same name as the contract is deprecated. Use "constructor(...) { ... }" instead.
    function U_BANK(address log) public{
    ^ (Relevant source part starts here and spans across multiple lines).
assets/NormalAttacker.sol:5:3: Warning: No visibility specified. Defaulting to "public". 
  function() payable {
  ^ (Relevant source part starts here and spans across multiple lines).
assets/ReentrancyAttacker.sol:8:7: Warning: Return value of low-level calls not used.
      msg.sender.call(bytes4(255));
      ^--------------------------^
assets/ReentrancyAttacker.sol:5:3: Warning: No visibility specified. Defaulting to "public". 
  function() payable {
  ^ (Relevant source part starts here and spans across multiple lines).
>> Fuzz U_BANK
** Write stats: 0.006152
** Write stats: 5.00066
** Write stats: 10.0041
** Write stats: 15.0012
** Write stats: 20.0038
** Write stats: 25.0003
** Write stats: 30.0003
** Write stats: 35.0042
** Write stats: 40.0059
** Write stats: 45.0052
** Write stats: 50.0011
** Write stats: 55.0038
** Write stats: 60.0043
** Write stats: 65.0068
** Write stats: 70.0051
** Write stats: 75.0035
** Write stats: 80.0005
** Write stats: 85.0015
** Write stats: 90.0053
** Write stats: 95.0053
** Write stats: 100.004
** Write stats: 105.003
** Write stats: 110.003
** Write stats: 115.006
** Write stats: 120.002
** Write stats: 125.003
** Write stats: 130.006
** Write stats: 135.005
** Write stats: 140.003
** Write stats: 145.001
** Write stats: 150.004
** Write stats: 155.006
** Write stats: 160.003
** Write stats: 165.003
** Write stats: 170.003
** Write stats: 175.006
** Write stats: 180.006
** Write stats: 185.005
** Write stats: 190.006
** Write stats: 195.002
** Write stats: 200.003
** Write stats: 205.006
** Write stats: 210.001
** Write stats: 215.003
** Write stats: 220.005
** Write stats: 225.006
** Write stats: 230.005
** Write stats: 235.006
** Write stats: 240.004
** Write stats: 245.02
** Write stats: 250.003
** Write stats: 255.004
** Write stats: 260.003
** Write stats: 265.002
** Write stats: 270.003
** Write stats: 275.001
** Write stats: 280.005
** Write stats: 285.004
** Write stats: 290.002
** Write stats: 295
** Write stats: 298.015
>> Fuzz Log
** Write stats: 0.006827
** Write stats: 5.01369
** Write stats: 10.0098
** Write stats: 15.0018
** Write stats: 20.003
** Write stats: 25.0058
** Write stats: 30.0243
** Write stats: 35.0001
** Write stats: 40.0014
** Write stats: 45.0251
** Write stats: 50.0182
** Write stats: 55.0057
** Write stats: 60.0058
** Write stats: 65.0544
** Write stats: 70.0095
** Write stats: 75.0285
** Write stats: 80.0258
** Write stats: 85.0126
** Write stats: 90.0644
** Write stats: 95.0471
** Write stats: 100.034
** Write stats: 105.022
** Write stats: 110.031
** Write stats: 115.005
** Write stats: 120.037
** Write stats: 125.105
** Write stats: 130.038
** Write stats: 135.082
** Write stats: 140.058
** Write stats: 145.016
** Write stats: 150.011
** Write stats: 155.052
** Write stats: 160.027
** Write stats: 165.089
** Write stats: 170.082
** Write stats: 175.001
** Write stats: 180.023
** Write stats: 185.096
** Write stats: 190.069
** Write stats: 195.061
** Write stats: 200.053
** Write stats: 205.014
** Write stats: 210.015
** Write stats: 215.075
** Write stats: 220.014
** Write stats: 225.102
** Write stats: 230.016
** Write stats: 235.036
** Write stats: 240.073
** Write stats: 245.002
** Write stats: 250.032
** Write stats: 255.022
** Write stats: 260.056
** Write stats: 265.008
** Write stats: 270.018
** Write stats: 275.015
** Write stats: 280.075
** Write stats: 285.101
** Write stats: 290.005
** Write stats: 295.066
** Write stats: 298.049
