Extract contract Proxy from /sb/0xbaa3de6504690efb064420d89e871c27065cdd52.sol
Extract contract VaultProxy from /sb/0xbaa3de6504690efb064420d89e871c27065cdd52.sol
Extracted 2 contract(s) from /sb/0xbaa3de6504690efb064420d89e871c27065cdd52.sol
[0;32m> Created "fuzzMe"[0m
[0;32m> To fuzz contracts:[0m
  chmod +x fuzzMe
  ./fuzzMe
contracts/VaultProxy.sol:14:9: Warning: Return value of low-level calls not used.
        target.call.value(msg.value)(data);
        ^--------------------------------^
contracts/Proxy.sol:14:9: Warning: Return value of low-level calls not used.
        target.call.value(msg.value)(data);
        ^--------------------------------^
assets/NormalAttacker.sol:5:3: Warning: No visibility specified. Defaulting to "public". 
  function() payable {
  ^ (Relevant source part starts here and spans across multiple lines).
assets/ReentrancyAttacker.sol:8:7: Warning: Return value of low-level calls not used.
      msg.sender.call(bytes4(255));
      ^--------------------------^
assets/ReentrancyAttacker.sol:5:3: Warning: No visibility specified. Defaulting to "public". 
  function() payable {
  ^ (Relevant source part starts here and spans across multiple lines).
>> Fuzz VaultProxy
** Write stats: 0.005156
** Write stats: 5.00012
** Write stats: 10.0015
** Write stats: 15.0025
** Write stats: 20.0012
** Write stats: 25.0013
** Write stats: 30.003
** Write stats: 35.0008
** Write stats: 40.0018
** Write stats: 45.0081
** Write stats: 50.0039
** Write stats: 55.0098
** Write stats: 60.0078
** Write stats: 65.0029
** Write stats: 70.0029
** Write stats: 75.0014
** Write stats: 80.0012
** Write stats: 85.006
** Write stats: 90.0022
** Write stats: 95.0048
** Write stats: 100.008
** Write stats: 105.001
** Write stats: 110.008
** Write stats: 115.004
** Write stats: 120.003
** Write stats: 125.008
** Write stats: 130.01
** Write stats: 135.001
** Write stats: 140.011
** Write stats: 145.009
** Write stats: 150.014
** Write stats: 155.013
** Write stats: 160.002
** Write stats: 165.001
** Write stats: 170.008
** Write stats: 175.007
** Write stats: 180.001
** Write stats: 185.005
** Write stats: 190.009
** Write stats: 195.007
** Write stats: 200.01
** Write stats: 205.006
** Write stats: 210
** Write stats: 215.007
** Write stats: 220.005
** Write stats: 225.013
** Write stats: 230.002
** Write stats: 235.001
** Write stats: 240.01
** Write stats: 245.002
** Write stats: 250.007
** Write stats: 255.011
** Write stats: 260.005
** Write stats: 265.005
** Write stats: 270.004
** Write stats: 275.011
** Write stats: 280.013
** Write stats: 285.012
** Write stats: 290.009
** Write stats: 295.012
** Write stats: 298.02
>> Fuzz Proxy
** Write stats: 0.00564
** Write stats: 5.00007
** Write stats: 10.0001
** Write stats: 15.0002
** Write stats: 20.0001
** Write stats: 25.0086
** Write stats: 30.0001
** Write stats: 35.0001
** Write stats: 40.0003
** Write stats: 45.0002
** Write stats: 50.0003
** Write stats: 55.0002
** Write stats: 60.0001
** Write stats: 65.0077
** Write stats: 70.0231
** Write stats: 75.0002
** Write stats: 80.0143
** Write stats: 85.0001
** Write stats: 90.0111
** Write stats: 95.0004
** Write stats: 100
** Write stats: 105
** Write stats: 110
** Write stats: 115.049
** Write stats: 120.024
** Write stats: 125.068
** Write stats: 130
** Write stats: 135.019
** Write stats: 140
** Write stats: 145.034
** Write stats: 150
** Write stats: 155.062
** Write stats: 160
** Write stats: 165
** Write stats: 170
** Write stats: 175.053
** Write stats: 180
** Write stats: 185
** Write stats: 190.006
** Write stats: 195
** Write stats: 200
** Write stats: 205.066
** Write stats: 210
** Write stats: 215
** Write stats: 220
** Write stats: 225.015
** Write stats: 230.021
** Write stats: 235.053
** Write stats: 240.089
** Write stats: 245
** Write stats: 250.001
** Write stats: 255
** Write stats: 260
** Write stats: 265.044
** Write stats: 270.002
** Write stats: 275.078
** Write stats: 280.017
** Write stats: 285
** Write stats: 290.001
** Write stats: 295
** Write stats: 298.019
