Extract contract SimpleWallet from /sb/0x610495793564aed0f9c7fc48dc4c7c9151d34fd6.sol
Extracted 1 contract(s) from /sb/0x610495793564aed0f9c7fc48dc4c7c9151d34fd6.sol
[0;32m> Created "fuzzMe"[0m
[0;32m> To fuzz contracts:[0m
  chmod +x fuzzMe
  ./fuzzMe
contracts/SimpleWallet.sol:33:9: Warning: Return value of low-level calls not used.
        _target.call.value(_value)(_data);
        ^-------------------------------^
assets/NormalAttacker.sol:5:3: Warning: No visibility specified. Defaulting to "public". 
  function() payable {
  ^ (Relevant source part starts here and spans across multiple lines).
assets/ReentrancyAttacker.sol:8:7: Warning: Return value of low-level calls not used.
      msg.sender.call(bytes4(255));
      ^--------------------------^
assets/ReentrancyAttacker.sol:5:3: Warning: No visibility specified. Defaulting to "public". 
  function() payable {
  ^ (Relevant source part starts here and spans across multiple lines).
>> Fuzz SimpleWallet
** Write stats: 0.007019
** Write stats: 5.00016
** Write stats: 10.0194
** Write stats: 15.0002
** Write stats: 20.0002
** Write stats: 25.0002
** Write stats: 30.0003
** Write stats: 35.0003
** Write stats: 40.0002
** Write stats: 45.0004
** Write stats: 50.0001
** Write stats: 55.0009
** Write stats: 60.0171
** Write stats: 65.0001
** Write stats: 70.0001
** Write stats: 75.0004
** Write stats: 80.0419
** Write stats: 85.0002
** Write stats: 90.0003
** Write stats: 95.0002
** Write stats: 100
** Write stats: 105
** Write stats: 110
** Write stats: 115
** Write stats: 120
** Write stats: 125.002
** Write stats: 130
** Write stats: 135.047
** Write stats: 140
** Write stats: 145.009
** Write stats: 150
** Write stats: 155
** Write stats: 160
** Write stats: 165
** Write stats: 170
** Write stats: 175
** Write stats: 180
** Write stats: 185
** Write stats: 190
** Write stats: 195
** Write stats: 200
** Write stats: 205
** Write stats: 210.001
** Write stats: 215
** Write stats: 220
** Write stats: 225
** Write stats: 230
** Write stats: 235.001
** Write stats: 240
** Write stats: 245
** Write stats: 250
** Write stats: 255.177
** Write stats: 260
** Write stats: 265.042
** Write stats: 270.056
** Write stats: 275
** Write stats: 280.023
** Write stats: 285
** Write stats: 290
** Write stats: 295
** Write stats: 300
** Write stats: 305
** Write stats: 310.083
** Write stats: 315.076
** Write stats: 320.077
** Write stats: 325
** Write stats: 330
** Write stats: 335
** Write stats: 340
** Write stats: 345
** Write stats: 350.12
** Write stats: 355.014
** Write stats: 360
** Write stats: 365.049
** Write stats: 370.001
** Write stats: 375.001
** Write stats: 380
** Write stats: 385
** Write stats: 390
** Write stats: 395
** Write stats: 400
** Write stats: 405
** Write stats: 410
** Write stats: 415
** Write stats: 420.788
** Write stats: 425
** Write stats: 430.021
** Write stats: 435.02
** Write stats: 440
** Write stats: 445
** Write stats: 450
** Write stats: 455
** Write stats: 460
** Write stats: 465.001
** Write stats: 470
** Write stats: 475.036
** Write stats: 480.001
** Write stats: 485
** Write stats: 490
** Write stats: 495
** Write stats: 500.007
** Write stats: 505.053
** Write stats: 510
** Write stats: 515
** Write stats: 520.001
** Write stats: 525.03
** Write stats: 530.038
** Write stats: 535.003
** Write stats: 540
** Write stats: 545
** Write stats: 550.001
** Write stats: 555.01
** Write stats: 560
** Write stats: 565.001
** Write stats: 570
** Write stats: 575
** Write stats: 580
** Write stats: 585
** Write stats: 590
** Write stats: 595
** Write stats: 598.033
