Extract contract Wallet from /sb/wallet_02_refund_nosub.sol
Extracted 1 contract(s) from /sb/wallet_02_refund_nosub.sol
[0;32m> Created "fuzzMe"[0m
[0;32m> To fuzz contracts:[0m
  chmod +x fuzzMe
  ./fuzzMe
contracts/Wallet.sol:43:22: Warning: Using contract member "balance" inherited from the address type is deprecated. Convert the contract to "address" type to access the member, for example use "address(contract).balance" instead.
         to.transfer(this.balance);
                     ^----------^
assets/NormalAttacker.sol:5:3: Warning: No visibility specified. Defaulting to "public". 
  function() payable {
  ^ (Relevant source part starts here and spans across multiple lines).
assets/ReentrancyAttacker.sol:8:7: Warning: Return value of low-level calls not used.
      msg.sender.call(bytes4(255));
      ^--------------------------^
assets/ReentrancyAttacker.sol:5:3: Warning: No visibility specified. Defaulting to "public". 
  function() payable {
  ^ (Relevant source part starts here and spans across multiple lines).
>> Fuzz Wallet
** Write stats: 0.004042
** Write stats: 5.00044
** Write stats: 10.0007
** Write stats: 15.0031
** Write stats: 20.002
** Write stats: 25.0017
** Write stats: 30.0067
** Write stats: 35.0031
** Write stats: 40.0055
** Write stats: 45.0069
** Write stats: 50.0021
** Write stats: 55.0047
** Write stats: 60.0004
** Write stats: 65.0051
** Write stats: 70.0006
** Write stats: 75.0047
** Write stats: 80.0073
** Write stats: 85.0072
** Write stats: 90.0106
** Write stats: 95.01
** Write stats: 100.004
** Write stats: 105.007
** Write stats: 110.002
** Write stats: 115.013
** Write stats: 120.004
** Write stats: 125.004
** Write stats: 130.012
** Write stats: 135.01
** Write stats: 140.005
** Write stats: 145.001
** Write stats: 150.006
** Write stats: 155.011
** Write stats: 160.009
** Write stats: 165.002
** Write stats: 170.012
** Write stats: 175.01
** Write stats: 180.012
** Write stats: 185.005
** Write stats: 190.008
** Write stats: 195.009
** Write stats: 200.011
** Write stats: 205.004
** Write stats: 210.008
** Write stats: 215.014
** Write stats: 220.007
** Write stats: 225.024
** Write stats: 230.004
** Write stats: 235.015
** Write stats: 240.02
** Write stats: 245.002
** Write stats: 250.005
** Write stats: 255.008
** Write stats: 260.003
** Write stats: 265.008
** Write stats: 270.004
** Write stats: 275.003
** Write stats: 280.03
** Write stats: 285.016
** Write stats: 290.034
** Write stats: 295.01
** Write stats: 300.018
** Write stats: 305.014
** Write stats: 310.012
** Write stats: 315.027
** Write stats: 320.001
** Write stats: 325.002
** Write stats: 330.01
** Write stats: 335.001
** Write stats: 340.021
** Write stats: 345.013
** Write stats: 350.04
** Write stats: 355.042
** Write stats: 360.008
** Write stats: 365.021
** Write stats: 370.022
** Write stats: 375.015
** Write stats: 380.015
** Write stats: 385.029
** Write stats: 390.027
** Write stats: 395.04
** Write stats: 400.027
** Write stats: 405.019
** Write stats: 410.026
** Write stats: 415.019
** Write stats: 420.008
** Write stats: 425.029
** Write stats: 430.043
** Write stats: 435.006
** Write stats: 440.031
** Write stats: 445.002
** Write stats: 450.033
** Write stats: 455.03
** Write stats: 460.035
** Write stats: 465.009
** Write stats: 470.006
** Write stats: 475.008
** Write stats: 480.047
** Write stats: 485.004
** Write stats: 490.012
** Write stats: 495.029
** Write stats: 500.001
** Write stats: 505.036
** Write stats: 510.015
** Write stats: 515.039
** Write stats: 520.031
** Write stats: 525.015
** Write stats: 530.026
** Write stats: 535.033
** Write stats: 540.017
** Write stats: 545.017
** Write stats: 550.004
** Write stats: 555.019
** Write stats: 560.013
** Write stats: 565.035
** Write stats: 570.036
** Write stats: 575.016
** Write stats: 580.029
** Write stats: 585.015
** Write stats: 590.012
** Write stats: 595.026
** Write stats: 598.027
