Extract contract Puppet from /sb/0xb0510d68f210b7db66e8c7c814f22680f2b8d1d6.sol
Extract contract SafeMath from /sb/0xb0510d68f210b7db66e8c7c814f22680f2b8d1d6.sol
Extract contract Splitter from /sb/0xb0510d68f210b7db66e8c7c814f22680f2b8d1d6.sol
Extracted 3 contract(s) from /sb/0xb0510d68f210b7db66e8c7c814f22680f2b8d1d6.sol
[0;32m> Created "fuzzMe"[0m
[0;32m> To fuzz contracts:[0m
  chmod +x fuzzMe
  ./fuzzMe
contracts/Puppet.sol:48:38: Warning: This declaration shadows an existing declaration.
	function newPuppet() public returns(address newPuppet){
	                                    ^---------------^
contracts/Puppet.sol:48:2: The shadowed declaration is here:
	function newPuppet() public returns(address newPuppet){
 ^ (Relevant source part starts here and spans across multiple lines).

contracts/Puppet.sol:69:9: Warning: Return value of low-level calls not used.
        extra[0].call.value(_share).gas(800000)();
        ^---------------------------------------^
contracts/Puppet.sol:71:9: Warning: Return value of low-level calls not used.
        extra[1].call.value(_share).gas(800000)();
        ^---------------------------------------^
contracts/Puppet.sol:73:9: Warning: Return value of low-level calls not used.
        extra[2].call.value(_share).gas(800000)();
        ^---------------------------------------^
contracts/Puppet.sol:75:9: Warning: Return value of low-level calls not used.
        extra[3].call.value(_share).gas(800000)();
        ^---------------------------------------^
contracts/Puppet.sol:102:4: Warning: Return value of low-level calls not used.
			target[0].call.value(msg.value).gas(600000)();
			^-------------------------------------------^
contracts/Splitter.sol:48:38: Warning: This declaration shadows an existing declaration.
	function newPuppet() public returns(address newPuppet){
	                                    ^---------------^
contracts/Splitter.sol:48:2: The shadowed declaration is here:
	function newPuppet() public returns(address newPuppet){
 ^ (Relevant source part starts here and spans across multiple lines).

contracts/Splitter.sol:69:9: Warning: Return value of low-level calls not used.
        extra[0].call.value(_share).gas(800000)();
        ^---------------------------------------^
contracts/Splitter.sol:71:9: Warning: Return value of low-level calls not used.
        extra[1].call.value(_share).gas(800000)();
        ^---------------------------------------^
contracts/Splitter.sol:73:9: Warning: Return value of low-level calls not used.
        extra[2].call.value(_share).gas(800000)();
        ^---------------------------------------^
contracts/Splitter.sol:75:9: Warning: Return value of low-level calls not used.
        extra[3].call.value(_share).gas(800000)();
        ^---------------------------------------^
contracts/Splitter.sol:102:4: Warning: Return value of low-level calls not used.
			target[0].call.value(msg.value).gas(600000)();
			^-------------------------------------------^
contracts/SafeMath.sol:48:38: Warning: This declaration shadows an existing declaration.
	function newPuppet() public returns(address newPuppet){
	                                    ^---------------^
contracts/SafeMath.sol:48:2: The shadowed declaration is here:
	function newPuppet() public returns(address newPuppet){
 ^ (Relevant source part starts here and spans across multiple lines).

contracts/SafeMath.sol:69:9: Warning: Return value of low-level calls not used.
        extra[0].call.value(_share).gas(800000)();
        ^---------------------------------------^
contracts/SafeMath.sol:71:9: Warning: Return value of low-level calls not used.
        extra[1].call.value(_share).gas(800000)();
        ^---------------------------------------^
contracts/SafeMath.sol:73:9: Warning: Return value of low-level calls not used.
        extra[2].call.value(_share).gas(800000)();
        ^---------------------------------------^
contracts/SafeMath.sol:75:9: Warning: Return value of low-level calls not used.
        extra[3].call.value(_share).gas(800000)();
        ^---------------------------------------^
contracts/SafeMath.sol:102:4: Warning: Return value of low-level calls not used.
			target[0].call.value(msg.value).gas(600000)();
			^-------------------------------------------^
assets/NormalAttacker.sol:5:3: Warning: No visibility specified. Defaulting to "public". 
  function() payable {
  ^ (Relevant source part starts here and spans across multiple lines).
assets/ReentrancyAttacker.sol:8:7: Warning: Return value of low-level calls not used.
      msg.sender.call(bytes4(255));
      ^--------------------------^
assets/ReentrancyAttacker.sol:5:3: Warning: No visibility specified. Defaulting to "public". 
  function() payable {
  ^ (Relevant source part starts here and spans across multiple lines).
>> Fuzz Puppet
** Write stats: 0.002775
** Write stats: 5.00041
** Write stats: 10.0001
** Write stats: 15.0002
** Write stats: 20.0001
** Write stats: 25
** Write stats: 30.0698
** Write stats: 35.0001
** Write stats: 40.0002
** Write stats: 45.0001
** Write stats: 50.0001
** Write stats: 55.0001
** Write stats: 60.0002
** Write stats: 65.0001
** Write stats: 70.0003
** Write stats: 75.0001
** Write stats: 80.0002
** Write stats: 85.0001
** Write stats: 90.0001
** Write stats: 95.0001
** Write stats: 100
** Write stats: 105.011
** Write stats: 110
** Write stats: 115
** Write stats: 120
** Write stats: 125
** Write stats: 130
** Write stats: 135
** Write stats: 140.001
** Write stats: 145
** Write stats: 150
** Write stats: 155.004
** Write stats: 160
** Write stats: 165
** Write stats: 170
** Write stats: 175
** Write stats: 180.014
** Write stats: 185.011
** Write stats: 190
** Write stats: 195
** Write stats: 198.014
>> Fuzz Splitter
** Write stats: 0.00714
** Write stats: 5.02942
** Write stats: 10.0143
** Write stats: 15.0245
** Write stats: 20.0112
** Write stats: 25.0226
** Write stats: 30.0868
** Write stats: 35.0565
** Write stats: 40.0644
** Write stats: 45.0633
** Write stats: 50.0676
** Write stats: 55.0035
** Write stats: 60.0824
** Write stats: 65.0039
** Write stats: 70.058
** Write stats: 75.0092
** Write stats: 80.0512
** Write stats: 85.1259
** Write stats: 90.0244
** Write stats: 95.0464
** Write stats: 100.138
** Write stats: 105.06
** Write stats: 110.038
** Write stats: 115.159
** Write stats: 119.724
>> Fuzz SafeMath
** Write stats: 0.003088
** Write stats: 5.00008
** Write stats: 10.0001
** Write stats: 15.0001
** Write stats: 20.0001
** Write stats: 25
** Write stats: 30.0001
** Write stats: 35
** Write stats: 40.0001
** Write stats: 45.0001
** Write stats: 50
** Write stats: 55
** Write stats: 60
** Write stats: 65.0001
** Write stats: 70
** Write stats: 75.0001
** Write stats: 80.0001
** Write stats: 85.0001
** Write stats: 90.0001
** Write stats: 95.0001
** Write stats: 100
** Write stats: 105
** Write stats: 110
** Write stats: 115
** Write stats: 120
** Write stats: 125
** Write stats: 130
** Write stats: 135
** Write stats: 140
** Write stats: 145
** Write stats: 150
** Write stats: 155
** Write stats: 160
** Write stats: 165
** Write stats: 170
** Write stats: 175
** Write stats: 180
** Write stats: 185
** Write stats: 190
** Write stats: 195
** Write stats: 198.001
