Extract contract BANK_SAFE from /sb/0x561eac93c92360949ab1f1403323e6db345cbf31.sol
Extract contract LogFile from /sb/0x561eac93c92360949ab1f1403323e6db345cbf31.sol
Extracted 2 contract(s) from /sb/0x561eac93c92360949ab1f1403323e6db345cbf31.sol
[0;32m> Created "fuzzMe"[0m
[0;32m> To fuzz contracts:[0m
  chmod +x fuzzMe
  ./fuzzMe
contracts/BANK_SAFE.sol:22:24: Warning: "throw" is deprecated in favour of "revert()", "require()" and "assert()".
        if(intitalized)throw;
                       ^---^
contracts/BANK_SAFE.sol:29:24: Warning: "throw" is deprecated in favour of "revert()", "require()" and "assert()".
        if(intitalized)throw;
                       ^---^
contracts/LogFile.sol:22:24: Warning: "throw" is deprecated in favour of "revert()", "require()" and "assert()".
        if(intitalized)throw;
                       ^---^
contracts/LogFile.sol:29:24: Warning: "throw" is deprecated in favour of "revert()", "require()" and "assert()".
        if(intitalized)throw;
                       ^---^
assets/NormalAttacker.sol:5:3: Warning: No visibility specified. Defaulting to "public". 
  function() payable {
  ^ (Relevant source part starts here and spans across multiple lines).
assets/ReentrancyAttacker.sol:8:7: Warning: Return value of low-level calls not used.
      msg.sender.call(bytes4(255));
      ^--------------------------^
assets/ReentrancyAttacker.sol:5:3: Warning: No visibility specified. Defaulting to "public". 
  function() payable {
  ^ (Relevant source part starts here and spans across multiple lines).
>> Fuzz BANK_SAFE
** Write stats: 0.011274
** Write stats: 5.00132
** Write stats: 10.0019
** Write stats: 15.0014
** Write stats: 20.0007
** Write stats: 25.0022
** Write stats: 30.0042
** Write stats: 35.0031
** Write stats: 40.0028
** Write stats: 45.0003
** Write stats: 50.0002
** Write stats: 55.0014
** Write stats: 60.0061
** Write stats: 65.0003
** Write stats: 70.0056
** Write stats: 75.0003
** Write stats: 80.0031
** Write stats: 85.0057
** Write stats: 90.0008
** Write stats: 95.0059
** Write stats: 100
** Write stats: 105.005
** Write stats: 110.006
** Write stats: 115.004
** Write stats: 120.003
** Write stats: 125.004
** Write stats: 130.023
** Write stats: 135
** Write stats: 140.002
** Write stats: 145.005
** Write stats: 150.001
** Write stats: 155.003
** Write stats: 160.002
** Write stats: 165.004
** Write stats: 170.005
** Write stats: 175.003
** Write stats: 180
** Write stats: 185
** Write stats: 190
** Write stats: 195.003
** Write stats: 200.002
** Write stats: 205.009
** Write stats: 210.007
** Write stats: 215.008
** Write stats: 220.008
** Write stats: 225.008
** Write stats: 230.007
** Write stats: 235.008
** Write stats: 240.01
** Write stats: 245.005
** Write stats: 250.011
** Write stats: 255.006
** Write stats: 260.001
** Write stats: 265.001
** Write stats: 270.012
** Write stats: 275.006
** Write stats: 280.003
** Write stats: 285.001
** Write stats: 290.005
** Write stats: 295.002
** Write stats: 298.025
>> Fuzz LogFile
** Write stats: 0.008351
** Write stats: 5.00534
** Write stats: 10.01
** Write stats: 15.0064
** Write stats: 20.02
** Write stats: 25.0272
** Write stats: 30.0006
** Write stats: 35.0435
** Write stats: 40.0096
** Write stats: 45.0321
** Write stats: 50.0507
** Write stats: 55.0016
** Write stats: 60.0161
** Write stats: 65.0632
** Write stats: 70.0292
** Write stats: 75.0196
** Write stats: 80.0067
** Write stats: 85.0507
** Write stats: 90.0026
** Write stats: 95.0806
** Write stats: 100.014
** Write stats: 105.011
** Write stats: 110.06
** Write stats: 115.054
** Write stats: 120.027
** Write stats: 125.094
** Write stats: 130.04
** Write stats: 135.063
** Write stats: 140.075
** Write stats: 145.045
** Write stats: 150.088
** Write stats: 155.046
** Write stats: 160.083
** Write stats: 165.035
** Write stats: 170.094
** Write stats: 175.036
** Write stats: 180.016
** Write stats: 185.077
** Write stats: 190.101
** Write stats: 195.006
** Write stats: 200.086
** Write stats: 205.032
** Write stats: 210.002
** Write stats: 215.074
** Write stats: 220.098
** Write stats: 225.108
** Write stats: 230.054
** Write stats: 235.049
** Write stats: 240.118
** Write stats: 245.031
** Write stats: 250.089
** Write stats: 255.109
** Write stats: 260.122
** Write stats: 265.071
** Write stats: 270.043
** Write stats: 275.021
** Write stats: 280.013
** Write stats: 285.044
** Write stats: 290.035
** Write stats: 295.059
** Write stats: 298.076
