Extract contract IntegerOverflowSingleTransaction from /sb/overflow_single_tx.sol
Extracted 1 contract(s) from /sb/overflow_single_tx.sol
[0;32m> Created "fuzzMe"[0m
[0;32m> To fuzz contracts:[0m
  chmod +x fuzzMe
  ./fuzzMe
contracts/IntegerOverflowSingleTransaction.sol:36:9: Warning: Unused local variable.
        uint res = count + input;
        ^------^
contracts/IntegerOverflowSingleTransaction.sol:42:9: Warning: Unused local variable.
        uint res = count * input;
        ^------^
contracts/IntegerOverflowSingleTransaction.sol:48:9: Warning: Unused local variable.
       	uint res = count - input;
       	^------^
contracts/IntegerOverflowSingleTransaction.sol:34:5: Warning: Function state mutability can be restricted to view
    function overflowlocalonly(uint256 input) public {
    ^ (Relevant source part starts here and spans across multiple lines).
contracts/IntegerOverflowSingleTransaction.sol:40:5: Warning: Function state mutability can be restricted to view
    function overflowmulocalonly(uint256 input) public {
    ^ (Relevant source part starts here and spans across multiple lines).
contracts/IntegerOverflowSingleTransaction.sol:46:5: Warning: Function state mutability can be restricted to view
    function underflowlocalonly(uint256 input) public {
    ^ (Relevant source part starts here and spans across multiple lines).
assets/NormalAttacker.sol:5:3: Warning: No visibility specified. Defaulting to "public". 
  function() payable {
  ^ (Relevant source part starts here and spans across multiple lines).
assets/ReentrancyAttacker.sol:8:7: Warning: Return value of low-level calls not used.
      msg.sender.call(bytes4(255));
      ^--------------------------^
assets/ReentrancyAttacker.sol:5:3: Warning: No visibility specified. Defaulting to "public". 
  function() payable {
  ^ (Relevant source part starts here and spans across multiple lines).
>> Fuzz IntegerOverflowSingleTransaction
** Write stats: 0.004881
** Write stats: 5.00008
** Write stats: 10.0002
** Write stats: 15.0002
** Write stats: 20.0001
** Write stats: 25.0001
** Write stats: 30.0001
** Write stats: 35.0001
** Write stats: 40.0113
** Write stats: 45.0002
** Write stats: 50.0001
** Write stats: 55.0002
** Write stats: 60.005
** Write stats: 65.0068
** Write stats: 70.0001
** Write stats: 75.0106
** Write stats: 80.0003
** Write stats: 85.0001
** Write stats: 90.0002
** Write stats: 95.0001
** Write stats: 100
** Write stats: 105
** Write stats: 110
** Write stats: 115.015
** Write stats: 120
** Write stats: 125.004
** Write stats: 130
** Write stats: 135.018
** Write stats: 140.016
** Write stats: 145.005
** Write stats: 150.018
** Write stats: 155
** Write stats: 160
** Write stats: 165.003
** Write stats: 170
** Write stats: 175
** Write stats: 180
** Write stats: 185
** Write stats: 190
** Write stats: 195
** Write stats: 200.009
** Write stats: 205
** Write stats: 210
** Write stats: 215
** Write stats: 220.002
** Write stats: 225.001
** Write stats: 230
** Write stats: 235
** Write stats: 240
** Write stats: 245.023
** Write stats: 250
** Write stats: 255
** Write stats: 260
** Write stats: 265
** Write stats: 270
** Write stats: 275
** Write stats: 280
** Write stats: 285
** Write stats: 290.001
** Write stats: 295.004
** Write stats: 300
** Write stats: 305
** Write stats: 310.027
** Write stats: 315
** Write stats: 320
** Write stats: 325
** Write stats: 330
** Write stats: 335
** Write stats: 340
** Write stats: 345
** Write stats: 350
** Write stats: 355
** Write stats: 360
** Write stats: 365.028
** Write stats: 370.013
** Write stats: 375
** Write stats: 380.023
** Write stats: 385
** Write stats: 390
** Write stats: 395
** Write stats: 400.025
** Write stats: 405
** Write stats: 410
** Write stats: 415
** Write stats: 420
** Write stats: 425
** Write stats: 430.003
** Write stats: 435
** Write stats: 440.027
** Write stats: 445
** Write stats: 450
** Write stats: 455
** Write stats: 460
** Write stats: 465
** Write stats: 470
** Write stats: 475.019
** Write stats: 480
** Write stats: 485.039
** Write stats: 490
** Write stats: 495
** Write stats: 500
** Write stats: 505
** Write stats: 510
** Write stats: 515
** Write stats: 520
** Write stats: 525
** Write stats: 530
** Write stats: 535.03
** Write stats: 540.001
** Write stats: 545
** Write stats: 550
** Write stats: 555
** Write stats: 560.001
** Write stats: 565
** Write stats: 570
** Write stats: 575.001
** Write stats: 580.031
** Write stats: 585.004
** Write stats: 590.033
** Write stats: 595
** Write stats: 598.048
