Extract contract Ethraffle_v4b from /sb/etheraffle.sol
Extracted 1 contract(s) from /sb/etheraffle.sol
[0;32m> Created "fuzzMe"[0m
[0;32m> To fuzz contracts:[0m
  chmod +x fuzzMe
  ./fuzzMe
contracts/Ethraffle_v4b.sol:55:5: Warning: Defining constructors as functions with the same name as the contract is deprecated. Use "constructor(...) { ... }" instead.
    function Ethraffle_v4b() public {
    ^ (Relevant source part starts here and spans across multiple lines).
contracts/Ethraffle_v4b.sol:82:13: Warning: Invoking events without "emit" prefix is deprecated.
            TicketPurchase(raffleId, msg.sender, currTicket);
            ^----------------------------------------------^
contracts/Ethraffle_v4b.sol:104:28: Warning: This function only accepts a single "bytes" argument. Please use "abi.encodePacked(...)" or a similar function to encode the data.
        bytes32 randHash = keccak256(seed1, seed2, seed3);
                           ^----------------------------^
contracts/Ethraffle_v4b.sol:108:9: Warning: Invoking events without "emit" prefix is deprecated.
        RaffleResult(raffleId, winningNumber, winningAddress, seed1, seed2, seed3, randHash);
        ^----------------------------------------------------------------------------------^
contracts/Ethraffle_v4b.sol:133:17: Warning: Invoking events without "emit" prefix is deprecated.
                TicketRefund(raffleId, msg.sender, i);
                ^-----------------------------------^
contracts/Ethraffle_v4b.sol:149:21: Warning: Invoking events without "emit" prefix is deprecated.
                    TicketRefund(raffleId, contestants[i].addr, i);
                    ^--------------------------------------------^
contracts/Ethraffle_v4b.sol:154:13: Warning: Invoking events without "emit" prefix is deprecated.
            RaffleResult(raffleId, totalTickets, address(0), address(0), address(0), 0, 0);
            ^----------------------------------------------------------------------------^
assets/NormalAttacker.sol:5:3: Warning: No visibility specified. Defaulting to "public". 
  function() payable {
  ^ (Relevant source part starts here and spans across multiple lines).
assets/ReentrancyAttacker.sol:8:7: Warning: Return value of low-level calls not used.
      msg.sender.call(bytes4(255));
      ^--------------------------^
assets/ReentrancyAttacker.sol:5:3: Warning: No visibility specified. Defaulting to "public". 
  function() payable {
  ^ (Relevant source part starts here and spans across multiple lines).
>> Fuzz Ethraffle_v4b
** Write stats: 0.003589
** Write stats: 5.00026
** Write stats: 10.0002
** Write stats: 15.0006
** Write stats: 20.0503
** Write stats: 25.0008
** Write stats: 30.002
** Write stats: 35.0043
** Write stats: 40.0005
** Write stats: 45.0002
** Write stats: 50.0005
** Write stats: 55.1342
** Write stats: 60.0027
** Write stats: 65.0002
** Write stats: 70.0006
** Write stats: 75.1007
** Write stats: 80.0002
** Write stats: 85.0004
** Write stats: 90.0003
** Write stats: 95.0025
** Write stats: 100.032
** Write stats: 105.001
** Write stats: 110.001
** Write stats: 115.001
** Write stats: 120.082
** Write stats: 125.001
** Write stats: 130.002
** Write stats: 135.001
** Write stats: 140.001
** Write stats: 145
** Write stats: 150.043
** Write stats: 155.001
** Write stats: 160.003
** Write stats: 165.002
** Write stats: 170.097
** Write stats: 175.003
** Write stats: 180.001
** Write stats: 185.002
** Write stats: 190.11
** Write stats: 195.001
** Write stats: 200
** Write stats: 205.001
** Write stats: 210.141
** Write stats: 215
** Write stats: 220.001
** Write stats: 225.002
** Write stats: 230.001
** Write stats: 235.001
** Write stats: 240
** Write stats: 245.001
** Write stats: 250.018
** Write stats: 255.091
** Write stats: 260
** Write stats: 265.001
** Write stats: 270
** Write stats: 275.062
** Write stats: 280.093
** Write stats: 285.001
** Write stats: 290.003
** Write stats: 295.002
** Write stats: 300.001
** Write stats: 305.003
** Write stats: 310
** Write stats: 315.003
** Write stats: 320.001
** Write stats: 325.002
** Write stats: 330
** Write stats: 335.003
** Write stats: 340
** Write stats: 345.002
** Write stats: 350.001
** Write stats: 355
** Write stats: 360.001
** Write stats: 365
** Write stats: 370.001
** Write stats: 375.003
** Write stats: 380.001
** Write stats: 385
** Write stats: 390.002
** Write stats: 395.002
** Write stats: 400
** Write stats: 405.003
** Write stats: 410.001
** Write stats: 415.001
** Write stats: 420
** Write stats: 425.001
** Write stats: 430.001
** Write stats: 435.002
** Write stats: 440
** Write stats: 445.001
** Write stats: 450.014
** Write stats: 455.164
** Write stats: 460.001
** Write stats: 465.003
** Write stats: 470.003
** Write stats: 475.012
** Write stats: 480.154
** Write stats: 485
** Write stats: 490.001
** Write stats: 495.002
** Write stats: 500.083
** Write stats: 505.15
** Write stats: 510.13
** Write stats: 515.002
** Write stats: 520
** Write stats: 525.001
** Write stats: 530.139
** Write stats: 535.002
** Write stats: 540.001
** Write stats: 545.001
** Write stats: 550.002
** Write stats: 555.001
** Write stats: 560.001
** Write stats: 565
** Write stats: 570.024
** Write stats: 575.1
** Write stats: 580.152
** Write stats: 585.001
** Write stats: 590.003
** Write stats: 595.002
** Write stats: 598.14
