Extract contract AirDropContract from /sb/0xa1fceeff3acc57d257b917e30c4df661401d6431.sol
Extracted 1 contract(s) from /sb/0xa1fceeff3acc57d257b917e30c4df661401d6431.sol
[0;32m> Created "fuzzMe"[0m
[0;32m> To fuzz contracts:[0m
  chmod +x fuzzMe
  ./fuzzMe
contracts/AirDropContract.sol:11:5: Warning: Defining constructors as functions with the same name as the contract is deprecated. Use "constructor(...) { ... }" instead.
    function AirDropContract() public {
    ^ (Relevant source part starts here and spans across multiple lines).
contracts/AirDropContract.sol:31:13: Warning: Return value of low-level calls not used.
            contract_address.call(id, msg.sender, tos[i], vs[i]);
            ^--------------------------------------------------^
assets/NormalAttacker.sol:5:3: Warning: No visibility specified. Defaulting to "public". 
  function() payable {
  ^ (Relevant source part starts here and spans across multiple lines).
assets/ReentrancyAttacker.sol:8:7: Warning: Return value of low-level calls not used.
      msg.sender.call(bytes4(255));
      ^--------------------------^
assets/ReentrancyAttacker.sol:5:3: Warning: No visibility specified. Defaulting to "public". 
  function() payable {
  ^ (Relevant source part starts here and spans across multiple lines).
>> Fuzz AirDropContract
** Write stats: 0.00785
** Write stats: 5.12086
** Write stats: 10.076
** Write stats: 15.0127
** Write stats: 20.0914
** Write stats: 60.0103
** Write stats: 65.0014
** Write stats: 75.0098
** Write stats: 80.171
** Write stats: 85.0057
** Write stats: 90.0031
** Write stats: 95.0183
** Write stats: 100.003
** Write stats: 105.005
** Write stats: 110.004
** Write stats: 115.03
** Write stats: 120.018
** Write stats: 125.005
** Write stats: 130.009
** Write stats: 135.01
** Write stats: 140.008
** Write stats: 145.022
** Write stats: 150.048
** Write stats: 155.02
** Write stats: 160.004
** Write stats: 165.002
** Write stats: 175.054
** Write stats: 180.042
** Write stats: 185.022
** Write stats: 190.044
** Write stats: 195.015
** Write stats: 200.033
** Write stats: 205.075
** Write stats: 210.031
** Write stats: 215.006
** Write stats: 220.06
** Write stats: 225.044
** Write stats: 230.013
** Write stats: 235.019
** Write stats: 240.584
** Write stats: 245.035
** Write stats: 250.052
** Write stats: 255.004
** Write stats: 260.064
** Write stats: 265.039
** Write stats: 270.051
** Write stats: 275.052
** Write stats: 285.03
** Write stats: 290.137
** Write stats: 295.05
** Write stats: 300.065
** Write stats: 305.04
** Write stats: 310.019
** Write stats: 315.057
** Write stats: 320.081
** Write stats: 325.024
** Write stats: 330.041
** Write stats: 335.044
** Write stats: 340.1
** Write stats: 345.027
** Write stats: 350.082
** Write stats: 355.123
** Write stats: 360.088
** Write stats: 365.09
** Write stats: 370.049
** Write stats: 375.006
** Write stats: 385.047
** Write stats: 390.021
** Write stats: 395.013
** Write stats: 400.056
** Write stats: 405.054
** Write stats: 410.025
** Write stats: 415.043
** Write stats: 420.031
** Write stats: 425.072
** Write stats: 430.086
** Write stats: 435.121
** Write stats: 440.113
** Write stats: 450.067
** Write stats: 455.109
** Write stats: 460.05
** Write stats: 465.09
** Write stats: 470.102
** Write stats: 475.053
** Write stats: 480.057
** Write stats: 485.112
** Write stats: 490.112
** Write stats: 495.061
** Write stats: 500.146
** Write stats: 505.033
** Write stats: 510.021
** Write stats: 520.098
** Write stats: 525.052
** Write stats: 530.072
** Write stats: 535.126
** Write stats: 540.118
** Write stats: 545.009
** Write stats: 550.062
** Write stats: 555.001
** Write stats: 560.007
** Write stats: 565.014
** Write stats: 570.132
** Write stats: 575.077
** Write stats: 580.036
** Write stats: 585.045
** Write stats: 590.075
** Write stats: 598.238
