Extract contract Centra4 from /sb/0x524960d55174d912768678d8c606b4d50b79d7b1.sol
Extracted 1 contract(s) from /sb/0x524960d55174d912768678d8c606b4d50b79d7b1.sol
[0;32m> Created "fuzzMe"[0m
[0;32m> To fuzz contracts:[0m
  chmod +x fuzzMe
  ./fuzzMe
contracts/Centra4.sol:13:22: Warning: This looks like an address but has an invalid checksum. If this is not used as an address, please prepend '00'. Correct checksummed address: '0x96A65609a7B84E8842732DEB08f56C3E21aC6f8a'. For more information please see https://solidity.readthedocs.io/en/develop/types.html#address-literals
		contract_address = 0x96a65609a7b84e8842732deb08f56c3e21ac6f8a;
		                   ^----------------------------------------^
contracts/Centra4.sol:19:8: Warning: This looks like an address but has an invalid checksum. If this is not used as an address, please prepend '00'. Correct checksummed address: '0xAa27f8C1160886aacba64B2319D8d5469ef2Af79'. For more information please see https://solidity.readthedocs.io/en/develop/types.html#address-literals
		c2 = 0xaa27f8c1160886aacba64b2319d8d5469ef2af79;	
		     ^----------------------------------------^
contracts/Centra4.sol:21:3: Warning: Return value of low-level calls not used.
		contract_address.call("register", "CentraToken");
		^----------------------------------------------^
contracts/Centra4.sol:11:2: Warning: No visibility specified. Defaulting to "public". 
	function transfer() returns (bool) {	
 ^ (Relevant source part starts here and spans across multiple lines).
contracts/Centra4.sol:14:3: Warning: Unused local variable.
		address c1;		
		^--------^
assets/NormalAttacker.sol:5:3: Warning: No visibility specified. Defaulting to "public". 
  function() payable {
  ^ (Relevant source part starts here and spans across multiple lines).
assets/ReentrancyAttacker.sol:8:7: Warning: Return value of low-level calls not used.
      msg.sender.call(bytes4(255));
      ^--------------------------^
assets/ReentrancyAttacker.sol:5:3: Warning: No visibility specified. Defaulting to "public". 
  function() payable {
  ^ (Relevant source part starts here and spans across multiple lines).
>> Fuzz Centra4
** Write stats: 0.002481
** Write stats: 5.01169
** Write stats: 10.0001
** Write stats: 15.0001
** Write stats: 20.0098
** Write stats: 25.0001
** Write stats: 30.0019
** Write stats: 35.0163
** Write stats: 40.0191
** Write stats: 45.0191
** Write stats: 50.0001
** Write stats: 55.0001
** Write stats: 60.0163
** Write stats: 65.0002
** Write stats: 70.0001
** Write stats: 75
** Write stats: 80.0001
** Write stats: 85.0001
** Write stats: 90.0001
** Write stats: 95.0001
** Write stats: 100
** Write stats: 105
** Write stats: 110
** Write stats: 115
** Write stats: 120.003
** Write stats: 125.015
** Write stats: 130
** Write stats: 135.014
** Write stats: 140
** Write stats: 145
** Write stats: 150
** Write stats: 155.01
** Write stats: 160
** Write stats: 165
** Write stats: 170
** Write stats: 175
** Write stats: 180
** Write stats: 185
** Write stats: 190
** Write stats: 195.002
** Write stats: 200
** Write stats: 205
** Write stats: 210
** Write stats: 215.007
** Write stats: 220
** Write stats: 225.012
** Write stats: 230
** Write stats: 235.011
** Write stats: 240
** Write stats: 245
** Write stats: 250.013
** Write stats: 255
** Write stats: 260
** Write stats: 265.003
** Write stats: 270
** Write stats: 275.006
** Write stats: 280
** Write stats: 285
** Write stats: 290
** Write stats: 295
** Write stats: 300.012
** Write stats: 305
** Write stats: 310
** Write stats: 315
** Write stats: 320
** Write stats: 325
** Write stats: 330
** Write stats: 335
** Write stats: 340
** Write stats: 345
** Write stats: 350
** Write stats: 355
** Write stats: 360
** Write stats: 365
** Write stats: 370.016
** Write stats: 375.004
** Write stats: 380
** Write stats: 385.011
** Write stats: 390
** Write stats: 395.023
** Write stats: 400
** Write stats: 405.008
** Write stats: 410.007
** Write stats: 415.001
** Write stats: 420
** Write stats: 425.029
** Write stats: 430
** Write stats: 435.018
** Write stats: 440
** Write stats: 445
** Write stats: 450
** Write stats: 455
** Write stats: 460.008
** Write stats: 470
** Write stats: 475.004
** Write stats: 480
** Write stats: 485
** Write stats: 490
** Write stats: 495
** Write stats: 500.01
** Write stats: 505
** Write stats: 510
** Write stats: 515
** Write stats: 520
** Write stats: 525
** Write stats: 530
** Write stats: 535
** Write stats: 540
** Write stats: 545
** Write stats: 550
** Write stats: 555
** Write stats: 560
** Write stats: 565
** Write stats: 570.003
** Write stats: 575.001
** Write stats: 580
** Write stats: 585
** Write stats: 590
** Write stats: 595
** Write stats: 598.019
