Extract contract Reentrance from /sb/reentrance.sol
Extracted 1 contract(s) from /sb/reentrance.sol
[0;32m> Created "fuzzMe"[0m
[0;32m> To fuzz contracts:[0m
  chmod +x fuzzMe
  ./fuzzMe
assets/NormalAttacker.sol:5:3: Warning: No visibility specified. Defaulting to "public". 
  function() payable {
  ^ (Relevant source part starts here and spans across multiple lines).
assets/ReentrancyAttacker.sol:8:7: Warning: Return value of low-level calls not used.
      msg.sender.call(bytes4(255));
      ^--------------------------^
assets/ReentrancyAttacker.sol:5:3: Warning: No visibility specified. Defaulting to "public". 
  function() payable {
  ^ (Relevant source part starts here and spans across multiple lines).
>> Fuzz Reentrance
** Write stats: 0.005382
** Write stats: 5.00161
** Write stats: 10.0001
** Write stats: 15.0035
** Write stats: 20.0043
** Write stats: 25.0023
** Write stats: 30.0034
** Write stats: 35.0049
** Write stats: 40.0072
** Write stats: 45.0055
** Write stats: 50.0095
** Write stats: 55.0039
** Write stats: 60.0094
** Write stats: 65.0078
** Write stats: 70.0091
** Write stats: 75.0098
** Write stats: 80.0082
** Write stats: 85.0017
** Write stats: 90.0042
** Write stats: 95.0144
** Write stats: 100.012
** Write stats: 105.016
** Write stats: 110.015
** Write stats: 115.011
** Write stats: 120.012
** Write stats: 125.003
** Write stats: 130.004
** Write stats: 135.005
** Write stats: 140.007
** Write stats: 145.003
** Write stats: 150.005
** Write stats: 155.001
** Write stats: 160.004
** Write stats: 165.004
** Write stats: 170.015
** Write stats: 175.002
** Write stats: 180.002
** Write stats: 185.006
** Write stats: 190.007
** Write stats: 195.001
** Write stats: 200.008
** Write stats: 205.001
** Write stats: 210.011
** Write stats: 215
** Write stats: 220.01
** Write stats: 225.004
** Write stats: 230.009
** Write stats: 235.005
** Write stats: 240.014
** Write stats: 245.015
** Write stats: 250.005
** Write stats: 255.013
** Write stats: 260.004
** Write stats: 265.004
** Write stats: 270.002
** Write stats: 275.015
** Write stats: 280.015
** Write stats: 285.013
** Write stats: 290.011
** Write stats: 295.013
** Write stats: 300.013
** Write stats: 305.01
** Write stats: 310.021
** Write stats: 315.011
** Write stats: 320.004
** Write stats: 325.009
** Write stats: 330.022
** Write stats: 335.006
** Write stats: 340.026
** Write stats: 345.008
** Write stats: 350.014
** Write stats: 355.018
** Write stats: 360.028
** Write stats: 365.02
** Write stats: 370.016
** Write stats: 375.023
** Write stats: 380.009
** Write stats: 385.001
** Write stats: 390.021
** Write stats: 395.009
** Write stats: 400.001
** Write stats: 405.018
** Write stats: 410.023
** Write stats: 415.01
** Write stats: 420.028
** Write stats: 425.007
** Write stats: 430.026
** Write stats: 435.004
** Write stats: 440.024
** Write stats: 445.008
** Write stats: 450.006
** Write stats: 455.002
** Write stats: 460.003
** Write stats: 465.019
** Write stats: 470.02
** Write stats: 475.027
** Write stats: 480.018
** Write stats: 485.039
** Write stats: 490.002
** Write stats: 495.026
** Write stats: 500.011
** Write stats: 505.012
** Write stats: 510.023
** Write stats: 515.03
** Write stats: 520.004
** Write stats: 525.027
** Write stats: 530.027
** Write stats: 535.021
** Write stats: 540.006
** Write stats: 545.021
** Write stats: 550.003
** Write stats: 555.029
** Write stats: 560.022
** Write stats: 565.027
** Write stats: 570.029
** Write stats: 575.038
** Write stats: 580.03
** Write stats: 585.016
** Write stats: 590.022
** Write stats: 595.014
** Write stats: 598.038
