Extract contract TimeLock from /sb/timelock.sol
Extracted 1 contract(s) from /sb/timelock.sol
[0;32m> Created "fuzzMe"[0m
[0;32m> To fuzz contracts:[0m
  chmod +x fuzzMe
  ./fuzzMe
assets/NormalAttacker.sol:5:3: Warning: No visibility specified. Defaulting to "public". 
  function() payable {
  ^ (Relevant source part starts here and spans across multiple lines).
assets/ReentrancyAttacker.sol:8:7: Warning: Return value of low-level calls not used.
      msg.sender.call(bytes4(255));
      ^--------------------------^
assets/ReentrancyAttacker.sol:5:3: Warning: No visibility specified. Defaulting to "public". 
  function() payable {
  ^ (Relevant source part starts here and spans across multiple lines).
>> Fuzz TimeLock
** Write stats: 0.003535
** Write stats: 5.00026
** Write stats: 10.0007
** Write stats: 15.0018
** Write stats: 20.0017
** Write stats: 25.0017
** Write stats: 30.0015
** Write stats: 35.0043
** Write stats: 40.0053
** Write stats: 45.0014
** Write stats: 50.0038
** Write stats: 55.0037
** Write stats: 60.0089
** Write stats: 65.0076
** Write stats: 70.0069
** Write stats: 75.0126
** Write stats: 80.0169
** Write stats: 85.013
** Write stats: 90.0021
** Write stats: 95.0044
** Write stats: 100.017
** Write stats: 105.018
** Write stats: 110.002
** Write stats: 115.015
** Write stats: 120.003
** Write stats: 125.019
** Write stats: 130.012
** Write stats: 135.012
** Write stats: 140.018
** Write stats: 145.007
** Write stats: 150.018
** Write stats: 155.016
** Write stats: 160.008
** Write stats: 165.006
** Write stats: 170.009
** Write stats: 175.012
** Write stats: 180.019
** Write stats: 185.013
** Write stats: 190.011
** Write stats: 195.01
** Write stats: 200.017
** Write stats: 205.01
** Write stats: 210.017
** Write stats: 215.013
** Write stats: 220.011
** Write stats: 225.001
** Write stats: 230.004
** Write stats: 235.016
** Write stats: 240.017
** Write stats: 245.009
** Write stats: 250.012
** Write stats: 255.007
** Write stats: 260.001
** Write stats: 265.024
** Write stats: 270.002
** Write stats: 275.028
** Write stats: 280.014
** Write stats: 285.018
** Write stats: 290.024
** Write stats: 295.007
** Write stats: 300.02
** Write stats: 305.003
** Write stats: 310.018
** Write stats: 315.021
** Write stats: 320.026
** Write stats: 325.015
** Write stats: 330.024
** Write stats: 335.007
** Write stats: 340.012
** Write stats: 345.008
** Write stats: 350.01
** Write stats: 355.011
** Write stats: 360.016
** Write stats: 365.029
** Write stats: 370.028
** Write stats: 375.019
** Write stats: 380.003
** Write stats: 385.003
** Write stats: 390.005
** Write stats: 395.001
** Write stats: 400.014
** Write stats: 405.009
** Write stats: 410.005
** Write stats: 415
** Write stats: 420.018
** Write stats: 425.008
** Write stats: 430.021
** Write stats: 435.008
** Write stats: 440.001
** Write stats: 445.021
** Write stats: 450.006
** Write stats: 455.023
** Write stats: 460.016
** Write stats: 465.007
** Write stats: 470.028
** Write stats: 475.008
** Write stats: 480.028
** Write stats: 485.008
** Write stats: 490.027
** Write stats: 495.032
** Write stats: 500.023
** Write stats: 505.017
** Write stats: 510.005
** Write stats: 515.016
** Write stats: 520.011
** Write stats: 525.015
** Write stats: 530.004
** Write stats: 535.026
** Write stats: 540.026
** Write stats: 545.019
** Write stats: 550.003
** Write stats: 555.016
** Write stats: 560.015
** Write stats: 565.018
** Write stats: 570.027
** Write stats: 575.002
** Write stats: 580.009
** Write stats: 585.007
** Write stats: 590.011
** Write stats: 595.012
** Write stats: 598.027
