Extract contract Token from /sb/token.sol
Extracted 1 contract(s) from /sb/token.sol
[0;32m> Created "fuzzMe"[0m
[0;32m> To fuzz contracts:[0m
  chmod +x fuzzMe
  ./fuzzMe
contracts/Token.sol:14:4: Warning: Defining constructors as functions with the same name as the contract is deprecated. Use "constructor(...) { ... }" instead.
   function Token(uint _initialSupply) {
   ^ (Relevant source part starts here and spans across multiple lines).
contracts/Token.sol:14:4: Warning: No visibility specified. Defaulting to "public". 
   function Token(uint _initialSupply) {
   ^ (Relevant source part starts here and spans across multiple lines).
assets/NormalAttacker.sol:5:3: Warning: No visibility specified. Defaulting to "public". 
  function() payable {
  ^ (Relevant source part starts here and spans across multiple lines).
assets/ReentrancyAttacker.sol:8:7: Warning: Return value of low-level calls not used.
      msg.sender.call(bytes4(255));
      ^--------------------------^
assets/ReentrancyAttacker.sol:5:3: Warning: No visibility specified. Defaulting to "public". 
  function() payable {
  ^ (Relevant source part starts here and spans across multiple lines).
>> Fuzz Token
** Write stats: 0.00284
** Write stats: 5.00027
** Write stats: 10.0016
** Write stats: 15.0014
** Write stats: 20.0022
** Write stats: 25.0022
** Write stats: 30.0011
** Write stats: 35.0018
** Write stats: 40.0045
** Write stats: 45.0005
** Write stats: 50.0074
** Write stats: 55.0175
** Write stats: 60.0063
** Write stats: 65.0198
** Write stats: 70.0002
** Write stats: 75.0087
** Write stats: 80.0112
** Write stats: 85.0632
** Write stats: 90.0125
** Write stats: 95.0587
** Write stats: 100.032
** Write stats: 105.018
** Write stats: 110.07
** Write stats: 115.017
** Write stats: 120.039
** Write stats: 125.05
** Write stats: 130.018
** Write stats: 135.018
** Write stats: 140.04
** Write stats: 145.023
** Write stats: 150.008
** Write stats: 155.017
** Write stats: 160.049
** Write stats: 165.053
** Write stats: 170.072
** Write stats: 175.08
** Write stats: 180.005
** Write stats: 185.097
** Write stats: 190.046
** Write stats: 195.001
** Write stats: 200.034
** Write stats: 205.052
** Write stats: 210.05
** Write stats: 215.069
** Write stats: 220.062
** Write stats: 225.094
** Write stats: 230.011
** Write stats: 235.067
** Write stats: 240.022
** Write stats: 245.077
** Write stats: 250.048
** Write stats: 255.019
** Write stats: 260.059
** Write stats: 265.127
** Write stats: 270.086
** Write stats: 275.002
** Write stats: 280.014
** Write stats: 285.065
** Write stats: 290.114
** Write stats: 295.079
** Write stats: 300.02
** Write stats: 305.04
** Write stats: 310.049
** Write stats: 315.078
** Write stats: 320.023
** Write stats: 325.067
** Write stats: 330.019
** Write stats: 335.035
** Write stats: 340.092
** Write stats: 345.11
** Write stats: 350.076
** Write stats: 355.146
** Write stats: 360.086
** Write stats: 365.063
** Write stats: 370.002
** Write stats: 375.011
** Write stats: 380.107
** Write stats: 385.044
** Write stats: 390.026
** Write stats: 395.238
** Write stats: 400.067
** Write stats: 405.003
** Write stats: 410.114
** Write stats: 415.089
** Write stats: 420.012
** Write stats: 425.077
** Write stats: 430.069
** Write stats: 435.024
** Write stats: 440.002
** Write stats: 445.032
** Write stats: 450.066
** Write stats: 455.125
** Write stats: 460.072
** Write stats: 465.153
** Write stats: 470.097
** Write stats: 475.078
** Write stats: 480.088
** Write stats: 485.19
** Write stats: 490.084
** Write stats: 495.111
** Write stats: 500.018
** Write stats: 505.19
** Write stats: 510.102
** Write stats: 515.013
** Write stats: 520.146
** Write stats: 525.051
** Write stats: 530.019
** Write stats: 535.076
** Write stats: 540.077
** Write stats: 545.062
** Write stats: 550.002
** Write stats: 555.094
** Write stats: 560.107
** Write stats: 565.078
** Write stats: 570.005
** Write stats: 575.081
** Write stats: 580.088
** Write stats: 585.085
** Write stats: 590.065
** Write stats: 595.266
** Write stats: 598.047
