Extract contract MyContract from /sb/mycontract.sol
Extracted 1 contract(s) from /sb/mycontract.sol
[0;32m> Created "fuzzMe"[0m
[0;32m> To fuzz contracts:[0m
  chmod +x fuzzMe
  ./fuzzMe
contracts/MyContract.sol:14:5: Warning: Defining constructors as functions with the same name as the contract is deprecated. Use "constructor(...) { ... }" instead.
    function MyContract() public {
    ^ (Relevant source part starts here and spans across multiple lines).
assets/NormalAttacker.sol:5:3: Warning: No visibility specified. Defaulting to "public". 
  function() payable {
  ^ (Relevant source part starts here and spans across multiple lines).
assets/ReentrancyAttacker.sol:8:7: Warning: Return value of low-level calls not used.
      msg.sender.call(bytes4(255));
      ^--------------------------^
assets/ReentrancyAttacker.sol:5:3: Warning: No visibility specified. Defaulting to "public". 
  function() payable {
  ^ (Relevant source part starts here and spans across multiple lines).
>> Fuzz MyContract
** Write stats: 0.003746
** Write stats: 5.00013
** Write stats: 10.0165
** Write stats: 15.0002
** Write stats: 20.0001
** Write stats: 25.0026
** Write stats: 30.0002
** Write stats: 35.0002
** Write stats: 40.0068
** Write stats: 45.0001
** Write stats: 50.0002
** Write stats: 55.0001
** Write stats: 60.0002
** Write stats: 65.0001
** Write stats: 70.0004
** Write stats: 75.0051
** Write stats: 80.0007
** Write stats: 85.0002
** Write stats: 90.0001
** Write stats: 95.0002
** Write stats: 100
** Write stats: 105.007
** Write stats: 110.001
** Write stats: 115
** Write stats: 120
** Write stats: 125
** Write stats: 130
** Write stats: 135
** Write stats: 140
** Write stats: 145
** Write stats: 150
** Write stats: 155
** Write stats: 160
** Write stats: 165
** Write stats: 170
** Write stats: 175
** Write stats: 180.007
** Write stats: 185
** Write stats: 190
** Write stats: 195
** Write stats: 200.011
** Write stats: 205
** Write stats: 210
** Write stats: 215
** Write stats: 220
** Write stats: 225
** Write stats: 230
** Write stats: 235
** Write stats: 240
** Write stats: 245
** Write stats: 250
** Write stats: 255
** Write stats: 260
** Write stats: 265
** Write stats: 270
** Write stats: 275.017
** Write stats: 280
** Write stats: 285
** Write stats: 290
** Write stats: 295
** Write stats: 300
** Write stats: 305
** Write stats: 310
** Write stats: 315.01
** Write stats: 320
** Write stats: 325
** Write stats: 330
** Write stats: 335
** Write stats: 340
** Write stats: 345
** Write stats: 350.018
** Write stats: 355
** Write stats: 360
** Write stats: 365
** Write stats: 370
** Write stats: 375
** Write stats: 380
** Write stats: 385
** Write stats: 395.02
** Write stats: 400
** Write stats: 405
** Write stats: 410
** Write stats: 415
** Write stats: 420.001
** Write stats: 425
** Write stats: 430
** Write stats: 435
** Write stats: 440
** Write stats: 445
** Write stats: 450.026
** Write stats: 455
** Write stats: 460.001
** Write stats: 465
** Write stats: 470
** Write stats: 475
** Write stats: 480.01
** Write stats: 485
** Write stats: 490
** Write stats: 495.025
** Write stats: 500
** Write stats: 505.045
** Write stats: 510
** Write stats: 515.001
** Write stats: 520.016
** Write stats: 525
** Write stats: 530.001
** Write stats: 535
** Write stats: 540.009
** Write stats: 545
** Write stats: 550
** Write stats: 555
** Write stats: 560
** Write stats: 565
** Write stats: 570
** Write stats: 575.025
** Write stats: 580.027
** Write stats: 585
** Write stats: 590.02
** Write stats: 595.025
** Write stats: 598.015
