Extract contract TokenSaleChallenge from /sb/tokensalechallenge.sol
Extracted 1 contract(s) from /sb/tokensalechallenge.sol
[0;32m> Created "fuzzMe"[0m
[0;32m> To fuzz contracts:[0m
  chmod +x fuzzMe
  ./fuzzMe
contracts/TokenSaleChallenge.sol:13:5: Warning: Defining constructors as functions with the same name as the contract is deprecated. Use "constructor(...) { ... }" instead.
    function TokenSaleChallenge(address _player) public payable {
    ^ (Relevant source part starts here and spans across multiple lines).
contracts/TokenSaleChallenge.sol:13:33: Warning: Unused function parameter. Remove or comment out the variable name to silence this warning.
    function TokenSaleChallenge(address _player) public payable {
                                ^-------------^
assets/NormalAttacker.sol:5:3: Warning: No visibility specified. Defaulting to "public". 
  function() payable {
  ^ (Relevant source part starts here and spans across multiple lines).
assets/ReentrancyAttacker.sol:8:7: Warning: Return value of low-level calls not used.
      msg.sender.call(bytes4(255));
      ^--------------------------^
assets/ReentrancyAttacker.sol:5:3: Warning: No visibility specified. Defaulting to "public". 
  function() payable {
  ^ (Relevant source part starts here and spans across multiple lines).
>> Fuzz TokenSaleChallenge
** Write stats: 0.00763
** Write stats: 5.0003
** Write stats: 10.0001
** Write stats: 15.0001
** Write stats: 20.0037
** Write stats: 25.0001
** Write stats: 30.0001
** Write stats: 35.0001
** Write stats: 40.0001
** Write stats: 45.0001
** Write stats: 50.0002
** Write stats: 55.0001
** Write stats: 60.0001
** Write stats: 65.0001
** Write stats: 70.0037
** Write stats: 75.0001
** Write stats: 80.0001
** Write stats: 85.0002
** Write stats: 90.0001
** Write stats: 95.0045
** Write stats: 100
** Write stats: 105
** Write stats: 110
** Write stats: 115
** Write stats: 120
** Write stats: 125.004
** Write stats: 130
** Write stats: 135.003
** Write stats: 140
** Write stats: 145
** Write stats: 150
** Write stats: 160
** Write stats: 165.006
** Write stats: 170
** Write stats: 175
** Write stats: 180.005
** Write stats: 185.001
** Write stats: 190.002
** Write stats: 195
** Write stats: 200
** Write stats: 205.006
** Write stats: 210.004
** Write stats: 215
** Write stats: 220.002
** Write stats: 225
** Write stats: 230
** Write stats: 235
** Write stats: 240
** Write stats: 245
** Write stats: 250
** Write stats: 255.005
** Write stats: 260
** Write stats: 265
** Write stats: 270.003
** Write stats: 275
** Write stats: 280
** Write stats: 285
** Write stats: 290
** Write stats: 295
** Write stats: 300
** Write stats: 305.001
** Write stats: 310.336
** Write stats: 315
** Write stats: 320
** Write stats: 325.006
** Write stats: 330
** Write stats: 335
** Write stats: 340
** Write stats: 345
** Write stats: 350
** Write stats: 355
** Write stats: 360
** Write stats: 365.002
** Write stats: 370
** Write stats: 375
** Write stats: 380
** Write stats: 385
** Write stats: 390
** Write stats: 395.001
** Write stats: 400
** Write stats: 405
** Write stats: 410.004
** Write stats: 415
** Write stats: 420
** Write stats: 425
** Write stats: 430
** Write stats: 435.003
** Write stats: 440
** Write stats: 445
** Write stats: 450
** Write stats: 455
** Write stats: 460
** Write stats: 465
** Write stats: 470
** Write stats: 475
** Write stats: 480
** Write stats: 485
** Write stats: 490
** Write stats: 495.003
** Write stats: 500
** Write stats: 505
** Write stats: 510
** Write stats: 515
** Write stats: 520
** Write stats: 525.004
** Write stats: 530
** Write stats: 535
** Write stats: 540.006
** Write stats: 545
** Write stats: 550
** Write stats: 555
** Write stats: 560
** Write stats: 565
** Write stats: 570
** Write stats: 575
** Write stats: 580
** Write stats: 585
** Write stats: 590
** Write stats: 595
** Write stats: 598.007
