Extract contract DepositProxy from /sb/0xb11b2fed6c9354f7aa2f658d3b4d7b31d8a13b77.sol
Extract contract Proxy from /sb/0xb11b2fed6c9354f7aa2f658d3b4d7b31d8a13b77.sol
Extracted 2 contract(s) from /sb/0xb11b2fed6c9354f7aa2f658d3b4d7b31d8a13b77.sol
[0;32m> Created "fuzzMe"[0m
[0;32m> To fuzz contracts:[0m
  chmod +x fuzzMe
  ./fuzzMe
contracts/DepositProxy.sol:14:9: Warning: Return value of low-level calls not used.
        target.call.value(msg.value)(data);
        ^--------------------------------^
contracts/Proxy.sol:14:9: Warning: Return value of low-level calls not used.
        target.call.value(msg.value)(data);
        ^--------------------------------^
assets/NormalAttacker.sol:5:3: Warning: No visibility specified. Defaulting to "public". 
  function() payable {
  ^ (Relevant source part starts here and spans across multiple lines).
assets/ReentrancyAttacker.sol:8:7: Warning: Return value of low-level calls not used.
      msg.sender.call(bytes4(255));
      ^--------------------------^
assets/ReentrancyAttacker.sol:5:3: Warning: No visibility specified. Defaulting to "public". 
  function() payable {
  ^ (Relevant source part starts here and spans across multiple lines).
>> Fuzz DepositProxy
** Write stats: 0.007998
** Write stats: 5.00046
** Write stats: 10.004
** Write stats: 15.0015
** Write stats: 20.0015
** Write stats: 25.0032
** Write stats: 30.0003
** Write stats: 35.0015
** Write stats: 40.0001
** Write stats: 45.0062
** Write stats: 50.0085
** Write stats: 55.0079
** Write stats: 60.0006
** Write stats: 65.0022
** Write stats: 70.0059
** Write stats: 75.0057
** Write stats: 80.0087
** Write stats: 85.0016
** Write stats: 90.0075
** Write stats: 95.0062
** Write stats: 100.003
** Write stats: 105.006
** Write stats: 110.005
** Write stats: 115.004
** Write stats: 120.007
** Write stats: 125.01
** Write stats: 130.01
** Write stats: 135.004
** Write stats: 140.011
** Write stats: 145.009
** Write stats: 150.009
** Write stats: 155.005
** Write stats: 160.001
** Write stats: 165.005
** Write stats: 170.012
** Write stats: 175.005
** Write stats: 180.004
** Write stats: 185.001
** Write stats: 190.006
** Write stats: 195.01
** Write stats: 200.008
** Write stats: 205.01
** Write stats: 210.003
** Write stats: 215.012
** Write stats: 220.006
** Write stats: 225.004
** Write stats: 230.009
** Write stats: 235.001
** Write stats: 240.01
** Write stats: 245.002
** Write stats: 250.011
** Write stats: 255.008
** Write stats: 260.002
** Write stats: 265.012
** Write stats: 270.002
** Write stats: 275.006
** Write stats: 280.004
** Write stats: 285.009
** Write stats: 290.004
** Write stats: 295.015
** Write stats: 298.009
>> Fuzz Proxy
** Write stats: 0.007229
** Write stats: 5.00149
** Write stats: 10.0044
** Write stats: 15.0002
** Write stats: 20.0034
** Write stats: 25.0019
** Write stats: 30.0004
** Write stats: 35.0034
** Write stats: 40.0007
** Write stats: 45.0014
** Write stats: 50.0007
** Write stats: 55.005
** Write stats: 60.0062
** Write stats: 65.0075
** Write stats: 70.0022
** Write stats: 75.0061
** Write stats: 80.0019
** Write stats: 85.0003
** Write stats: 90.0071
** Write stats: 95.0024
** Write stats: 100.009
** Write stats: 105.003
** Write stats: 110.001
** Write stats: 115.006
** Write stats: 120.001
** Write stats: 125.006
** Write stats: 130.008
** Write stats: 135.004
** Write stats: 140.002
** Write stats: 145.002
** Write stats: 150.012
** Write stats: 155.004
** Write stats: 160.003
** Write stats: 165.013
** Write stats: 170.014
** Write stats: 175.001
** Write stats: 180.005
** Write stats: 185.004
** Write stats: 190.003
** Write stats: 195.003
** Write stats: 200.003
** Write stats: 205.004
** Write stats: 210.005
** Write stats: 215.001
** Write stats: 220.007
** Write stats: 225.001
** Write stats: 230.001
** Write stats: 235.009
** Write stats: 240.006
** Write stats: 245.005
** Write stats: 250.002
** Write stats: 255.007
** Write stats: 260.002
** Write stats: 265.012
** Write stats: 270.015
** Write stats: 275.006
** Write stats: 280
** Write stats: 285.014
** Write stats: 290.008
** Write stats: 295.001
** Write stats: 298.026
