Extract contract MultiplicatorX4 from /sb/0x3e013fc32a54c4c5b6991ba539dcd0ec4355c859.sol
Extracted 1 contract(s) from /sb/0x3e013fc32a54c4c5b6991ba539dcd0ec4355c859.sol
[0;32m> Created "fuzzMe"[0m
[0;32m> To fuzz contracts:[0m
  chmod +x fuzzMe
  ./fuzzMe
contracts/MultiplicatorX4.sol:20:24: Warning: Using contract member "balance" inherited from the address type is deprecated. Convert the contract to "address" type to access the member, for example use "address(contract).balance" instead.
        Owner.transfer(this.balance);
                       ^----------^
contracts/MultiplicatorX4.sol:29:9: Warning: Return value of low-level calls not used.
        adr.call.value(msg.value)(data);
        ^-----------------------------^
contracts/MultiplicatorX4.sol:36:23: Warning: Using contract member "balance" inherited from the address type is deprecated. Convert the contract to "address" type to access the member, for example use "address(contract).balance" instead.
        if(msg.value>=this.balance)
                      ^----------^
contracts/MultiplicatorX4.sol:38:26: Warning: Using contract member "balance" inherited from the address type is deprecated. Convert the contract to "address" type to access the member, for example use "address(contract).balance" instead.
            adr.transfer(this.balance+msg.value);
                         ^----------^
assets/NormalAttacker.sol:5:3: Warning: No visibility specified. Defaulting to "public". 
  function() payable {
  ^ (Relevant source part starts here and spans across multiple lines).
assets/ReentrancyAttacker.sol:8:7: Warning: Return value of low-level calls not used.
      msg.sender.call(bytes4(255));
      ^--------------------------^
assets/ReentrancyAttacker.sol:5:3: Warning: No visibility specified. Defaulting to "public". 
  function() payable {
  ^ (Relevant source part starts here and spans across multiple lines).
>> Fuzz MultiplicatorX4
** Write stats: 0.007355
** Write stats: 5.00022
** Write stats: 10.0002
** Write stats: 15.0107
** Write stats: 20.0001
** Write stats: 25.0001
** Write stats: 30.0001
** Write stats: 35.0002
** Write stats: 40.0002
** Write stats: 45.0003
** Write stats: 50.0002
** Write stats: 55.0001
** Write stats: 60.017
** Write stats: 65.0002
** Write stats: 70.0002
** Write stats: 75.0002
** Write stats: 80.0003
** Write stats: 85.0002
** Write stats: 90.0001
** Write stats: 95.0003
** Write stats: 100.022
** Write stats: 105
** Write stats: 110
** Write stats: 115.009
** Write stats: 120
** Write stats: 125
** Write stats: 130
** Write stats: 135
** Write stats: 140.001
** Write stats: 145
** Write stats: 150
** Write stats: 155
** Write stats: 160.328
** Write stats: 165
** Write stats: 170
** Write stats: 175
** Write stats: 180.001
** Write stats: 185
** Write stats: 190
** Write stats: 195
** Write stats: 200
** Write stats: 205
** Write stats: 210.001
** Write stats: 215.034
** Write stats: 220.001
** Write stats: 225.051
** Write stats: 230
** Write stats: 235.1
** Write stats: 240.001
** Write stats: 245.088
** Write stats: 250
** Write stats: 255
** Write stats: 260
** Write stats: 265.021
** Write stats: 270.001
** Write stats: 275
** Write stats: 280.001
** Write stats: 285.001
** Write stats: 290.001
** Write stats: 295.06
** Write stats: 300.001
** Write stats: 305.001
** Write stats: 310.001
** Write stats: 315.001
** Write stats: 320.001
** Write stats: 325
** Write stats: 330.001
** Write stats: 335
** Write stats: 340.097
** Write stats: 345
** Write stats: 350
** Write stats: 355
** Write stats: 360
** Write stats: 365.001
** Write stats: 370
** Write stats: 375.001
** Write stats: 380.001
** Write stats: 385.15
** Write stats: 390.001
** Write stats: 395.001
** Write stats: 400.031
** Write stats: 405.001
** Write stats: 410.178
** Write stats: 415.001
** Write stats: 420.001
** Write stats: 425.001
** Write stats: 430.085
** Write stats: 435.001
** Write stats: 440
** Write stats: 445.168
** Write stats: 450.04
** Write stats: 455.001
** Write stats: 460
** Write stats: 465.144
** Write stats: 470.035
** Write stats: 475.001
** Write stats: 480.001
** Write stats: 485
** Write stats: 490.005
** Write stats: 495.001
** Write stats: 500
** Write stats: 505
** Write stats: 510.001
** Write stats: 515.162
** Write stats: 520
** Write stats: 525
** Write stats: 530.001
** Write stats: 535
** Write stats: 540.069
** Write stats: 545.001
** Write stats: 550.001
** Write stats: 555.001
** Write stats: 560
** Write stats: 565
** Write stats: 570.075
** Write stats: 575
** Write stats: 580.032
** Write stats: 585
** Write stats: 590
** Write stats: 595.001
** Write stats: 598.081
