Extract contract Ownable from /sb/0x627fa62ccbb1c1b04ffaecd72a53e37fc0e17839.sol
Extract contract Token from /sb/0x627fa62ccbb1c1b04ffaecd72a53e37fc0e17839.sol
Extract contract TokenBank from /sb/0x627fa62ccbb1c1b04ffaecd72a53e37fc0e17839.sol
Extracted 3 contract(s) from /sb/0x627fa62ccbb1c1b04ffaecd72a53e37fc0e17839.sol
[0;32m> Created "fuzzMe"[0m
[0;32m> To fuzz contracts:[0m
  chmod +x fuzzMe
  ./fuzzMe
contracts/Token.sol:43:27: Warning: "sha3" has been deprecated in favour of "keccak256"
        token.call(bytes4(sha3("transfer(address,uint256)")),to,amount); 
                          ^-------------------------------^
contracts/Token.sol:43:9: Warning: Return value of low-level calls not used.
        token.call(bytes4(sha3("transfer(address,uint256)")),to,amount); 
        ^-------------------------------------------------------------^
contracts/Token.sol:60:5: Warning: No visibility specified. Defaulting to "public". 
    function()
    ^ (Relevant source part starts here and spans across multiple lines).
contracts/Token.sol:66:5: Warning: No visibility specified. Defaulting to "public". 
    function Deposit() 
    ^ (Relevant source part starts here and spans across multiple lines).
contracts/Ownable.sol:43:27: Warning: "sha3" has been deprecated in favour of "keccak256"
        token.call(bytes4(sha3("transfer(address,uint256)")),to,amount); 
                          ^-------------------------------^
contracts/Ownable.sol:43:9: Warning: Return value of low-level calls not used.
        token.call(bytes4(sha3("transfer(address,uint256)")),to,amount); 
        ^-------------------------------------------------------------^
contracts/Ownable.sol:60:5: Warning: No visibility specified. Defaulting to "public". 
    function()
    ^ (Relevant source part starts here and spans across multiple lines).
contracts/Ownable.sol:66:5: Warning: No visibility specified. Defaulting to "public". 
    function Deposit() 
    ^ (Relevant source part starts here and spans across multiple lines).
contracts/TokenBank.sol:43:27: Warning: "sha3" has been deprecated in favour of "keccak256"
        token.call(bytes4(sha3("transfer(address,uint256)")),to,amount); 
                          ^-------------------------------^
contracts/TokenBank.sol:43:9: Warning: Return value of low-level calls not used.
        token.call(bytes4(sha3("transfer(address,uint256)")),to,amount); 
        ^-------------------------------------------------------------^
contracts/TokenBank.sol:60:5: Warning: No visibility specified. Defaulting to "public". 
    function()
    ^ (Relevant source part starts here and spans across multiple lines).
contracts/TokenBank.sol:66:5: Warning: No visibility specified. Defaulting to "public". 
    function Deposit() 
    ^ (Relevant source part starts here and spans across multiple lines).
assets/NormalAttacker.sol:5:3: Warning: No visibility specified. Defaulting to "public". 
  function() payable {
  ^ (Relevant source part starts here and spans across multiple lines).
assets/ReentrancyAttacker.sol:8:7: Warning: Return value of low-level calls not used.
      msg.sender.call(bytes4(255));
      ^--------------------------^
assets/ReentrancyAttacker.sol:5:3: Warning: No visibility specified. Defaulting to "public". 
  function() payable {
  ^ (Relevant source part starts here and spans across multiple lines).
>> Fuzz Token
** Write stats: 0.007379
** Write stats: 5.00013
** Write stats: 10.0042
** Write stats: 15.0001
** Write stats: 20.0003
** Write stats: 25.0002
** Write stats: 30.0001
** Write stats: 35.0001
** Write stats: 40.048
** Write stats: 45.0003
** Write stats: 50.0002
** Write stats: 55.0004
** Write stats: 60.0002
** Write stats: 65.0003
** Write stats: 70.0002
** Write stats: 75.0001
** Write stats: 80.0003
** Write stats: 85.0003
** Write stats: 90.0002
** Write stats: 95.0002
** Write stats: 100.001
** Write stats: 105.008
** Write stats: 110
** Write stats: 115
** Write stats: 120.001
** Write stats: 125
** Write stats: 130
** Write stats: 135.001
** Write stats: 140
** Write stats: 145
** Write stats: 150
** Write stats: 155
** Write stats: 160.001
** Write stats: 165
** Write stats: 170
** Write stats: 175
** Write stats: 180.025
** Write stats: 185.001
** Write stats: 190
** Write stats: 195
** Write stats: 198.007
>> Fuzz Ownable
** Write stats: 0.003385
** Write stats: 5.00393
** Write stats: 10.0002
** Write stats: 15.0001
** Write stats: 20.0023
** Write stats: 25
** Write stats: 30.0002
** Write stats: 35.0001
** Write stats: 40.0001
** Write stats: 45.0001
** Write stats: 50.0001
** Write stats: 55.0002
** Write stats: 60.0001
** Write stats: 65.0002
** Write stats: 70.0001
** Write stats: 75.0001
** Write stats: 80.0002
** Write stats: 85.0001
** Write stats: 90.0002
** Write stats: 95.0001
** Write stats: 100
** Write stats: 105.002
** Write stats: 110
** Write stats: 115
** Write stats: 120
** Write stats: 125
** Write stats: 130.011
** Write stats: 135.026
** Write stats: 140
** Write stats: 145
** Write stats: 150
** Write stats: 155
** Write stats: 160
** Write stats: 165
** Write stats: 170
** Write stats: 175
** Write stats: 180
** Write stats: 185
** Write stats: 190
** Write stats: 195
** Write stats: 198.011
>> Fuzz TokenBank
** Write stats: 0.009764
** Write stats: 5.00383
** Write stats: 10.0027
** Write stats: 15.0014
** Write stats: 20.0007
** Write stats: 25.0048
** Write stats: 30.0019
** Write stats: 35.0022
** Write stats: 40.0052
** Write stats: 45.0059
** Write stats: 50.0001
** Write stats: 55.0045
** Write stats: 60.0017
** Write stats: 65.0055
** Write stats: 70.0013
** Write stats: 75.0017
** Write stats: 80.0017
** Write stats: 85.0007
** Write stats: 90.0024
** Write stats: 95.002
** Write stats: 100.003
** Write stats: 105.004
** Write stats: 110
** Write stats: 115.005
** Write stats: 120.005
** Write stats: 125.005
** Write stats: 130.002
** Write stats: 135.003
** Write stats: 140.01
** Write stats: 145.011
** Write stats: 150.006
** Write stats: 155
** Write stats: 160.011
** Write stats: 165.007
** Write stats: 170.002
** Write stats: 175.011
** Write stats: 180.008
** Write stats: 185.01
** Write stats: 190
** Write stats: 195.001
** Write stats: 198.013
