Extract contract Log from /sb/0x23a91059fdc9579a9fbd0edc5f2ea0bfdb70deb4.sol
Extract contract PrivateBank from /sb/0x23a91059fdc9579a9fbd0edc5f2ea0bfdb70deb4.sol
Extracted 2 contract(s) from /sb/0x23a91059fdc9579a9fbd0edc5f2ea0bfdb70deb4.sol
[0;32m> Created "fuzzMe"[0m
[0;32m> To fuzz contracts:[0m
  chmod +x fuzzMe
  ./fuzzMe
contracts/PrivateBank.sol:17:5: Warning: Defining constructors as functions with the same name as the contract is deprecated. Use "constructor(...) { ... }" instead.
    function PrivateBank(address _log)
    ^ (Relevant source part starts here and spans across multiple lines).
contracts/PrivateBank.sol:17:5: Warning: No visibility specified. Defaulting to "public". 
    function PrivateBank(address _log)
    ^ (Relevant source part starts here and spans across multiple lines).
contracts/PrivateBank.sol:33:5: Warning: No visibility specified. Defaulting to "public". 
    function CashOut(uint _am)
    ^ (Relevant source part starts here and spans across multiple lines).
contracts/Log.sol:17:5: Warning: Defining constructors as functions with the same name as the contract is deprecated. Use "constructor(...) { ... }" instead.
    function PrivateBank(address _log)
    ^ (Relevant source part starts here and spans across multiple lines).
contracts/Log.sol:17:5: Warning: No visibility specified. Defaulting to "public". 
    function PrivateBank(address _log)
    ^ (Relevant source part starts here and spans across multiple lines).
contracts/Log.sol:33:5: Warning: No visibility specified. Defaulting to "public". 
    function CashOut(uint _am)
    ^ (Relevant source part starts here and spans across multiple lines).
assets/NormalAttacker.sol:5:3: Warning: No visibility specified. Defaulting to "public". 
  function() payable {
  ^ (Relevant source part starts here and spans across multiple lines).
assets/ReentrancyAttacker.sol:8:7: Warning: Return value of low-level calls not used.
      msg.sender.call(bytes4(255));
      ^--------------------------^
assets/ReentrancyAttacker.sol:5:3: Warning: No visibility specified. Defaulting to "public". 
  function() payable {
  ^ (Relevant source part starts here and spans across multiple lines).
>> Fuzz PrivateBank
** Write stats: 0.008208
** Write stats: 5.0019
** Write stats: 10.0023
** Write stats: 15.001
** Write stats: 20.0058
** Write stats: 25.0011
** Write stats: 30.0003
** Write stats: 35.0196
** Write stats: 40.0031
** Write stats: 45.0029
** Write stats: 50.0072
** Write stats: 55.0075
** Write stats: 60.0108
** Write stats: 65.0094
** Write stats: 70.0049
** Write stats: 75.0003
** Write stats: 80.0113
** Write stats: 85.0108
** Write stats: 90.0027
** Write stats: 95.0106
** Write stats: 100.009
** Write stats: 105.006
** Write stats: 110.009
** Write stats: 115.003
** Write stats: 120.006
** Write stats: 125.001
** Write stats: 130.005
** Write stats: 135.004
** Write stats: 140.005
** Write stats: 145.003
** Write stats: 150.007
** Write stats: 155.003
** Write stats: 160.012
** Write stats: 165.009
** Write stats: 170.01
** Write stats: 175.001
** Write stats: 180.002
** Write stats: 185.016
** Write stats: 190.01
** Write stats: 195.008
** Write stats: 200.006
** Write stats: 205.017
** Write stats: 210.002
** Write stats: 215.006
** Write stats: 220.01
** Write stats: 225.009
** Write stats: 230.019
** Write stats: 235.008
** Write stats: 240.029
** Write stats: 245.016
** Write stats: 250.004
** Write stats: 255.001
** Write stats: 260.019
** Write stats: 265.015
** Write stats: 270.003
** Write stats: 275.006
** Write stats: 280.019
** Write stats: 285.019
** Write stats: 290.015
** Write stats: 295.002
** Write stats: 298.028
>> Fuzz Log
** Write stats: 0.005618
** Write stats: 5.00342
** Write stats: 10.003
** Write stats: 15.0173
** Write stats: 20.0333
** Write stats: 25.0159
** Write stats: 30.0317
** Write stats: 35.0199
** Write stats: 40.0052
** Write stats: 45.0137
** Write stats: 50.0231
** Write stats: 55.0119
** Write stats: 60.0515
** Write stats: 65.0044
** Write stats: 70.0254
** Write stats: 75.0057
** Write stats: 80.0243
** Write stats: 85.0568
** Write stats: 90.0732
** Write stats: 95.0246
** Write stats: 100.056
** Write stats: 105.021
** Write stats: 110.007
** Write stats: 115.074
** Write stats: 120.016
** Write stats: 125.079
** Write stats: 130.07
** Write stats: 135.01
** Write stats: 140.029
** Write stats: 145.092
** Write stats: 150.043
** Write stats: 155.028
** Write stats: 160.079
** Write stats: 165.094
** Write stats: 170.077
** Write stats: 175.011
** Write stats: 180.003
** Write stats: 185.068
** Write stats: 190.08
** Write stats: 195.022
** Write stats: 200.078
** Write stats: 205.033
** Write stats: 210.078
** Write stats: 215.088
** Write stats: 220.026
** Write stats: 225.109
** Write stats: 230.064
** Write stats: 235.115
** Write stats: 240.011
** Write stats: 245.116
** Write stats: 250.024
** Write stats: 255.113
** Write stats: 260.018
** Write stats: 265.032
** Write stats: 270.085
** Write stats: 275.087
** Write stats: 280.11
** Write stats: 285.081
** Write stats: 290.04
** Write stats: 295.024
** Write stats: 298.129
