Extract contract DEP_BANK from /sb/0xaae1f51cf3339f18b6d3f3bdc75a5facd744b0b8.sol
Extract contract LogFile from /sb/0xaae1f51cf3339f18b6d3f3bdc75a5facd744b0b8.sol
Extracted 2 contract(s) from /sb/0xaae1f51cf3339f18b6d3f3bdc75a5facd744b0b8.sol
[0;32m> Created "fuzzMe"[0m
[0;32m> To fuzz contracts:[0m
  chmod +x fuzzMe
  ./fuzzMe
contracts/DEP_BANK.sol:22:24: Warning: "throw" is deprecated in favour of "revert()", "require()" and "assert()".
        if(intitalized)throw;
                       ^---^
contracts/DEP_BANK.sol:29:24: Warning: "throw" is deprecated in favour of "revert()", "require()" and "assert()".
        if(intitalized)throw;
                       ^---^
contracts/LogFile.sol:22:24: Warning: "throw" is deprecated in favour of "revert()", "require()" and "assert()".
        if(intitalized)throw;
                       ^---^
contracts/LogFile.sol:29:24: Warning: "throw" is deprecated in favour of "revert()", "require()" and "assert()".
        if(intitalized)throw;
                       ^---^
assets/NormalAttacker.sol:5:3: Warning: No visibility specified. Defaulting to "public". 
  function() payable {
  ^ (Relevant source part starts here and spans across multiple lines).
assets/ReentrancyAttacker.sol:8:7: Warning: Return value of low-level calls not used.
      msg.sender.call(bytes4(255));
      ^--------------------------^
assets/ReentrancyAttacker.sol:5:3: Warning: No visibility specified. Defaulting to "public". 
  function() payable {
  ^ (Relevant source part starts here and spans across multiple lines).
>> Fuzz DEP_BANK
** Write stats: 0.00899
** Write stats: 5.00107
** Write stats: 10.0019
** Write stats: 15.0003
** Write stats: 20.0022
** Write stats: 25.002
** Write stats: 30.0025
** Write stats: 35.0041
** Write stats: 40.0026
** Write stats: 45.0014
** Write stats: 50.0023
** Write stats: 55.0029
** Write stats: 60.0047
** Write stats: 65.0003
** Write stats: 70.005
** Write stats: 75.0026
** Write stats: 80.0007
** Write stats: 85.0042
** Write stats: 90.0058
** Write stats: 95.005
** Write stats: 100.001
** Write stats: 105.001
** Write stats: 110.002
** Write stats: 115.004
** Write stats: 120.001
** Write stats: 125.002
** Write stats: 130.006
** Write stats: 135.003
** Write stats: 140.005
** Write stats: 145.001
** Write stats: 150.004
** Write stats: 155.003
** Write stats: 160.005
** Write stats: 165.005
** Write stats: 170.006
** Write stats: 175.003
** Write stats: 180.003
** Write stats: 185.006
** Write stats: 190.005
** Write stats: 195.004
** Write stats: 200.005
** Write stats: 205.004
** Write stats: 210.006
** Write stats: 215.009
** Write stats: 220.001
** Write stats: 225.003
** Write stats: 230.003
** Write stats: 235.005
** Write stats: 240.002
** Write stats: 245
** Write stats: 250.015
** Write stats: 255.016
** Write stats: 260.007
** Write stats: 265.012
** Write stats: 270.019
** Write stats: 275.007
** Write stats: 280.006
** Write stats: 285.018
** Write stats: 290.011
** Write stats: 295.01
** Write stats: 298.005
>> Fuzz LogFile
** Write stats: 0.006414
** Write stats: 5.00828
** Write stats: 10.0102
** Write stats: 15.0068
** Write stats: 20.0335
** Write stats: 25.0364
** Write stats: 30.0342
** Write stats: 35.0194
** Write stats: 40.0465
** Write stats: 45.0346
** Write stats: 50.0083
** Write stats: 55.0183
** Write stats: 60.0381
** Write stats: 65.0563
** Write stats: 70.0204
** Write stats: 75.0235
** Write stats: 80.0085
** Write stats: 85.0422
** Write stats: 90.0335
** Write stats: 95.0112
** Write stats: 100.05
** Write stats: 105.078
** Write stats: 110.08
** Write stats: 115.073
** Write stats: 120.055
** Write stats: 125.004
** Write stats: 130.09
** Write stats: 135.062
** Write stats: 140.076
** Write stats: 145.072
** Write stats: 150.071
** Write stats: 155.063
** Write stats: 160.082
** Write stats: 165.014
** Write stats: 170.048
** Write stats: 175.023
** Write stats: 180.056
** Write stats: 185.014
** Write stats: 190.032
** Write stats: 195.102
** Write stats: 200.098
** Write stats: 205.012
** Write stats: 210.084
** Write stats: 215.023
** Write stats: 220.065
** Write stats: 225.078
** Write stats: 230.093
** Write stats: 235.094
** Write stats: 240.035
** Write stats: 245.102
** Write stats: 250.083
** Write stats: 255.104
** Write stats: 260.051
** Write stats: 265.03
** Write stats: 270.022
** Write stats: 275.068
** Write stats: 280.043
** Write stats: 285.031
** Write stats: 290.029
** Write stats: 295.036
** Write stats: 298.127
