Extract contract Marriage from /sb/0x958a8f594101d2c0485a52319f29b2647f2ebc06.sol
Extract contract Owned from /sb/0x958a8f594101d2c0485a52319f29b2647f2ebc06.sol
Extracted 2 contract(s) from /sb/0x958a8f594101d2c0485a52319f29b2647f2ebc06.sol
[0;32m> Created "fuzzMe"[0m
[0;32m> To fuzz contracts:[0m
  chmod +x fuzzMe
  ./fuzzMe
contracts/Marriage.sol:28:5: Warning: Defining constructors as functions with the same name as the contract is deprecated. Use "constructor(...) { ... }" instead.
    function Owned() {
    ^ (Relevant source part starts here and spans across multiple lines).
contracts/Marriage.sol:93:5: Warning: Defining constructors as functions with the same name as the contract is deprecated. Use "constructor(...) { ... }" instead.
    function Marriage(address _owner) {
    ^ (Relevant source part starts here and spans across multiple lines).
contracts/Marriage.sol:55:9: Warning: Return value of low-level calls not used.
        _dst.call.value(_value)(_data);
        ^----------------------------^
contracts/Marriage.sol:88:17: Warning: "sha3" has been deprecated in favour of "keccak256"
        require(sha3(marriageStatus) == sha3("Married"));
                ^------------------^
contracts/Marriage.sol:88:17: Warning: This function only accepts a single "bytes" argument. Please use "abi.encodePacked(...)" or a similar function to encode the data.
        require(sha3(marriageStatus) == sha3("Married"));
                ^------------------^
contracts/Marriage.sol:88:17: Warning: The provided argument of type string storage ref is not implicitly convertible to expected type bytes memory.
        require(sha3(marriageStatus) == sha3("Married"));
                ^------------------^
contracts/Marriage.sol:88:41: Warning: "sha3" has been deprecated in favour of "keccak256"
        require(sha3(marriageStatus) == sha3("Married"));
                                        ^-------------^
contracts/Marriage.sol:119:9: Warning: Invoking events without "emit" prefix is deprecated.
        MajorEvent("Marrigage", vows, url);
        ^--------------------------------^
contracts/Marriage.sol:133:9: Warning: Invoking events without "emit" prefix is deprecated.
        MajorEvent(name, description, url);
        ^--------------------------------^
contracts/Marriage.sol:138:28: Warning: Using contract member "balance" inherited from the address type is deprecated. Convert the contract to "address" type to access the member, for example use "address(contract).balance" instead.
            owner.transfer(this.balance);
                           ^----------^
contracts/Marriage.sol:141:9: Warning: Invoking events without "emit" prefix is deprecated.
        MessageSent(nameFrom, text, url, msg.value);
        ^-----------------------------------------^
contracts/Marriage.sol:28:5: Warning: No visibility specified. Defaulting to "public". 
    function Owned() {
    ^ (Relevant source part starts here and spans across multiple lines).
contracts/Marriage.sol:37:5: Warning: No visibility specified. Defaulting to "public". 
    function changeOwner(address _newOwner) onlyOwner {
    ^ (Relevant source part starts here and spans across multiple lines).
contracts/Marriage.sol:44:5: Warning: No visibility specified. Defaulting to "public". 
    function acceptOwnership() {
    ^ (Relevant source part starts here and spans across multiple lines).
contracts/Marriage.sol:53:5: Warning: No visibility specified. Defaulting to "public". 
    function execute(address _dst, uint _value, bytes _data) onlyOwner {
    ^ (Relevant source part starts here and spans across multiple lines).
contracts/Marriage.sol:93:5: Warning: No visibility specified. Defaulting to "public". 
    function Marriage(address _owner) {
    ^ (Relevant source part starts here and spans across multiple lines).
contracts/Marriage.sol:106:5: Warning: No visibility specified. Defaulting to "public". 
    function createMarriage(
    ^ (Relevant source part starts here and spans across multiple lines).
contracts/Marriage.sol:123:5: Warning: No visibility specified. Defaulting to "public". 
    function setStatus(string status, string url) onlyOwner
    ^ (Relevant source part starts here and spans across multiple lines).
contracts/Marriage.sol:130:5: Warning: No visibility specified. Defaulting to "public". 
    function setMajorEvent(string name, string description, string url) onlyOwner areMarried
    ^ (Relevant source part starts here and spans across multiple lines).
contracts/Marriage.sol:136:5: Warning: No visibility specified. Defaulting to "public". 
    function sendMessage(string nameFrom, string text, string url) payable areMarried {
    ^ (Relevant source part starts here and spans across multiple lines).
contracts/Owned.sol:28:5: Warning: Defining constructors as functions with the same name as the contract is deprecated. Use "constructor(...) { ... }" instead.
    function Owned() {
    ^ (Relevant source part starts here and spans across multiple lines).
contracts/Owned.sol:93:5: Warning: Defining constructors as functions with the same name as the contract is deprecated. Use "constructor(...) { ... }" instead.
    function Marriage(address _owner) {
    ^ (Relevant source part starts here and spans across multiple lines).
contracts/Owned.sol:55:9: Warning: Return value of low-level calls not used.
        _dst.call.value(_value)(_data);
        ^----------------------------^
contracts/Owned.sol:88:17: Warning: "sha3" has been deprecated in favour of "keccak256"
        require(sha3(marriageStatus) == sha3("Married"));
                ^------------------^
contracts/Owned.sol:88:17: Warning: This function only accepts a single "bytes" argument. Please use "abi.encodePacked(...)" or a similar function to encode the data.
        require(sha3(marriageStatus) == sha3("Married"));
                ^------------------^
contracts/Owned.sol:88:17: Warning: The provided argument of type string storage ref is not implicitly convertible to expected type bytes memory.
        require(sha3(marriageStatus) == sha3("Married"));
                ^------------------^
contracts/Owned.sol:88:41: Warning: "sha3" has been deprecated in favour of "keccak256"
        require(sha3(marriageStatus) == sha3("Married"));
                                        ^-------------^
contracts/Owned.sol:119:9: Warning: Invoking events without "emit" prefix is deprecated.
        MajorEvent("Marrigage", vows, url);
        ^--------------------------------^
contracts/Owned.sol:133:9: Warning: Invoking events without "emit" prefix is deprecated.
        MajorEvent(name, description, url);
        ^--------------------------------^
contracts/Owned.sol:138:28: Warning: Using contract member "balance" inherited from the address type is deprecated. Convert the contract to "address" type to access the member, for example use "address(contract).balance" instead.
            owner.transfer(this.balance);
                           ^----------^
contracts/Owned.sol:141:9: Warning: Invoking events without "emit" prefix is deprecated.
        MessageSent(nameFrom, text, url, msg.value);
        ^-----------------------------------------^
contracts/Owned.sol:28:5: Warning: No visibility specified. Defaulting to "public". 
    function Owned() {
    ^ (Relevant source part starts here and spans across multiple lines).
contracts/Owned.sol:37:5: Warning: No visibility specified. Defaulting to "public". 
    function changeOwner(address _newOwner) onlyOwner {
    ^ (Relevant source part starts here and spans across multiple lines).
contracts/Owned.sol:44:5: Warning: No visibility specified. Defaulting to "public". 
    function acceptOwnership() {
    ^ (Relevant source part starts here and spans across multiple lines).
contracts/Owned.sol:53:5: Warning: No visibility specified. Defaulting to "public". 
    function execute(address _dst, uint _value, bytes _data) onlyOwner {
    ^ (Relevant source part starts here and spans across multiple lines).
contracts/Owned.sol:93:5: Warning: No visibility specified. Defaulting to "public". 
    function Marriage(address _owner) {
    ^ (Relevant source part starts here and spans across multiple lines).
contracts/Owned.sol:106:5: Warning: No visibility specified. Defaulting to "public". 
    function createMarriage(
    ^ (Relevant source part starts here and spans across multiple lines).
contracts/Owned.sol:123:5: Warning: No visibility specified. Defaulting to "public". 
    function setStatus(string status, string url) onlyOwner
    ^ (Relevant source part starts here and spans across multiple lines).
contracts/Owned.sol:130:5: Warning: No visibility specified. Defaulting to "public". 
    function setMajorEvent(string name, string description, string url) onlyOwner areMarried
    ^ (Relevant source part starts here and spans across multiple lines).
contracts/Owned.sol:136:5: Warning: No visibility specified. Defaulting to "public". 
    function sendMessage(string nameFrom, string text, string url) payable areMarried {
    ^ (Relevant source part starts here and spans across multiple lines).
assets/NormalAttacker.sol:5:3: Warning: No visibility specified. Defaulting to "public". 
  function() payable {
  ^ (Relevant source part starts here and spans across multiple lines).
assets/ReentrancyAttacker.sol:8:7: Warning: Return value of low-level calls not used.
      msg.sender.call(bytes4(255));
      ^--------------------------^
assets/ReentrancyAttacker.sol:5:3: Warning: No visibility specified. Defaulting to "public". 
  function() payable {
  ^ (Relevant source part starts here and spans across multiple lines).
>> Fuzz Marriage
** Write stats: 0.020018
** Write stats: 5.00067
** Write stats: 10.0003
** Write stats: 15.0003
** Write stats: 20.0007
** Write stats: 25.0002
** Write stats: 30.0005
** Write stats: 35.0008
** Write stats: 40.0004
** Write stats: 45.0011
** Write stats: 50.0003
** Write stats: 55.0008
** Write stats: 60.0007
** Write stats: 65.0016
** Write stats: 70.0006
** Write stats: 75.0011
** Write stats: 80.0009
** Write stats: 85.0005
** Write stats: 90.1167
** Write stats: 95.0804
** Write stats: 100
** Write stats: 105.058
** Write stats: 110.001
** Write stats: 115.001
** Write stats: 120.001
** Write stats: 125.088
** Write stats: 130.001
** Write stats: 135
** Write stats: 140.001
** Write stats: 145.001
** Write stats: 150.002
** Write stats: 155.026
** Write stats: 160.053
** Write stats: 165.047
** Write stats: 170.088
** Write stats: 175.027
** Write stats: 180.022
** Write stats: 185.115
** Write stats: 190.093
** Write stats: 195.093
** Write stats: 200.172
** Write stats: 205.02
** Write stats: 210.048
** Write stats: 215.117
** Write stats: 220.115
** Write stats: 225.102
** Write stats: 230.104
** Write stats: 235.191
** Write stats: 240.236
** Write stats: 245.024
** Write stats: 250.031
** Write stats: 255.215
** Write stats: 260.076
** Write stats: 265.046
** Write stats: 270.003
** Write stats: 275.069
** Write stats: 280.174
** Write stats: 285.114
** Write stats: 290.102
** Write stats: 295.134
** Write stats: 298.429
>> Fuzz Owned
** Write stats: 0.004339
** Write stats: 5.00025
** Write stats: 10.0153
** Write stats: 15.0001
** Write stats: 20.0003
** Write stats: 25.0222
** Write stats: 30.0001
** Write stats: 35.0068
** Write stats: 40.0001
** Write stats: 45.0002
** Write stats: 50.0141
** Write stats: 55.0002
** Write stats: 60.0001
** Write stats: 65.005
** Write stats: 70.0004
** Write stats: 75.0001
** Write stats: 80.0003
** Write stats: 85.0028
** Write stats: 90.0003
** Write stats: 95.0313
** Write stats: 100.038
** Write stats: 105
** Write stats: 110.048
** Write stats: 115.019
** Write stats: 120
** Write stats: 125
** Write stats: 130
** Write stats: 135
** Write stats: 140
** Write stats: 145.057
** Write stats: 150
** Write stats: 155
** Write stats: 160
** Write stats: 165
** Write stats: 170
** Write stats: 175
** Write stats: 180
** Write stats: 185
** Write stats: 190.009
** Write stats: 195
** Write stats: 200.009
** Write stats: 205
** Write stats: 210
** Write stats: 215
** Write stats: 220.1
** Write stats: 225
** Write stats: 230
** Write stats: 235
** Write stats: 240.046
** Write stats: 245
** Write stats: 250.06
** Write stats: 255
** Write stats: 260
** Write stats: 265
** Write stats: 270
** Write stats: 275
** Write stats: 280
** Write stats: 285
** Write stats: 290
** Write stats: 295.003
** Write stats: 298.034
