Extract contract OddsAndEvens from /sb/odds_and_evens.sol
Extracted 1 contract(s) from /sb/odds_and_evens.sol
[0;32m> Created "fuzzMe"[0m
[0;32m> To fuzz contracts:[0m
  chmod +x fuzzMe
  ./fuzzMe
contracts/OddsAndEvens.sol:21:3: Warning: Defining constructors as functions with the same name as the contract is deprecated. Use "constructor(...) { ... }" instead.
  function OddsAndEvens() {
  ^ (Relevant source part starts here and spans across multiple lines).
contracts/OddsAndEvens.sol:26:31: Warning: "throw" is deprecated in favour of "revert()", "require()" and "assert()".
    if (msg.value != 1 ether) throw;
                              ^---^
contracts/OddsAndEvens.sol:49:27: Warning: "throw" is deprecated in favour of "revert()", "require()" and "assert()".
    if(msg.sender!=owner) throw;
                          ^---^
contracts/OddsAndEvens.sol:50:32: Warning: Using contract member "balance" inherited from the address type is deprecated. Convert the contract to "address" type to access the member, for example use "address(contract).balance" instead.
    bool res = msg.sender.send(this.balance);
                               ^----------^
contracts/OddsAndEvens.sol:21:3: Warning: No visibility specified. Defaulting to "public". 
  function OddsAndEvens() {
  ^ (Relevant source part starts here and spans across multiple lines).
contracts/OddsAndEvens.sol:25:3: Warning: No visibility specified. Defaulting to "public". 
  function play(uint number) payable{
  ^ (Relevant source part starts here and spans across multiple lines).
contracts/OddsAndEvens.sol:48:3: Warning: No visibility specified. Defaulting to "public". 
  function getProfit() {
  ^ (Relevant source part starts here and spans across multiple lines).
contracts/OddsAndEvens.sol:50:5: Warning: Unused local variable.
    bool res = msg.sender.send(this.balance);
    ^------^
assets/NormalAttacker.sol:5:3: Warning: No visibility specified. Defaulting to "public". 
  function() payable {
  ^ (Relevant source part starts here and spans across multiple lines).
assets/ReentrancyAttacker.sol:8:7: Warning: Return value of low-level calls not used.
      msg.sender.call(bytes4(255));
      ^--------------------------^
assets/ReentrancyAttacker.sol:5:3: Warning: No visibility specified. Defaulting to "public". 
  function() payable {
  ^ (Relevant source part starts here and spans across multiple lines).
>> Fuzz OddsAndEvens
** Write stats: 0.002684
** Write stats: 5.0057
** Write stats: 10.0002
** Write stats: 15.0002
** Write stats: 20.0006
** Write stats: 25.0001
** Write stats: 30.0008
** Write stats: 35.0018
** Write stats: 40.0001
** Write stats: 45.0002
** Write stats: 50.0003
** Write stats: 55.0008
** Write stats: 60.0002
** Write stats: 65.0001
** Write stats: 70.0001
** Write stats: 75.0001
** Write stats: 80.0003
** Write stats: 85.0002
** Write stats: 90.0002
** Write stats: 95.4545
** Write stats: 100
** Write stats: 105
** Write stats: 110
** Write stats: 115
** Write stats: 120
** Write stats: 125
** Write stats: 130
** Write stats: 135
** Write stats: 140
** Write stats: 145.001
** Write stats: 150
** Write stats: 155
** Write stats: 160
** Write stats: 165.001
** Write stats: 170
** Write stats: 175.001
** Write stats: 180
** Write stats: 185
** Write stats: 190
** Write stats: 195
** Write stats: 200
** Write stats: 205
** Write stats: 210.001
** Write stats: 215
** Write stats: 220
** Write stats: 225
** Write stats: 230
** Write stats: 235
** Write stats: 240
** Write stats: 245
** Write stats: 250
** Write stats: 255
** Write stats: 260
** Write stats: 265
** Write stats: 270
** Write stats: 275.001
** Write stats: 280
** Write stats: 285
** Write stats: 290.001
** Write stats: 295
** Write stats: 300
** Write stats: 305
** Write stats: 310.001
** Write stats: 315.001
** Write stats: 320
** Write stats: 325
** Write stats: 330
** Write stats: 335.012
** Write stats: 340
** Write stats: 345
** Write stats: 350.001
** Write stats: 355
** Write stats: 360
** Write stats: 365
** Write stats: 370
** Write stats: 375
** Write stats: 380
** Write stats: 385
** Write stats: 390.003
** Write stats: 395
** Write stats: 400
** Write stats: 405
** Write stats: 410
** Write stats: 415
** Write stats: 420
** Write stats: 425.001
** Write stats: 430
** Write stats: 435
** Write stats: 440.001
** Write stats: 445
** Write stats: 450
** Write stats: 455
** Write stats: 460
** Write stats: 465
** Write stats: 470.014
** Write stats: 475
** Write stats: 480
** Write stats: 485
** Write stats: 490
** Write stats: 495
** Write stats: 500.003
** Write stats: 505
** Write stats: 510
** Write stats: 515
** Write stats: 520.001
** Write stats: 525
** Write stats: 530
** Write stats: 535
** Write stats: 540.001
** Write stats: 545
** Write stats: 550
** Write stats: 555.013
** Write stats: 560
** Write stats: 565.001
** Write stats: 570.001
** Write stats: 575.007
** Write stats: 580
** Write stats: 585
** Write stats: 590
** Write stats: 595
** Write stats: 598
