Extract contract ERC20 from /sb/ERC20.sol
Extract contract SafeMath from /sb/ERC20.sol
Extracted 2 contract(s) from /sb/ERC20.sol
[0;32m> Created "fuzzMe"[0m
[0;32m> To fuzz contracts:[0m
  chmod +x fuzzMe
  ./fuzzMe
contracts/ERC20.sol:86:3: Warning: No visibility specified. Defaulting to "public". 
  constructor(uint totalSupply){
  ^ (Relevant source part starts here and spans across multiple lines).
contracts/SafeMath.sol:86:3: Warning: No visibility specified. Defaulting to "public". 
  constructor(uint totalSupply){
  ^ (Relevant source part starts here and spans across multiple lines).
assets/NormalAttacker.sol:5:3: Warning: No visibility specified. Defaulting to "public". 
  function() payable {
  ^ (Relevant source part starts here and spans across multiple lines).
assets/ReentrancyAttacker.sol:8:7: Warning: Return value of low-level calls not used.
      msg.sender.call(bytes4(255));
      ^--------------------------^
assets/ReentrancyAttacker.sol:5:3: Warning: No visibility specified. Defaulting to "public". 
  function() payable {
  ^ (Relevant source part starts here and spans across multiple lines).
>> Fuzz ERC20
** Write stats: 0.009899
** Write stats: 5.00098
** Write stats: 10.0021
** Write stats: 15.0034
** Write stats: 20.0015
** Write stats: 25.0008
** Write stats: 30.0045
** Write stats: 35.0044
** Write stats: 40.0015
** Write stats: 45.0046
** Write stats: 50.0034
** Write stats: 55.0064
** Write stats: 60.0001
** Write stats: 65.008
** Write stats: 70.0072
** Write stats: 75.0049
** Write stats: 80.0034
** Write stats: 85.0001
** Write stats: 90.0001
** Write stats: 95.0015
** Write stats: 100.01
** Write stats: 105.003
** Write stats: 110.004
** Write stats: 115.003
** Write stats: 120.006
** Write stats: 125.002
** Write stats: 130.001
** Write stats: 135.011
** Write stats: 140.009
** Write stats: 145
** Write stats: 150.006
** Write stats: 155.003
** Write stats: 160.009
** Write stats: 165.004
** Write stats: 170.007
** Write stats: 175.004
** Write stats: 180.001
** Write stats: 185.004
** Write stats: 190.01
** Write stats: 195.015
** Write stats: 200.011
** Write stats: 205.012
** Write stats: 210.004
** Write stats: 215.005
** Write stats: 220.006
** Write stats: 225.002
** Write stats: 230.006
** Write stats: 235.011
** Write stats: 240.007
** Write stats: 245.001
** Write stats: 250.013
** Write stats: 255.013
** Write stats: 260.005
** Write stats: 265.009
** Write stats: 270.011
** Write stats: 275
** Write stats: 280.013
** Write stats: 285.003
** Write stats: 290.003
** Write stats: 295.016
** Write stats: 298.032
>> Fuzz SafeMath
** Write stats: 0.003426
** Write stats: 5.00442
** Write stats: 10.0001
** Write stats: 15.0001
** Write stats: 20.0001
** Write stats: 25.0001
** Write stats: 30.0001
** Write stats: 35.0001
** Write stats: 40.0001
** Write stats: 45.0001
** Write stats: 50.0001
** Write stats: 55
** Write stats: 60.0001
** Write stats: 65.0001
** Write stats: 70
** Write stats: 75
** Write stats: 80.0001
** Write stats: 85.0001
** Write stats: 90.0001
** Write stats: 95.0001
** Write stats: 100
** Write stats: 105
** Write stats: 110
** Write stats: 115
** Write stats: 120
** Write stats: 125
** Write stats: 130
** Write stats: 135
** Write stats: 140
** Write stats: 145
** Write stats: 150
** Write stats: 155
** Write stats: 160
** Write stats: 165
** Write stats: 170
** Write stats: 175
** Write stats: 180
** Write stats: 185
** Write stats: 190
** Write stats: 195
** Write stats: 200
** Write stats: 205
** Write stats: 210
** Write stats: 215
** Write stats: 220
** Write stats: 225
** Write stats: 230
** Write stats: 235
** Write stats: 240
** Write stats: 245
** Write stats: 250
** Write stats: 255
** Write stats: 260
** Write stats: 265
** Write stats: 270
** Write stats: 275
** Write stats: 280
** Write stats: 285
** Write stats: 290
** Write stats: 295
** Write stats: 298
