Extract contract Proxy from /sb/0xbebbfe5b549f5db6e6c78ca97cac19d1fb03082c.sol
Extract contract VaultProxy from /sb/0xbebbfe5b549f5db6e6c78ca97cac19d1fb03082c.sol
Extracted 2 contract(s) from /sb/0xbebbfe5b549f5db6e6c78ca97cac19d1fb03082c.sol
[0;32m> Created "fuzzMe"[0m
[0;32m> To fuzz contracts:[0m
  chmod +x fuzzMe
  ./fuzzMe
contracts/VaultProxy.sol:14:9: Warning: Return value of low-level calls not used.
        target.call.value(msg.value)(data);
        ^--------------------------------^
contracts/Proxy.sol:14:9: Warning: Return value of low-level calls not used.
        target.call.value(msg.value)(data);
        ^--------------------------------^
assets/NormalAttacker.sol:5:3: Warning: No visibility specified. Defaulting to "public". 
  function() payable {
  ^ (Relevant source part starts here and spans across multiple lines).
assets/ReentrancyAttacker.sol:8:7: Warning: Return value of low-level calls not used.
      msg.sender.call(bytes4(255));
      ^--------------------------^
assets/ReentrancyAttacker.sol:5:3: Warning: No visibility specified. Defaulting to "public". 
  function() payable {
  ^ (Relevant source part starts here and spans across multiple lines).
>> Fuzz VaultProxy
** Write stats: 0.004877
** Write stats: 5.00025
** Write stats: 10.003
** Write stats: 15.0017
** Write stats: 20.0008
** Write stats: 25.0005
** Write stats: 30.0007
** Write stats: 35.0022
** Write stats: 40.0039
** Write stats: 45.0079
** Write stats: 50.005
** Write stats: 55.0079
** Write stats: 60.0087
** Write stats: 65.0007
** Write stats: 70.0037
** Write stats: 75.0029
** Write stats: 80.0036
** Write stats: 85.0003
** Write stats: 90.0009
** Write stats: 95.0047
** Write stats: 100.008
** Write stats: 105.004
** Write stats: 110.001
** Write stats: 115.005
** Write stats: 120.004
** Write stats: 125.005
** Write stats: 130.006
** Write stats: 135.007
** Write stats: 140.011
** Write stats: 145.001
** Write stats: 150.008
** Write stats: 155.005
** Write stats: 160.006
** Write stats: 165.012
** Write stats: 170.009
** Write stats: 175.009
** Write stats: 180.013
** Write stats: 185.003
** Write stats: 190.009
** Write stats: 195.001
** Write stats: 200.013
** Write stats: 205.003
** Write stats: 210.008
** Write stats: 215.007
** Write stats: 220.003
** Write stats: 225.014
** Write stats: 230.005
** Write stats: 235.005
** Write stats: 240.015
** Write stats: 245.005
** Write stats: 250.001
** Write stats: 255.011
** Write stats: 260.011
** Write stats: 265.009
** Write stats: 270.01
** Write stats: 275.009
** Write stats: 280.001
** Write stats: 285.013
** Write stats: 290.012
** Write stats: 295.007
** Write stats: 298.019
>> Fuzz Proxy
** Write stats: 0.006369
** Write stats: 5.01391
** Write stats: 10.0005
** Write stats: 15.0001
** Write stats: 20.0002
** Write stats: 25.0002
** Write stats: 30.0001
** Write stats: 35.0001
** Write stats: 40.0675
** Write stats: 45.0003
** Write stats: 50.0004
** Write stats: 55.0366
** Write stats: 60.0003
** Write stats: 65.0002
** Write stats: 70.0003
** Write stats: 75.0003
** Write stats: 80.0103
** Write stats: 85.0001
** Write stats: 90.0003
** Write stats: 95.0002
** Write stats: 100
** Write stats: 105
** Write stats: 110
** Write stats: 115
** Write stats: 120.008
** Write stats: 125
** Write stats: 130.05
** Write stats: 135
** Write stats: 140
** Write stats: 145.015
** Write stats: 150
** Write stats: 155
** Write stats: 160
** Write stats: 165
** Write stats: 170.072
** Write stats: 175
** Write stats: 180
** Write stats: 185.044
** Write stats: 190.215
** Write stats: 195
** Write stats: 200
** Write stats: 205
** Write stats: 210
** Write stats: 215.103
** Write stats: 220
** Write stats: 225
** Write stats: 230
** Write stats: 235
** Write stats: 240
** Write stats: 245.001
** Write stats: 250
** Write stats: 255
** Write stats: 260.084
** Write stats: 265
** Write stats: 270.013
** Write stats: 275
** Write stats: 280
** Write stats: 285.002
** Write stats: 290.057
** Write stats: 295
** Write stats: 298.001
