Extract contract Lottery from /sb/lottery.sol
Extracted 1 contract(s) from /sb/lottery.sol
[0;32m> Created "fuzzMe"[0m
[0;32m> To fuzz contracts:[0m
  chmod +x fuzzMe
  ./fuzzMe
contracts/Lottery.sol:24:6: Warning: Defining constructors as functions with the same name as the contract is deprecated. Use "constructor(...) { ... }" instead.
     function Lottery() {
     ^ (Relevant source part starts here and spans across multiple lines).
contracts/Lottery.sol:30:10: Warning: "throw" is deprecated in favour of "revert()", "require()" and "assert()".
         throw;
         ^---^
contracts/Lottery.sol:48:18: Warning: "throw" is deprecated in favour of "revert()", "require()" and "assert()".
                 throw;
                 ^---^
contracts/Lottery.sol:55:40: Warning: "throw" is deprecated in favour of "revert()", "require()" and "assert()".
         if(msg.sender != organizer) { throw; }
                                       ^---^
contracts/Lottery.sol:64:40: Warning: "throw" is deprecated in favour of "revert()", "require()" and "assert()".
         if(msg.sender != organizer) { throw; }
                                       ^---^
contracts/Lottery.sol:58:14: Warning: Invoking events without "emit" prefix is deprecated.
             GetBet(bets[i].betAmount, bets[i].blockNumber, bets[i].won);
             ^---------------------------------------------------------^
contracts/Lottery.sol:66:10: Warning: "suicide" has been deprecated in favour of "selfdestruct"
         suicide(organizer);
         ^----------------^
contracts/Lottery.sol:24:6: Warning: No visibility specified. Defaulting to "public". 
     function Lottery() {
     ^ (Relevant source part starts here and spans across multiple lines).
contracts/Lottery.sol:29:6: Warning: No visibility specified. Defaulting to "public". 
     function() {
     ^ (Relevant source part starts here and spans across multiple lines).
contracts/Lottery.sol:34:6: Warning: No visibility specified. Defaulting to "public". 
     function makeBet() {
     ^ (Relevant source part starts here and spans across multiple lines).
contracts/Lottery.sol:42:24: Warning: "msg.value" used in non-payable function. Do you want to add the "payable" modifier to this function?
         bets.push(Bet(msg.value, block.number, won));
                       ^-------^
contracts/Lottery.sol:46:34: Warning: "msg.value" used in non-payable function. Do you want to add the "payable" modifier to this function?
             if(!msg.sender.send(msg.value)) {
                                 ^-------^
contracts/Lottery.sol:54:6: Warning: No visibility specified. Defaulting to "public". 
     function getBets() {
     ^ (Relevant source part starts here and spans across multiple lines).
contracts/Lottery.sol:63:6: Warning: No visibility specified. Defaulting to "public". 
     function destroy() {
     ^ (Relevant source part starts here and spans across multiple lines).
assets/NormalAttacker.sol:5:3: Warning: No visibility specified. Defaulting to "public". 
  function() payable {
  ^ (Relevant source part starts here and spans across multiple lines).
assets/ReentrancyAttacker.sol:8:7: Warning: Return value of low-level calls not used.
      msg.sender.call(bytes4(255));
      ^--------------------------^
assets/ReentrancyAttacker.sol:5:3: Warning: No visibility specified. Defaulting to "public". 
  function() payable {
  ^ (Relevant source part starts here and spans across multiple lines).
>> Fuzz Lottery
** Write stats: 0.002073
** Write stats: 5.0001
** Write stats: 10.0002
** Write stats: 15.0001
** Write stats: 20.0002
** Write stats: 25.0001
** Write stats: 30.0029
** Write stats: 35.0001
** Write stats: 40.0001
** Write stats: 45.0002
** Write stats: 50.0013
** Write stats: 55.0374
** Write stats: 60.0241
** Write stats: 65.0251
** Write stats: 70.0535
** Write stats: 75.1186
** Write stats: 85.0967
** Write stats: 90.1032
** Write stats: 95.1557
** Write stats: 100.164
** Write stats: 105.087
** Write stats: 110.143
** Write stats: 115.064
** Write stats: 120.04
** Write stats: 125.035
** Write stats: 130.145
** Write stats: 135.171
** Write stats: 140.193
** Write stats: 145.136
** Write stats: 150.278
** Write stats: 155.247
** Write stats: 160.033
** Write stats: 165.029
** Write stats: 170.26
** Write stats: 175.077
** Write stats: 180.025
** Write stats: 185.076
** Write stats: 190.223
** Write stats: 195.18
** Write stats: 200.25
** Write stats: 205.068
** Write stats: 210.341
** Write stats: 215.344
** Write stats: 220.298
** Write stats: 265.407
** Write stats: 270.144
** Write stats: 275.326
** Write stats: 280.121
** Write stats: 285.444
** Write stats: 290.021
** Write stats: 295.048
** Write stats: 300.085
** Write stats: 305.211
** Write stats: 310.462
** Write stats: 315.282
** Write stats: 320.208
** Write stats: 325.142
** Write stats: 330.119
** Write stats: 335.277
** Write stats: 340.411
** Write stats: 345.021
** Write stats: 350.17
** Write stats: 355.296
** Write stats: 360.124
** Write stats: 365.456
** Write stats: 370.26
** Write stats: 375.126
** Write stats: 380.029
** Write stats: 385.491
** Write stats: 390.007
** Write stats: 395.14
** Write stats: 400.389
** Write stats: 405.087
** Write stats: 410.391
** Write stats: 415.157
** Write stats: 420.608
** Write stats: 425.469
** Write stats: 430.303
** Write stats: 435.267
** Write stats: 440.212
** Write stats: 445.154
** Write stats: 450.13
** Write stats: 455.165
** Write stats: 460.231
** Write stats: 465.399
** Write stats: 470.105
** Write stats: 475.508
** Write stats: 480.668
** Write stats: 485.692
** Write stats: 490.66
** Write stats: 495.412
** Write stats: 500.087
** Write stats: 505.45
** Write stats: 510.084
** Write stats: 515.503
** Write stats: 520.423
** Write stats: 525.469
** Write stats: 530.665
** Write stats: 535.049
** Write stats: 540.487
** Write stats: 545.434
** Write stats: 550.412
