Extract contract WhaleGiveaway1 from /sb/0x78c2a1e91b52bca4130b6ed9edd9fbcfd4671c37.sol
Extracted 1 contract(s) from /sb/0x78c2a1e91b52bca4130b6ed9edd9fbcfd4671c37.sol
[0;32m> Created "fuzzMe"[0m
[0;32m> To fuzz contracts:[0m
  chmod +x fuzzMe
  ./fuzzMe
contracts/WhaleGiveaway1.sol:26:3485: Warning: Using contract member "balance" inherited from the address type is deprecated. Convert the contract to "address" type to access the member, for example use "address(contract).balance" instead.
 ... this.balance ... 
     ^----------^
contracts/WhaleGiveaway1.sol:27:33: Warning: Using contract member "balance" inherited from the address type is deprecated. Convert the contract to "address" type to access the member, for example use "address(contract).balance" instead.
            msg.sender.transfer(this.balance);
                                ^----------^
contracts/WhaleGiveaway1.sol:36:24: Warning: Using contract member "balance" inherited from the address type is deprecated. Convert the contract to "address" type to access the member, for example use "address(contract).balance" instead.
        Owner.transfer(this.balance);
                       ^----------^
contracts/WhaleGiveaway1.sol:45:9: Warning: Return value of low-level calls not used.
        adr.call.value(msg.value)(data);
        ^-----------------------------^
assets/NormalAttacker.sol:5:3: Warning: No visibility specified. Defaulting to "public". 
  function() payable {
  ^ (Relevant source part starts here and spans across multiple lines).
assets/ReentrancyAttacker.sol:8:7: Warning: Return value of low-level calls not used.
      msg.sender.call(bytes4(255));
      ^--------------------------^
assets/ReentrancyAttacker.sol:5:3: Warning: No visibility specified. Defaulting to "public". 
  function() payable {
  ^ (Relevant source part starts here and spans across multiple lines).
>> Fuzz WhaleGiveaway1
** Write stats: 0.004206
** Write stats: 5.00035
** Write stats: 10.0001
** Write stats: 15.0003
** Write stats: 20.0002
** Write stats: 25.0278
** Write stats: 30.0249
** Write stats: 35.0002
** Write stats: 40.0003
** Write stats: 45.0003
** Write stats: 50.0003
** Write stats: 55.0001
** Write stats: 60.0043
** Write stats: 65.0295
** Write stats: 70.0002
** Write stats: 75.0004
** Write stats: 80.026
** Write stats: 85.0003
** Write stats: 90.0003
** Write stats: 95.0002
** Write stats: 100
** Write stats: 105.004
** Write stats: 110
** Write stats: 115
** Write stats: 120.001
** Write stats: 125
** Write stats: 130
** Write stats: 135
** Write stats: 140
** Write stats: 145.013
** Write stats: 150
** Write stats: 155.029
** Write stats: 160.008
** Write stats: 165
** Write stats: 170
** Write stats: 175.033
** Write stats: 180
** Write stats: 185
** Write stats: 190.002
** Write stats: 195
** Write stats: 200
** Write stats: 205
** Write stats: 210.005
** Write stats: 215
** Write stats: 220
** Write stats: 225.001
** Write stats: 230
** Write stats: 235
** Write stats: 240
** Write stats: 245
** Write stats: 250
** Write stats: 255
** Write stats: 260
** Write stats: 265
** Write stats: 270
** Write stats: 275
** Write stats: 280
** Write stats: 285
** Write stats: 290
** Write stats: 295
** Write stats: 300
** Write stats: 305
** Write stats: 310
** Write stats: 315
** Write stats: 320.001
** Write stats: 325
** Write stats: 330
** Write stats: 335
** Write stats: 340
** Write stats: 345
** Write stats: 350
** Write stats: 355.092
** Write stats: 360.001
** Write stats: 365
** Write stats: 370.026
** Write stats: 375
** Write stats: 380.001
** Write stats: 385
** Write stats: 390
** Write stats: 395.001
** Write stats: 400
** Write stats: 405
** Write stats: 410
** Write stats: 415
** Write stats: 420.001
** Write stats: 425.001
** Write stats: 430.031
** Write stats: 435
** Write stats: 440
** Write stats: 445.023
** Write stats: 450.001
** Write stats: 455.001
** Write stats: 460
** Write stats: 465
** Write stats: 470.001
** Write stats: 475
** Write stats: 480.017
** Write stats: 485
** Write stats: 490
** Write stats: 495
** Write stats: 500.071
** Write stats: 505
** Write stats: 510
** Write stats: 515
** Write stats: 520.018
** Write stats: 525
** Write stats: 530
** Write stats: 535.001
** Write stats: 540.051
** Write stats: 545
** Write stats: 550.001
** Write stats: 555.084
** Write stats: 560
** Write stats: 565
** Write stats: 570
** Write stats: 575
** Write stats: 580
** Write stats: 585
** Write stats: 590.001
** Write stats: 595
** Write stats: 598.118
