Extract contract PoCGame from /sb/0x07f7ecb66d788ab01dc93b9b71a88401de7d0f2e.sol
Extracted 1 contract(s) from /sb/0x07f7ecb66d788ab01dc93b9b71a88401de7d0f2e.sol
[0;32m> Created "fuzzMe"[0m
[0;32m> To fuzz contracts:[0m
  chmod +x fuzzMe
  ./fuzzMe
contracts/PoCGame.sol:201:9: Warning: Return value of low-level calls not used.
        whale.call.value(amount)(bytes4(keccak256("donate()")));
        ^-----------------------------------------------------^
contracts/PoCGame.sol:213:9: Warning: Return value of low-level calls not used.
        whale.call.value(amount)(bytes4(keccak256("donate()")));
        ^-----------------------------------------------------^
assets/NormalAttacker.sol:5:3: Warning: No visibility specified. Defaulting to "public". 
  function() payable {
  ^ (Relevant source part starts here and spans across multiple lines).
assets/ReentrancyAttacker.sol:8:7: Warning: Return value of low-level calls not used.
      msg.sender.call(bytes4(255));
      ^--------------------------^
assets/ReentrancyAttacker.sol:5:3: Warning: No visibility specified. Defaulting to "public". 
  function() payable {
  ^ (Relevant source part starts here and spans across multiple lines).
>> Fuzz PoCGame
** Write stats: 0.009007
** Write stats: 5.00066
** Write stats: 10.0004
** Write stats: 15.0003
** Write stats: 20.0004
** Write stats: 25.0004
** Write stats: 30.0005
** Write stats: 35.0009
** Write stats: 40.0001
** Write stats: 45.0003
** Write stats: 50.0008
** Write stats: 55.0007
** Write stats: 60.0003
** Write stats: 65.0008
** Write stats: 70.0004
** Write stats: 75.0007
** Write stats: 80.0257
** Write stats: 85.0002
** Write stats: 90.0008
** Write stats: 95.0344
** Write stats: 100
** Write stats: 105
** Write stats: 110
** Write stats: 115
** Write stats: 120.001
** Write stats: 125.001
** Write stats: 130
** Write stats: 135.001
** Write stats: 140
** Write stats: 145
** Write stats: 150.001
** Write stats: 155
** Write stats: 160
** Write stats: 165
** Write stats: 170.001
** Write stats: 175
** Write stats: 180.001
** Write stats: 185.001
** Write stats: 190.001
** Write stats: 195.001
** Write stats: 200
** Write stats: 205
** Write stats: 210.03
** Write stats: 215
** Write stats: 220.001
** Write stats: 225.038
** Write stats: 230
** Write stats: 235
** Write stats: 240.001
** Write stats: 245
** Write stats: 250.001
** Write stats: 255.001
** Write stats: 260.001
** Write stats: 265
** Write stats: 270.019
** Write stats: 275
** Write stats: 280.001
** Write stats: 285.001
** Write stats: 290.031
** Write stats: 295
** Write stats: 300.006
** Write stats: 305
** Write stats: 310
** Write stats: 315.001
** Write stats: 320
** Write stats: 325
** Write stats: 330.022
** Write stats: 335.001
** Write stats: 340.001
** Write stats: 345
** Write stats: 350
** Write stats: 355
** Write stats: 360.001
** Write stats: 365
** Write stats: 370.001
** Write stats: 375
** Write stats: 380
** Write stats: 385.001
** Write stats: 390.001
** Write stats: 395
** Write stats: 400.001
** Write stats: 405
** Write stats: 410
** Write stats: 415
** Write stats: 420
** Write stats: 425
** Write stats: 430
** Write stats: 435.001
** Write stats: 440.001
** Write stats: 445.001
** Write stats: 450.001
** Write stats: 455
** Write stats: 460.058
** Write stats: 465
** Write stats: 470.001
** Write stats: 475.001
** Write stats: 480.001
** Write stats: 485.001
** Write stats: 490.061
** Write stats: 495.001
** Write stats: 500
** Write stats: 505.001
** Write stats: 510.001
** Write stats: 515.001
** Write stats: 520
** Write stats: 525
** Write stats: 530.001
** Write stats: 535.001
** Write stats: 540
** Write stats: 545.001
** Write stats: 550.001
** Write stats: 555
** Write stats: 560
** Write stats: 565
** Write stats: 570.001
** Write stats: 575.001
** Write stats: 580
** Write stats: 585.001
** Write stats: 590
** Write stats: 595.001
** Write stats: 598.011
