Extract contract lottopollo from /sb/lottopollo.sol
Extracted 1 contract(s) from /sb/lottopollo.sol
[0;32m> Created "fuzzMe"[0m
[0;32m> To fuzz contracts:[0m
  chmod +x fuzzMe
  ./fuzzMe
contracts/lottopollo.sol:14:7: Warning: Failure condition of 'send' ignored. Consider using 'transfer' instead.
      msg.sender.send( msg.value );
      ^--------------------------^
contracts/lottopollo.sol:16:12: Warning: Using contract member "balance" inherited from the address type is deprecated. Convert the contract to "address" type to access the member, for example use "address(contract).balance" instead.
      if ( this.balance > 0 ) {
           ^----------^
contracts/lottopollo.sol:17:22: Warning: Using contract member "balance" inherited from the address type is deprecated. Convert the contract to "address" type to access the member, for example use "address(contract).balance" instead.
        leader.send( this.balance );
                     ^----------^
contracts/lottopollo.sol:17:9: Warning: Failure condition of 'send' ignored. Consider using 'transfer' instead.
        leader.send( this.balance );
        ^-------------------------^
contracts/lottopollo.sol:25:3: Warning: No visibility specified. Defaulting to "public". 
  function randomGen() constant returns (uint randomNumber) {
  ^ (Relevant source part starts here and spans across multiple lines).
contracts/lottopollo.sol:29:3: Warning: No visibility specified. Defaulting to "public". 
  function draw(uint seed){
  ^ (Relevant source part starts here and spans across multiple lines).
contracts/lottopollo.sol:29:17: Warning: Unused function parameter. Remove or comment out the variable name to silence this warning.
  function draw(uint seed){
                ^-------^
assets/NormalAttacker.sol:5:3: Warning: No visibility specified. Defaulting to "public". 
  function() payable {
  ^ (Relevant source part starts here and spans across multiple lines).
assets/ReentrancyAttacker.sol:8:7: Warning: Return value of low-level calls not used.
      msg.sender.call(bytes4(255));
      ^--------------------------^
assets/ReentrancyAttacker.sol:5:3: Warning: No visibility specified. Defaulting to "public". 
  function() payable {
  ^ (Relevant source part starts here and spans across multiple lines).
>> Fuzz lottopollo
** Write stats: 0.003373
** Write stats: 5.00633
** Write stats: 10.0005
** Write stats: 15.0001
** Write stats: 20.0001
** Write stats: 25.0002
** Write stats: 30.0001
** Write stats: 35.0001
** Write stats: 40.0001
** Write stats: 45.0001
** Write stats: 50.0001
** Write stats: 55.0001
** Write stats: 60.0053
** Write stats: 65.0001
** Write stats: 70.0003
** Write stats: 75.0001
** Write stats: 80.0002
** Write stats: 85.1007
** Write stats: 90.0032
** Write stats: 95.0001
** Write stats: 100.001
** Write stats: 105
** Write stats: 110
** Write stats: 115
** Write stats: 120
** Write stats: 125.011
** Write stats: 130.006
** Write stats: 135
** Write stats: 140.003
** Write stats: 145
** Write stats: 150
** Write stats: 155.001
** Write stats: 160
** Write stats: 165
** Write stats: 170
** Write stats: 175
** Write stats: 180
** Write stats: 185.001
** Write stats: 190
** Write stats: 195
** Write stats: 200
** Write stats: 205
** Write stats: 210.001
** Write stats: 215
** Write stats: 220
** Write stats: 225
** Write stats: 230
** Write stats: 235
** Write stats: 240.001
** Write stats: 245.009
** Write stats: 250.001
** Write stats: 255
** Write stats: 260
** Write stats: 265.013
** Write stats: 270.012
** Write stats: 275
** Write stats: 280.013
** Write stats: 285
** Write stats: 290
** Write stats: 295.001
** Write stats: 300.001
** Write stats: 305
** Write stats: 310.001
** Write stats: 315.001
** Write stats: 320
** Write stats: 325.001
** Write stats: 330.001
** Write stats: 335
** Write stats: 340
** Write stats: 345.018
** Write stats: 350
** Write stats: 355.001
** Write stats: 360
** Write stats: 365
** Write stats: 370.001
** Write stats: 375
** Write stats: 380
** Write stats: 385
** Write stats: 390.381
** Write stats: 395
** Write stats: 400
** Write stats: 405
** Write stats: 410
** Write stats: 415
** Write stats: 420
** Write stats: 425.009
** Write stats: 430
** Write stats: 435
** Write stats: 440
** Write stats: 445
** Write stats: 450
** Write stats: 455
** Write stats: 460
** Write stats: 465
** Write stats: 470
** Write stats: 475.003
** Write stats: 480
** Write stats: 485.001
** Write stats: 490
** Write stats: 495.003
** Write stats: 500
** Write stats: 505.003
** Write stats: 510.001
** Write stats: 515
** Write stats: 520.002
** Write stats: 525.001
** Write stats: 530
** Write stats: 535
** Write stats: 540.008
** Write stats: 545.001
** Write stats: 550.001
** Write stats: 555
** Write stats: 560
** Write stats: 565
** Write stats: 570
** Write stats: 575.005
** Write stats: 580
** Write stats: 585
** Write stats: 590
** Write stats: 595.008
** Write stats: 598.02
