Extract contract CryptoRoulette from /sb/crypto_roulette.sol
Extracted 1 contract(s) from /sb/crypto_roulette.sol
[0;32m> Created "fuzzMe"[0m
[0;32m> To fuzz contracts:[0m
  chmod +x fuzzMe
  ./fuzzMe
contracts/CryptoRoulette.sol:27:5: Warning: Defining constructors as functions with the same name as the contract is deprecated. Use "constructor(...) { ... }" instead.
    function CryptoRoulette() public {
    ^ (Relevant source part starts here and spans across multiple lines).
contracts/CryptoRoulette.sol:40:9: Warning: Variable is declared as a storage pointer. Use an explicit "storage" keyword to silence this warning.
        Game game; //Uninitialized storage pointer
        ^-------^
contracts/CryptoRoulette.sol:34:30: Warning: "sha3" has been deprecated in favour of "keccak256"
        secretNumber = uint8(sha3(now, block.blockhash(block.number-1))) % 20 + 1;
                             ^----------------------------------------^
contracts/CryptoRoulette.sol:34:30: Warning: This function only accepts a single "bytes" argument. Please use "abi.encodePacked(...)" or a similar function to encode the data.
        secretNumber = uint8(sha3(now, block.blockhash(block.number-1))) % 20 + 1;
                             ^----------------------------------------^
contracts/CryptoRoulette.sol:40:9: Warning: Uninitialized storage pointer. Did you mean '<type> memory game'?
        Game game; //Uninitialized storage pointer
        ^-------^
contracts/CryptoRoulette.sol:47:33: Warning: Using contract member "balance" inherited from the address type is deprecated. Convert the contract to "address" type to access the member, for example use "address(contract).balance" instead.
            msg.sender.transfer(this.balance);
                                ^----------^
contracts/CryptoRoulette.sol:56:13: Warning: "suicide" has been deprecated in favour of "selfdestruct"
            suicide(msg.sender);
            ^-----------------^
contracts/CryptoRoulette.sol:34:40: Warning: "block.blockhash()" has been deprecated in favor of "blockhash()"
        secretNumber = uint8(sha3(now, block.blockhash(block.number-1))) % 20 + 1;
                                       ^-------------^
assets/NormalAttacker.sol:5:3: Warning: No visibility specified. Defaulting to "public". 
  function() payable {
  ^ (Relevant source part starts here and spans across multiple lines).
assets/ReentrancyAttacker.sol:8:7: Warning: Return value of low-level calls not used.
      msg.sender.call(bytes4(255));
      ^--------------------------^
assets/ReentrancyAttacker.sol:5:3: Warning: No visibility specified. Defaulting to "public". 
  function() payable {
  ^ (Relevant source part starts here and spans across multiple lines).
>> Fuzz CryptoRoulette
** Write stats: 0.004326
** Write stats: 5.01077
** Write stats: 10.0078
** Write stats: 15.0034
** Write stats: 20.0091
** Write stats: 25.0078
** Write stats: 30.0171
** Write stats: 35.0159
** Write stats: 40.023
** Write stats: 45.0029
** Write stats: 50.0086
** Write stats: 55.0043
** Write stats: 60.0094
** Write stats: 65.02
** Write stats: 70.031
** Write stats: 75.0043
** Write stats: 80.0019
** Write stats: 85.0011
** Write stats: 90.0015
** Write stats: 95.008
** Write stats: 100.015
** Write stats: 105.01
** Write stats: 110.001
** Write stats: 115.01
** Write stats: 120.024
** Write stats: 125.001
** Write stats: 130.023
** Write stats: 135.02
** Write stats: 140.032
** Write stats: 145.047
** Write stats: 150.015
** Write stats: 155.013
** Write stats: 160.018
** Write stats: 165.003
** Write stats: 170.002
** Write stats: 175.002
** Write stats: 180.003
** Write stats: 185.015
** Write stats: 190.012
** Write stats: 195.022
** Write stats: 200.007
** Write stats: 205.015
** Write stats: 210.035
** Write stats: 215.005
** Write stats: 220.029
** Write stats: 225.009
** Write stats: 230.003
** Write stats: 235.005
** Write stats: 240.048
** Write stats: 245.006
** Write stats: 250.052
** Write stats: 255.031
** Write stats: 260.006
** Write stats: 265.038
** Write stats: 270.046
** Write stats: 275.038
** Write stats: 280.051
** Write stats: 285.024
** Write stats: 290.026
** Write stats: 295.002
** Write stats: 300.003
** Write stats: 305.004
** Write stats: 310.004
** Write stats: 315.001
** Write stats: 320.005
** Write stats: 325.005
** Write stats: 330.004
** Write stats: 335.002
** Write stats: 340.009
** Write stats: 345.002
** Write stats: 350.005
** Write stats: 355.005
** Write stats: 360.006
** Write stats: 365.004
** Write stats: 370.002
** Write stats: 375.014
** Write stats: 380.012
** Write stats: 385.003
** Write stats: 390.012
** Write stats: 395.004
** Write stats: 400.009
** Write stats: 405.013
** Write stats: 410.03
** Write stats: 415.006
** Write stats: 420.016
** Write stats: 425.01
** Write stats: 430.004
** Write stats: 435.004
** Write stats: 440.006
** Write stats: 445.001
** Write stats: 450.014
** Write stats: 455.004
** Write stats: 460.024
** Write stats: 465.041
** Write stats: 470.021
** Write stats: 475.002
** Write stats: 480.002
** Write stats: 485
** Write stats: 490.005
** Write stats: 495.001
** Write stats: 500.004
** Write stats: 505.004
** Write stats: 510.015
** Write stats: 515.008
** Write stats: 520.003
** Write stats: 525.011
** Write stats: 530.018
** Write stats: 535.004
** Write stats: 540.026
** Write stats: 545.029
** Write stats: 550.02
** Write stats: 555.008
** Write stats: 560.006
** Write stats: 565.009
** Write stats: 570.001
** Write stats: 575.011
** Write stats: 580.016
** Write stats: 585.002
** Write stats: 590.001
** Write stats: 595.009
** Write stats: 598.028
