Extract contract PredictTheBlockHashChallenge from /sb/old_blockhash.sol
Extracted 1 contract(s) from /sb/old_blockhash.sol
[0;32m> Created "fuzzMe"[0m
[0;32m> To fuzz contracts:[0m
  chmod +x fuzzMe
  ./fuzzMe
assets/NormalAttacker.sol:5:3: Warning: No visibility specified. Defaulting to "public". 
  function() payable {
  ^ (Relevant source part starts here and spans across multiple lines).
assets/ReentrancyAttacker.sol:8:7: Warning: Return value of low-level calls not used.
      msg.sender.call(bytes4(255));
      ^--------------------------^
assets/ReentrancyAttacker.sol:5:3: Warning: No visibility specified. Defaulting to "public". 
  function() payable {
  ^ (Relevant source part starts here and spans across multiple lines).
>> Fuzz PredictTheBlockHashChallenge
** Write stats: 0.002935
** Write stats: 5.00112
** Write stats: 10.0015
** Write stats: 15.002
** Write stats: 20.0032
** Write stats: 25.0032
** Write stats: 30.0042
** Write stats: 35.002
** Write stats: 40.0031
** Write stats: 45.0023
** Write stats: 50.0007
** Write stats: 55.0039
** Write stats: 60.0022
** Write stats: 65.0015
** Write stats: 70.0056
** Write stats: 75.0028
** Write stats: 80.0068
** Write stats: 85.0005
** Write stats: 90.001
** Write stats: 95.007
** Write stats: 100.005
** Write stats: 105.008
** Write stats: 110.007
** Write stats: 115.001
** Write stats: 120.003
** Write stats: 125
** Write stats: 130.008
** Write stats: 135.006
** Write stats: 140.002
** Write stats: 145.009
** Write stats: 150.001
** Write stats: 155.002
** Write stats: 160.007
** Write stats: 165.009
** Write stats: 170.007
** Write stats: 175.008
** Write stats: 180.001
** Write stats: 185.007
** Write stats: 190.005
** Write stats: 195.012
** Write stats: 200.011
** Write stats: 205.009
** Write stats: 210.007
** Write stats: 215.011
** Write stats: 220.008
** Write stats: 225.011
** Write stats: 230.003
** Write stats: 235.01
** Write stats: 240.004
** Write stats: 245.008
** Write stats: 250.004
** Write stats: 255.008
** Write stats: 260.011
** Write stats: 265.009
** Write stats: 270.003
** Write stats: 275.011
** Write stats: 280.007
** Write stats: 285.004
** Write stats: 290.003
** Write stats: 295.004
** Write stats: 300.011
** Write stats: 305.007
** Write stats: 310.009
** Write stats: 315.013
** Write stats: 320.007
** Write stats: 325.006
** Write stats: 330.003
** Write stats: 335.013
** Write stats: 340
** Write stats: 345.007
** Write stats: 350.001
** Write stats: 355.011
** Write stats: 360.004
** Write stats: 365.009
** Write stats: 370.015
** Write stats: 375.002
** Write stats: 380.008
** Write stats: 385.015
** Write stats: 390.001
** Write stats: 395.005
** Write stats: 400.013
** Write stats: 405.001
** Write stats: 410.001
** Write stats: 415.004
** Write stats: 420.016
** Write stats: 425.001
** Write stats: 430.001
** Write stats: 435.013
** Write stats: 440.011
** Write stats: 445.003
** Write stats: 450.014
** Write stats: 455.014
** Write stats: 460.004
** Write stats: 465.012
** Write stats: 470.005
** Write stats: 475.003
** Write stats: 480.004
** Write stats: 485.008
** Write stats: 490.014
** Write stats: 495.007
** Write stats: 500.014
** Write stats: 505.009
** Write stats: 510.004
** Write stats: 515.003
** Write stats: 520.012
** Write stats: 525.037
** Write stats: 530.032
** Write stats: 535.028
** Write stats: 540.023
** Write stats: 545.03
** Write stats: 550.034
** Write stats: 555.001
** Write stats: 560.015
** Write stats: 565.024
** Write stats: 570.011
** Write stats: 575.044
** Write stats: 580.031
** Write stats: 585.018
** Write stats: 590.01
** Write stats: 595.047
** Write stats: 598.021
