Extract contract ETH_VAULT from /sb/0x8c7777c45481dba411450c228cb692ac3d550344.sol
Extract contract Log from /sb/0x8c7777c45481dba411450c228cb692ac3d550344.sol
Extracted 2 contract(s) from /sb/0x8c7777c45481dba411450c228cb692ac3d550344.sol
[0;32m> Created "fuzzMe"[0m
[0;32m> To fuzz contracts:[0m
  chmod +x fuzzMe
  ./fuzzMe
contracts/ETH_VAULT.sol:17:5: Warning: Defining constructors as functions with the same name as the contract is deprecated. Use "constructor(...) { ... }" instead.
    function ETH_VAULT(address _log)
    ^ (Relevant source part starts here and spans across multiple lines).
contracts/Log.sol:17:5: Warning: Defining constructors as functions with the same name as the contract is deprecated. Use "constructor(...) { ... }" instead.
    function ETH_VAULT(address _log)
    ^ (Relevant source part starts here and spans across multiple lines).
assets/NormalAttacker.sol:5:3: Warning: No visibility specified. Defaulting to "public". 
  function() payable {
  ^ (Relevant source part starts here and spans across multiple lines).
assets/ReentrancyAttacker.sol:8:7: Warning: Return value of low-level calls not used.
      msg.sender.call(bytes4(255));
      ^--------------------------^
assets/ReentrancyAttacker.sol:5:3: Warning: No visibility specified. Defaulting to "public". 
  function() payable {
  ^ (Relevant source part starts here and spans across multiple lines).
>> Fuzz ETH_VAULT
** Write stats: 0.005615
** Write stats: 5.0024
** Write stats: 10.001
** Write stats: 15.0001
** Write stats: 20.0025
** Write stats: 25.0036
** Write stats: 30.0001
** Write stats: 35.0051
** Write stats: 40.0039
** Write stats: 45.0071
** Write stats: 50.0005
** Write stats: 55.0001
** Write stats: 60.0104
** Write stats: 65.0067
** Write stats: 70.0034
** Write stats: 75.001
** Write stats: 80.0031
** Write stats: 85.0086
** Write stats: 90.003
** Write stats: 95.0081
** Write stats: 100.011
** Write stats: 105.018
** Write stats: 110.007
** Write stats: 115.007
** Write stats: 120.001
** Write stats: 125
** Write stats: 130.002
** Write stats: 135.012
** Write stats: 140.001
** Write stats: 145
** Write stats: 150.006
** Write stats: 155.006
** Write stats: 160.012
** Write stats: 165.009
** Write stats: 170.015
** Write stats: 175.017
** Write stats: 180.003
** Write stats: 185.017
** Write stats: 190.018
** Write stats: 195.017
** Write stats: 200.01
** Write stats: 205.013
** Write stats: 210.012
** Write stats: 215.017
** Write stats: 220.007
** Write stats: 225.01
** Write stats: 230.012
** Write stats: 235.013
** Write stats: 240.01
** Write stats: 245.004
** Write stats: 250.018
** Write stats: 255.005
** Write stats: 260.006
** Write stats: 265.017
** Write stats: 270.007
** Write stats: 275.013
** Write stats: 280.015
** Write stats: 285.002
** Write stats: 290.003
** Write stats: 295.012
** Write stats: 298.005
>> Fuzz Log
** Write stats: 0.006869
** Write stats: 5.00127
** Write stats: 10.0225
** Write stats: 15.0042
** Write stats: 20.009
** Write stats: 25.033
** Write stats: 30.0178
** Write stats: 35.0065
** Write stats: 40.0179
** Write stats: 45.0428
** Write stats: 50.0301
** Write stats: 55.0361
** Write stats: 60.0539
** Write stats: 65.0052
** Write stats: 70.0352
** Write stats: 75.0268
** Write stats: 80.0207
** Write stats: 85.0396
** Write stats: 90.0191
** Write stats: 95.032
** Write stats: 100.068
** Write stats: 105.07
** Write stats: 110.036
** Write stats: 115.025
** Write stats: 120.041
** Write stats: 125.011
** Write stats: 130.051
** Write stats: 135.014
** Write stats: 140.006
** Write stats: 145.051
** Write stats: 150.067
** Write stats: 155.057
** Write stats: 160.024
** Write stats: 165.06
** Write stats: 170.041
** Write stats: 175.1
** Write stats: 180.055
** Write stats: 185.003
** Write stats: 190.017
** Write stats: 195.036
** Write stats: 200.079
** Write stats: 205.02
** Write stats: 210.099
** Write stats: 215.076
** Write stats: 220.098
** Write stats: 225.077
** Write stats: 230.03
** Write stats: 235.058
** Write stats: 240.066
** Write stats: 245.115
** Write stats: 250.008
** Write stats: 255.055
** Write stats: 260.012
** Write stats: 265.044
** Write stats: 270.08
** Write stats: 275.039
** Write stats: 280.072
** Write stats: 285.079
** Write stats: 290.042
** Write stats: 295.093
** Write stats: 298.083
