Extract contract LogFile from /sb/0x4e73b32ed6c35f570686b89848e5f39f20ecc106.sol
Extract contract PRIVATE_ETH_CELL from /sb/0x4e73b32ed6c35f570686b89848e5f39f20ecc106.sol
Extracted 2 contract(s) from /sb/0x4e73b32ed6c35f570686b89848e5f39f20ecc106.sol
[0;32m> Created "fuzzMe"[0m
[0;32m> To fuzz contracts:[0m
  chmod +x fuzzMe
  ./fuzzMe
assets/NormalAttacker.sol:5:3: Warning: No visibility specified. Defaulting to "public". 
  function() payable {
  ^ (Relevant source part starts here and spans across multiple lines).
assets/ReentrancyAttacker.sol:8:7: Warning: Return value of low-level calls not used.
      msg.sender.call(bytes4(255));
      ^--------------------------^
assets/ReentrancyAttacker.sol:5:3: Warning: No visibility specified. Defaulting to "public". 
  function() payable {
  ^ (Relevant source part starts here and spans across multiple lines).
>> Fuzz PRIVATE_ETH_CELL
** Write stats: 0.010413
** Write stats: 5.00109
** Write stats: 10.0019
** Write stats: 15.0024
** Write stats: 20.002
** Write stats: 25.0029
** Write stats: 30.0041
** Write stats: 35.0041
** Write stats: 40.0017
** Write stats: 45.002
** Write stats: 50.0002
** Write stats: 55.004
** Write stats: 60.0014
** Write stats: 65.0012
** Write stats: 70.0002
** Write stats: 75.0026
** Write stats: 80.0021
** Write stats: 85.0002
** Write stats: 90.0004
** Write stats: 95.0063
** Write stats: 100.001
** Write stats: 105.006
** Write stats: 110.004
** Write stats: 115.006
** Write stats: 120.008
** Write stats: 125.007
** Write stats: 130.001
** Write stats: 135.005
** Write stats: 140.003
** Write stats: 145.004
** Write stats: 150.006
** Write stats: 155.002
** Write stats: 160.005
** Write stats: 165.006
** Write stats: 170.001
** Write stats: 175.003
** Write stats: 180.002
** Write stats: 185.002
** Write stats: 190.002
** Write stats: 195.002
** Write stats: 200.008
** Write stats: 205.007
** Write stats: 210.004
** Write stats: 215.011
** Write stats: 220.005
** Write stats: 225.005
** Write stats: 230.013
** Write stats: 235.011
** Write stats: 240.001
** Write stats: 245.007
** Write stats: 250.007
** Write stats: 255.001
** Write stats: 260.011
** Write stats: 265.008
** Write stats: 270.003
** Write stats: 275.011
** Write stats: 280.001
** Write stats: 285.004
** Write stats: 290.002
** Write stats: 295.007
** Write stats: 298.054
>> Fuzz LogFile
** Write stats: 0.00616
** Write stats: 5.00207
** Write stats: 10.0062
** Write stats: 15.0225
** Write stats: 20.0159
** Write stats: 25.0112
** Write stats: 30.0421
** Write stats: 35.042
** Write stats: 40.0135
** Write stats: 45.0329
** Write stats: 50.0478
** Write stats: 55.0138
** Write stats: 60.0004
** Write stats: 65.0011
** Write stats: 70.0489
** Write stats: 75.0422
** Write stats: 80.0571
** Write stats: 85.0591
** Write stats: 90.0704
** Write stats: 95.0292
** Write stats: 100.018
** Write stats: 105.038
** Write stats: 110.061
** Write stats: 115.075
** Write stats: 120.052
** Write stats: 125.063
** Write stats: 130.074
** Write stats: 135.051
** Write stats: 140.001
** Write stats: 145.026
** Write stats: 150.076
** Write stats: 155.006
** Write stats: 160.04
** Write stats: 165.018
** Write stats: 170.073
** Write stats: 175.018
** Write stats: 180.039
** Write stats: 185.041
** Write stats: 190.081
** Write stats: 195.062
** Write stats: 200.049
** Write stats: 205.004
** Write stats: 210.012
** Write stats: 215.065
** Write stats: 220.04
** Write stats: 225.022
** Write stats: 230.101
** Write stats: 235.031
** Write stats: 240.098
** Write stats: 245.055
** Write stats: 250.025
** Write stats: 255.057
** Write stats: 260.02
** Write stats: 265.11
** Write stats: 270.117
** Write stats: 275.047
** Write stats: 280.04
** Write stats: 285.029
** Write stats: 290.062
** Write stats: 295.037
** Write stats: 298.148
