Extract contract Overflow_Add from /sb/overflow_simple_add.sol
Extracted 1 contract(s) from /sb/overflow_simple_add.sol
[0;32m> Created "fuzzMe"[0m
[0;32m> To fuzz contracts:[0m
  chmod +x fuzzMe
  ./fuzzMe
assets/NormalAttacker.sol:5:3: Warning: No visibility specified. Defaulting to "public". 
  function() payable {
  ^ (Relevant source part starts here and spans across multiple lines).
assets/ReentrancyAttacker.sol:8:7: Warning: Return value of low-level calls not used.
      msg.sender.call(bytes4(255));
      ^--------------------------^
assets/ReentrancyAttacker.sol:5:3: Warning: No visibility specified. Defaulting to "public". 
  function() payable {
  ^ (Relevant source part starts here and spans across multiple lines).
>> Fuzz Overflow_Add
** Write stats: 0.002233
** Write stats: 5.00009
** Write stats: 10.0001
** Write stats: 15.0072
** Write stats: 20.0001
** Write stats: 25.0001
** Write stats: 30.0001
** Write stats: 35.0001
** Write stats: 40.0006
** Write stats: 45.0001
** Write stats: 50.0001
** Write stats: 55
** Write stats: 60.0001
** Write stats: 65.0001
** Write stats: 70.0001
** Write stats: 75.0001
** Write stats: 80.0001
** Write stats: 85.0001
** Write stats: 90.0001
** Write stats: 95.0001
** Write stats: 100
** Write stats: 105
** Write stats: 110
** Write stats: 115
** Write stats: 120
** Write stats: 125
** Write stats: 130
** Write stats: 135
** Write stats: 140.007
** Write stats: 145
** Write stats: 150.007
** Write stats: 155
** Write stats: 165
** Write stats: 170
** Write stats: 175
** Write stats: 180.009
** Write stats: 185
** Write stats: 190
** Write stats: 195
** Write stats: 200
** Write stats: 205
** Write stats: 210.007
** Write stats: 215
** Write stats: 220
** Write stats: 225
** Write stats: 230
** Write stats: 235
** Write stats: 240
** Write stats: 245
** Write stats: 250
** Write stats: 255
** Write stats: 260
** Write stats: 265
** Write stats: 270
** Write stats: 275.006
** Write stats: 280
** Write stats: 285
** Write stats: 290.019
** Write stats: 295
** Write stats: 300.004
** Write stats: 305.002
** Write stats: 310.004
** Write stats: 315.001
** Write stats: 320
** Write stats: 325
** Write stats: 330.005
** Write stats: 335
** Write stats: 340.3
** Write stats: 345
** Write stats: 350
** Write stats: 355.003
** Write stats: 360.013
** Write stats: 365
** Write stats: 370
** Write stats: 375
** Write stats: 380.014
** Write stats: 385
** Write stats: 390
** Write stats: 395
** Write stats: 400.011
** Write stats: 405
** Write stats: 410
** Write stats: 415
** Write stats: 420.01
** Write stats: 425
** Write stats: 430
** Write stats: 435
** Write stats: 440
** Write stats: 445
** Write stats: 450
** Write stats: 455
** Write stats: 460
** Write stats: 465.002
** Write stats: 470
** Write stats: 475.009
** Write stats: 480
** Write stats: 485.006
** Write stats: 490
** Write stats: 495
** Write stats: 500.006
** Write stats: 505
** Write stats: 510
** Write stats: 515
** Write stats: 520.009
** Write stats: 525
** Write stats: 530
** Write stats: 535
** Write stats: 540
** Write stats: 545
** Write stats: 550.009
** Write stats: 555.006
** Write stats: 560
** Write stats: 565
** Write stats: 570
** Write stats: 575
** Write stats: 580.012
** Write stats: 585
** Write stats: 590
** Write stats: 595.024
** Write stats: 598.011
