Extract contract WhaleGiveaway2 from /sb/0xf70d589d76eebdd7c12cc5eec99f8f6fa4233b9e.sol
Extracted 1 contract(s) from /sb/0xf70d589d76eebdd7c12cc5eec99f8f6fa4233b9e.sol
[0;32m> Created "fuzzMe"[0m
[0;32m> To fuzz contracts:[0m
  chmod +x fuzzMe
  ./fuzzMe
contracts/WhaleGiveaway2.sol:25:3485: Warning: Using contract member "balance" inherited from the address type is deprecated. Convert the contract to "address" type to access the member, for example use "address(contract).balance" instead.
 ... this.balance ... 
     ^----------^
contracts/WhaleGiveaway2.sol:26:33: Warning: Using contract member "balance" inherited from the address type is deprecated. Convert the contract to "address" type to access the member, for example use "address(contract).balance" instead.
            msg.sender.transfer(this.balance);
                                ^----------^
contracts/WhaleGiveaway2.sol:35:24: Warning: Using contract member "balance" inherited from the address type is deprecated. Convert the contract to "address" type to access the member, for example use "address(contract).balance" instead.
        Owner.transfer(this.balance);
                       ^----------^
contracts/WhaleGiveaway2.sol:44:9: Warning: Return value of low-level calls not used.
        adr.call.value(msg.value)(data);
        ^-----------------------------^
assets/NormalAttacker.sol:5:3: Warning: No visibility specified. Defaulting to "public". 
  function() payable {
  ^ (Relevant source part starts here and spans across multiple lines).
assets/ReentrancyAttacker.sol:8:7: Warning: Return value of low-level calls not used.
      msg.sender.call(bytes4(255));
      ^--------------------------^
assets/ReentrancyAttacker.sol:5:3: Warning: No visibility specified. Defaulting to "public". 
  function() payable {
  ^ (Relevant source part starts here and spans across multiple lines).
>> Fuzz WhaleGiveaway2
** Write stats: 0.007922
** Write stats: 5.01034
** Write stats: 10.0498
** Write stats: 15.0001
** Write stats: 20.0005
** Write stats: 25.0002
** Write stats: 30.0002
** Write stats: 35.0003
** Write stats: 40.0003
** Write stats: 45.0003
** Write stats: 50.0002
** Write stats: 55.0092
** Write stats: 60.0229
** Write stats: 65.0003
** Write stats: 70.0002
** Write stats: 75.0291
** Write stats: 80.0004
** Write stats: 85.0004
** Write stats: 90.0004
** Write stats: 95.0003
** Write stats: 100
** Write stats: 105
** Write stats: 110
** Write stats: 115.032
** Write stats: 120
** Write stats: 125
** Write stats: 130
** Write stats: 135
** Write stats: 140
** Write stats: 145
** Write stats: 150
** Write stats: 155
** Write stats: 160
** Write stats: 165
** Write stats: 170
** Write stats: 175.001
** Write stats: 180
** Write stats: 185
** Write stats: 190
** Write stats: 195
** Write stats: 200.001
** Write stats: 205
** Write stats: 210.054
** Write stats: 215
** Write stats: 220.078
** Write stats: 225.022
** Write stats: 230
** Write stats: 235
** Write stats: 240
** Write stats: 245
** Write stats: 250
** Write stats: 255
** Write stats: 260
** Write stats: 265
** Write stats: 270
** Write stats: 275.091
** Write stats: 280
** Write stats: 285
** Write stats: 290
** Write stats: 295
** Write stats: 300.047
** Write stats: 305
** Write stats: 310
** Write stats: 315
** Write stats: 320
** Write stats: 325
** Write stats: 330
** Write stats: 335.07
** Write stats: 340.001
** Write stats: 345
** Write stats: 350.07
** Write stats: 355.001
** Write stats: 360.001
** Write stats: 365
** Write stats: 370.016
** Write stats: 375.042
** Write stats: 380
** Write stats: 385
** Write stats: 390.123
** Write stats: 395
** Write stats: 400
** Write stats: 405.001
** Write stats: 410.001
** Write stats: 415
** Write stats: 420.014
** Write stats: 425.001
** Write stats: 430.018
** Write stats: 435.065
** Write stats: 440.103
** Write stats: 445.093
** Write stats: 450.001
** Write stats: 455
** Write stats: 460
** Write stats: 465
** Write stats: 470
** Write stats: 475.001
** Write stats: 480
** Write stats: 485
** Write stats: 490
** Write stats: 495
** Write stats: 500.001
** Write stats: 505.106
** Write stats: 510.001
** Write stats: 515
** Write stats: 520.257
** Write stats: 525.208
** Write stats: 530
** Write stats: 535.102
** Write stats: 540
** Write stats: 545
** Write stats: 550
** Write stats: 555
** Write stats: 560.001
** Write stats: 565.001
** Write stats: 570.001
** Write stats: 575.001
** Write stats: 580.001
** Write stats: 585.001
** Write stats: 590
** Write stats: 595
** Write stats: 598.113
