Extract contract RealOldFuckMaker from /sb/0xf2570186500a46986f3139f65afedc2afe4f445d.sol
Extracted 1 contract(s) from /sb/0xf2570186500a46986f3139f65afedc2afe4f445d.sol
[0;32m> Created "fuzzMe"[0m
[0;32m> To fuzz contracts:[0m
  chmod +x fuzzMe
  ./fuzzMe
contracts/RealOldFuckMaker.sol:18:30: Warning: "sha3" has been deprecated in favour of "keccak256"
            fuck.call(bytes4(sha3("giveBlockReward()")));
                             ^-----------------------^
contracts/RealOldFuckMaker.sol:18:13: Warning: Return value of low-level calls not used.
            fuck.call(bytes4(sha3("giveBlockReward()")));
            ^------------------------------------------^
contracts/RealOldFuckMaker.sol:14:5: Warning: No visibility specified. Defaulting to "public". 
    function makeOldFucks(uint32 number) {
    ^ (Relevant source part starts here and spans across multiple lines).
assets/NormalAttacker.sol:5:3: Warning: No visibility specified. Defaulting to "public". 
  function() payable {
  ^ (Relevant source part starts here and spans across multiple lines).
assets/ReentrancyAttacker.sol:8:7: Warning: Return value of low-level calls not used.
      msg.sender.call(bytes4(255));
      ^--------------------------^
assets/ReentrancyAttacker.sol:5:3: Warning: No visibility specified. Defaulting to "public". 
  function() payable {
  ^ (Relevant source part starts here and spans across multiple lines).
>> Fuzz RealOldFuckMaker
** Write stats: 0.002471
