Extract contract Ownable from /sb/0x627fa62ccbb1c1b04ffaecd72a53e37fc0e17839.sol
Extract contract Token from /sb/0x627fa62ccbb1c1b04ffaecd72a53e37fc0e17839.sol
Extract contract TokenBank from /sb/0x627fa62ccbb1c1b04ffaecd72a53e37fc0e17839.sol
Extracted 3 contract(s) from /sb/0x627fa62ccbb1c1b04ffaecd72a53e37fc0e17839.sol
[0;32m> Created "fuzzMe"[0m
[0;32m> To fuzz contracts:[0m
  chmod +x fuzzMe
  ./fuzzMe
contracts/Token.sol:44:27: Warning: "sha3" has been deprecated in favour of "keccak256"
        token.call(bytes4(sha3("transfer(address,uint256)")),to,amount); 
                          ^-------------------------------^
contracts/Token.sol:44:9: Warning: Return value of low-level calls not used.
        token.call(bytes4(sha3("transfer(address,uint256)")),to,amount); 
        ^-------------------------------------------------------------^
contracts/Token.sol:61:5: Warning: No visibility specified. Defaulting to "public". 
    function()
    ^ (Relevant source part starts here and spans across multiple lines).
contracts/Token.sol:67:5: Warning: No visibility specified. Defaulting to "public". 
    function Deposit() 
    ^ (Relevant source part starts here and spans across multiple lines).
contracts/Ownable.sol:44:27: Warning: "sha3" has been deprecated in favour of "keccak256"
        token.call(bytes4(sha3("transfer(address,uint256)")),to,amount); 
                          ^-------------------------------^
contracts/Ownable.sol:44:9: Warning: Return value of low-level calls not used.
        token.call(bytes4(sha3("transfer(address,uint256)")),to,amount); 
        ^-------------------------------------------------------------^
contracts/Ownable.sol:61:5: Warning: No visibility specified. Defaulting to "public". 
    function()
    ^ (Relevant source part starts here and spans across multiple lines).
contracts/Ownable.sol:67:5: Warning: No visibility specified. Defaulting to "public". 
    function Deposit() 
    ^ (Relevant source part starts here and spans across multiple lines).
contracts/TokenBank.sol:44:27: Warning: "sha3" has been deprecated in favour of "keccak256"
        token.call(bytes4(sha3("transfer(address,uint256)")),to,amount); 
                          ^-------------------------------^
contracts/TokenBank.sol:44:9: Warning: Return value of low-level calls not used.
        token.call(bytes4(sha3("transfer(address,uint256)")),to,amount); 
        ^-------------------------------------------------------------^
contracts/TokenBank.sol:61:5: Warning: No visibility specified. Defaulting to "public". 
    function()
    ^ (Relevant source part starts here and spans across multiple lines).
contracts/TokenBank.sol:67:5: Warning: No visibility specified. Defaulting to "public". 
    function Deposit() 
    ^ (Relevant source part starts here and spans across multiple lines).
assets/NormalAttacker.sol:5:3: Warning: No visibility specified. Defaulting to "public". 
  function() payable {
  ^ (Relevant source part starts here and spans across multiple lines).
assets/ReentrancyAttacker.sol:8:7: Warning: Return value of low-level calls not used.
      msg.sender.call(bytes4(255));
      ^--------------------------^
assets/ReentrancyAttacker.sol:5:3: Warning: No visibility specified. Defaulting to "public". 
  function() payable {
  ^ (Relevant source part starts here and spans across multiple lines).
>> Fuzz Token
** Write stats: 0.006922
** Write stats: 5.00012
** Write stats: 10.0001
** Write stats: 15.0001
** Write stats: 20.0001
** Write stats: 25.0004
** Write stats: 30.0002
** Write stats: 35.0002
** Write stats: 40.0015
** Write stats: 45.0004
** Write stats: 50.0001
** Write stats: 55.0003
** Write stats: 60.0012
** Write stats: 65.0004
** Write stats: 70.0001
** Write stats: 75.0004
** Write stats: 80.0003
** Write stats: 85.001
** Write stats: 90.0001
** Write stats: 95.0002
** Write stats: 100
** Write stats: 105
** Write stats: 110
** Write stats: 115
** Write stats: 120
** Write stats: 125
** Write stats: 130
** Write stats: 135
** Write stats: 140.001
** Write stats: 145
** Write stats: 150
** Write stats: 155
** Write stats: 160
** Write stats: 165
** Write stats: 170
** Write stats: 175
** Write stats: 180.001
** Write stats: 185.015
** Write stats: 190
** Write stats: 195
** Write stats: 198.008
>> Fuzz Ownable
** Write stats: 0.003515
** Write stats: 5.00017
** Write stats: 10.0003
** Write stats: 15.0001
** Write stats: 20.0001
** Write stats: 25.0001
** Write stats: 30.0001
** Write stats: 35.0001
** Write stats: 40.0001
** Write stats: 45.0002
** Write stats: 50.0004
** Write stats: 55.0001
** Write stats: 60
** Write stats: 65.0001
** Write stats: 70.0001
** Write stats: 75.0001
** Write stats: 80.0001
** Write stats: 85.0001
** Write stats: 90.0003
** Write stats: 95.0128
** Write stats: 100
** Write stats: 105
** Write stats: 110
** Write stats: 115
** Write stats: 120
** Write stats: 125
** Write stats: 130
** Write stats: 135
** Write stats: 140
** Write stats: 145
** Write stats: 150
** Write stats: 155
** Write stats: 160
** Write stats: 165
** Write stats: 170
** Write stats: 175
** Write stats: 180
** Write stats: 185
** Write stats: 190
** Write stats: 195
** Write stats: 198.001
>> Fuzz TokenBank
** Write stats: 0.00669
** Write stats: 5.00048
** Write stats: 10.0037
** Write stats: 15.0035
** Write stats: 20.0073
** Write stats: 25.0008
** Write stats: 30.0003
** Write stats: 35.0024
** Write stats: 40.0029
** Write stats: 45.0007
** Write stats: 50.0008
** Write stats: 55.0035
** Write stats: 60.0005
** Write stats: 65.0005
** Write stats: 70.0004
** Write stats: 75.0028
** Write stats: 80.0047
** Write stats: 85.0033
** Write stats: 90.0002
** Write stats: 95.0044
** Write stats: 100.001
** Write stats: 105.003
** Write stats: 110.003
** Write stats: 115.002
** Write stats: 120.003
** Write stats: 125.001
** Write stats: 130.006
** Write stats: 135.003
** Write stats: 140.009
** Write stats: 145.006
** Write stats: 150.001
** Write stats: 155.004
** Write stats: 160.005
** Write stats: 165.007
** Write stats: 170.01
** Write stats: 175.002
** Write stats: 180.004
** Write stats: 185.009
** Write stats: 190.005
** Write stats: 195.005
** Write stats: 198.004
