Extract contract FindThisHash from /sb/FindThisHash.sol
Extracted 1 contract(s) from /sb/FindThisHash.sol
[0;32m> Created "fuzzMe"[0m
[0;32m> To fuzz contracts:[0m
  chmod +x fuzzMe
  ./fuzzMe
contracts/FindThisHash.sol:17:25: Warning: "sha3" has been deprecated in favour of "keccak256"
        require(hash == sha3(solution));
                        ^------------^
contracts/FindThisHash.sol:17:25: Warning: This function only accepts a single "bytes" argument. Please use "abi.encodePacked(...)" or a similar function to encode the data.
        require(hash == sha3(solution));
                        ^------------^
contracts/FindThisHash.sol:17:25: Warning: The provided argument of type string memory is not implicitly convertible to expected type bytes memory.
        require(hash == sha3(solution));
                        ^------------^
assets/NormalAttacker.sol:5:3: Warning: No visibility specified. Defaulting to "public". 
  function() payable {
  ^ (Relevant source part starts here and spans across multiple lines).
assets/ReentrancyAttacker.sol:8:7: Warning: Return value of low-level calls not used.
      msg.sender.call(bytes4(255));
      ^--------------------------^
assets/ReentrancyAttacker.sol:5:3: Warning: No visibility specified. Defaulting to "public". 
  function() payable {
  ^ (Relevant source part starts here and spans across multiple lines).
>> Fuzz FindThisHash
** Write stats: 0.004813
** Write stats: 5.0001
** Write stats: 10.0055
** Write stats: 15.0001
** Write stats: 20.0054
** Write stats: 25.0001
** Write stats: 30
** Write stats: 35.0001
** Write stats: 40.017
** Write stats: 45.0001
** Write stats: 50.0002
** Write stats: 55.0001
** Write stats: 60.0121
** Write stats: 65.0001
** Write stats: 70.0167
** Write stats: 75.0185
** Write stats: 80.0001
** Write stats: 85.0001
** Write stats: 90.0002
** Write stats: 95.0005
** Write stats: 100.211
** Write stats: 105.02
** Write stats: 110
** Write stats: 115
** Write stats: 120
** Write stats: 125.035
** Write stats: 130
** Write stats: 135
** Write stats: 140
** Write stats: 145
** Write stats: 150
** Write stats: 155
** Write stats: 160
** Write stats: 165
** Write stats: 170
** Write stats: 175
** Write stats: 180.037
** Write stats: 185
** Write stats: 190.046
** Write stats: 195
** Write stats: 200
** Write stats: 205
** Write stats: 210
** Write stats: 215
** Write stats: 220
** Write stats: 225
** Write stats: 230
** Write stats: 235
** Write stats: 240
** Write stats: 245.04
** Write stats: 250.009
** Write stats: 255
** Write stats: 260
** Write stats: 265.01
** Write stats: 270
** Write stats: 275.002
** Write stats: 280.043
** Write stats: 285
** Write stats: 290
** Write stats: 295.012
** Write stats: 300
** Write stats: 305.01
** Write stats: 310.001
** Write stats: 315.066
** Write stats: 320
** Write stats: 325.015
** Write stats: 330
** Write stats: 335
** Write stats: 340
** Write stats: 345
** Write stats: 350
** Write stats: 355.039
** Write stats: 360.017
** Write stats: 365.041
** Write stats: 370
** Write stats: 375.016
** Write stats: 380
** Write stats: 385.006
** Write stats: 390
** Write stats: 395
** Write stats: 400.004
** Write stats: 405
** Write stats: 410
** Write stats: 415.039
** Write stats: 420
** Write stats: 425
** Write stats: 430.028
** Write stats: 435.012
** Write stats: 440
** Write stats: 445.03
** Write stats: 450
** Write stats: 455
** Write stats: 460
** Write stats: 465
** Write stats: 470
** Write stats: 475.002
** Write stats: 480.047
** Write stats: 485.028
** Write stats: 490
** Write stats: 495.049
** Write stats: 500
** Write stats: 505.045
** Write stats: 510
** Write stats: 515.051
** Write stats: 520
** Write stats: 525.008
** Write stats: 530
** Write stats: 535.042
** Write stats: 540.065
** Write stats: 545.001
** Write stats: 550
** Write stats: 555.033
** Write stats: 560
** Write stats: 565.014
** Write stats: 570
** Write stats: 575.071
** Write stats: 580
** Write stats: 585.024
** Write stats: 590.01
** Write stats: 595
** Write stats: 598.041
