Extract contract Lotto from /sb/etherpot_lotto.sol
Extracted 1 contract(s) from /sb/etherpot_lotto.sol
[0;32m> Created "fuzzMe"[0m
[0;32m> To fuzz contracts:[0m
  chmod +x fuzzMe
  ./fuzzMe
contracts/Lotto.sol:50:10: Warning: Use of the "var" keyword is deprecated.
         var decisionBlockNumber = getDecisionBlockNumber(roundIndex,subpotIndex);
         ^---------------------^
contracts/Lotto.sol:56:10: Warning: Use of the "var" keyword is deprecated.
         var decisionBlockHash = getHashOfBlock(decisionBlockNumber);
         ^-------------------^
contracts/Lotto.sol:57:10: Warning: Use of the "var" keyword is deprecated.
         var winningTicketIndex = decisionBlockHash%rounds[roundIndex].ticketsCount;
         ^--------------------^
contracts/Lotto.sol:60:10: Warning: Use of the "var" keyword is deprecated.
         var ticketIndex = uint256(0);
         ^-------------^
contracts/Lotto.sol:62:14: Warning: Use of the "var" keyword is deprecated.
         for(var buyerIndex = 0; buyerIndex<rounds[roundIndex].buyers.length; buyerIndex++){
             ^------------^
contracts/Lotto.sol:63:14: Warning: Use of the "var" keyword is deprecated.
             var buyer = rounds[roundIndex].buyers[buyerIndex];
             ^-------^
contracts/Lotto.sol:77:10: Warning: Use of the "var" keyword is deprecated.
         var subpotsCount = rounds[roundIndex].pot/blockReward;
         ^--------------^
contracts/Lotto.sol:91:10: Warning: Use of the "var" keyword is deprecated.
         var subpotsCount = getSubpotsCount(roundIndex);
         ^--------------^
contracts/Lotto.sol:96:10: Warning: Use of the "var" keyword is deprecated.
         var decisionBlockNumber = getDecisionBlockNumber(roundIndex,subpotIndex);
         ^---------------------^
contracts/Lotto.sol:105:10: Warning: Use of the "var" keyword is deprecated.
         var winner = calculateWinner(roundIndex,subpotIndex);
         ^--------^
contracts/Lotto.sol:106:10: Warning: Use of the "var" keyword is deprecated.
         var subpot = getSubpot(roundIndex);
         ^--------^
contracts/Lotto.sol:134:10: Warning: Use of the "var" keyword is deprecated.
         var roundIndex = getRoundIndex();
         ^------------^
contracts/Lotto.sol:135:10: Warning: Use of the "var" keyword is deprecated.
         var value = msg.value-(msg.value%ticketPrice);
         ^-------^
contracts/Lotto.sol:145:10: Warning: Use of the "var" keyword is deprecated.
         var ticketsCount = value/ticketPrice;
         ^--------------^
contracts/Lotto.sol:149:14: Warning: Use of the "var" keyword is deprecated.
             var buyersLength = rounds[roundIndex].buyers.length++;
             ^--------------^
contracts/Lotto.sol:62:14: Warning: The type of this variable was inferred as uint8, which can hold values between 0 and 255. This is probably not desired. Use an explicit type to silence this warning.
         for(var buyerIndex = 0; buyerIndex<rounds[roundIndex].buyers.length; buyerIndex++){
             ^----------------^
contracts/Lotto.sol:109:10: Warning: Failure condition of 'send' ignored. Consider using 'transfer' instead.
         winner.send(subpot);
         ^-----------------^
contracts/Lotto.sol:141:14: Warning: Failure condition of 'send' ignored. Consider using 'transfer' instead.
             msg.sender.send(msg.value-value);
             ^------------------------------^
contracts/Lotto.sol:20:6: Warning: No visibility specified. Defaulting to "public". 
     function getBlocksPerRound() constant returns(uint){ return blocksPerRound; }
     ^---------------------------------------------------------------------------^
contracts/Lotto.sol:21:6: Warning: No visibility specified. Defaulting to "public". 
     function getTicketPrice() constant returns(uint){ return ticketPrice; }
     ^---------------------------------------------------------------------^
contracts/Lotto.sol:34:6: Warning: No visibility specified. Defaulting to "public". 
     function getRoundIndex() constant returns (uint){
     ^ (Relevant source part starts here and spans across multiple lines).
contracts/Lotto.sol:40:6: Warning: No visibility specified. Defaulting to "public". 
     function getIsCashed(uint roundIndex,uint subpotIndex) constant returns (bool){
     ^ (Relevant source part starts here and spans across multiple lines).
contracts/Lotto.sol:47:6: Warning: No visibility specified. Defaulting to "public". 
     function calculateWinner(uint roundIndex, uint subpotIndex) constant returns(address){
     ^ (Relevant source part starts here and spans across multiple lines).
contracts/Lotto.sol:72:6: Warning: No visibility specified. Defaulting to "public". 
     function getDecisionBlockNumber(uint roundIndex,uint subpotIndex) constant returns (uint){
     ^ (Relevant source part starts here and spans across multiple lines).
contracts/Lotto.sol:76:6: Warning: No visibility specified. Defaulting to "public". 
     function getSubpotsCount(uint roundIndex) constant returns(uint){
     ^ (Relevant source part starts here and spans across multiple lines).
contracts/Lotto.sol:85:6: Warning: No visibility specified. Defaulting to "public". 
     function getSubpot(uint roundIndex) constant returns(uint){
     ^ (Relevant source part starts here and spans across multiple lines).
contracts/Lotto.sol:89:6: Warning: No visibility specified. Defaulting to "public". 
     function cash(uint roundIndex, uint subpotIndex){
     ^ (Relevant source part starts here and spans across multiple lines).
contracts/Lotto.sol:115:6: Warning: No visibility specified. Defaulting to "public". 
     function getHashOfBlock(uint blockIndex) constant returns(uint){
     ^ (Relevant source part starts here and spans across multiple lines).
contracts/Lotto.sol:116:22: Warning: "block.blockhash()" has been deprecated in favor of "blockhash()"
         return uint(block.blockhash(blockIndex));
                     ^-------------^
contracts/Lotto.sol:119:6: Warning: No visibility specified. Defaulting to "public". 
     function getBuyers(uint roundIndex,address buyer) constant returns (address[]){
     ^ (Relevant source part starts here and spans across multiple lines).
contracts/Lotto.sol:119:41: Warning: Unused function parameter. Remove or comment out the variable name to silence this warning.
     function getBuyers(uint roundIndex,address buyer) constant returns (address[]){
                                        ^-----------^
contracts/Lotto.sol:123:6: Warning: No visibility specified. Defaulting to "public". 
     function getTicketsCountByBuyer(uint roundIndex,address buyer) constant returns (uint){
     ^ (Relevant source part starts here and spans across multiple lines).
contracts/Lotto.sol:127:6: Warning: No visibility specified. Defaulting to "public". 
     function getPot(uint roundIndex) constant returns(uint){
     ^ (Relevant source part starts here and spans across multiple lines).
contracts/Lotto.sol:131:6: Warning: No visibility specified. Defaulting to "public". 
     function() {
     ^ (Relevant source part starts here and spans across multiple lines).
contracts/Lotto.sol:135:22: Warning: "msg.value" used in non-payable function. Do you want to add the "payable" modifier to this function?
         var value = msg.value-(msg.value%ticketPrice);
                     ^-------^
contracts/Lotto.sol:135:33: Warning: "msg.value" used in non-payable function. Do you want to add the "payable" modifier to this function?
         var value = msg.value-(msg.value%ticketPrice);
                                ^-------^
contracts/Lotto.sol:139:19: Warning: "msg.value" used in non-payable function. Do you want to add the "payable" modifier to this function?
         if(value<msg.value){
                  ^-------^
contracts/Lotto.sol:141:30: Warning: "msg.value" used in non-payable function. Do you want to add the "payable" modifier to this function?
             msg.sender.send(msg.value-value);
                             ^-------^
contracts/Lotto.sol:20:6: Warning: Function state mutability can be restricted to pure
     function getBlocksPerRound() constant returns(uint){ return blocksPerRound; }
     ^---------------------------------------------------------------------------^
contracts/Lotto.sol:21:6: Warning: Function state mutability can be restricted to pure
     function getTicketPrice() constant returns(uint){ return ticketPrice; }
     ^---------------------------------------------------------------------^
contracts/Lotto.sol:72:6: Warning: Function state mutability can be restricted to pure
     function getDecisionBlockNumber(uint roundIndex,uint subpotIndex) constant returns (uint){
     ^ (Relevant source part starts here and spans across multiple lines).
assets/NormalAttacker.sol:5:3: Warning: No visibility specified. Defaulting to "public". 
  function() payable {
  ^ (Relevant source part starts here and spans across multiple lines).
assets/ReentrancyAttacker.sol:8:7: Warning: Return value of low-level calls not used.
      msg.sender.call(bytes4(255));
      ^--------------------------^
assets/ReentrancyAttacker.sol:5:3: Warning: No visibility specified. Defaulting to "public". 
  function() payable {
  ^ (Relevant source part starts here and spans across multiple lines).
>> Fuzz Lotto
** Write stats: 0.005015
** Write stats: 5.0002
** Write stats: 10.0002
** Write stats: 15.0001
** Write stats: 20.0002
** Write stats: 25.0066
** Write stats: 30.0003
** Write stats: 35.0001
** Write stats: 40.0001
** Write stats: 45.0002
** Write stats: 50.0002
** Write stats: 55.0003
** Write stats: 60.0002
** Write stats: 65.0003
** Write stats: 70.0001
** Write stats: 75.001
** Write stats: 80.0013
** Write stats: 85.0031
** Write stats: 90.0002
** Write stats: 95.0005
** Write stats: 100
** Write stats: 105.012
** Write stats: 110.001
** Write stats: 115
** Write stats: 120
** Write stats: 125
** Write stats: 130
** Write stats: 135.014
** Write stats: 140
** Write stats: 145
** Write stats: 150
** Write stats: 155
** Write stats: 160
** Write stats: 165.001
** Write stats: 170
** Write stats: 175
** Write stats: 180
** Write stats: 185
** Write stats: 190
** Write stats: 195.004
** Write stats: 200.001
** Write stats: 205
** Write stats: 210
** Write stats: 215
** Write stats: 220
** Write stats: 225.001
** Write stats: 230
** Write stats: 235.001
** Write stats: 240
** Write stats: 245
** Write stats: 250
** Write stats: 255.001
** Write stats: 260
** Write stats: 265.001
** Write stats: 270
** Write stats: 275
** Write stats: 280
** Write stats: 285
** Write stats: 290
** Write stats: 295
** Write stats: 300
** Write stats: 305
** Write stats: 310
** Write stats: 315
** Write stats: 320.001
** Write stats: 325.001
** Write stats: 330.188
** Write stats: 335
** Write stats: 340.001
** Write stats: 345
** Write stats: 350
** Write stats: 355
** Write stats: 360
** Write stats: 365
** Write stats: 370
** Write stats: 375
** Write stats: 380
** Write stats: 385
** Write stats: 390
** Write stats: 395.001
** Write stats: 400.008
** Write stats: 405
** Write stats: 410
** Write stats: 415
** Write stats: 420
** Write stats: 425
** Write stats: 430.001
** Write stats: 435
** Write stats: 440.001
** Write stats: 445.001
** Write stats: 450
** Write stats: 455.001
** Write stats: 460
** Write stats: 465
** Write stats: 470
** Write stats: 475.004
** Write stats: 480.001
** Write stats: 485
** Write stats: 490
** Write stats: 495.004
** Write stats: 500
** Write stats: 505
** Write stats: 510
** Write stats: 515
** Write stats: 520
** Write stats: 525
** Write stats: 530
** Write stats: 535
** Write stats: 540
** Write stats: 545
** Write stats: 550
** Write stats: 555
** Write stats: 560.005
** Write stats: 565.007
** Write stats: 570
** Write stats: 575.002
** Write stats: 580
** Write stats: 585
** Write stats: 590
** Write stats: 595
** Write stats: 598.006
