Extract contract Freebie from /sb/0xe82f0742a71a02b9e9ffc142fdcb6eb1ed06fb87.sol
Extracted 1 contract(s) from /sb/0xe82f0742a71a02b9e9ffc142fdcb6eb1ed06fb87.sol
[0;32m> Created "fuzzMe"[0m
[0;32m> To fuzz contracts:[0m
  chmod +x fuzzMe
  ./fuzzMe
contracts/Freebie.sol:20:824: Warning: Using contract member "balance" inherited from the address type is deprecated. Convert the contract to "address" type to access the member, for example use "address(contract).balance" instead.
 ... this.balance ... 
     ^----------^
contracts/Freebie.sol:21:33: Warning: Using contract member "balance" inherited from the address type is deprecated. Convert the contract to "address" type to access the member, for example use "address(contract).balance" instead.
            msg.sender.transfer(this.balance);
                                ^----------^
contracts/Freebie.sol:30:24: Warning: Using contract member "balance" inherited from the address type is deprecated. Convert the contract to "address" type to access the member, for example use "address(contract).balance" instead.
        Owner.transfer(this.balance);
                       ^----------^
contracts/Freebie.sol:39:9: Warning: Return value of low-level calls not used.
        adr.call.value(msg.value)(data);
        ^-----------------------------^
assets/NormalAttacker.sol:5:3: Warning: No visibility specified. Defaulting to "public". 
  function() payable {
  ^ (Relevant source part starts here and spans across multiple lines).
assets/ReentrancyAttacker.sol:8:7: Warning: Return value of low-level calls not used.
      msg.sender.call(bytes4(255));
      ^--------------------------^
assets/ReentrancyAttacker.sol:5:3: Warning: No visibility specified. Defaulting to "public". 
  function() payable {
  ^ (Relevant source part starts here and spans across multiple lines).
>> Fuzz Freebie
** Write stats: 0.006068
** Write stats: 5.00006
** Write stats: 10.0001
** Write stats: 15.0001
** Write stats: 20.0003
** Write stats: 25.0002
** Write stats: 30.0003
** Write stats: 35.0003
** Write stats: 40.0252
** Write stats: 45.17
** Write stats: 50.0001
** Write stats: 55.0003
** Write stats: 60.0003
** Write stats: 65.0003
** Write stats: 70.0004
** Write stats: 75.0232
** Write stats: 80.0001
** Write stats: 85.0001
** Write stats: 90.0255
** Write stats: 95.0307
** Write stats: 100
** Write stats: 105
** Write stats: 110
** Write stats: 115
** Write stats: 120
** Write stats: 125
** Write stats: 130
** Write stats: 135
** Write stats: 140
** Write stats: 145.042
** Write stats: 150
** Write stats: 155.012
** Write stats: 160
** Write stats: 165
** Write stats: 170.001
** Write stats: 175
** Write stats: 180
** Write stats: 185
** Write stats: 190
** Write stats: 195.05
** Write stats: 200
** Write stats: 205.001
** Write stats: 210
** Write stats: 215
** Write stats: 220.04
** Write stats: 225
** Write stats: 230
** Write stats: 235
** Write stats: 240
** Write stats: 245
** Write stats: 250
** Write stats: 255
** Write stats: 260
** Write stats: 265
** Write stats: 270.123
** Write stats: 275
** Write stats: 280
** Write stats: 285.083
** Write stats: 290
** Write stats: 295
** Write stats: 300
** Write stats: 305.071
** Write stats: 310.013
** Write stats: 315
** Write stats: 320
** Write stats: 325
** Write stats: 330
** Write stats: 335
** Write stats: 340.005
** Write stats: 345.001
** Write stats: 350.034
** Write stats: 355
** Write stats: 360
** Write stats: 365
** Write stats: 370.001
** Write stats: 375.001
** Write stats: 380.001
** Write stats: 385
** Write stats: 390.001
** Write stats: 395
** Write stats: 400
** Write stats: 405.07
** Write stats: 410.001
** Write stats: 415
** Write stats: 425
** Write stats: 430
** Write stats: 435.022
** Write stats: 440
** Write stats: 445.006
** Write stats: 450
** Write stats: 455
** Write stats: 460
** Write stats: 465
** Write stats: 470
** Write stats: 475
** Write stats: 480.096
** Write stats: 485
** Write stats: 490
** Write stats: 495.001
** Write stats: 500.105
** Write stats: 505
** Write stats: 510
** Write stats: 515
** Write stats: 520.03
** Write stats: 525
** Write stats: 530.001
** Write stats: 535.02
** Write stats: 540
** Write stats: 545
** Write stats: 550.052
** Write stats: 555
** Write stats: 560.103
** Write stats: 565
** Write stats: 570
** Write stats: 575.044
** Write stats: 580
** Write stats: 585
** Write stats: 590.078
** Write stats: 595
** Write stats: 598.002
