Extract contract keepMyEther from /sb/0xb7c5c5aa4d42967efe906e1b66cb8df9cebf04f7.sol
Extracted 1 contract(s) from /sb/0xb7c5c5aa4d42967efe906e1b66cb8df9cebf04f7.sol
[0;32m> Created "fuzzMe"[0m
[0;32m> To fuzz contracts:[0m
  chmod +x fuzzMe
  ./fuzzMe
contracts/keepMyEther.sol:25:9: Warning: Return value of low-level calls not used.
        msg.sender.call.value(balances[msg.sender])();
        ^-------------------------------------------^
assets/NormalAttacker.sol:5:3: Warning: No visibility specified. Defaulting to "public". 
  function() payable {
  ^ (Relevant source part starts here and spans across multiple lines).
assets/ReentrancyAttacker.sol:8:7: Warning: Return value of low-level calls not used.
      msg.sender.call(bytes4(255));
      ^--------------------------^
assets/ReentrancyAttacker.sol:5:3: Warning: No visibility specified. Defaulting to "public". 
  function() payable {
  ^ (Relevant source part starts here and spans across multiple lines).
>> Fuzz keepMyEther
** Write stats: 0.003412
** Write stats: 5.00061
** Write stats: 10.005
** Write stats: 15.0013
** Write stats: 20.0034
** Write stats: 25.0031
** Write stats: 30.0076
** Write stats: 35.0016
** Write stats: 40.0004
** Write stats: 45.006
** Write stats: 50.001
** Write stats: 55.0134
** Write stats: 60.0133
** Write stats: 65.0129
** Write stats: 70.0049
** Write stats: 75.0083
** Write stats: 80.0146
** Write stats: 85.0101
** Write stats: 90.0054
** Write stats: 95.0144
** Write stats: 100.001
** Write stats: 105.017
** Write stats: 110.008
** Write stats: 115.004
** Write stats: 120.019
** Write stats: 125.001
** Write stats: 130.008
** Write stats: 135.018
** Write stats: 140.003
** Write stats: 145.02
** Write stats: 150.011
** Write stats: 155.003
** Write stats: 160
** Write stats: 165.003
** Write stats: 170.01
** Write stats: 175.002
** Write stats: 180.019
** Write stats: 185.007
** Write stats: 190.006
** Write stats: 195.013
** Write stats: 200.003
** Write stats: 205.001
** Write stats: 210.011
** Write stats: 215.01
** Write stats: 220.006
** Write stats: 225.004
** Write stats: 230.017
** Write stats: 235.02
** Write stats: 240.011
** Write stats: 245.019
** Write stats: 250.02
** Write stats: 255.007
** Write stats: 260.014
** Write stats: 265.01
** Write stats: 270.014
** Write stats: 275.006
** Write stats: 280.027
** Write stats: 285.031
** Write stats: 290.03
** Write stats: 295.027
** Write stats: 300.01
** Write stats: 305.026
** Write stats: 310.011
** Write stats: 315.008
** Write stats: 320.02
** Write stats: 325.016
** Write stats: 330.018
** Write stats: 335.01
** Write stats: 340.021
** Write stats: 345.072
** Write stats: 350.022
** Write stats: 355.021
** Write stats: 360.029
** Write stats: 365.027
** Write stats: 370.014
** Write stats: 375.011
** Write stats: 380.007
** Write stats: 385.03
** Write stats: 390.029
** Write stats: 395.009
** Write stats: 400.026
** Write stats: 405
** Write stats: 410.022
** Write stats: 415.018
** Write stats: 420.021
** Write stats: 425.021
** Write stats: 430.065
** Write stats: 435.035
** Write stats: 440.005
** Write stats: 445.013
** Write stats: 450.017
** Write stats: 455.006
** Write stats: 460.007
** Write stats: 465.004
** Write stats: 470.039
** Write stats: 475.01
** Write stats: 480.006
** Write stats: 485.032
** Write stats: 490.048
** Write stats: 495.057
** Write stats: 500.002
** Write stats: 505.001
** Write stats: 510.089
** Write stats: 515.024
** Write stats: 520.026
** Write stats: 525.047
** Write stats: 530.027
** Write stats: 535.022
** Write stats: 540.004
** Write stats: 545.045
** Write stats: 550.043
** Write stats: 555.04
** Write stats: 560.03
** Write stats: 565.021
** Write stats: 570.033
** Write stats: 575.027
** Write stats: 580.068
** Write stats: 585.045
** Write stats: 590.032
** Write stats: 595.047
** Write stats: 598.053
