Extract contract SimpleDAO from /sb/simple_dao.sol
Extracted 1 contract(s) from /sb/simple_dao.sol
[0;32m> Created "fuzzMe"[0m
[0;32m> To fuzz contracts:[0m
  chmod +x fuzzMe
  ./fuzzMe
contracts/SimpleDAO.sol:12:3: Warning: No visibility specified. Defaulting to "public". 
  function donate(address to) payable {
  ^ (Relevant source part starts here and spans across multiple lines).
contracts/SimpleDAO.sol:16:3: Warning: No visibility specified. Defaulting to "public". 
  function withdraw(uint amount) {
  ^ (Relevant source part starts here and spans across multiple lines).
contracts/SimpleDAO.sol:19:7: Warning: Unused local variable.
      bool res = msg.sender.call.value(amount)();
      ^------^
contracts/SimpleDAO.sol:24:3: Warning: No visibility specified. Defaulting to "public". 
  function queryCredit(address to) returns (uint){
  ^ (Relevant source part starts here and spans across multiple lines).
contracts/SimpleDAO.sol:24:3: Warning: Function state mutability can be restricted to view
  function queryCredit(address to) returns (uint){
  ^ (Relevant source part starts here and spans across multiple lines).
assets/NormalAttacker.sol:5:3: Warning: No visibility specified. Defaulting to "public". 
  function() payable {
  ^ (Relevant source part starts here and spans across multiple lines).
assets/ReentrancyAttacker.sol:8:7: Warning: Return value of low-level calls not used.
      msg.sender.call(bytes4(255));
      ^--------------------------^
assets/ReentrancyAttacker.sol:5:3: Warning: No visibility specified. Defaulting to "public". 
  function() payable {
  ^ (Relevant source part starts here and spans across multiple lines).
>> Fuzz SimpleDAO
** Write stats: 0.006911
** Write stats: 5.00086
** Write stats: 10.001
** Write stats: 15.0017
** Write stats: 20.0002
** Write stats: 25.0058
** Write stats: 30.0044
** Write stats: 35.0036
** Write stats: 40.0033
** Write stats: 45.0082
** Write stats: 50.003
** Write stats: 55.0091
** Write stats: 60.0024
** Write stats: 65.0018
** Write stats: 70.001
** Write stats: 75.0012
** Write stats: 80.0061
** Write stats: 85.0135
** Write stats: 90.0107
** Write stats: 95.0137
** Write stats: 100.012
** Write stats: 105.007
** Write stats: 110.006
** Write stats: 115.015
** Write stats: 120.007
** Write stats: 125.003
** Write stats: 130.004
** Write stats: 135.004
** Write stats: 140.008
** Write stats: 145.001
** Write stats: 150.006
** Write stats: 155.002
** Write stats: 160.007
** Write stats: 165.012
** Write stats: 170.01
** Write stats: 175.003
** Write stats: 180.016
** Write stats: 185.002
** Write stats: 190.012
** Write stats: 195.013
** Write stats: 200.009
** Write stats: 205.008
** Write stats: 210.019
** Write stats: 215.018
** Write stats: 220.008
** Write stats: 225.009
** Write stats: 230.021
** Write stats: 235.014
** Write stats: 240.018
** Write stats: 245.017
** Write stats: 250.021
** Write stats: 255.019
** Write stats: 260.024
** Write stats: 265.017
** Write stats: 270.016
** Write stats: 275.005
** Write stats: 280.011
** Write stats: 285.005
** Write stats: 290.019
** Write stats: 295.006
** Write stats: 300.012
** Write stats: 305.007
** Write stats: 310.019
** Write stats: 315.009
** Write stats: 320.003
** Write stats: 325.001
** Write stats: 330.004
** Write stats: 335.007
** Write stats: 340.016
** Write stats: 345.011
** Write stats: 350.012
** Write stats: 355.024
** Write stats: 360.013
** Write stats: 365.015
** Write stats: 370.003
** Write stats: 375.004
** Write stats: 380.025
** Write stats: 385.014
** Write stats: 390.009
** Write stats: 395.019
** Write stats: 400.025
** Write stats: 405.016
** Write stats: 410.018
** Write stats: 415.005
** Write stats: 420.008
** Write stats: 425.012
** Write stats: 430.014
** Write stats: 435.009
** Write stats: 440.021
** Write stats: 445.013
** Write stats: 450.012
** Write stats: 455.024
** Write stats: 460.001
** Write stats: 465.011
** Write stats: 470.015
** Write stats: 475
** Write stats: 480.024
** Write stats: 485.009
** Write stats: 490.016
** Write stats: 495.021
** Write stats: 500.022
** Write stats: 505.001
** Write stats: 510.019
** Write stats: 515.023
** Write stats: 520.01
** Write stats: 525.016
** Write stats: 530.012
** Write stats: 535.01
** Write stats: 540.022
** Write stats: 545.026
** Write stats: 550.008
** Write stats: 555.022
** Write stats: 560.021
** Write stats: 565.009
** Write stats: 570.014
** Write stats: 575.024
** Write stats: 580.002
** Write stats: 585.013
** Write stats: 590.02
** Write stats: 595.003
** Write stats: 598.006
