Extract contract DrainMe from /sb/0xb620cee6b52f96f3c6b253e6eea556aa2d214a99.sol
Extracted 1 contract(s) from /sb/0xb620cee6b52f96f3c6b253e6eea556aa2d214a99.sol
[0;32m> Created "fuzzMe"[0m
[0;32m> To fuzz contracts:[0m
  chmod +x fuzzMe
  ./fuzzMe
contracts/DrainMe.sol:87:5: Warning: This declaration shadows an existing declaration.
    uint256 secret = uint256(hash);
    ^------------^
contracts/DrainMe.sol:26:1: The shadowed declaration is here:
uint256 public secret;
^-------------------^

contracts/DrainMe.sol:86:20: Warning: This function only accepts a single "bytes" argument. Please use "abi.encodePacked(...)" or a similar function to encode the data.
    bytes32 hash = keccak256(blockhash(block.number-1));
                   ^----------------------------------^
contracts/DrainMe.sol:86:20: Warning: The provided argument of type bytes32 is not implicitly convertible to expected type bytes memory.
    bytes32 hash = keccak256(blockhash(block.number-1));
                   ^----------------------------------^
contracts/DrainMe.sol:100:2: Warning: Return value of low-level calls not used.
	firstTarget.call.value(msg.value)();
	^---------------------------------^
contracts/DrainMe.sol:106:2: Warning: Return value of low-level calls not used.
	secondTarget.call.value(msg.value)();
	^----------------------------------^
contracts/DrainMe.sol:133:2: Warning: Return value of low-level calls not used.
	owner.call.value(1 wei)();
	^-----------------------^
assets/NormalAttacker.sol:5:3: Warning: No visibility specified. Defaulting to "public". 
  function() payable {
  ^ (Relevant source part starts here and spans across multiple lines).
assets/ReentrancyAttacker.sol:8:7: Warning: Return value of low-level calls not used.
      msg.sender.call(bytes4(255));
      ^--------------------------^
assets/ReentrancyAttacker.sol:5:3: Warning: No visibility specified. Defaulting to "public". 
  function() payable {
  ^ (Relevant source part starts here and spans across multiple lines).
>> Fuzz DrainMe
** Write stats: 0.013817
** Write stats: 5.00513
** Write stats: 10.0246
** Write stats: 15.0327
** Write stats: 20.024
** Write stats: 25.0194
** Write stats: 30.0006
** Write stats: 35.0419
** Write stats: 40.013
** Write stats: 45.0231
** Write stats: 50.0065
** Write stats: 55.0777
** Write stats: 60.0086
** Write stats: 65.0087
** Write stats: 70.0378
** Write stats: 75.0427
** Write stats: 80.0637
** Write stats: 85.0637
** Write stats: 90.039
** Write stats: 95.0493
** Write stats: 100.117
** Write stats: 105.01
** Write stats: 110.063
** Write stats: 115.051
** Write stats: 120.024
** Write stats: 125.108
** Write stats: 130.052
** Write stats: 135.082
** Write stats: 140.01
** Write stats: 145.07
** Write stats: 150.089
** Write stats: 155.042
** Write stats: 160.128
** Write stats: 165.052
** Write stats: 170.06
** Write stats: 175.002
** Write stats: 180.077
** Write stats: 185.113
** Write stats: 190.1
** Write stats: 195.055
** Write stats: 200.043
** Write stats: 205.087
** Write stats: 210.077
** Write stats: 215.063
** Write stats: 220.079
** Write stats: 225.11
** Write stats: 230.098
** Write stats: 235.002
** Write stats: 240.088
** Write stats: 245.146
** Write stats: 250.14
** Write stats: 255.112
** Write stats: 260.055
** Write stats: 265.131
** Write stats: 270.078
** Write stats: 275.066
** Write stats: 280.157
** Write stats: 282.113
