Extract contract PoCGame from /sb/0x7d09edb07d23acb532a82be3da5c17d9d85806b4.sol
Extracted 1 contract(s) from /sb/0x7d09edb07d23acb532a82be3da5c17d9d85806b4.sol
[0;32m> Created "fuzzMe"[0m
[0;32m> To fuzz contracts:[0m
  chmod +x fuzzMe
  ./fuzzMe
contracts/PoCGame.sol:198:9: Warning: Return value of low-level calls not used.
        whale.call.value(amount)(bytes4(keccak256("donate()")));
        ^-----------------------------------------------------^
contracts/PoCGame.sol:210:9: Warning: Return value of low-level calls not used.
        whale.call.value(amount)(bytes4(keccak256("donate()")));
        ^-----------------------------------------------------^
assets/NormalAttacker.sol:5:3: Warning: No visibility specified. Defaulting to "public". 
  function() payable {
  ^ (Relevant source part starts here and spans across multiple lines).
assets/ReentrancyAttacker.sol:8:7: Warning: Return value of low-level calls not used.
      msg.sender.call(bytes4(255));
      ^--------------------------^
assets/ReentrancyAttacker.sol:5:3: Warning: No visibility specified. Defaulting to "public". 
  function() payable {
  ^ (Relevant source part starts here and spans across multiple lines).
>> Fuzz PoCGame
** Write stats: 0.009261
** Write stats: 5.00063
** Write stats: 10.0004
** Write stats: 15.0002
** Write stats: 20.0007
** Write stats: 25.001
** Write stats: 30.0001
** Write stats: 35.0004
** Write stats: 40.0003
** Write stats: 45.0002
** Write stats: 50.0005
** Write stats: 55.0003
** Write stats: 60.0001
** Write stats: 65.0001
** Write stats: 70.0001
** Write stats: 75.0003
** Write stats: 80.0005
** Write stats: 85.0005
** Write stats: 90.0002
** Write stats: 95.0182
** Write stats: 100.001
** Write stats: 105.001
** Write stats: 110.001
** Write stats: 115.001
** Write stats: 120.001
** Write stats: 125.001
** Write stats: 130
** Write stats: 135
** Write stats: 140
** Write stats: 145
** Write stats: 150.001
** Write stats: 155.001
** Write stats: 160
** Write stats: 165.001
** Write stats: 170
** Write stats: 175
** Write stats: 180.001
** Write stats: 185.007
** Write stats: 190
** Write stats: 195.001
** Write stats: 200.001
** Write stats: 205.001
** Write stats: 210.001
** Write stats: 215.001
** Write stats: 220.001
** Write stats: 225
** Write stats: 230.001
** Write stats: 235
** Write stats: 240.001
** Write stats: 245.001
** Write stats: 250
** Write stats: 255.001
** Write stats: 260
** Write stats: 265
** Write stats: 270
** Write stats: 275
** Write stats: 280.001
** Write stats: 285.001
** Write stats: 290
** Write stats: 295
** Write stats: 300
** Write stats: 305
** Write stats: 310.008
** Write stats: 315.001
** Write stats: 320
** Write stats: 325
** Write stats: 330
** Write stats: 335.001
** Write stats: 340.001
** Write stats: 345
** Write stats: 350
** Write stats: 355.001
** Write stats: 360
** Write stats: 365.001
** Write stats: 370.001
** Write stats: 375.001
** Write stats: 380
** Write stats: 385
** Write stats: 390
** Write stats: 395.001
** Write stats: 400.001
** Write stats: 405
** Write stats: 410
** Write stats: 415
** Write stats: 420
** Write stats: 425
** Write stats: 430.001
** Write stats: 435.001
** Write stats: 440
** Write stats: 445.001
** Write stats: 450.035
** Write stats: 455
** Write stats: 460.001
** Write stats: 465.031
** Write stats: 470
** Write stats: 475.001
** Write stats: 480.001
** Write stats: 485
** Write stats: 490.001
** Write stats: 495
** Write stats: 500.031
** Write stats: 505
** Write stats: 510.079
** Write stats: 515
** Write stats: 520
** Write stats: 525.001
** Write stats: 530
** Write stats: 535.045
** Write stats: 540.001
** Write stats: 545
** Write stats: 550.066
** Write stats: 555.029
** Write stats: 560.009
** Write stats: 565.001
** Write stats: 570.001
** Write stats: 575.001
** Write stats: 580
** Write stats: 585
** Write stats: 590.001
** Write stats: 595
** Write stats: 598.025
