Extract contract ReentrancyDAO from /sb/reentrancy_dao.sol
Extracted 1 contract(s) from /sb/reentrancy_dao.sol
[0;32m> Created "fuzzMe"[0m
[0;32m> To fuzz contracts:[0m
  chmod +x fuzzMe
  ./fuzzMe
assets/NormalAttacker.sol:5:3: Warning: No visibility specified. Defaulting to "public". 
  function() payable {
  ^ (Relevant source part starts here and spans across multiple lines).
assets/ReentrancyAttacker.sol:8:7: Warning: Return value of low-level calls not used.
      msg.sender.call(bytes4(255));
      ^--------------------------^
assets/ReentrancyAttacker.sol:5:3: Warning: No visibility specified. Defaulting to "public". 
  function() payable {
  ^ (Relevant source part starts here and spans across multiple lines).
>> Fuzz ReentrancyDAO
** Write stats: 0.004793
** Write stats: 5.00045
** Write stats: 10.0004
** Write stats: 15.0066
** Write stats: 20.0049
** Write stats: 25.0042
** Write stats: 30.0061
** Write stats: 35.0058
** Write stats: 40.0059
** Write stats: 45.0053
** Write stats: 50.0032
** Write stats: 55.0071
** Write stats: 60.0005
** Write stats: 65.0006
** Write stats: 70.0032
** Write stats: 75.0095
** Write stats: 80.0059
** Write stats: 85.0035
** Write stats: 90.0003
** Write stats: 95.0006
** Write stats: 100.008
** Write stats: 105.007
** Write stats: 110.004
** Write stats: 115.002
** Write stats: 120.009
** Write stats: 125.007
** Write stats: 130.005
** Write stats: 135.009
** Write stats: 140.007
** Write stats: 145.002
** Write stats: 150.005
** Write stats: 155
** Write stats: 160.011
** Write stats: 165.008
** Write stats: 170.013
** Write stats: 175.005
** Write stats: 180.005
** Write stats: 185.012
** Write stats: 190.013
** Write stats: 195.004
** Write stats: 200.016
** Write stats: 205.006
** Write stats: 210.014
** Write stats: 215.003
** Write stats: 220.004
** Write stats: 225.007
** Write stats: 230.001
** Write stats: 235.004
** Write stats: 240.011
** Write stats: 245.015
** Write stats: 250.008
** Write stats: 255.006
** Write stats: 260.002
** Write stats: 265.001
** Write stats: 270.019
** Write stats: 275.014
** Write stats: 280.01
** Write stats: 285.018
** Write stats: 290.005
** Write stats: 295.01
** Write stats: 300.013
** Write stats: 305.001
** Write stats: 310.013
** Write stats: 315.019
** Write stats: 320.014
** Write stats: 325.014
** Write stats: 330.015
** Write stats: 335.033
** Write stats: 340.021
** Write stats: 345.002
** Write stats: 350.007
** Write stats: 355.012
** Write stats: 360.019
** Write stats: 365.013
** Write stats: 370.016
** Write stats: 375.002
** Write stats: 380.01
** Write stats: 385.015
** Write stats: 390.003
** Write stats: 395.006
** Write stats: 400.011
** Write stats: 405.011
** Write stats: 410.01
** Write stats: 415.01
** Write stats: 420.019
** Write stats: 425.017
** Write stats: 430.01
** Write stats: 435.021
** Write stats: 440.018
** Write stats: 445.007
** Write stats: 450.022
** Write stats: 455.021
** Write stats: 460.007
** Write stats: 465.013
** Write stats: 470.02
** Write stats: 475.015
** Write stats: 480.001
** Write stats: 485.001
** Write stats: 490.014
** Write stats: 495.002
** Write stats: 500.011
** Write stats: 505.006
** Write stats: 510.001
** Write stats: 515.018
** Write stats: 520.026
** Write stats: 525.036
** Write stats: 530.024
** Write stats: 535.011
** Write stats: 540.018
** Write stats: 545.03
** Write stats: 550.003
** Write stats: 555.005
** Write stats: 560.017
** Write stats: 565.001
** Write stats: 570.021
** Write stats: 575.008
** Write stats: 580.022
** Write stats: 585.01
** Write stats: 590.01
** Write stats: 595.014
** Write stats: 598.019
