Arguments passed: ['/mnt/sdb/home/zhonghongzhan/smartbugs/sb/__main__.py', '-t', 'smartcheck', '-f', 'smartbugs-curated/dataset/access_control/arbitrary_location_write_simple.sol', 'smartbugs-curated/dataset/access_control/FibonacciBalance.sol', 'smartbugs-curated/dataset/access_control/incorrect_constructor_name1.sol', 'smartbugs-curated/dataset/access_control/incorrect_constructor_name2.sol', 'smartbugs-curated/dataset/access_control/incorrect_constructor_name3.sol', 'smartbugs-curated/dataset/access_control/mapping_write.sol', 'smartbugs-curated/dataset/access_control/multiowned_vulnerable.sol', 'smartbugs-curated/dataset/access_control/mycontract.sol', 'smartbugs-curated/dataset/access_control/parity_wallet_bug_2.sol', 'smartbugs-curated/dataset/access_control/phishable.sol', 'smartbugs-curated/dataset/access_control/proxy.sol', 'smartbugs-curated/dataset/access_control/rubixi.sol', 'smartbugs-curated/dataset/access_control/simple_suicide.sol', 'smartbugs-curated/dataset/access_control/unprotected0.sol', 'smartbugs-curated/dataset/access_control/wallet_02_refund_nosub.sol', 'smartbugs-curated/dataset/access_control/wallet_03_wrong_constructor.sol', 'smartbugs-curated/dataset/access_control/wallet_04_confused_sign.sol', 'smartbugs-curated/dataset/arithmetic/BECToken.sol', 'smartbugs-curated/dataset/arithmetic/insecure_transfer.sol', 'smartbugs-curated/dataset/arithmetic/integer_overflow_1.sol', 'smartbugs-curated/dataset/arithmetic/integer_overflow_add.sol', 'smartbugs-curated/dataset/arithmetic/integer_overflow_benign_1.sol', 'smartbugs-curated/dataset/arithmetic/integer_overflow_mapping_sym_1.sol', 'smartbugs-curated/dataset/arithmetic/integer_overflow_minimal.sol', 'smartbugs-curated/dataset/arithmetic/integer_overflow_mul.sol', 'smartbugs-curated/dataset/arithmetic/integer_overflow_multitx_multifunc_feasible.sol', 'smartbugs-curated/dataset/arithmetic/integer_overflow_multitx_onefunc_feasible.sol', 'smartbugs-curated/dataset/arithmetic/overflow_simple_add.sol', 'smartbugs-curated/dataset/arithmetic/overflow_single_tx.sol', 'smartbugs-curated/dataset/arithmetic/timelock.sol', 'smartbugs-curated/dataset/arithmetic/tokensalechallenge.sol', 'smartbugs-curated/dataset/arithmetic/token.sol', 'smartbugs-curated/dataset/bad_randomness/blackjack.sol', 'smartbugs-curated/dataset/bad_randomness/etheraffle.sol', 'smartbugs-curated/dataset/bad_randomness/guess_the_random_number.sol', 'smartbugs-curated/dataset/bad_randomness/lottery.sol', 'smartbugs-curated/dataset/bad_randomness/lucky_doubler.sol', 'smartbugs-curated/dataset/bad_randomness/old_blockhash.sol', 'smartbugs-curated/dataset/bad_randomness/random_number_generator.sol', 'smartbugs-curated/dataset/bad_randomness/smart_billions.sol', 'smartbugs-curated/dataset/denial_of_service/auction.sol', 'smartbugs-curated/dataset/denial_of_service/dos_address.sol', 'smartbugs-curated/dataset/denial_of_service/dos_number.sol', 'smartbugs-curated/dataset/denial_of_service/dos_simple.sol', 'smartbugs-curated/dataset/denial_of_service/list_dos.sol', 'smartbugs-curated/dataset/denial_of_service/send_loop.sol', 'smartbugs-curated/dataset/front_running/ERC20.sol', 'smartbugs-curated/dataset/front_running/eth_tx_order_dependence_minimal.sol', 'smartbugs-curated/dataset/front_running/FindThisHash.sol', 'smartbugs-curated/dataset/front_running/odds_and_evens.sol', 'smartbugs-curated/dataset/other/crypto_roulette.sol', 'smartbugs-curated/dataset/other/name_registrar.sol', 'smartbugs-curated/dataset/other/open_address_lottery.sol', 'smartbugs-curated/dataset/reentrancy/0x01f8c4e3fa3edeb29e514cba738d87ce8c091d3f.sol', 'smartbugs-curated/dataset/reentrancy/0x23a91059fdc9579a9fbd0edc5f2ea0bfdb70deb4.sol', 'smartbugs-curated/dataset/reentrancy/0x4320e6f8c05b27ab4707cd1f6d5ce6f3e4b3a5a1.sol', 'smartbugs-curated/dataset/reentrancy/0x4e73b32ed6c35f570686b89848e5f39f20ecc106.sol', 'smartbugs-curated/dataset/reentrancy/0x561eac93c92360949ab1f1403323e6db345cbf31.sol', 'smartbugs-curated/dataset/reentrancy/0x627fa62ccbb1c1b04ffaecd72a53e37fc0e17839.sol', 'smartbugs-curated/dataset/reentrancy/0x7541b76cb60f4c60af330c208b0623b7f54bf615.sol', 'smartbugs-curated/dataset/reentrancy/0x7a8721a9d64c74da899424c1b52acbf58ddc9782.sol', 'smartbugs-curated/dataset/reentrancy/0x7b368c4e805c3870b6c49a3f1f49f69af8662cf3.sol', 'smartbugs-curated/dataset/reentrancy/0x8c7777c45481dba411450c228cb692ac3d550344.sol', 'smartbugs-curated/dataset/reentrancy/0x93c32845fae42c83a70e5f06214c8433665c2ab5.sol', 'smartbugs-curated/dataset/reentrancy/0x941d225236464a25eb18076df7da6a91d0f95e9e.sol', 'smartbugs-curated/dataset/reentrancy/0x96edbe868531bd23a6c05e9d0c424ea64fb1b78b.sol', 'smartbugs-curated/dataset/reentrancy/0xaae1f51cf3339f18b6d3f3bdc75a5facd744b0b8.sol', 'smartbugs-curated/dataset/reentrancy/0xb5e1b1ee15c6fa0e48fce100125569d430f1bd12.sol', 'smartbugs-curated/dataset/reentrancy/0xb93430ce38ac4a6bb47fb1fc085ea669353fd89e.sol', 'smartbugs-curated/dataset/reentrancy/0xbaf51e761510c1a11bf48dd87c0307ac8a8c8a4f.sol', 'smartbugs-curated/dataset/reentrancy/0xbe4041d55db380c5ae9d4a9b9703f1ed4e7e3888.sol', 'smartbugs-curated/dataset/reentrancy/0xcead721ef5b11f1a7b530171aab69b16c5e66b6e.sol', 'smartbugs-curated/dataset/reentrancy/0xf015c35649c82f5467c9c74b7f28ee67665aad68.sol', 'smartbugs-curated/dataset/reentrancy/etherbank.sol', 'smartbugs-curated/dataset/reentrancy/etherstore.sol', 'smartbugs-curated/dataset/reentrancy/modifier_reentrancy.sol', 'smartbugs-curated/dataset/reentrancy/reentrance.sol', 'smartbugs-curated/dataset/reentrancy/reentrancy_bonus.sol', 'smartbugs-curated/dataset/reentrancy/reentrancy_cross_function.sol', 'smartbugs-curated/dataset/reentrancy/reentrancy_dao.sol', 'smartbugs-curated/dataset/reentrancy/reentrancy_insecure.sol', 'smartbugs-curated/dataset/reentrancy/reentrancy_simple.sol', 'smartbugs-curated/dataset/reentrancy/simple_dao.sol', 'smartbugs-curated/dataset/reentrancy/spank_chain_payment.sol', 'smartbugs-curated/dataset/short_addresses/short_address_example.sol', 'smartbugs-curated/dataset/time_manipulation/ether_lotto.sol', 'smartbugs-curated/dataset/time_manipulation/governmental_survey.sol', 'smartbugs-curated/dataset/time_manipulation/lottopollo.sol', 'smartbugs-curated/dataset/time_manipulation/roulette.sol', 'smartbugs-curated/dataset/time_manipulation/timed_crowdsale.sol', 'smartbugs-curated/dataset/unchecked_low_level_calls/0x07f7ecb66d788ab01dc93b9b71a88401de7d0f2e.sol', 'smartbugs-curated/dataset/unchecked_low_level_calls/0x0cbe050f75bc8f8c2d6c0d249fea125fd6e1acc9.sol', 'smartbugs-curated/dataset/unchecked_low_level_calls/0x19cf8481ea15427a98ba3cdd6d9e14690011ab10.sol', 'smartbugs-curated/dataset/unchecked_low_level_calls/0x2972d548497286d18e92b5fa1f8f9139e5653fd2.sol', 'smartbugs-curated/dataset/unchecked_low_level_calls/0x39cfd754c85023648bf003bea2dd498c5612abfa.sol', 'smartbugs-curated/dataset/unchecked_low_level_calls/0x3a0e9acd953ffc0dd18d63603488846a6b8b2b01.sol', 'smartbugs-curated/dataset/unchecked_low_level_calls/0x3e013fc32a54c4c5b6991ba539dcd0ec4355c859.sol', 'smartbugs-curated/dataset/unchecked_low_level_calls/0x3f2ef511aa6e75231e4deafc7a3d2ecab3741de2.sol', 'smartbugs-curated/dataset/unchecked_low_level_calls/0x4051334adc52057aca763453820cb0e045076ef3.sol', 'smartbugs-curated/dataset/unchecked_low_level_calls/0x4a66ad0bca2d700f11e1f2fc2c106f7d3264504c.sol', 'smartbugs-curated/dataset/unchecked_low_level_calls/0x4b71ad9c1a84b9b643aa54fdd66e2dec96e8b152.sol', 'smartbugs-curated/dataset/unchecked_low_level_calls/0x524960d55174d912768678d8c606b4d50b79d7b1.sol', 'smartbugs-curated/dataset/unchecked_low_level_calls/0x52d2e0f9b01101a59b38a3d05c80b7618aeed984.sol', 'smartbugs-curated/dataset/unchecked_low_level_calls/0x5aa88d2901c68fda244f1d0584400368d2c8e739.sol', 'smartbugs-curated/dataset/unchecked_low_level_calls/0x610495793564aed0f9c7fc48dc4c7c9151d34fd6.sol', 'smartbugs-curated/dataset/unchecked_low_level_calls/0x627fa62ccbb1c1b04ffaecd72a53e37fc0e17839.sol', 'smartbugs-curated/dataset/unchecked_low_level_calls/0x663e4229142a27f00bafb5d087e1e730648314c3.sol', 'smartbugs-curated/dataset/unchecked_low_level_calls/0x70f9eddb3931491aab1aeafbc1e7f1ca2a012db4.sol', 'smartbugs-curated/dataset/unchecked_low_level_calls/0x78c2a1e91b52bca4130b6ed9edd9fbcfd4671c37.sol', 'smartbugs-curated/dataset/unchecked_low_level_calls/0x7a4349a749e59a5736efb7826ee3496a2dfd5489.sol', 'smartbugs-curated/dataset/unchecked_low_level_calls/0x7d09edb07d23acb532a82be3da5c17d9d85806b4.sol', 'smartbugs-curated/dataset/unchecked_low_level_calls/0x806a6bd219f162442d992bdc4ee6eba1f2c5a707.sol', 'smartbugs-curated/dataset/unchecked_low_level_calls/0x84d9ec85c9c568eb332b7226a8f826d897e0a4a8.sol', 'smartbugs-curated/dataset/unchecked_low_level_calls/0x89c1b3807d4c67df034fffb62f3509561218d30b.sol', 'smartbugs-curated/dataset/unchecked_low_level_calls/0x8fd1e427396ddb511533cf9abdbebd0a7e08da35.sol', 'smartbugs-curated/dataset/unchecked_low_level_calls/0x958a8f594101d2c0485a52319f29b2647f2ebc06.sol', 'smartbugs-curated/dataset/unchecked_low_level_calls/0x9d06cbafa865037a01d322d3f4222fa3e04e5488.sol', 'smartbugs-curated/dataset/unchecked_low_level_calls/0xa1fceeff3acc57d257b917e30c4df661401d6431.sol', 'smartbugs-curated/dataset/unchecked_low_level_calls/0xa46edd6a9a93feec36576ee5048146870ea2c3ae.sol', 'smartbugs-curated/dataset/unchecked_low_level_calls/0xb0510d68f210b7db66e8c7c814f22680f2b8d1d6.sol', 'smartbugs-curated/dataset/unchecked_low_level_calls/0xb11b2fed6c9354f7aa2f658d3b4d7b31d8a13b77.sol', 'smartbugs-curated/dataset/unchecked_low_level_calls/0xb37f18af15bafb869a065b61fc83cfc44ed9cc27.sol', 'smartbugs-curated/dataset/unchecked_low_level_calls/0xb620cee6b52f96f3c6b253e6eea556aa2d214a99.sol', 'smartbugs-curated/dataset/unchecked_low_level_calls/0xb7c5c5aa4d42967efe906e1b66cb8df9cebf04f7.sol', 'smartbugs-curated/dataset/unchecked_low_level_calls/0xbaa3de6504690efb064420d89e871c27065cdd52.sol', 'smartbugs-curated/dataset/unchecked_low_level_calls/0xbebbfe5b549f5db6e6c78ca97cac19d1fb03082c.sol', 'smartbugs-curated/dataset/unchecked_low_level_calls/0xd2018bfaa266a9ec0a1a84b061640faa009def76.sol', 'smartbugs-curated/dataset/unchecked_low_level_calls/0xd5967fed03e85d1cce44cab284695b41bc675b5c.sol', 'smartbugs-curated/dataset/unchecked_low_level_calls/0xdb1c55f6926e7d847ddf8678905ad871a68199d2.sol', 'smartbugs-curated/dataset/unchecked_low_level_calls/0xe09b1ab8111c2729a76f16de96bc86a7af837928.sol', 'smartbugs-curated/dataset/unchecked_low_level_calls/0xe4eabdca81e31d9acbc4af76b30f532b6ed7f3bf.sol', 'smartbugs-curated/dataset/unchecked_low_level_calls/0xe82f0742a71a02b9e9ffc142fdcb6eb1ed06fb87.sol', 'smartbugs-curated/dataset/unchecked_low_level_calls/0xe894d54dca59cb53fe9cbc5155093605c7068220.sol', 'smartbugs-curated/dataset/unchecked_low_level_calls/0xec329ffc97d75fe03428ae155fc7793431487f63.sol', 'smartbugs-curated/dataset/unchecked_low_level_calls/0xf2570186500a46986f3139f65afedc2afe4f445d.sol', 'smartbugs-curated/dataset/unchecked_low_level_calls/0xf29ebe930a539a60279ace72c707cba851a57707.sol', 'smartbugs-curated/dataset/unchecked_low_level_calls/0xf70d589d76eebdd7c12cc5eec99f8f6fa4233b9e.sol', 'smartbugs-curated/dataset/unchecked_low_level_calls/etherpot_lotto.sol', 'smartbugs-curated/dataset/unchecked_low_level_calls/king_of_the_ether_throne.sol', 'smartbugs-curated/dataset/unchecked_low_level_calls/lotto.sol', 'smartbugs-curated/dataset/unchecked_low_level_calls/mishandled.sol', 'smartbugs-curated/dataset/unchecked_low_level_calls/unchecked_return_value.sol', '--processes', '20', '--timeout', '600']
Settings: {files: [(None, 'smartbugs-curated/dataset/access_control/arbitrary_location_write_simple.sol'), (None, 'smartbugs-curated/dataset/access_control/FibonacciBalance.sol'), (None, 'smartbugs-curated/dataset/access_control/incorrect_constructor_name1.sol'), (None, 'smartbugs-curated/dataset/access_control/incorrect_constructor_name2.sol'), (None, 'smartbugs-curated/dataset/access_control/incorrect_constructor_name3.sol'), (None, 'smartbugs-curated/dataset/access_control/mapping_write.sol'), (None, 'smartbugs-curated/dataset/access_control/multiowned_vulnerable.sol'), (None, 'smartbugs-curated/dataset/access_control/mycontract.sol'), (None, 'smartbugs-curated/dataset/access_control/parity_wallet_bug_2.sol'), (None, 'smartbugs-curated/dataset/access_control/phishable.sol'), (None, 'smartbugs-curated/dataset/access_control/proxy.sol'), (None, 'smartbugs-curated/dataset/access_control/rubixi.sol'), (None, 'smartbugs-curated/dataset/access_control/simple_suicide.sol'), (None, 'smartbugs-curated/dataset/access_control/unprotected0.sol'), (None, 'smartbugs-curated/dataset/access_control/wallet_02_refund_nosub.sol'), (None, 'smartbugs-curated/dataset/access_control/wallet_03_wrong_constructor.sol'), (None, 'smartbugs-curated/dataset/access_control/wallet_04_confused_sign.sol'), (None, 'smartbugs-curated/dataset/arithmetic/BECToken.sol'), (None, 'smartbugs-curated/dataset/arithmetic/insecure_transfer.sol'), (None, 'smartbugs-curated/dataset/arithmetic/integer_overflow_1.sol'), (None, 'smartbugs-curated/dataset/arithmetic/integer_overflow_add.sol'), (None, 'smartbugs-curated/dataset/arithmetic/integer_overflow_benign_1.sol'), (None, 'smartbugs-curated/dataset/arithmetic/integer_overflow_mapping_sym_1.sol'), (None, 'smartbugs-curated/dataset/arithmetic/integer_overflow_minimal.sol'), (None, 'smartbugs-curated/dataset/arithmetic/integer_overflow_mul.sol'), (None, 'smartbugs-curated/dataset/arithmetic/integer_overflow_multitx_multifunc_feasible.sol'), (None, 'smartbugs-curated/dataset/arithmetic/integer_overflow_multitx_onefunc_feasible.sol'), (None, 'smartbugs-curated/dataset/arithmetic/overflow_simple_add.sol'), (None, 'smartbugs-curated/dataset/arithmetic/overflow_single_tx.sol'), (None, 'smartbugs-curated/dataset/arithmetic/timelock.sol'), (None, 'smartbugs-curated/dataset/arithmetic/tokensalechallenge.sol'), (None, 'smartbugs-curated/dataset/arithmetic/token.sol'), (None, 'smartbugs-curated/dataset/bad_randomness/blackjack.sol'), (None, 'smartbugs-curated/dataset/bad_randomness/etheraffle.sol'), (None, 'smartbugs-curated/dataset/bad_randomness/guess_the_random_number.sol'), (None, 'smartbugs-curated/dataset/bad_randomness/lottery.sol'), (None, 'smartbugs-curated/dataset/bad_randomness/lucky_doubler.sol'), (None, 'smartbugs-curated/dataset/bad_randomness/old_blockhash.sol'), (None, 'smartbugs-curated/dataset/bad_randomness/random_number_generator.sol'), (None, 'smartbugs-curated/dataset/bad_randomness/smart_billions.sol'), (None, 'smartbugs-curated/dataset/denial_of_service/auction.sol'), (None, 'smartbugs-curated/dataset/denial_of_service/dos_address.sol'), (None, 'smartbugs-curated/dataset/denial_of_service/dos_number.sol'), (None, 'smartbugs-curated/dataset/denial_of_service/dos_simple.sol'), (None, 'smartbugs-curated/dataset/denial_of_service/list_dos.sol'), (None, 'smartbugs-curated/dataset/denial_of_service/send_loop.sol'), (None, 'smartbugs-curated/dataset/front_running/ERC20.sol'), (None, 'smartbugs-curated/dataset/front_running/eth_tx_order_dependence_minimal.sol'), (None, 'smartbugs-curated/dataset/front_running/FindThisHash.sol'), (None, 'smartbugs-curated/dataset/front_running/odds_and_evens.sol'), (None, 'smartbugs-curated/dataset/other/crypto_roulette.sol'), (None, 'smartbugs-curated/dataset/other/name_registrar.sol'), (None, 'smartbugs-curated/dataset/other/open_address_lottery.sol'), (None, 'smartbugs-curated/dataset/reentrancy/0x01f8c4e3fa3edeb29e514cba738d87ce8c091d3f.sol'), (None, 'smartbugs-curated/dataset/reentrancy/0x23a91059fdc9579a9fbd0edc5f2ea0bfdb70deb4.sol'), (None, 'smartbugs-curated/dataset/reentrancy/0x4320e6f8c05b27ab4707cd1f6d5ce6f3e4b3a5a1.sol'), (None, 'smartbugs-curated/dataset/reentrancy/0x4e73b32ed6c35f570686b89848e5f39f20ecc106.sol'), (None, 'smartbugs-curated/dataset/reentrancy/0x561eac93c92360949ab1f1403323e6db345cbf31.sol'), (None, 'smartbugs-curated/dataset/reentrancy/0x627fa62ccbb1c1b04ffaecd72a53e37fc0e17839.sol'), (None, 'smartbugs-curated/dataset/reentrancy/0x7541b76cb60f4c60af330c208b0623b7f54bf615.sol'), (None, 'smartbugs-curated/dataset/reentrancy/0x7a8721a9d64c74da899424c1b52acbf58ddc9782.sol'), (None, 'smartbugs-curated/dataset/reentrancy/0x7b368c4e805c3870b6c49a3f1f49f69af8662cf3.sol'), (None, 'smartbugs-curated/dataset/reentrancy/0x8c7777c45481dba411450c228cb692ac3d550344.sol'), (None, 'smartbugs-curated/dataset/reentrancy/0x93c32845fae42c83a70e5f06214c8433665c2ab5.sol'), (None, 'smartbugs-curated/dataset/reentrancy/0x941d225236464a25eb18076df7da6a91d0f95e9e.sol'), (None, 'smartbugs-curated/dataset/reentrancy/0x96edbe868531bd23a6c05e9d0c424ea64fb1b78b.sol'), (None, 'smartbugs-curated/dataset/reentrancy/0xaae1f51cf3339f18b6d3f3bdc75a5facd744b0b8.sol'), (None, 'smartbugs-curated/dataset/reentrancy/0xb5e1b1ee15c6fa0e48fce100125569d430f1bd12.sol'), (None, 'smartbugs-curated/dataset/reentrancy/0xb93430ce38ac4a6bb47fb1fc085ea669353fd89e.sol'), (None, 'smartbugs-curated/dataset/reentrancy/0xbaf51e761510c1a11bf48dd87c0307ac8a8c8a4f.sol'), (None, 'smartbugs-curated/dataset/reentrancy/0xbe4041d55db380c5ae9d4a9b9703f1ed4e7e3888.sol'), (None, 'smartbugs-curated/dataset/reentrancy/0xcead721ef5b11f1a7b530171aab69b16c5e66b6e.sol'), (None, 'smartbugs-curated/dataset/reentrancy/0xf015c35649c82f5467c9c74b7f28ee67665aad68.sol'), (None, 'smartbugs-curated/dataset/reentrancy/etherbank.sol'), (None, 'smartbugs-curated/dataset/reentrancy/etherstore.sol'), (None, 'smartbugs-curated/dataset/reentrancy/modifier_reentrancy.sol'), (None, 'smartbugs-curated/dataset/reentrancy/reentrance.sol'), (None, 'smartbugs-curated/dataset/reentrancy/reentrancy_bonus.sol'), (None, 'smartbugs-curated/dataset/reentrancy/reentrancy_cross_function.sol'), (None, 'smartbugs-curated/dataset/reentrancy/reentrancy_dao.sol'), (None, 'smartbugs-curated/dataset/reentrancy/reentrancy_insecure.sol'), (None, 'smartbugs-curated/dataset/reentrancy/reentrancy_simple.sol'), (None, 'smartbugs-curated/dataset/reentrancy/simple_dao.sol'), (None, 'smartbugs-curated/dataset/reentrancy/spank_chain_payment.sol'), (None, 'smartbugs-curated/dataset/short_addresses/short_address_example.sol'), (None, 'smartbugs-curated/dataset/time_manipulation/ether_lotto.sol'), (None, 'smartbugs-curated/dataset/time_manipulation/governmental_survey.sol'), (None, 'smartbugs-curated/dataset/time_manipulation/lottopollo.sol'), (None, 'smartbugs-curated/dataset/time_manipulation/roulette.sol'), (None, 'smartbugs-curated/dataset/time_manipulation/timed_crowdsale.sol'), (None, 'smartbugs-curated/dataset/unchecked_low_level_calls/0x07f7ecb66d788ab01dc93b9b71a88401de7d0f2e.sol'), (None, 'smartbugs-curated/dataset/unchecked_low_level_calls/0x0cbe050f75bc8f8c2d6c0d249fea125fd6e1acc9.sol'), (None, 'smartbugs-curated/dataset/unchecked_low_level_calls/0x19cf8481ea15427a98ba3cdd6d9e14690011ab10.sol'), (None, 'smartbugs-curated/dataset/unchecked_low_level_calls/0x2972d548497286d18e92b5fa1f8f9139e5653fd2.sol'), (None, 'smartbugs-curated/dataset/unchecked_low_level_calls/0x39cfd754c85023648bf003bea2dd498c5612abfa.sol'), (None, 'smartbugs-curated/dataset/unchecked_low_level_calls/0x3a0e9acd953ffc0dd18d63603488846a6b8b2b01.sol'), (None, 'smartbugs-curated/dataset/unchecked_low_level_calls/0x3e013fc32a54c4c5b6991ba539dcd0ec4355c859.sol'), (None, 'smartbugs-curated/dataset/unchecked_low_level_calls/0x3f2ef511aa6e75231e4deafc7a3d2ecab3741de2.sol'), (None, 'smartbugs-curated/dataset/unchecked_low_level_calls/0x4051334adc52057aca763453820cb0e045076ef3.sol'), (None, 'smartbugs-curated/dataset/unchecked_low_level_calls/0x4a66ad0bca2d700f11e1f2fc2c106f7d3264504c.sol'), (None, 'smartbugs-curated/dataset/unchecked_low_level_calls/0x4b71ad9c1a84b9b643aa54fdd66e2dec96e8b152.sol'), (None, 'smartbugs-curated/dataset/unchecked_low_level_calls/0x524960d55174d912768678d8c606b4d50b79d7b1.sol'), (None, 'smartbugs-curated/dataset/unchecked_low_level_calls/0x52d2e0f9b01101a59b38a3d05c80b7618aeed984.sol'), (None, 'smartbugs-curated/dataset/unchecked_low_level_calls/0x5aa88d2901c68fda244f1d0584400368d2c8e739.sol'), (None, 'smartbugs-curated/dataset/unchecked_low_level_calls/0x610495793564aed0f9c7fc48dc4c7c9151d34fd6.sol'), (None, 'smartbugs-curated/dataset/unchecked_low_level_calls/0x627fa62ccbb1c1b04ffaecd72a53e37fc0e17839.sol'), (None, 'smartbugs-curated/dataset/unchecked_low_level_calls/0x663e4229142a27f00bafb5d087e1e730648314c3.sol'), (None, 'smartbugs-curated/dataset/unchecked_low_level_calls/0x70f9eddb3931491aab1aeafbc1e7f1ca2a012db4.sol'), (None, 'smartbugs-curated/dataset/unchecked_low_level_calls/0x78c2a1e91b52bca4130b6ed9edd9fbcfd4671c37.sol'), (None, 'smartbugs-curated/dataset/unchecked_low_level_calls/0x7a4349a749e59a5736efb7826ee3496a2dfd5489.sol'), (None, 'smartbugs-curated/dataset/unchecked_low_level_calls/0x7d09edb07d23acb532a82be3da5c17d9d85806b4.sol'), (None, 'smartbugs-curated/dataset/unchecked_low_level_calls/0x806a6bd219f162442d992bdc4ee6eba1f2c5a707.sol'), (None, 'smartbugs-curated/dataset/unchecked_low_level_calls/0x84d9ec85c9c568eb332b7226a8f826d897e0a4a8.sol'), (None, 'smartbugs-curated/dataset/unchecked_low_level_calls/0x89c1b3807d4c67df034fffb62f3509561218d30b.sol'), (None, 'smartbugs-curated/dataset/unchecked_low_level_calls/0x8fd1e427396ddb511533cf9abdbebd0a7e08da35.sol'), (None, 'smartbugs-curated/dataset/unchecked_low_level_calls/0x958a8f594101d2c0485a52319f29b2647f2ebc06.sol'), (None, 'smartbugs-curated/dataset/unchecked_low_level_calls/0x9d06cbafa865037a01d322d3f4222fa3e04e5488.sol'), (None, 'smartbugs-curated/dataset/unchecked_low_level_calls/0xa1fceeff3acc57d257b917e30c4df661401d6431.sol'), (None, 'smartbugs-curated/dataset/unchecked_low_level_calls/0xa46edd6a9a93feec36576ee5048146870ea2c3ae.sol'), (None, 'smartbugs-curated/dataset/unchecked_low_level_calls/0xb0510d68f210b7db66e8c7c814f22680f2b8d1d6.sol'), (None, 'smartbugs-curated/dataset/unchecked_low_level_calls/0xb11b2fed6c9354f7aa2f658d3b4d7b31d8a13b77.sol'), (None, 'smartbugs-curated/dataset/unchecked_low_level_calls/0xb37f18af15bafb869a065b61fc83cfc44ed9cc27.sol'), (None, 'smartbugs-curated/dataset/unchecked_low_level_calls/0xb620cee6b52f96f3c6b253e6eea556aa2d214a99.sol'), (None, 'smartbugs-curated/dataset/unchecked_low_level_calls/0xb7c5c5aa4d42967efe906e1b66cb8df9cebf04f7.sol'), (None, 'smartbugs-curated/dataset/unchecked_low_level_calls/0xbaa3de6504690efb064420d89e871c27065cdd52.sol'), (None, 'smartbugs-curated/dataset/unchecked_low_level_calls/0xbebbfe5b549f5db6e6c78ca97cac19d1fb03082c.sol'), (None, 'smartbugs-curated/dataset/unchecked_low_level_calls/0xd2018bfaa266a9ec0a1a84b061640faa009def76.sol'), (None, 'smartbugs-curated/dataset/unchecked_low_level_calls/0xd5967fed03e85d1cce44cab284695b41bc675b5c.sol'), (None, 'smartbugs-curated/dataset/unchecked_low_level_calls/0xdb1c55f6926e7d847ddf8678905ad871a68199d2.sol'), (None, 'smartbugs-curated/dataset/unchecked_low_level_calls/0xe09b1ab8111c2729a76f16de96bc86a7af837928.sol'), (None, 'smartbugs-curated/dataset/unchecked_low_level_calls/0xe4eabdca81e31d9acbc4af76b30f532b6ed7f3bf.sol'), (None, 'smartbugs-curated/dataset/unchecked_low_level_calls/0xe82f0742a71a02b9e9ffc142fdcb6eb1ed06fb87.sol'), (None, 'smartbugs-curated/dataset/unchecked_low_level_calls/0xe894d54dca59cb53fe9cbc5155093605c7068220.sol'), (None, 'smartbugs-curated/dataset/unchecked_low_level_calls/0xec329ffc97d75fe03428ae155fc7793431487f63.sol'), (None, 'smartbugs-curated/dataset/unchecked_low_level_calls/0xf2570186500a46986f3139f65afedc2afe4f445d.sol'), (None, 'smartbugs-curated/dataset/unchecked_low_level_calls/0xf29ebe930a539a60279ace72c707cba851a57707.sol'), (None, 'smartbugs-curated/dataset/unchecked_low_level_calls/0xf70d589d76eebdd7c12cc5eec99f8f6fa4233b9e.sol'), (None, 'smartbugs-curated/dataset/unchecked_low_level_calls/etherpot_lotto.sol'), (None, 'smartbugs-curated/dataset/unchecked_low_level_calls/king_of_the_ether_throne.sol'), (None, 'smartbugs-curated/dataset/unchecked_low_level_calls/lotto.sol'), (None, 'smartbugs-curated/dataset/unchecked_low_level_calls/mishandled.sol'), (None, 'smartbugs-curated/dataset/unchecked_low_level_calls/unchecked_return_value.sol')], main: False, runtime: False, tools: ['smartcheck'], runid: 20241221_0714, overwrite: False, processes: 20, timeout: 600, cpu_quota: None, mem_limit: None, results: results/${TOOL}/20241221_0714/${FILENAME}, log: results/logs/20241221_0714.log, json: False, sarif: False, quiet: False}
1 collision(s) of result directories resolved.
Starting task 1/142: smartcheck and smartbugs-curated/dataset/unchecked_low_level_calls/0xb7c5c5aa4d42967efe906e1b66cb8df9cebf04f7.sol
Starting task 2/142: smartcheck and smartbugs-curated/dataset/bad_randomness/lucky_doubler.sol
Starting task 3/142: smartcheck and smartbugs-curated/dataset/arithmetic/timelock.sol
Starting task 4/142: smartcheck and smartbugs-curated/dataset/arithmetic/integer_overflow_benign_1.sol
Starting task 5/142: smartcheck and smartbugs-curated/dataset/arithmetic/overflow_simple_add.sol
Starting task 6/142: smartcheck and smartbugs-curated/dataset/access_control/mapping_write.sol
Starting task 7/142: smartcheck and smartbugs-curated/dataset/reentrancy/reentrancy_simple.sol
Starting task 8/142: smartcheck and smartbugs-curated/dataset/unchecked_low_level_calls/0xbebbfe5b549f5db6e6c78ca97cac19d1fb03082c.sol
Starting task 9/142: smartcheck and smartbugs-curated/dataset/unchecked_low_level_calls/0x84d9ec85c9c568eb332b7226a8f826d897e0a4a8.sol
Starting task 10/142: smartcheck and smartbugs-curated/dataset/unchecked_low_level_calls/0x70f9eddb3931491aab1aeafbc1e7f1ca2a012db4.sol
Starting task 11/142: smartcheck and smartbugs-curated/dataset/reentrancy/0x561eac93c92360949ab1f1403323e6db345cbf31.sol
Starting task 12/142: smartcheck and smartbugs-curated/dataset/unchecked_low_level_calls/0x3f2ef511aa6e75231e4deafc7a3d2ecab3741de2.sol
Starting task 14/142: smartcheck and smartbugs-curated/dataset/reentrancy/0x7b368c4e805c3870b6c49a3f1f49f69af8662cf3.sol
Starting task 13/142: smartcheck and smartbugs-curated/dataset/unchecked_low_level_calls/0x806a6bd219f162442d992bdc4ee6eba1f2c5a707.sol
Starting task 15/142: smartcheck and smartbugs-curated/dataset/unchecked_low_level_calls/0x524960d55174d912768678d8c606b4d50b79d7b1.sol
Starting task 16/142: smartcheck and smartbugs-curated/dataset/unchecked_low_level_calls/0x3e013fc32a54c4c5b6991ba539dcd0ec4355c859.sol
Starting task 17/142: smartcheck and smartbugs-curated/dataset/unchecked_low_level_calls/0x958a8f594101d2c0485a52319f29b2647f2ebc06.sol
Starting task 18/142: smartcheck and smartbugs-curated/dataset/access_control/unprotected0.sol
Starting task 19/142: smartcheck and smartbugs-curated/dataset/reentrancy/0x4320e6f8c05b27ab4707cd1f6d5ce6f3e4b3a5a1.sol
Starting task 20/142: smartcheck and smartbugs-curated/dataset/other/name_registrar.sol
Starting task 21/142: smartcheck and smartbugs-curated/dataset/arithmetic/integer_overflow_mul.sol
Starting task 22/142: smartcheck and smartbugs-curated/dataset/bad_randomness/smart_billions.sol
Starting task 23/142: smartcheck and smartbugs-curated/dataset/arithmetic/integer_overflow_multitx_onefunc_feasible.sol
Starting task 24/142: smartcheck and smartbugs-curated/dataset/reentrancy/spank_chain_payment.sol
Starting task 25/142: smartcheck and smartbugs-curated/dataset/arithmetic/overflow_single_tx.sol
Starting task 26/142: smartcheck and smartbugs-curated/dataset/bad_randomness/lottery.sol
Starting task 27/142: smartcheck and smartbugs-curated/dataset/bad_randomness/etheraffle.sol
Starting task 28/142: smartcheck and smartbugs-curated/dataset/reentrancy/0xb93430ce38ac4a6bb47fb1fc085ea669353fd89e.sol
Starting task 29/142: smartcheck and smartbugs-curated/dataset/unchecked_low_level_calls/0x7a4349a749e59a5736efb7826ee3496a2dfd5489.sol
Starting task 30/142: smartcheck and smartbugs-curated/dataset/bad_randomness/blackjack.sol
Starting task 31/142: smartcheck and smartbugs-curated/dataset/denial_of_service/auction.sol
Starting task 32/142: smartcheck and smartbugs-curated/dataset/time_manipulation/lottopollo.sol
Starting task 33/142: smartcheck and smartbugs-curated/dataset/access_control/mycontract.sol
Starting task 34/142: smartcheck and smartbugs-curated/dataset/reentrancy/0x23a91059fdc9579a9fbd0edc5f2ea0bfdb70deb4.sol
Starting task 35/142: smartcheck and smartbugs-curated/dataset/denial_of_service/dos_number.sol
Starting task 36/142: smartcheck and smartbugs-curated/dataset/unchecked_low_level_calls/0x7d09edb07d23acb532a82be3da5c17d9d85806b4.sol
Starting task 37/142: smartcheck and smartbugs-curated/dataset/denial_of_service/list_dos.sol
Starting task 38/142: smartcheck and smartbugs-curated/dataset/reentrancy/modifier_reentrancy.sol
Starting task 39/142: smartcheck and smartbugs-curated/dataset/reentrancy/simple_dao.sol
Starting task 40/142: smartcheck and smartbugs-curated/dataset/unchecked_low_level_calls/etherpot_lotto.sol
Starting task 41/142: smartcheck and smartbugs-curated/dataset/unchecked_low_level_calls/0xa46edd6a9a93feec36576ee5048146870ea2c3ae.sol
Starting task 42/142: smartcheck and smartbugs-curated/dataset/arithmetic/insecure_transfer.sol
Starting task 43/142: smartcheck and smartbugs-curated/dataset/access_control/wallet_04_confused_sign.sol
Starting task 44/142: smartcheck and smartbugs-curated/dataset/unchecked_low_level_calls/0x07f7ecb66d788ab01dc93b9b71a88401de7d0f2e.sol
Starting task 45/142: smartcheck and smartbugs-curated/dataset/arithmetic/token.sol
Starting task 46/142: smartcheck and smartbugs-curated/dataset/unchecked_low_level_calls/0xec329ffc97d75fe03428ae155fc7793431487f63.sol
Starting task 47/142: smartcheck and smartbugs-curated/dataset/unchecked_low_level_calls/0xd5967fed03e85d1cce44cab284695b41bc675b5c.sol
Starting task 48/142: smartcheck and smartbugs-curated/dataset/reentrancy/0x8c7777c45481dba411450c228cb692ac3d550344.sol
Starting task 49/142: smartcheck and smartbugs-curated/dataset/unchecked_low_level_calls/0xd2018bfaa266a9ec0a1a84b061640faa009def76.sol
Starting task 50/142: smartcheck and smartbugs-curated/dataset/front_running/FindThisHash.sol
Starting task 51/142: smartcheck and smartbugs-curated/dataset/reentrancy/0xaae1f51cf3339f18b6d3f3bdc75a5facd744b0b8.sol
Starting task 52/142: smartcheck and smartbugs-curated/dataset/unchecked_low_level_calls/unchecked_return_value.sol
Starting task 53/142: smartcheck and smartbugs-curated/dataset/bad_randomness/random_number_generator.sol
Starting task 54/142: smartcheck and smartbugs-curated/dataset/unchecked_low_level_calls/king_of_the_ether_throne.sol
Starting task 55/142: smartcheck and smartbugs-curated/dataset/reentrancy/etherstore.sol
Starting task 56/142: smartcheck and smartbugs-curated/dataset/reentrancy/reentrance.sol
Starting task 57/142: smartcheck and smartbugs-curated/dataset/unchecked_low_level_calls/0xf29ebe930a539a60279ace72c707cba851a57707.sol
Starting task 58/142: smartcheck and smartbugs-curated/dataset/front_running/eth_tx_order_dependence_minimal.sol
Starting task 59/142: smartcheck and smartbugs-curated/dataset/reentrancy/0x7a8721a9d64c74da899424c1b52acbf58ddc9782.sol
Starting task 60/142: smartcheck and smartbugs-curated/dataset/unchecked_low_level_calls/0x627fa62ccbb1c1b04ffaecd72a53e37fc0e17839.sol
Starting task 61/142: smartcheck and smartbugs-curated/dataset/access_control/incorrect_constructor_name2.sol
Starting task 62/142: smartcheck and smartbugs-curated/dataset/reentrancy/0xbaf51e761510c1a11bf48dd87c0307ac8a8c8a4f.sol
Starting task 63/142: smartcheck and smartbugs-curated/dataset/reentrancy/etherbank.sol
Starting task 64/142: smartcheck and smartbugs-curated/dataset/unchecked_low_level_calls/0x4b71ad9c1a84b9b643aa54fdd66e2dec96e8b152.sol
Starting task 65/142: smartcheck and smartbugs-curated/dataset/denial_of_service/dos_address.sol
Starting task 66/142: smartcheck and smartbugs-curated/dataset/denial_of_service/send_loop.sol
Starting task 67/142: smartcheck and smartbugs-curated/dataset/short_addresses/short_address_example.sol
Starting task 68/142: smartcheck and smartbugs-curated/dataset/unchecked_low_level_calls/0xb37f18af15bafb869a065b61fc83cfc44ed9cc27.sol
Starting task 69/142: smartcheck and smartbugs-curated/dataset/time_manipulation/governmental_survey.sol
Starting task 70/142: smartcheck and smartbugs-curated/dataset/time_manipulation/roulette.sol
Starting task 71/142: smartcheck and smartbugs-curated/dataset/unchecked_low_level_calls/0x3a0e9acd953ffc0dd18d63603488846a6b8b2b01.sol
Starting task 72/142: smartcheck and smartbugs-curated/dataset/reentrancy/0x7541b76cb60f4c60af330c208b0623b7f54bf615.sol
Starting task 73/142: smartcheck and smartbugs-curated/dataset/access_control/wallet_03_wrong_constructor.sol
Starting task 74/142: smartcheck and smartbugs-curated/dataset/access_control/wallet_02_refund_nosub.sol
Starting task 75/142: smartcheck and smartbugs-curated/dataset/reentrancy/0x4e73b32ed6c35f570686b89848e5f39f20ecc106.sol
Starting task 76/142: smartcheck and smartbugs-curated/dataset/unchecked_low_level_calls/0xe09b1ab8111c2729a76f16de96bc86a7af837928.sol
Starting task 77/142: smartcheck and smartbugs-curated/dataset/unchecked_low_level_calls/0x39cfd754c85023648bf003bea2dd498c5612abfa.sol
Starting task 78/142: smartcheck and smartbugs-curated/dataset/access_control/proxy.sol
Starting task 79/142: smartcheck and smartbugs-curated/dataset/access_control/arbitrary_location_write_simple.sol
Starting task 80/142: smartcheck and smartbugs-curated/dataset/unchecked_low_level_calls/0xe82f0742a71a02b9e9ffc142fdcb6eb1ed06fb87.sol
Starting task 81/142: smartcheck and smartbugs-curated/dataset/reentrancy/reentrancy_insecure.sol
Starting task 82/142: smartcheck and smartbugs-curated/dataset/unchecked_low_level_calls/0xe894d54dca59cb53fe9cbc5155093605c7068220.sol
Starting task 83/142: smartcheck and smartbugs-curated/dataset/unchecked_low_level_calls/0x0cbe050f75bc8f8c2d6c0d249fea125fd6e1acc9.sol
Starting task 84/142: smartcheck and smartbugs-curated/dataset/access_control/phishable.sol
Starting task 85/142: smartcheck and smartbugs-curated/dataset/unchecked_low_level_calls/0xb0510d68f210b7db66e8c7c814f22680f2b8d1d6.sol
Starting task 86/142: smartcheck and smartbugs-curated/dataset/unchecked_low_level_calls/0x9d06cbafa865037a01d322d3f4222fa3e04e5488.sol
Starting task 87/142: smartcheck and smartbugs-curated/dataset/arithmetic/integer_overflow_mapping_sym_1.sol
Starting task 88/142: smartcheck and smartbugs-curated/dataset/unchecked_low_level_calls/0x89c1b3807d4c67df034fffb62f3509561218d30b.sol
Starting task 89/142: smartcheck and smartbugs-curated/dataset/unchecked_low_level_calls/0xe4eabdca81e31d9acbc4af76b30f532b6ed7f3bf.sol
Starting task 90/142: smartcheck and smartbugs-curated/dataset/time_manipulation/timed_crowdsale.sol
Starting task 91/142: smartcheck and smartbugs-curated/dataset/reentrancy/reentrancy_bonus.sol
Starting task 92/142: smartcheck and smartbugs-curated/dataset/unchecked_low_level_calls/0xf2570186500a46986f3139f65afedc2afe4f445d.sol
Starting task 93/142: smartcheck and smartbugs-curated/dataset/reentrancy/0xf015c35649c82f5467c9c74b7f28ee67665aad68.sol
Starting task 94/142: smartcheck and smartbugs-curated/dataset/access_control/incorrect_constructor_name1.sol
Starting task 95/142: smartcheck and smartbugs-curated/dataset/unchecked_low_level_calls/mishandled.sol
Starting task 96/142: smartcheck and smartbugs-curated/dataset/other/crypto_roulette.sol
Starting task 97/142: smartcheck and smartbugs-curated/dataset/reentrancy/0xcead721ef5b11f1a7b530171aab69b16c5e66b6e.sol
Starting task 98/142: smartcheck and smartbugs-curated/dataset/unchecked_low_level_calls/0x610495793564aed0f9c7fc48dc4c7c9151d34fd6.sol
Starting task 99/142: smartcheck and smartbugs-curated/dataset/arithmetic/integer_overflow_1.sol
Starting task 100/142: smartcheck and smartbugs-curated/dataset/bad_randomness/old_blockhash.sol
Starting task 101/142: smartcheck and smartbugs-curated/dataset/front_running/odds_and_evens.sol
Starting task 102/142: smartcheck and smartbugs-curated/dataset/reentrancy/0x01f8c4e3fa3edeb29e514cba738d87ce8c091d3f.sol
Starting task 103/142: smartcheck and smartbugs-curated/dataset/unchecked_low_level_calls/0x8fd1e427396ddb511533cf9abdbebd0a7e08da35.sol
Starting task 104/142: smartcheck and smartbugs-curated/dataset/unchecked_low_level_calls/0x4051334adc52057aca763453820cb0e045076ef3.sol
Starting task 105/142: smartcheck and smartbugs-curated/dataset/denial_of_service/dos_simple.sol
Starting task 106/142: smartcheck and smartbugs-curated/dataset/access_control/rubixi.sol
Starting task 107/142: smartcheck and smartbugs-curated/dataset/access_control/FibonacciBalance.sol
Starting task 108/142: smartcheck and smartbugs-curated/dataset/time_manipulation/ether_lotto.sol
Starting task 109/142: smartcheck and smartbugs-curated/dataset/unchecked_low_level_calls/0xa1fceeff3acc57d257b917e30c4df661401d6431.sol
Starting task 110/142: smartcheck and smartbugs-curated/dataset/access_control/incorrect_constructor_name3.sol
Starting task 111/142: smartcheck and smartbugs-curated/dataset/access_control/simple_suicide.sol
Starting task 112/142: smartcheck and smartbugs-curated/dataset/arithmetic/integer_overflow_multitx_multifunc_feasible.sol
Starting task 113/142: smartcheck and smartbugs-curated/dataset/reentrancy/0xb5e1b1ee15c6fa0e48fce100125569d430f1bd12.sol
Starting task 114/142: smartcheck and smartbugs-curated/dataset/unchecked_low_level_calls/0xdb1c55f6926e7d847ddf8678905ad871a68199d2.sol
Starting task 115/142: smartcheck and smartbugs-curated/dataset/unchecked_low_level_calls/lotto.sol
Starting task 116/142: smartcheck and smartbugs-curated/dataset/reentrancy/0x96edbe868531bd23a6c05e9d0c424ea64fb1b78b.sol
Starting task 117/142: smartcheck and smartbugs-curated/dataset/arithmetic/BECToken.sol
Starting task 118/142: smartcheck and smartbugs-curated/dataset/arithmetic/integer_overflow_add.sol
Starting task 119/142: smartcheck and smartbugs-curated/dataset/unchecked_low_level_calls/0xb11b2fed6c9354f7aa2f658d3b4d7b31d8a13b77.sol
Starting task 120/142: smartcheck and smartbugs-curated/dataset/unchecked_low_level_calls/0x19cf8481ea15427a98ba3cdd6d9e14690011ab10.sol
Starting task 121/142: smartcheck and smartbugs-curated/dataset/other/open_address_lottery.sol
Starting task 122/142: smartcheck and smartbugs-curated/dataset/unchecked_low_level_calls/0x2972d548497286d18e92b5fa1f8f9139e5653fd2.sol
Starting task 123/142: smartcheck and smartbugs-curated/dataset/front_running/ERC20.sol
Starting task 124/142: smartcheck and smartbugs-curated/dataset/reentrancy/0x941d225236464a25eb18076df7da6a91d0f95e9e.sol
Starting task 125/142: smartcheck and smartbugs-curated/dataset/reentrancy/reentrancy_dao.sol
Starting task 126/142: smartcheck and smartbugs-curated/dataset/unchecked_low_level_calls/0x4a66ad0bca2d700f11e1f2fc2c106f7d3264504c.sol
Starting task 127/142: smartcheck and smartbugs-curated/dataset/arithmetic/tokensalechallenge.sol
Starting task 128/142: smartcheck and smartbugs-curated/dataset/access_control/multiowned_vulnerable.sol
Starting task 129/142: smartcheck and smartbugs-curated/dataset/access_control/parity_wallet_bug_2.sol
Starting task 130/142: smartcheck and smartbugs-curated/dataset/unchecked_low_level_calls/0x78c2a1e91b52bca4130b6ed9edd9fbcfd4671c37.sol
Starting task 131/142: smartcheck and smartbugs-curated/dataset/arithmetic/integer_overflow_minimal.sol
Starting task 132/142: smartcheck and smartbugs-curated/dataset/unchecked_low_level_calls/0x52d2e0f9b01101a59b38a3d05c80b7618aeed984.sol
Starting task 133/142: smartcheck and smartbugs-curated/dataset/unchecked_low_level_calls/0xb620cee6b52f96f3c6b253e6eea556aa2d214a99.sol
Starting task 134/142: smartcheck and smartbugs-curated/dataset/reentrancy/reentrancy_cross_function.sol
Starting task 135/142: smartcheck and smartbugs-curated/dataset/unchecked_low_level_calls/0xf70d589d76eebdd7c12cc5eec99f8f6fa4233b9e.sol
Starting task 136/142: smartcheck and smartbugs-curated/dataset/reentrancy/0x627fa62ccbb1c1b04ffaecd72a53e37fc0e17839.sol
Starting task 137/142: smartcheck and smartbugs-curated/dataset/bad_randomness/guess_the_random_number.sol
Starting task 138/142: smartcheck and smartbugs-curated/dataset/unchecked_low_level_calls/0x663e4229142a27f00bafb5d087e1e730648314c3.sol
Starting task 139/142: smartcheck and smartbugs-curated/dataset/reentrancy/0x93c32845fae42c83a70e5f06214c8433665c2ab5.sol
Starting task 140/142: smartcheck and smartbugs-curated/dataset/unchecked_low_level_calls/0xbaa3de6504690efb064420d89e871c27065cdd52.sol
Starting task 141/142: smartcheck and smartbugs-curated/dataset/reentrancy/0xbe4041d55db380c5ae9d4a9b9703f1ed4e7e3888.sol
Starting task 142/142: smartcheck and smartbugs-curated/dataset/unchecked_low_level_calls/0x5aa88d2901c68fda244f1d0584400368d2c8e739.sol
Analysis completed in 0:00:40.
