Extract contract Ownable from /sb/0x3a0e9acd953ffc0dd18d63603488846a6b8b2b01.sol
Extract contract Token from /sb/0x3a0e9acd953ffc0dd18d63603488846a6b8b2b01.sol
Extract contract TokenBank from /sb/0x3a0e9acd953ffc0dd18d63603488846a6b8b2b01.sol
Extracted 3 contract(s) from /sb/0x3a0e9acd953ffc0dd18d63603488846a6b8b2b01.sol
[0;32m> Created "fuzzMe"[0m
[0;32m> To fuzz contracts:[0m
  chmod +x fuzzMe
  ./fuzzMe
contracts/Token.sol:44:27: Warning: "sha3" has been deprecated in favour of "keccak256"
        token.call(bytes4(sha3("transfer(address,uint256)")),to,amount); 
                          ^-------------------------------^
contracts/Token.sol:44:9: Warning: Return value of low-level calls not used.
        token.call(bytes4(sha3("transfer(address,uint256)")),to,amount); 
        ^-------------------------------------------------------------^
contracts/Token.sol:103:57: Warning: Using contract member "balance" inherited from the address type is deprecated. Convert the contract to "address" type to access the member, for example use "address(contract).balance" instead.
    function Bal() public constant returns(uint){return this.balance;}
                                                        ^----------^
contracts/Token.sol:61:5: Warning: No visibility specified. Defaulting to "public". 
    function()
    ^ (Relevant source part starts here and spans across multiple lines).
contracts/Token.sol:67:5: Warning: No visibility specified. Defaulting to "public". 
    function Deposit() 
    ^ (Relevant source part starts here and spans across multiple lines).
contracts/Ownable.sol:44:27: Warning: "sha3" has been deprecated in favour of "keccak256"
        token.call(bytes4(sha3("transfer(address,uint256)")),to,amount); 
                          ^-------------------------------^
contracts/Ownable.sol:44:9: Warning: Return value of low-level calls not used.
        token.call(bytes4(sha3("transfer(address,uint256)")),to,amount); 
        ^-------------------------------------------------------------^
contracts/Ownable.sol:103:57: Warning: Using contract member "balance" inherited from the address type is deprecated. Convert the contract to "address" type to access the member, for example use "address(contract).balance" instead.
    function Bal() public constant returns(uint){return this.balance;}
                                                        ^----------^
contracts/Ownable.sol:61:5: Warning: No visibility specified. Defaulting to "public". 
    function()
    ^ (Relevant source part starts here and spans across multiple lines).
contracts/Ownable.sol:67:5: Warning: No visibility specified. Defaulting to "public". 
    function Deposit() 
    ^ (Relevant source part starts here and spans across multiple lines).
contracts/TokenBank.sol:44:27: Warning: "sha3" has been deprecated in favour of "keccak256"
        token.call(bytes4(sha3("transfer(address,uint256)")),to,amount); 
                          ^-------------------------------^
contracts/TokenBank.sol:44:9: Warning: Return value of low-level calls not used.
        token.call(bytes4(sha3("transfer(address,uint256)")),to,amount); 
        ^-------------------------------------------------------------^
contracts/TokenBank.sol:103:57: Warning: Using contract member "balance" inherited from the address type is deprecated. Convert the contract to "address" type to access the member, for example use "address(contract).balance" instead.
    function Bal() public constant returns(uint){return this.balance;}
                                                        ^----------^
contracts/TokenBank.sol:61:5: Warning: No visibility specified. Defaulting to "public". 
    function()
    ^ (Relevant source part starts here and spans across multiple lines).
contracts/TokenBank.sol:67:5: Warning: No visibility specified. Defaulting to "public". 
    function Deposit() 
    ^ (Relevant source part starts here and spans across multiple lines).
assets/NormalAttacker.sol:5:3: Warning: No visibility specified. Defaulting to "public". 
  function() payable {
  ^ (Relevant source part starts here and spans across multiple lines).
assets/ReentrancyAttacker.sol:8:7: Warning: Return value of low-level calls not used.
      msg.sender.call(bytes4(255));
      ^--------------------------^
assets/ReentrancyAttacker.sol:5:3: Warning: No visibility specified. Defaulting to "public". 
  function() payable {
  ^ (Relevant source part starts here and spans across multiple lines).
>> Fuzz Token
** Write stats: 0.005287
** Write stats: 5.00011
** Write stats: 10.0002
** Write stats: 15.0001
** Write stats: 20.0003
** Write stats: 25.0001
** Write stats: 30.0002
** Write stats: 35.0001
** Write stats: 40.0002
** Write stats: 45.0005
** Write stats: 50.0001
** Write stats: 55.0001
** Write stats: 60.0498
** Write stats: 65.0002
** Write stats: 70.0004
** Write stats: 75.0001
** Write stats: 80.0003
** Write stats: 85.0002
** Write stats: 90.0003
** Write stats: 95.0002
** Write stats: 100
** Write stats: 105
** Write stats: 110
** Write stats: 115
** Write stats: 120
** Write stats: 125
** Write stats: 130.001
** Write stats: 135
** Write stats: 140
** Write stats: 145
** Write stats: 150
** Write stats: 155.009
** Write stats: 160
** Write stats: 165
** Write stats: 170
** Write stats: 175
** Write stats: 180
** Write stats: 185
** Write stats: 190.025
** Write stats: 195.028
** Write stats: 198.013
>> Fuzz Ownable
** Write stats: 0.00513
** Write stats: 5.00013
** Write stats: 10.0002
** Write stats: 15.0002
** Write stats: 20.0001
** Write stats: 25.0001
** Write stats: 30.0005
** Write stats: 35.0003
** Write stats: 40.0001
** Write stats: 45.0001
** Write stats: 50.0003
** Write stats: 55.0002
** Write stats: 60.0001
** Write stats: 65.0001
** Write stats: 70.0001
** Write stats: 75.0003
** Write stats: 80.0003
** Write stats: 85.0001
** Write stats: 90.0002
** Write stats: 95.0001
** Write stats: 100
** Write stats: 105.002
** Write stats: 110
** Write stats: 115
** Write stats: 120
** Write stats: 125
** Write stats: 130
** Write stats: 135
** Write stats: 140
** Write stats: 145
** Write stats: 150
** Write stats: 155
** Write stats: 160
** Write stats: 165
** Write stats: 170
** Write stats: 175
** Write stats: 180.007
** Write stats: 185
** Write stats: 190.007
** Write stats: 195
** Write stats: 198.009
>> Fuzz TokenBank
** Write stats: 0.009859
** Write stats: 5.00034
** Write stats: 10.0057
** Write stats: 15.002
** Write stats: 20.0004
** Write stats: 25.0018
** Write stats: 30.0024
** Write stats: 35.0055
** Write stats: 40.0025
** Write stats: 45.0039
** Write stats: 50.0047
** Write stats: 55.0043
** Write stats: 60.0026
** Write stats: 65.0044
** Write stats: 70.0019
** Write stats: 75.0024
** Write stats: 80.0031
** Write stats: 85.006
** Write stats: 90.006
** Write stats: 95.0024
** Write stats: 100.005
** Write stats: 105.003
** Write stats: 110.002
** Write stats: 115.015
** Write stats: 120.004
** Write stats: 125.004
** Write stats: 130.002
** Write stats: 135.002
** Write stats: 140
** Write stats: 145.005
** Write stats: 150.002
** Write stats: 155.01
** Write stats: 160.011
** Write stats: 165.014
** Write stats: 170.01
** Write stats: 175.006
** Write stats: 180
** Write stats: 185.014
** Write stats: 190.008
** Write stats: 195.01
** Write stats: 198.009
