Extract contract Log from /sb/0x7a8721a9d64c74da899424c1b52acbf58ddc9782.sol
Extract contract PrivateDeposit from /sb/0x7a8721a9d64c74da899424c1b52acbf58ddc9782.sol
Extracted 2 contract(s) from /sb/0x7a8721a9d64c74da899424c1b52acbf58ddc9782.sol
[0;32m> Created "fuzzMe"[0m
[0;32m> To fuzz contracts:[0m
  chmod +x fuzzMe
  ./fuzzMe
contracts/PrivateDeposit.sol:23:5: Warning: Defining constructors as functions with the same name as the contract is deprecated. Use "constructor(...) { ... }" instead.
    function PrivateDeposit()
    ^ (Relevant source part starts here and spans across multiple lines).
contracts/PrivateDeposit.sol:23:5: Warning: No visibility specified. Defaulting to "public". 
    function PrivateDeposit()
    ^ (Relevant source part starts here and spans across multiple lines).
contracts/PrivateDeposit.sol:31:5: Warning: No visibility specified. Defaulting to "public". 
    function setLog(address _lib) onlyOwner
    ^ (Relevant source part starts here and spans across multiple lines).
contracts/PrivateDeposit.sol:47:5: Warning: No visibility specified. Defaulting to "public". 
    function CashOut(uint _am)
    ^ (Relevant source part starts here and spans across multiple lines).
contracts/Log.sol:23:5: Warning: Defining constructors as functions with the same name as the contract is deprecated. Use "constructor(...) { ... }" instead.
    function PrivateDeposit()
    ^ (Relevant source part starts here and spans across multiple lines).
contracts/Log.sol:23:5: Warning: No visibility specified. Defaulting to "public". 
    function PrivateDeposit()
    ^ (Relevant source part starts here and spans across multiple lines).
contracts/Log.sol:31:5: Warning: No visibility specified. Defaulting to "public". 
    function setLog(address _lib) onlyOwner
    ^ (Relevant source part starts here and spans across multiple lines).
contracts/Log.sol:47:5: Warning: No visibility specified. Defaulting to "public". 
    function CashOut(uint _am)
    ^ (Relevant source part starts here and spans across multiple lines).
assets/NormalAttacker.sol:5:3: Warning: No visibility specified. Defaulting to "public". 
  function() payable {
  ^ (Relevant source part starts here and spans across multiple lines).
assets/ReentrancyAttacker.sol:8:7: Warning: Return value of low-level calls not used.
      msg.sender.call(bytes4(255));
      ^--------------------------^
assets/ReentrancyAttacker.sol:5:3: Warning: No visibility specified. Defaulting to "public". 
  function() payable {
  ^ (Relevant source part starts here and spans across multiple lines).
>> Fuzz PrivateDeposit
** Write stats: 0.005768
** Write stats: 5.00303
** Write stats: 10.0008
** Write stats: 15.0042
** Write stats: 20.0023
** Write stats: 25.0012
** Write stats: 30.0018
** Write stats: 35.0013
** Write stats: 40.0014
** Write stats: 45.0062
** Write stats: 50.0098
** Write stats: 55.0094
** Write stats: 60.001
** Write stats: 65.01
** Write stats: 70.0099
** Write stats: 75.0083
** Write stats: 80.0052
** Write stats: 85.0077
** Write stats: 90.002
** Write stats: 95.0042
** Write stats: 100.005
** Write stats: 105.005
** Write stats: 110.001
** Write stats: 115.003
** Write stats: 120.006
** Write stats: 125.007
** Write stats: 130.01
** Write stats: 135.012
** Write stats: 140.01
** Write stats: 145.002
** Write stats: 150.007
** Write stats: 155.002
** Write stats: 160.022
** Write stats: 165.016
** Write stats: 170.017
** Write stats: 175.008
** Write stats: 180.002
** Write stats: 185.001
** Write stats: 190.009
** Write stats: 195.015
** Write stats: 200.017
** Write stats: 205.027
** Write stats: 210.014
** Write stats: 215.029
** Write stats: 220.01
** Write stats: 225.025
** Write stats: 230.017
** Write stats: 235.019
** Write stats: 240.015
** Write stats: 245.011
** Write stats: 250.02
** Write stats: 255.001
** Write stats: 260.027
** Write stats: 265.025
** Write stats: 270.001
** Write stats: 275.015
** Write stats: 280.021
** Write stats: 285.013
** Write stats: 290.019
** Write stats: 295.031
** Write stats: 298.034
>> Fuzz Log
** Write stats: 0.006532
** Write stats: 5.0041
** Write stats: 10.0069
** Write stats: 15.022
** Write stats: 20.0012
** Write stats: 25.0077
** Write stats: 30.0402
** Write stats: 35.0409
** Write stats: 40.0261
** Write stats: 45.0109
** Write stats: 50.0479
** Write stats: 55.0253
** Write stats: 60.0558
** Write stats: 65.0144
** Write stats: 70.0328
** Write stats: 75.0226
** Write stats: 80.0264
** Write stats: 85.0684
** Write stats: 90.027
** Write stats: 95.0724
** Write stats: 100.05
** Write stats: 105.011
** Write stats: 110.078
** Write stats: 115.049
** Write stats: 120.038
** Write stats: 125.002
** Write stats: 130.047
** Write stats: 135.074
** Write stats: 140.037
** Write stats: 145.055
** Write stats: 150.072
** Write stats: 155.07
** Write stats: 160.028
** Write stats: 165.045
** Write stats: 170.033
** Write stats: 175.064
** Write stats: 180.098
** Write stats: 185.014
** Write stats: 190.022
** Write stats: 195.027
** Write stats: 200.021
** Write stats: 205.035
** Write stats: 210.089
** Write stats: 215.048
** Write stats: 220.016
** Write stats: 225.081
** Write stats: 230.001
** Write stats: 235.04
** Write stats: 240.002
** Write stats: 245.086
** Write stats: 250.063
** Write stats: 255.012
** Write stats: 260.031
** Write stats: 265.085
** Write stats: 270.07
** Write stats: 275.014
** Write stats: 280.06
** Write stats: 285.091
** Write stats: 290.121
** Write stats: 295.122
** Write stats: 298.067
