Extract contract DosOneFunc from /sb/dos_simple.sol
Extracted 1 contract(s) from /sb/dos_simple.sol
[0;32m> Created "fuzzMe"[0m
[0;32m> To fuzz contracts:[0m
  chmod +x fuzzMe
  ./fuzzMe
assets/NormalAttacker.sol:5:3: Warning: No visibility specified. Defaulting to "public". 
  function() payable {
  ^ (Relevant source part starts here and spans across multiple lines).
assets/ReentrancyAttacker.sol:8:7: Warning: Return value of low-level calls not used.
      msg.sender.call(bytes4(255));
      ^--------------------------^
assets/ReentrancyAttacker.sol:5:3: Warning: No visibility specified. Defaulting to "public". 
  function() payable {
  ^ (Relevant source part starts here and spans across multiple lines).
>> Fuzz DosOneFunc
** Write stats: 0.019595
** Write stats: 5.03014
** Write stats: 10.0116
** Write stats: 15.0068
** Write stats: 20.0027
** Write stats: 25.006
** Write stats: 30.0107
** Write stats: 35.0053
** Write stats: 40.0131
** Write stats: 45.0048
** Write stats: 50.0045
** Write stats: 55.2844
** Write stats: 60.0049
** Write stats: 65.0147
** Write stats: 70.008
** Write stats: 75.0155
** Write stats: 80.017
** Write stats: 85.0061
** Write stats: 90.0153
** Write stats: 95.0134
** Write stats: 100.718
** Write stats: 105.004
** Write stats: 110.013
** Write stats: 115.01
** Write stats: 120.02
** Write stats: 125.016
** Write stats: 130.013
** Write stats: 135.011
** Write stats: 140.004
** Write stats: 145.582
** Write stats: 150.005
** Write stats: 155.068
** Write stats: 160.004
** Write stats: 165.012
** Write stats: 170.016
** Write stats: 175.346
** Write stats: 180.016
** Write stats: 185.001
** Write stats: 190.017
** Write stats: 195.015
** Write stats: 200.018
** Write stats: 205.003
** Write stats: 210.006
** Write stats: 215.01
** Write stats: 220.004
** Write stats: 225.005
** Write stats: 230.002
** Write stats: 235.018
** Write stats: 240.002
** Write stats: 245.016
** Write stats: 250.009
** Write stats: 255.013
** Write stats: 260.768
** Write stats: 265.012
** Write stats: 270.389
** Write stats: 275.006
** Write stats: 280.728
** Write stats: 285.007
** Write stats: 290.847
** Write stats: 295.015
** Write stats: 300.016
** Write stats: 305.011
** Write stats: 310.008
** Write stats: 315.014
** Write stats: 320.911
** Write stats: 325.01
** Write stats: 330.533
** Write stats: 335.007
** Write stats: 340.561
** Write stats: 345.017
** Write stats: 350.381
** Write stats: 355.005
** Write stats: 360.097
** Write stats: 365.025
** Write stats: 370.006
** Write stats: 375.008
** Write stats: 380.009
** Write stats: 385.006
** Write stats: 390.007
** Write stats: 395.016
** Write stats: 400.011
** Write stats: 405.014
** Write stats: 410.661
** Write stats: 415.001
** Write stats: 420.018
** Write stats: 425.003
** Write stats: 430.007
** Write stats: 435.002
** Write stats: 440.002
** Write stats: 445.009
** Write stats: 450.014
** Write stats: 455.008
** Write stats: 460.012
** Write stats: 465.012
** Write stats: 470.012
** Write stats: 475.011
** Write stats: 480
** Write stats: 485.016
** Write stats: 490.016
** Write stats: 495.01
** Write stats: 500.005
** Write stats: 505.016
** Write stats: 510.02
** Write stats: 515.002
** Write stats: 520.012
** Write stats: 525.02
** Write stats: 530.001
** Write stats: 535.018
** Write stats: 540.009
** Write stats: 545.01
** Write stats: 550.021
** Write stats: 555.002
** Write stats: 560.02
** Write stats: 565.007
** Write stats: 570.002
** Write stats: 575.02
** Write stats: 580.001
** Write stats: 585.002
** Write stats: 590.006
** Write stats: 595.017
** Write stats: 598.507
