Extract contract DosGas from /sb/dos_address.sol
Extracted 1 contract(s) from /sb/dos_address.sol
[0;32m> Created "fuzzMe"[0m
[0;32m> To fuzz contracts:[0m
  chmod +x fuzzMe
  ./fuzzMe
assets/NormalAttacker.sol:5:3: Warning: No visibility specified. Defaulting to "public". 
  function() payable {
  ^ (Relevant source part starts here and spans across multiple lines).
assets/ReentrancyAttacker.sol:8:7: Warning: Return value of low-level calls not used.
      msg.sender.call(bytes4(255));
      ^--------------------------^
assets/ReentrancyAttacker.sol:5:3: Warning: No visibility specified. Defaulting to "public". 
  function() payable {
  ^ (Relevant source part starts here and spans across multiple lines).
>> Fuzz DosGas
** Write stats: 0.023111
** Write stats: 5.01501
** Write stats: 10.0204
** Write stats: 15.006
** Write stats: 20.0131
** Write stats: 25.0223
** Write stats: 30.0067
** Write stats: 35.0218
** Write stats: 40.0189
** Write stats: 45.0166
** Write stats: 50.0138
** Write stats: 55.0782
** Write stats: 60.0138
** Write stats: 65.0076
** Write stats: 70.0138
** Write stats: 75.0334
** Write stats: 80.0172
** Write stats: 85.0069
** Write stats: 90.0178
** Write stats: 95.6897
** Write stats: 100.003
** Write stats: 105.004
** Write stats: 110.006
** Write stats: 115.016
** Write stats: 120.01
** Write stats: 125.019
** Write stats: 130.022
** Write stats: 135.016
** Write stats: 140.009
** Write stats: 145.015
** Write stats: 150.661
** Write stats: 155.018
** Write stats: 160.018
** Write stats: 165.036
** Write stats: 170.014
** Write stats: 175.009
** Write stats: 180.018
** Write stats: 185.015
** Write stats: 190.029
** Write stats: 195.021
** Write stats: 200.009
** Write stats: 205.03
** Write stats: 210.012
** Write stats: 215.018
** Write stats: 220.023
** Write stats: 225.014
** Write stats: 230.003
** Write stats: 235.014
** Write stats: 240.026
** Write stats: 245.021
** Write stats: 250.017
** Write stats: 255.001
** Write stats: 260.001
** Write stats: 265.012
** Write stats: 270.017
** Write stats: 275.022
** Write stats: 280.032
** Write stats: 285.02
** Write stats: 290.003
** Write stats: 295.002
** Write stats: 300.007
** Write stats: 305.012
** Write stats: 310.016
** Write stats: 315.01
** Write stats: 320.013
** Write stats: 325.013
** Write stats: 330.004
** Write stats: 335.002
** Write stats: 340.01
** Write stats: 345.007
** Write stats: 350.92
** Write stats: 355.007
** Write stats: 360.001
** Write stats: 365.187
** Write stats: 370.003
** Write stats: 375.006
** Write stats: 380.017
** Write stats: 385.032
** Write stats: 390.014
** Write stats: 395.005
** Write stats: 400.006
** Write stats: 405.016
** Write stats: 410.009
** Write stats: 415.023
** Write stats: 420.006
** Write stats: 425.008
** Write stats: 430.008
** Write stats: 435.045
** Write stats: 440.031
** Write stats: 445
** Write stats: 450.009
** Write stats: 455.004
** Write stats: 460.025
** Write stats: 465.015
** Write stats: 470.029
** Write stats: 475.003
** Write stats: 480.011
** Write stats: 485.004
** Write stats: 490.016
** Write stats: 495.03
** Write stats: 500.014
** Write stats: 505.01
** Write stats: 510.012
** Write stats: 515.011
** Write stats: 520.017
** Write stats: 525.014
** Write stats: 530.007
** Write stats: 535.022
** Write stats: 540.007
** Write stats: 545.029
** Write stats: 550.009
** Write stats: 555.022
** Write stats: 560.002
** Write stats: 565.019
** Write stats: 570.014
** Write stats: 575.017
** Write stats: 580.004
** Write stats: 585.003
** Write stats: 590.037
** Write stats: 595.003
** Write stats: 598.798
