Extract contract EtherStore from /sb/etherstore.sol
Extracted 1 contract(s) from /sb/etherstore.sol
[0;32m> Created "fuzzMe"[0m
[0;32m> To fuzz contracts:[0m
  chmod +x fuzzMe
  ./fuzzMe
assets/NormalAttacker.sol:5:3: Warning: No visibility specified. Defaulting to "public". 
  function() payable {
  ^ (Relevant source part starts here and spans across multiple lines).
assets/ReentrancyAttacker.sol:8:7: Warning: Return value of low-level calls not used.
      msg.sender.call(bytes4(255));
      ^--------------------------^
assets/ReentrancyAttacker.sol:5:3: Warning: No visibility specified. Defaulting to "public". 
  function() payable {
  ^ (Relevant source part starts here and spans across multiple lines).
>> Fuzz EtherStore
** Write stats: 0.003491
** Write stats: 5.00067
** Write stats: 10.0023
** Write stats: 15.0034
** Write stats: 20.0012
** Write stats: 25.0024
** Write stats: 30.0063
** Write stats: 35.0015
** Write stats: 40.0032
** Write stats: 45.0023
** Write stats: 50.0032
** Write stats: 55.0063
** Write stats: 60.0025
** Write stats: 65.0034
** Write stats: 70.0039
** Write stats: 75.0024
** Write stats: 80.0003
** Write stats: 85.0042
** Write stats: 90.0031
** Write stats: 95.0039
** Write stats: 100.003
** Write stats: 105.005
** Write stats: 110.004
** Write stats: 115.002
** Write stats: 120.005
** Write stats: 125.004
** Write stats: 130.003
** Write stats: 135.002
** Write stats: 140.008
** Write stats: 145.007
** Write stats: 150.007
** Write stats: 155.002
** Write stats: 160.006
** Write stats: 165.004
** Write stats: 170.008
** Write stats: 175.008
** Write stats: 180.006
** Write stats: 185.001
** Write stats: 190.007
** Write stats: 195.008
** Write stats: 200.008
** Write stats: 205.008
** Write stats: 210.003
** Write stats: 215.008
** Write stats: 220.007
** Write stats: 225.006
** Write stats: 230.003
** Write stats: 235.005
** Write stats: 240.008
** Write stats: 245.006
** Write stats: 250.004
** Write stats: 255.007
** Write stats: 260.01
** Write stats: 265.011
** Write stats: 270.006
** Write stats: 275.008
** Write stats: 280.007
** Write stats: 285.006
** Write stats: 290.006
** Write stats: 295.003
** Write stats: 300.009
** Write stats: 305.002
** Write stats: 310.006
** Write stats: 315.005
** Write stats: 320.003
** Write stats: 325.01
** Write stats: 330.012
** Write stats: 335.007
** Write stats: 340.008
** Write stats: 345.01
** Write stats: 350.01
** Write stats: 355.007
** Write stats: 360.017
** Write stats: 365.008
** Write stats: 370.015
** Write stats: 375.015
** Write stats: 380.016
** Write stats: 385.005
** Write stats: 390.015
** Write stats: 395.014
** Write stats: 400.014
** Write stats: 405.009
** Write stats: 410.019
** Write stats: 415.019
** Write stats: 420.012
** Write stats: 425.009
** Write stats: 430.007
** Write stats: 435.018
** Write stats: 440.013
** Write stats: 445.005
** Write stats: 450.003
** Write stats: 455.001
** Write stats: 460.009
** Write stats: 465.004
** Write stats: 470.001
** Write stats: 475.018
** Write stats: 480.016
** Write stats: 485.001
** Write stats: 490.002
** Write stats: 495.001
** Write stats: 500.021
** Write stats: 505.016
** Write stats: 510.037
** Write stats: 515.019
** Write stats: 520.023
** Write stats: 525.022
** Write stats: 530.007
** Write stats: 535.052
** Write stats: 540.037
** Write stats: 545.046
** Write stats: 550.04
** Write stats: 555.028
** Write stats: 560.005
** Write stats: 565.035
** Write stats: 570.064
** Write stats: 575.027
** Write stats: 580.061
** Write stats: 585.034
** Write stats: 590.015
** Write stats: 595.055
** Write stats: 598.012
