Extract contract Government from /sb/list_dos.sol
Extracted 1 contract(s) from /sb/list_dos.sol
[0;32m> Created "fuzzMe"[0m
[0;32m> To fuzz contracts:[0m
  chmod +x fuzzMe
  ./fuzzMe
contracts/Government.sol:23:6: Warning: Defining constructors as functions with the same name as the contract is deprecated. Use "constructor(...) { ... }" instead.
     function Government() {
     ^ (Relevant source part starts here and spans across multiple lines).
contracts/Government.sol:37:14: Warning: Failure condition of 'send' ignored. Consider using 'transfer' instead.
             msg.sender.send(amount);
             ^---------------------^
contracts/Government.sol:39:14: Warning: Failure condition of 'send' ignored. Consider using 'transfer' instead.
             creditorAddresses[creditorAddresses.length - 1].send(profitFromCrash);
             ^-------------------------------------------------------------------^
contracts/Government.sol:40:32: Warning: Using contract member "balance" inherited from the address type is deprecated. Convert the contract to "address" type to access the member, for example use "address(contract).balance" instead.
             corruptElite.send(this.balance);
                               ^----------^
contracts/Government.sol:40:14: Warning: Failure condition of 'send' ignored. Consider using 'transfer' instead.
             corruptElite.send(this.balance);
             ^-----------------------------^
contracts/Government.sol:62:18: Warning: Failure condition of 'send' ignored. Consider using 'transfer' instead.
                 corruptElite.send(amount * 5/100);
                 ^-------------------------------^
contracts/Government.sol:70:22: Warning: Failure condition of 'send' ignored. Consider using 'transfer' instead.
                     buddy.send(amount * 5/100);
                     ^------------------------^
contracts/Government.sol:75:22: Warning: Failure condition of 'send' ignored. Consider using 'transfer' instead.
                     creditorAddresses[lastCreditorPayedOut].send(creditorAmounts[lastCreditorPayedOut]);
                     ^---------------------------------------------------------------------------------^
contracts/Government.sol:82:18: Warning: Failure condition of 'send' ignored. Consider using 'transfer' instead.
                 msg.sender.send(amount);
                 ^---------------------^
contracts/Government.sol:23:6: Warning: No visibility specified. Defaulting to "public". 
     function Government() {
     ^ (Relevant source part starts here and spans across multiple lines).
contracts/Government.sol:26:28: Warning: "msg.value" used in non-payable function. Do you want to add the "payable" modifier to this function?
         profitFromCrash = msg.value;
                           ^-------^
contracts/Government.sol:31:6: Warning: No visibility specified. Defaulting to "public". 
     function lendGovernmentMoney(address buddy) returns (bool) {
     ^ (Relevant source part starts here and spans across multiple lines).
contracts/Government.sol:32:24: Warning: "msg.value" used in non-payable function. Do you want to add the "payable" modifier to this function?
         uint amount = msg.value;
                       ^-------^
contracts/Government.sol:89:6: Warning: No visibility specified. Defaulting to "public". 
     function() {
     ^ (Relevant source part starts here and spans across multiple lines).
contracts/Government.sol:93:6: Warning: No visibility specified. Defaulting to "public". 
     function totalDebt() returns (uint debt) {
     ^ (Relevant source part starts here and spans across multiple lines).
contracts/Government.sol:99:6: Warning: No visibility specified. Defaulting to "public". 
     function totalPayedOut() returns (uint payout) {
     ^ (Relevant source part starts here and spans across multiple lines).
contracts/Government.sol:106:6: Warning: No visibility specified. Defaulting to "public". 
     function investInTheSystem() {
     ^ (Relevant source part starts here and spans across multiple lines).
contracts/Government.sol:107:29: Warning: "msg.value" used in non-payable function. Do you want to add the "payable" modifier to this function?
         profitFromCrash += msg.value;
                            ^-------^
contracts/Government.sol:111:6: Warning: No visibility specified. Defaulting to "public". 
     function inheritToNextGeneration(address nextGeneration) {
     ^ (Relevant source part starts here and spans across multiple lines).
contracts/Government.sol:117:6: Warning: No visibility specified. Defaulting to "public". 
     function getCreditorAddresses() returns (address[]) {
     ^ (Relevant source part starts here and spans across multiple lines).
contracts/Government.sol:121:6: Warning: No visibility specified. Defaulting to "public". 
     function getCreditorAmounts() returns (uint[]) {
     ^ (Relevant source part starts here and spans across multiple lines).
contracts/Government.sol:93:6: Warning: Function state mutability can be restricted to view
     function totalDebt() returns (uint debt) {
     ^ (Relevant source part starts here and spans across multiple lines).
contracts/Government.sol:99:6: Warning: Function state mutability can be restricted to view
     function totalPayedOut() returns (uint payout) {
     ^ (Relevant source part starts here and spans across multiple lines).
contracts/Government.sol:117:6: Warning: Function state mutability can be restricted to view
     function getCreditorAddresses() returns (address[]) {
     ^ (Relevant source part starts here and spans across multiple lines).
contracts/Government.sol:121:6: Warning: Function state mutability can be restricted to view
     function getCreditorAmounts() returns (uint[]) {
     ^ (Relevant source part starts here and spans across multiple lines).
assets/NormalAttacker.sol:5:3: Warning: No visibility specified. Defaulting to "public". 
  function() payable {
  ^ (Relevant source part starts here and spans across multiple lines).
assets/ReentrancyAttacker.sol:8:7: Warning: Return value of low-level calls not used.
      msg.sender.call(bytes4(255));
      ^--------------------------^
assets/ReentrancyAttacker.sol:5:3: Warning: No visibility specified. Defaulting to "public". 
  function() payable {
  ^ (Relevant source part starts here and spans across multiple lines).
>> Fuzz Government
** Write stats: 0.006315
** Write stats: 5.00038
** Write stats: 10.0003
** Write stats: 15.0002
** Write stats: 20.0004
** Write stats: 25.0006
** Write stats: 30.0005
** Write stats: 35.0002
** Write stats: 40.0002
** Write stats: 45.0005
** Write stats: 50.0005
** Write stats: 55.0006
** Write stats: 60.0006
** Write stats: 65.0004
** Write stats: 70.0001
** Write stats: 75.0004
** Write stats: 80.0004
** Write stats: 85.0557
** Write stats: 90.0005
** Write stats: 95.0007
** Write stats: 100.001
** Write stats: 105
** Write stats: 110
** Write stats: 115.001
** Write stats: 120.005
** Write stats: 125
** Write stats: 130
** Write stats: 135
** Write stats: 140
** Write stats: 145.001
** Write stats: 150
** Write stats: 155.001
** Write stats: 160
** Write stats: 165
** Write stats: 170
** Write stats: 175
** Write stats: 180
** Write stats: 185.001
** Write stats: 190
** Write stats: 195
** Write stats: 200
** Write stats: 205.001
** Write stats: 210.001
** Write stats: 215
** Write stats: 220.001
** Write stats: 225
** Write stats: 230
** Write stats: 235.001
** Write stats: 240.012
** Write stats: 245.001
** Write stats: 250.001
** Write stats: 255.001
** Write stats: 260.001
** Write stats: 265
** Write stats: 270.001
** Write stats: 275.001
** Write stats: 280
** Write stats: 285.001
** Write stats: 290.001
** Write stats: 295.001
** Write stats: 300.001
** Write stats: 305
** Write stats: 310
** Write stats: 315.001
** Write stats: 320
** Write stats: 325
** Write stats: 330
** Write stats: 335
** Write stats: 340.001
** Write stats: 345.001
** Write stats: 350.001
** Write stats: 355.001
** Write stats: 360
** Write stats: 365.012
** Write stats: 370.001
** Write stats: 375.001
** Write stats: 380
** Write stats: 385.001
** Write stats: 390
** Write stats: 395.001
** Write stats: 400
** Write stats: 405
** Write stats: 410
** Write stats: 415.001
** Write stats: 420.001
** Write stats: 425
** Write stats: 430.018
** Write stats: 435.001
** Write stats: 440
** Write stats: 445.001
** Write stats: 450
** Write stats: 455.001
** Write stats: 460.001
** Write stats: 465.001
** Write stats: 470
** Write stats: 475
** Write stats: 480.022
** Write stats: 485.001
** Write stats: 490
** Write stats: 495
** Write stats: 500
** Write stats: 505.001
** Write stats: 510.002
** Write stats: 515
** Write stats: 520
** Write stats: 525
** Write stats: 530.001
** Write stats: 535.017
** Write stats: 540.001
** Write stats: 545.001
** Write stats: 550.001
** Write stats: 555.002
** Write stats: 560
** Write stats: 565.001
** Write stats: 570.026
** Write stats: 575.001
** Write stats: 580
** Write stats: 585
** Write stats: 590.001
** Write stats: 595
** Write stats: 598.022
