Extract contract IntegerOverflowAdd from /sb/insecure_transfer.sol
Extracted 1 contract(s) from /sb/insecure_transfer.sol
[0;32m> Created "fuzzMe"[0m
[0;32m> To fuzz contracts:[0m
  chmod +x fuzzMe
  ./fuzzMe
assets/NormalAttacker.sol:5:3: Warning: No visibility specified. Defaulting to "public". 
  function() payable {
  ^ (Relevant source part starts here and spans across multiple lines).
assets/ReentrancyAttacker.sol:8:7: Warning: Return value of low-level calls not used.
      msg.sender.call(bytes4(255));
      ^--------------------------^
assets/ReentrancyAttacker.sol:5:3: Warning: No visibility specified. Defaulting to "public". 
  function() payable {
  ^ (Relevant source part starts here and spans across multiple lines).
>> Fuzz IntegerOverflowAdd
** Write stats: 0.005632
** Write stats: 5.00179
** Write stats: 10.003
** Write stats: 15.0036
** Write stats: 20.0039
** Write stats: 25.0026
** Write stats: 30.001
** Write stats: 35.0027
** Write stats: 40.0013
** Write stats: 45.0024
** Write stats: 50.0026
** Write stats: 55.0001
** Write stats: 60.0012
** Write stats: 65.0031
** Write stats: 70.0014
** Write stats: 75.002
** Write stats: 80.0016
** Write stats: 85.0016
** Write stats: 90.0018
** Write stats: 95.0045
** Write stats: 100.005
** Write stats: 105.004
** Write stats: 110.003
** Write stats: 115.002
** Write stats: 120.005
** Write stats: 125.004
** Write stats: 130.006
** Write stats: 135.004
** Write stats: 140.006
** Write stats: 145.005
** Write stats: 150.005
** Write stats: 155.009
** Write stats: 160.002
** Write stats: 165.002
** Write stats: 170.006
** Write stats: 175.003
** Write stats: 180.007
** Write stats: 185.004
** Write stats: 190.011
** Write stats: 195.002
** Write stats: 200.005
** Write stats: 205.011
** Write stats: 210.001
** Write stats: 215.004
** Write stats: 220.014
** Write stats: 225.008
** Write stats: 230.008
** Write stats: 235.007
** Write stats: 240.009
** Write stats: 245.014
** Write stats: 250.001
** Write stats: 255.001
** Write stats: 260.009
** Write stats: 265.001
** Write stats: 270.007
** Write stats: 275.001
** Write stats: 280.003
** Write stats: 285.004
** Write stats: 290.004
** Write stats: 295.006
** Write stats: 300.009
** Write stats: 305.003
** Write stats: 310.002
** Write stats: 315.001
** Write stats: 320.004
** Write stats: 325.008
** Write stats: 330.011
** Write stats: 335.002
** Write stats: 340.023
** Write stats: 345.001
** Write stats: 350.01
** Write stats: 355.007
** Write stats: 360.011
** Write stats: 365.002
** Write stats: 370.007
** Write stats: 375.041
** Write stats: 380.009
** Write stats: 385
** Write stats: 390.039
** Write stats: 395.007
** Write stats: 400.002
** Write stats: 405.009
** Write stats: 410.009
** Write stats: 415.012
** Write stats: 420.004
** Write stats: 425.003
** Write stats: 430.004
** Write stats: 435.002
** Write stats: 440.003
** Write stats: 445.004
** Write stats: 450.007
** Write stats: 455.001
** Write stats: 460.006
** Write stats: 465.011
** Write stats: 470.017
** Write stats: 475.01
** Write stats: 480.007
** Write stats: 485.008
** Write stats: 490.003
** Write stats: 495.005
** Write stats: 500.007
** Write stats: 505.012
** Write stats: 510.005
** Write stats: 515.018
** Write stats: 520.005
** Write stats: 525.02
** Write stats: 530.017
** Write stats: 535.009
** Write stats: 540.007
** Write stats: 545.004
** Write stats: 550.005
** Write stats: 555.012
** Write stats: 560.01
** Write stats: 565.011
** Write stats: 570.006
** Write stats: 575.017
** Write stats: 580.017
** Write stats: 585.014
** Write stats: 590.014
** Write stats: 595.009
** Write stats: 598.008
