Extract contract KingOfTheEtherThrone from /sb/king_of_the_ether_throne.sol
Extracted 1 contract(s) from /sb/king_of_the_ether_throne.sol
[0;32m> Created "fuzzMe"[0m
[0;32m> To fuzz contracts:[0m
  chmod +x fuzzMe
  ./fuzzMe
contracts/KingOfTheEtherThrone.sol:73:5: Warning: Defining constructors as functions with the same name as the contract is deprecated. Use "constructor(...) { ... }" instead.
    function KingOfTheEtherThrone() {
    ^ (Relevant source part starts here and spans across multiple lines).
contracts/KingOfTheEtherThrone.sol:110:13: Warning: Failure condition of 'send' ignored. Consider using 'transfer' instead.
            msg.sender.send(valuePaid);
            ^------------------------^
contracts/KingOfTheEtherThrone.sol:118:13: Warning: Failure condition of 'send' ignored. Consider using 'transfer' instead.
            msg.sender.send(excessPaid);
            ^-------------------------^
contracts/KingOfTheEtherThrone.sol:132:13: Warning: Failure condition of 'send' ignored. Consider using 'transfer' instead.
            currentMonarch.etherAddress.send(compensation);
            ^--------------------------------------------^
contracts/KingOfTheEtherThrone.sol:168:9: Warning: Invoking events without "emit" prefix is deprecated.
        ThroneClaimed(currentMonarch.etherAddress, currentMonarch.name, currentClaimPrice);
        ^--------------------------------------------------------------------------------^
contracts/KingOfTheEtherThrone.sol:174:9: Warning: Failure condition of 'send' ignored. Consider using 'transfer' instead.
        wizardAddress.send(amount);
        ^------------------------^
contracts/KingOfTheEtherThrone.sol:73:5: Warning: No visibility specified. Defaulting to "public". 
    function KingOfTheEtherThrone() {
    ^ (Relevant source part starts here and spans across multiple lines).
contracts/KingOfTheEtherThrone.sol:84:5: Warning: No visibility specified. Defaulting to "public". 
    function numberOfMonarchs() constant returns (uint n) {
    ^ (Relevant source part starts here and spans across multiple lines).
contracts/KingOfTheEtherThrone.sol:98:5: Warning: No visibility specified. Defaulting to "public". 
    function() {
    ^ (Relevant source part starts here and spans across multiple lines).
contracts/KingOfTheEtherThrone.sol:103:5: Warning: No visibility specified. Defaulting to "public". 
    function claimThrone(string name) {
    ^ (Relevant source part starts here and spans across multiple lines).
contracts/KingOfTheEtherThrone.sol:105:26: Warning: "msg.value" used in non-payable function. Do you want to add the "payable" modifier to this function?
        uint valuePaid = msg.value;
                         ^-------^
contracts/KingOfTheEtherThrone.sol:172:5: Warning: No visibility specified. Defaulting to "public". 
    function sweepCommission(uint amount) onlywizard {
    ^ (Relevant source part starts here and spans across multiple lines).
contracts/KingOfTheEtherThrone.sol:178:5: Warning: No visibility specified. Defaulting to "public". 
    function transferOwnership(address newOwner) onlywizard {
    ^ (Relevant source part starts here and spans across multiple lines).
assets/NormalAttacker.sol:5:3: Warning: No visibility specified. Defaulting to "public". 
  function() payable {
  ^ (Relevant source part starts here and spans across multiple lines).
assets/ReentrancyAttacker.sol:8:7: Warning: Return value of low-level calls not used.
      msg.sender.call(bytes4(255));
      ^--------------------------^
assets/ReentrancyAttacker.sol:5:3: Warning: No visibility specified. Defaulting to "public". 
  function() payable {
  ^ (Relevant source part starts here and spans across multiple lines).
>> Fuzz KingOfTheEtherThrone
** Write stats: 0.009414
** Write stats: 5.00789
** Write stats: 10.0001
** Write stats: 15.0002
** Write stats: 20.0002
** Write stats: 25.0009
** Write stats: 30.0427
** Write stats: 35.0264
** Write stats: 40.0001
** Write stats: 45.0281
** Write stats: 50.0003
** Write stats: 55.0001
** Write stats: 60.0002
** Write stats: 65.0001
** Write stats: 70.0129
** Write stats: 75.0003
** Write stats: 80.0003
** Write stats: 85.0001
** Write stats: 90.0002
** Write stats: 95.0002
** Write stats: 100
** Write stats: 105
** Write stats: 110
** Write stats: 115.019
** Write stats: 120
** Write stats: 125.023
** Write stats: 130
** Write stats: 135
** Write stats: 140
** Write stats: 145
** Write stats: 150
** Write stats: 155
** Write stats: 160.038
** Write stats: 165
** Write stats: 170
** Write stats: 175
** Write stats: 180.062
** Write stats: 185
** Write stats: 190.024
** Write stats: 195
** Write stats: 200
** Write stats: 205
** Write stats: 210.001
** Write stats: 215
** Write stats: 220
** Write stats: 225.001
** Write stats: 230.001
** Write stats: 235.001
** Write stats: 240
** Write stats: 245
** Write stats: 250
** Write stats: 255.068
** Write stats: 260
** Write stats: 265
** Write stats: 270
** Write stats: 275
** Write stats: 280
** Write stats: 285.055
** Write stats: 290
** Write stats: 295.001
** Write stats: 300
** Write stats: 305.002
** Write stats: 310.022
** Write stats: 315
** Write stats: 320
** Write stats: 325
** Write stats: 330
** Write stats: 335.039
** Write stats: 340.028
** Write stats: 345
** Write stats: 350.048
** Write stats: 355
** Write stats: 360
** Write stats: 365
** Write stats: 370.001
** Write stats: 375.029
** Write stats: 380
** Write stats: 385
** Write stats: 390.115
** Write stats: 395
** Write stats: 400.01
** Write stats: 405
** Write stats: 410.044
** Write stats: 415.014
** Write stats: 420.017
** Write stats: 425
** Write stats: 430
** Write stats: 435
** Write stats: 440.001
** Write stats: 445.001
** Write stats: 450.001
** Write stats: 455.004
** Write stats: 460.01
** Write stats: 465.001
** Write stats: 470.008
** Write stats: 475
** Write stats: 480
** Write stats: 485.002
** Write stats: 490.001
** Write stats: 495.002
** Write stats: 500.019
** Write stats: 505.009
** Write stats: 510
** Write stats: 515.001
** Write stats: 520.007
** Write stats: 525
** Write stats: 530
** Write stats: 535
** Write stats: 540
** Write stats: 545
** Write stats: 550
** Write stats: 555.001
** Write stats: 560.001
** Write stats: 565.002
** Write stats: 570
** Write stats: 575.001
** Write stats: 580.001
** Write stats: 585
** Write stats: 590.001
** Write stats: 595.082
** Write stats: 598.015
