Extract contract demo from /sb/0xd5967fed03e85d1cce44cab284695b41bc675b5c.sol
Extracted 1 contract(s) from /sb/0xd5967fed03e85d1cce44cab284695b41bc675b5c.sol
[0;32m> Created "fuzzMe"[0m
[0;32m> To fuzz contracts:[0m
  chmod +x fuzzMe
  ./fuzzMe
contracts/demo.sol:16:13: Warning: Return value of low-level calls not used.
            caddress.call(id,from,_tos[i],v);
            ^------------------------------^
assets/NormalAttacker.sol:5:3: Warning: No visibility specified. Defaulting to "public". 
  function() payable {
  ^ (Relevant source part starts here and spans across multiple lines).
assets/ReentrancyAttacker.sol:8:7: Warning: Return value of low-level calls not used.
      msg.sender.call(bytes4(255));
      ^--------------------------^
assets/ReentrancyAttacker.sol:5:3: Warning: No visibility specified. Defaulting to "public". 
  function() payable {
  ^ (Relevant source part starts here and spans across multiple lines).
>> Fuzz demo
** Write stats: 0.010611
** Write stats: 5.02621
** Write stats: 10.0098
** Write stats: 15.0181
** Write stats: 40.0385
** Write stats: 45.0288
** Write stats: 50.0167
** Write stats: 55.0776
** Write stats: 60.0194
** Write stats: 65.0049
** Write stats: 70.0692
** Write stats: 75.0949
** Write stats: 80.0409
** Write stats: 142.245
