Extract contract airDrop from /sb/0xe894d54dca59cb53fe9cbc5155093605c7068220.sol
Extracted 1 contract(s) from /sb/0xe894d54dca59cb53fe9cbc5155093605c7068220.sol
[0;32m> Created "fuzzMe"[0m
[0;32m> To fuzz contracts:[0m
  chmod +x fuzzMe
  ./fuzzMe
contracts/airDrop.sol:17:13: Warning: Return value of low-level calls not used.
            caddress.call(id,from,_tos[i],_value);
            ^-----------------------------------^
assets/NormalAttacker.sol:5:3: Warning: No visibility specified. Defaulting to "public". 
  function() payable {
  ^ (Relevant source part starts here and spans across multiple lines).
assets/ReentrancyAttacker.sol:8:7: Warning: Return value of low-level calls not used.
      msg.sender.call(bytes4(255));
      ^--------------------------^
assets/ReentrancyAttacker.sol:5:3: Warning: No visibility specified. Defaulting to "public". 
  function() payable {
  ^ (Relevant source part starts here and spans across multiple lines).
>> Fuzz airDrop
** Write stats: 0.011194
** Write stats: 5.00022
** Write stats: 10.0291
** Write stats: 15.0419
** Write stats: 45.0051
** Write stats: 50.0061
** Write stats: 55.0073
** Write stats: 60.083
** Write stats: 65.0752
** Write stats: 70.0682
** Write stats: 75.0467
** Write stats: 80.0685
** Write stats: 85.0768
** Write stats: 157.926
