Extract contract WalletEvents from /sb/parity_wallet_bug_2.sol
Extract contract WalletLibrary from /sb/parity_wallet_bug_2.sol
Extracted 2 contract(s) from /sb/parity_wallet_bug_2.sol
[0;32m> Created "fuzzMe"[0m
[0;32m> To fuzz contracts:[0m
  chmod +x fuzzMe
  ./fuzzMe
contracts/WalletLibrary.sol:131:5: Warning: Use of the "var" keyword is deprecated.
    var pending = m_pending[_operation];
    ^---------^
contracts/WalletLibrary.sol:195:5: Warning: Use of the "var" keyword is deprecated.
    var pending = m_pending[_operation];
    ^---------^
contracts/WalletLibrary.sol:221:54: Warning: "throw" is deprecated in favour of "revert()", "require()" and "assert()".
  modifier only_uninitialized { if (m_numOwners > 0) throw; _; }
                                                     ^---^
contracts/WalletLibrary.sol:250:11: Warning: "throw" is deprecated in favour of "revert()", "require()" and "assert()".
          throw;
          ^---^
contracts/WalletLibrary.sol:286:11: Warning: "throw" is deprecated in favour of "revert()", "require()" and "assert()".
          throw;
          ^---^
contracts/WalletLibrary.sol:303:5: Warning: Use of the "var" keyword is deprecated.
    var pending = m_pending[_operation];
    ^---------^
contracts/WalletLibrary.sol:108:7: Warning: Invoking events without "emit" prefix is deprecated.
      Deposit(msg.sender, msg.value);
      ^----------------------------^
contracts/WalletLibrary.sol:135:7: Warning: Invoking events without "emit" prefix is deprecated.
      Revoke(msg.sender, _operation);
      ^----------------------------^
contracts/WalletLibrary.sol:140:67: Warning: "sha3" has been deprecated in favour of "keccak256"
  function changeOwner(address _from, address _to) onlymanyowners(sha3(msg.data)) external {
                                                                  ^------------^
contracts/WalletLibrary.sol:149:5: Warning: Invoking events without "emit" prefix is deprecated.
    OwnerChanged(_from, _to);
    ^----------------------^
contracts/WalletLibrary.sol:152:52: Warning: "sha3" has been deprecated in favour of "keccak256"
  function addOwner(address _owner) onlymanyowners(sha3(msg.data)) external {
                                                   ^------------^
contracts/WalletLibrary.sol:163:5: Warning: Invoking events without "emit" prefix is deprecated.
    OwnerAdded(_owner);
    ^----------------^
contracts/WalletLibrary.sol:166:55: Warning: "sha3" has been deprecated in favour of "keccak256"
  function removeOwner(address _owner) onlymanyowners(sha3(msg.data)) external {
                                                      ^------------^
contracts/WalletLibrary.sol:175:5: Warning: Invoking events without "emit" prefix is deprecated.
    OwnerRemoved(_owner);
    ^------------------^
contracts/WalletLibrary.sol:178:64: Warning: "sha3" has been deprecated in favour of "keccak256"
  function changeRequirement(uint _newRequired) onlymanyowners(sha3(msg.data)) external {
                                                               ^------------^
contracts/WalletLibrary.sol:182:5: Warning: Invoking events without "emit" prefix is deprecated.
    RequirementChanged(_newRequired);
    ^------------------------------^
contracts/WalletLibrary.sol:212:57: Warning: "sha3" has been deprecated in favour of "keccak256"
  function setDailyLimit(uint _newLimit) onlymanyowners(sha3(msg.data)) external {
                                                        ^------------^
contracts/WalletLibrary.sol:216:45: Warning: "sha3" has been deprecated in favour of "keccak256"
  function resetSpentToday() onlymanyowners(sha3(msg.data)) external {
                                            ^------------^
contracts/WalletLibrary.sol:233:45: Warning: "sha3" has been deprecated in favour of "keccak256"
  function kill(address _to) onlymanyowners(sha3(msg.data)) external {
                                            ^------------^
contracts/WalletLibrary.sol:234:5: Warning: "suicide" has been deprecated in favour of "selfdestruct"
    suicide(_to);
    ^----------^
contracts/WalletLibrary.sol:252:7: Warning: Invoking events without "emit" prefix is deprecated.
      SingleTransact(msg.sender, _value, _to, _data, created);
      ^-----------------------------------------------------^
contracts/WalletLibrary.sol:255:16: Warning: "sha3" has been deprecated in favour of "keccak256"
      o_hash = sha3(msg.data, block.number);
               ^--------------------------^
contracts/WalletLibrary.sol:255:16: Warning: This function only accepts a single "bytes" argument. Please use "abi.encodePacked(...)" or a similar function to encode the data.
      o_hash = sha3(msg.data, block.number);
               ^--------------------------^
contracts/WalletLibrary.sol:263:9: Warning: Invoking events without "emit" prefix is deprecated.
        ConfirmationNeeded(o_hash, msg.sender, _value, _to, _data);
        ^--------------------------------------------------------^
contracts/WalletLibrary.sol:289:7: Warning: Invoking events without "emit" prefix is deprecated.
      MultiTransact(msg.sender, _h, m_txs[_h].value, m_txs[_h].to, m_txs[_h].data, created);
      ^-----------------------------------------------------------------------------------^
contracts/WalletLibrary.sol:317:7: Warning: Invoking events without "emit" prefix is deprecated.
      Confirmation(msg.sender, _operation);
      ^----------------------------------^
contracts/WalletLibrary.sol:383:37: Warning: This looks like an address but has an invalid checksum. If this is not used as an address, please prepend '00'. Correct checksummed address: '0xCAfEcAfeCAfECaFeCaFecaFecaFECafECafeCaFe'. For more information please see https://solidity.readthedocs.io/en/develop/types.html#address-literals
  address constant _walletLibrary = 0xcafecafecafecafecafecafecafecafecafecafe;
                                    ^----------------------------------------^
contracts/WalletLibrary.sol:59:3: Warning: No visibility specified. Defaulting to "public". 
  function isOwner(address _addr) constant returns (bool);
  ^------------------------------------------------------^
contracts/WalletLibrary.sol:67:3: Warning: No visibility specified. Defaulting to "public". 
  function confirm(bytes32 _h) returns (bool o_success);
  ^----------------------------------------------------^
contracts/WalletLibrary.sol:105:3: Warning: No visibility specified. Defaulting to "public". 
  function() payable {
  ^ (Relevant source part starts here and spans across multiple lines).
contracts/WalletLibrary.sol:113:3: Warning: No visibility specified. Defaulting to "public". 
  function initMultiowned(address[] _owners, uint _required) only_uninitialized {
  ^ (Relevant source part starts here and spans across multiple lines).
contracts/WalletLibrary.sol:190:3: Warning: No visibility specified. Defaulting to "public". 
  function isOwner(address _addr) constant returns (bool) {
  ^ (Relevant source part starts here and spans across multiple lines).
contracts/WalletLibrary.sol:207:3: Warning: No visibility specified. Defaulting to "public". 
  function initDaylimit(uint _limit) only_uninitialized {
  ^ (Relevant source part starts here and spans across multiple lines).
contracts/WalletLibrary.sol:226:3: Warning: No visibility specified. Defaulting to "public". 
  function initWallet(address[] _owners, uint _required, uint _daylimit) only_uninitialized {
  ^ (Relevant source part starts here and spans across multiple lines).
contracts/WalletLibrary.sol:268:19: Warning: Unused function parameter. Remove or comment out the variable name to silence this warning.
  function create(uint _value, bytes _code) internal returns (address o_addr) {
                  ^---------^
contracts/WalletLibrary.sol:268:32: Warning: Unused function parameter. Remove or comment out the variable name to silence this warning.
  function create(uint _value, bytes _code) internal returns (address o_addr) {
                               ^---------^
contracts/WalletLibrary.sol:268:63: Warning: Unused function parameter. Remove or comment out the variable name to silence this warning.
  function create(uint _value, bytes _code) internal returns (address o_addr) {
                                                              ^------------^
contracts/WalletLibrary.sol:279:3: Warning: No visibility specified. Defaulting to "public". 
  function confirm(bytes32 _h) onlymanyowners(_h) returns (bool o_success) {
  ^ (Relevant source part starts here and spans across multiple lines).
contracts/WalletLibrary.sol:268:3: Warning: Function state mutability can be restricted to pure
  function create(uint _value, bytes _code) internal returns (address o_addr) {
  ^ (Relevant source part starts here and spans across multiple lines).
contracts/WalletEvents.sol:131:5: Warning: Use of the "var" keyword is deprecated.
    var pending = m_pending[_operation];
    ^---------^
contracts/WalletEvents.sol:195:5: Warning: Use of the "var" keyword is deprecated.
    var pending = m_pending[_operation];
    ^---------^
contracts/WalletEvents.sol:221:54: Warning: "throw" is deprecated in favour of "revert()", "require()" and "assert()".
  modifier only_uninitialized { if (m_numOwners > 0) throw; _; }
                                                     ^---^
contracts/WalletEvents.sol:250:11: Warning: "throw" is deprecated in favour of "revert()", "require()" and "assert()".
          throw;
          ^---^
contracts/WalletEvents.sol:286:11: Warning: "throw" is deprecated in favour of "revert()", "require()" and "assert()".
          throw;
          ^---^
contracts/WalletEvents.sol:303:5: Warning: Use of the "var" keyword is deprecated.
    var pending = m_pending[_operation];
    ^---------^
contracts/WalletEvents.sol:108:7: Warning: Invoking events without "emit" prefix is deprecated.
      Deposit(msg.sender, msg.value);
      ^----------------------------^
contracts/WalletEvents.sol:135:7: Warning: Invoking events without "emit" prefix is deprecated.
      Revoke(msg.sender, _operation);
      ^----------------------------^
contracts/WalletEvents.sol:140:67: Warning: "sha3" has been deprecated in favour of "keccak256"
  function changeOwner(address _from, address _to) onlymanyowners(sha3(msg.data)) external {
                                                                  ^------------^
contracts/WalletEvents.sol:149:5: Warning: Invoking events without "emit" prefix is deprecated.
    OwnerChanged(_from, _to);
    ^----------------------^
contracts/WalletEvents.sol:152:52: Warning: "sha3" has been deprecated in favour of "keccak256"
  function addOwner(address _owner) onlymanyowners(sha3(msg.data)) external {
                                                   ^------------^
contracts/WalletEvents.sol:163:5: Warning: Invoking events without "emit" prefix is deprecated.
    OwnerAdded(_owner);
    ^----------------^
contracts/WalletEvents.sol:166:55: Warning: "sha3" has been deprecated in favour of "keccak256"
  function removeOwner(address _owner) onlymanyowners(sha3(msg.data)) external {
                                                      ^------------^
contracts/WalletEvents.sol:175:5: Warning: Invoking events without "emit" prefix is deprecated.
    OwnerRemoved(_owner);
    ^------------------^
contracts/WalletEvents.sol:178:64: Warning: "sha3" has been deprecated in favour of "keccak256"
  function changeRequirement(uint _newRequired) onlymanyowners(sha3(msg.data)) external {
                                                               ^------------^
contracts/WalletEvents.sol:182:5: Warning: Invoking events without "emit" prefix is deprecated.
    RequirementChanged(_newRequired);
    ^------------------------------^
contracts/WalletEvents.sol:212:57: Warning: "sha3" has been deprecated in favour of "keccak256"
  function setDailyLimit(uint _newLimit) onlymanyowners(sha3(msg.data)) external {
                                                        ^------------^
contracts/WalletEvents.sol:216:45: Warning: "sha3" has been deprecated in favour of "keccak256"
  function resetSpentToday() onlymanyowners(sha3(msg.data)) external {
                                            ^------------^
contracts/WalletEvents.sol:233:45: Warning: "sha3" has been deprecated in favour of "keccak256"
  function kill(address _to) onlymanyowners(sha3(msg.data)) external {
                                            ^------------^
contracts/WalletEvents.sol:234:5: Warning: "suicide" has been deprecated in favour of "selfdestruct"
    suicide(_to);
    ^----------^
contracts/WalletEvents.sol:252:7: Warning: Invoking events without "emit" prefix is deprecated.
      SingleTransact(msg.sender, _value, _to, _data, created);
      ^-----------------------------------------------------^
contracts/WalletEvents.sol:255:16: Warning: "sha3" has been deprecated in favour of "keccak256"
      o_hash = sha3(msg.data, block.number);
               ^--------------------------^
contracts/WalletEvents.sol:255:16: Warning: This function only accepts a single "bytes" argument. Please use "abi.encodePacked(...)" or a similar function to encode the data.
      o_hash = sha3(msg.data, block.number);
               ^--------------------------^
contracts/WalletEvents.sol:263:9: Warning: Invoking events without "emit" prefix is deprecated.
        ConfirmationNeeded(o_hash, msg.sender, _value, _to, _data);
        ^--------------------------------------------------------^
contracts/WalletEvents.sol:289:7: Warning: Invoking events without "emit" prefix is deprecated.
      MultiTransact(msg.sender, _h, m_txs[_h].value, m_txs[_h].to, m_txs[_h].data, created);
      ^-----------------------------------------------------------------------------------^
contracts/WalletEvents.sol:317:7: Warning: Invoking events without "emit" prefix is deprecated.
      Confirmation(msg.sender, _operation);
      ^----------------------------------^
contracts/WalletEvents.sol:383:37: Warning: This looks like an address but has an invalid checksum. If this is not used as an address, please prepend '00'. Correct checksummed address: '0xCAfEcAfeCAfECaFeCaFecaFecaFECafECafeCaFe'. For more information please see https://solidity.readthedocs.io/en/develop/types.html#address-literals
  address constant _walletLibrary = 0xcafecafecafecafecafecafecafecafecafecafe;
                                    ^----------------------------------------^
contracts/WalletEvents.sol:59:3: Warning: No visibility specified. Defaulting to "public". 
  function isOwner(address _addr) constant returns (bool);
  ^------------------------------------------------------^
contracts/WalletEvents.sol:67:3: Warning: No visibility specified. Defaulting to "public". 
  function confirm(bytes32 _h) returns (bool o_success);
  ^----------------------------------------------------^
contracts/WalletEvents.sol:105:3: Warning: No visibility specified. Defaulting to "public". 
  function() payable {
  ^ (Relevant source part starts here and spans across multiple lines).
contracts/WalletEvents.sol:113:3: Warning: No visibility specified. Defaulting to "public". 
  function initMultiowned(address[] _owners, uint _required) only_uninitialized {
  ^ (Relevant source part starts here and spans across multiple lines).
contracts/WalletEvents.sol:190:3: Warning: No visibility specified. Defaulting to "public". 
  function isOwner(address _addr) constant returns (bool) {
  ^ (Relevant source part starts here and spans across multiple lines).
contracts/WalletEvents.sol:207:3: Warning: No visibility specified. Defaulting to "public". 
  function initDaylimit(uint _limit) only_uninitialized {
  ^ (Relevant source part starts here and spans across multiple lines).
contracts/WalletEvents.sol:226:3: Warning: No visibility specified. Defaulting to "public". 
  function initWallet(address[] _owners, uint _required, uint _daylimit) only_uninitialized {
  ^ (Relevant source part starts here and spans across multiple lines).
contracts/WalletEvents.sol:268:19: Warning: Unused function parameter. Remove or comment out the variable name to silence this warning.
  function create(uint _value, bytes _code) internal returns (address o_addr) {
                  ^---------^
contracts/WalletEvents.sol:268:32: Warning: Unused function parameter. Remove or comment out the variable name to silence this warning.
  function create(uint _value, bytes _code) internal returns (address o_addr) {
                               ^---------^
contracts/WalletEvents.sol:268:63: Warning: Unused function parameter. Remove or comment out the variable name to silence this warning.
  function create(uint _value, bytes _code) internal returns (address o_addr) {
                                                              ^------------^
contracts/WalletEvents.sol:279:3: Warning: No visibility specified. Defaulting to "public". 
  function confirm(bytes32 _h) onlymanyowners(_h) returns (bool o_success) {
  ^ (Relevant source part starts here and spans across multiple lines).
contracts/WalletEvents.sol:268:3: Warning: Function state mutability can be restricted to pure
  function create(uint _value, bytes _code) internal returns (address o_addr) {
  ^ (Relevant source part starts here and spans across multiple lines).
assets/NormalAttacker.sol:5:3: Warning: No visibility specified. Defaulting to "public". 
  function() payable {
  ^ (Relevant source part starts here and spans across multiple lines).
assets/ReentrancyAttacker.sol:8:7: Warning: Return value of low-level calls not used.
      msg.sender.call(bytes4(255));
      ^--------------------------^
assets/ReentrancyAttacker.sol:5:3: Warning: No visibility specified. Defaulting to "public". 
  function() payable {
  ^ (Relevant source part starts here and spans across multiple lines).
>> Fuzz WalletLibrary
** Write stats: 0.017488
** Write stats: 5.03038
** Write stats: 10.0233
** Write stats: 15.0204
** Write stats: 25.0411
** Write stats: 30.0124
** Write stats: 35.0169
** Write stats: 40.0327
** Write stats: 45.0448
** Write stats: 55.05
** Write stats: 60.0233
** Write stats: 65.032
** Write stats: 70.0104
** Write stats: 75.0473
** Write stats: 80.0086
** Write stats: 90.0633
** Write stats: 95.0642
** Write stats: 100.007
** Write stats: 105.012
** Write stats: 110.044
** Write stats: 115.026
** Write stats: 120.059
** Write stats: 125.086
** Write stats: 130.045
** Write stats: 140.056
** Write stats: 145.063
** Write stats: 150.05
** Write stats: 155.014
** Write stats: 160.054
** Write stats: 165.067
** Write stats: 170.002
** Write stats: 175.093
** Write stats: 180.018
** Write stats: 190.077
** Write stats: 195.031
** Write stats: 200.088
** Write stats: 205.019
** Write stats: 210.08
** Write stats: 215.011
** Write stats: 220.09
** Write stats: 225.062
** Write stats: 230.09
** Write stats: 235.046
** Write stats: 240.079
** Write stats: 245.056
** Write stats: 250.048
** Write stats: 255.013
** Write stats: 260.103
** Write stats: 265.019
** Write stats: 270.107
** Write stats: 275.086
** Write stats: 280.054
** Write stats: 285.047
** Write stats: 290.061
** Write stats: 298.683
>> Fuzz WalletEvents
** Write stats: 0.002666
** Write stats: 5.00005
** Write stats: 10.0001
** Write stats: 15.1021
** Write stats: 20.0001
** Write stats: 25.0001
** Write stats: 30.0001
** Write stats: 35.8537
** Write stats: 40.0001
** Write stats: 45
** Write stats: 50.0001
** Write stats: 55.0001
** Write stats: 60.0002
** Write stats: 65.0001
** Write stats: 75.0001
** Write stats: 80
** Write stats: 85.0001
** Write stats: 90.0001
** Write stats: 95.0001
** Write stats: 100
** Write stats: 105
** Write stats: 110
** Write stats: 115
** Write stats: 120
** Write stats: 125
** Write stats: 130
** Write stats: 135
** Write stats: 140.773
** Write stats: 145
** Write stats: 150
** Write stats: 155
** Write stats: 160
** Write stats: 165
** Write stats: 170
** Write stats: 175
** Write stats: 180
** Write stats: 185
** Write stats: 190
** Write stats: 195
** Write stats: 200
** Write stats: 205
** Write stats: 210
** Write stats: 215
** Write stats: 220
** Write stats: 225
** Write stats: 230
** Write stats: 235
** Write stats: 240
** Write stats: 245
** Write stats: 250
** Write stats: 255
** Write stats: 260
** Write stats: 265
** Write stats: 275
** Write stats: 285
** Write stats: 290
** Write stats: 295
** Write stats: 298
