Extract contract Reentrancy_bonus from /sb/reentrancy_bonus.sol
Extracted 1 contract(s) from /sb/reentrancy_bonus.sol
[0;32m> Created "fuzzMe"[0m
[0;32m> To fuzz contracts:[0m
  chmod +x fuzzMe
  ./fuzzMe
contracts/Reentrancy_bonus.sol:19:9: Warning: Different number of components on the left hand side (2) than on the right hand side (1).
        (bool success, ) = recipient.call.value(amountToWithdraw)("");
        ^-----------------------------------------------------------^
assets/NormalAttacker.sol:5:3: Warning: No visibility specified. Defaulting to "public". 
  function() payable {
  ^ (Relevant source part starts here and spans across multiple lines).
assets/ReentrancyAttacker.sol:8:7: Warning: Return value of low-level calls not used.
      msg.sender.call(bytes4(255));
      ^--------------------------^
assets/ReentrancyAttacker.sol:5:3: Warning: No visibility specified. Defaulting to "public". 
  function() payable {
  ^ (Relevant source part starts here and spans across multiple lines).
>> Fuzz Reentrancy_bonus
** Write stats: 0.003962
** Write stats: 5.00096
** Write stats: 10.0005
** Write stats: 15.0062
** Write stats: 20.0048
** Write stats: 25.0048
** Write stats: 30.0013
** Write stats: 35.0083
** Write stats: 40.0047
** Write stats: 45.0107
** Write stats: 50.0016
** Write stats: 55.0033
** Write stats: 60.0017
** Write stats: 65.0111
** Write stats: 70.0021
** Write stats: 75.0008
** Write stats: 80.0075
** Write stats: 85.0043
** Write stats: 90.0101
** Write stats: 95.0083
** Write stats: 100.008
** Write stats: 105.002
** Write stats: 110.009
** Write stats: 115.006
** Write stats: 120.011
** Write stats: 125.001
** Write stats: 130.002
** Write stats: 135.009
** Write stats: 140.003
** Write stats: 145.006
** Write stats: 150.002
** Write stats: 155
** Write stats: 160.001
** Write stats: 165.006
** Write stats: 170.009
** Write stats: 175.009
** Write stats: 180.006
** Write stats: 185.011
** Write stats: 190.002
** Write stats: 195.012
** Write stats: 200.007
** Write stats: 205.003
** Write stats: 210.005
** Write stats: 215.001
** Write stats: 220.014
** Write stats: 225.004
** Write stats: 230.003
** Write stats: 235.001
** Write stats: 240.02
** Write stats: 245.003
** Write stats: 250.01
** Write stats: 255.007
** Write stats: 260
** Write stats: 265.002
** Write stats: 270.012
** Write stats: 275.018
** Write stats: 280.013
** Write stats: 285.01
** Write stats: 290.001
** Write stats: 295.015
** Write stats: 300.003
** Write stats: 305.022
** Write stats: 310.022
** Write stats: 315.017
** Write stats: 320.003
** Write stats: 325.004
** Write stats: 330
** Write stats: 335.018
** Write stats: 340.011
** Write stats: 345.009
** Write stats: 350.033
** Write stats: 355.007
** Write stats: 360.001
** Write stats: 365.022
** Write stats: 370.009
** Write stats: 375.005
** Write stats: 380.018
** Write stats: 385.004
** Write stats: 390.004
** Write stats: 395.016
** Write stats: 400.002
** Write stats: 405.006
** Write stats: 410.006
** Write stats: 415.003
** Write stats: 420.021
** Write stats: 425.006
** Write stats: 430.015
** Write stats: 435.015
** Write stats: 440.023
** Write stats: 445.012
** Write stats: 450.01
** Write stats: 455.022
** Write stats: 460.007
** Write stats: 465.012
** Write stats: 470.015
** Write stats: 475.014
** Write stats: 480.028
** Write stats: 485.005
** Write stats: 490.003
** Write stats: 495.002
** Write stats: 500.006
** Write stats: 505
** Write stats: 510.022
** Write stats: 515.013
** Write stats: 520.021
** Write stats: 525.006
** Write stats: 530.019
** Write stats: 535.006
** Write stats: 540.016
** Write stats: 545.012
** Write stats: 550.008
** Write stats: 555.009
** Write stats: 560.013
** Write stats: 565.021
** Write stats: 570.008
** Write stats: 575.014
** Write stats: 580.01
** Write stats: 585.023
** Write stats: 590.004
** Write stats: 595.024
** Write stats: 598.006
