Extract contract MultiplicatorX3 from /sb/0x5aa88d2901c68fda244f1d0584400368d2c8e739.sol
Extracted 1 contract(s) from /sb/0x5aa88d2901c68fda244f1d0584400368d2c8e739.sol
[0;32m> Created "fuzzMe"[0m
[0;32m> To fuzz contracts:[0m
  chmod +x fuzzMe
  ./fuzzMe
contracts/MultiplicatorX3.sol:20:24: Warning: Using contract member "balance" inherited from the address type is deprecated. Convert the contract to "address" type to access the member, for example use "address(contract).balance" instead.
        Owner.transfer(this.balance);
                       ^----------^
contracts/MultiplicatorX3.sol:29:9: Warning: Return value of low-level calls not used.
        adr.call.value(msg.value)(data);
        ^-----------------------------^
contracts/MultiplicatorX3.sol:36:23: Warning: Using contract member "balance" inherited from the address type is deprecated. Convert the contract to "address" type to access the member, for example use "address(contract).balance" instead.
        if(msg.value>=this.balance)
                      ^----------^
contracts/MultiplicatorX3.sol:38:26: Warning: Using contract member "balance" inherited from the address type is deprecated. Convert the contract to "address" type to access the member, for example use "address(contract).balance" instead.
            adr.transfer(this.balance+msg.value);
                         ^----------^
assets/NormalAttacker.sol:5:3: Warning: No visibility specified. Defaulting to "public". 
  function() payable {
  ^ (Relevant source part starts here and spans across multiple lines).
assets/ReentrancyAttacker.sol:8:7: Warning: Return value of low-level calls not used.
      msg.sender.call(bytes4(255));
      ^--------------------------^
assets/ReentrancyAttacker.sol:5:3: Warning: No visibility specified. Defaulting to "public". 
  function() payable {
  ^ (Relevant source part starts here and spans across multiple lines).
>> Fuzz MultiplicatorX3
** Write stats: 0.006524
** Write stats: 5.00011
** Write stats: 10.0003
** Write stats: 15.0003
** Write stats: 20.0002
** Write stats: 25.0001
** Write stats: 30.0002
** Write stats: 35.0002
** Write stats: 40.0003
** Write stats: 45.0001
** Write stats: 50.0003
** Write stats: 55.0002
** Write stats: 60.0001
** Write stats: 65.0068
** Write stats: 70.0003
** Write stats: 75.0002
** Write stats: 80.0001
** Write stats: 85.0002
** Write stats: 90
** Write stats: 95.0001
** Write stats: 100.018
** Write stats: 105
** Write stats: 110
** Write stats: 115
** Write stats: 120
** Write stats: 125
** Write stats: 130
** Write stats: 135.017
** Write stats: 140.001
** Write stats: 145.001
** Write stats: 150
** Write stats: 155
** Write stats: 160
** Write stats: 165.045
** Write stats: 170
** Write stats: 175
** Write stats: 180
** Write stats: 185
** Write stats: 190
** Write stats: 195
** Write stats: 200
** Write stats: 205
** Write stats: 210.004
** Write stats: 215
** Write stats: 220
** Write stats: 225.122
** Write stats: 230
** Write stats: 235
** Write stats: 240
** Write stats: 245.094
** Write stats: 250
** Write stats: 255
** Write stats: 260.001
** Write stats: 265.001
** Write stats: 270.058
** Write stats: 275
** Write stats: 280
** Write stats: 285.001
** Write stats: 290.001
** Write stats: 295
** Write stats: 300
** Write stats: 305.001
** Write stats: 310
** Write stats: 315.001
** Write stats: 320.001
** Write stats: 325.077
** Write stats: 330.011
** Write stats: 335.041
** Write stats: 340
** Write stats: 345
** Write stats: 350.091
** Write stats: 355
** Write stats: 360
** Write stats: 365.001
** Write stats: 370.001
** Write stats: 375
** Write stats: 380.001
** Write stats: 385.001
** Write stats: 390.09
** Write stats: 395
** Write stats: 400.131
** Write stats: 405.001
** Write stats: 410
** Write stats: 415.111
** Write stats: 420.148
** Write stats: 425.001
** Write stats: 430.001
** Write stats: 435.067
** Write stats: 440.001
** Write stats: 445
** Write stats: 450
** Write stats: 455.001
** Write stats: 460.001
** Write stats: 465.001
** Write stats: 470.001
** Write stats: 475
** Write stats: 480.05
** Write stats: 485
** Write stats: 490.001
** Write stats: 495.001
** Write stats: 500
** Write stats: 505.197
** Write stats: 510
** Write stats: 515
** Write stats: 520.001
** Write stats: 525.001
** Write stats: 530.001
** Write stats: 535
** Write stats: 540.02
** Write stats: 545.001
** Write stats: 550.001
** Write stats: 555.053
** Write stats: 560
** Write stats: 565
** Write stats: 570.035
** Write stats: 575
** Write stats: 580.086
** Write stats: 585.055
** Write stats: 590.061
** Write stats: 595
** Write stats: 598.066
