Extract contract FreeEth from /sb/0xdb1c55f6926e7d847ddf8678905ad871a68199d2.sol
Extracted 1 contract(s) from /sb/0xdb1c55f6926e7d847ddf8678905ad871a68199d2.sol
[0;32m> Created "fuzzMe"[0m
[0;32m> To fuzz contracts:[0m
  chmod +x fuzzMe
  ./fuzzMe
contracts/FreeEth.sol:20:824: Warning: Using contract member "balance" inherited from the address type is deprecated. Convert the contract to "address" type to access the member, for example use "address(contract).balance" instead.
 ... this.balance ... 
     ^----------^
contracts/FreeEth.sol:21:33: Warning: Using contract member "balance" inherited from the address type is deprecated. Convert the contract to "address" type to access the member, for example use "address(contract).balance" instead.
            msg.sender.transfer(this.balance);
                                ^----------^
contracts/FreeEth.sol:30:24: Warning: Using contract member "balance" inherited from the address type is deprecated. Convert the contract to "address" type to access the member, for example use "address(contract).balance" instead.
        Owner.transfer(this.balance);
                       ^----------^
contracts/FreeEth.sol:39:9: Warning: Return value of low-level calls not used.
        adr.call.value(msg.value)(data);
        ^-----------------------------^
assets/NormalAttacker.sol:5:3: Warning: No visibility specified. Defaulting to "public". 
  function() payable {
  ^ (Relevant source part starts here and spans across multiple lines).
assets/ReentrancyAttacker.sol:8:7: Warning: Return value of low-level calls not used.
      msg.sender.call(bytes4(255));
      ^--------------------------^
assets/ReentrancyAttacker.sol:5:3: Warning: No visibility specified. Defaulting to "public". 
  function() payable {
  ^ (Relevant source part starts here and spans across multiple lines).
>> Fuzz FreeEth
** Write stats: 0.006596
** Write stats: 5.00019
** Write stats: 10.0001
** Write stats: 15.0003
** Write stats: 20.0002
** Write stats: 25.0317
** Write stats: 30.0002
** Write stats: 35.0001
** Write stats: 40.0005
** Write stats: 45.0003
** Write stats: 50.0004
** Write stats: 55.0001
** Write stats: 60.0002
** Write stats: 65.0002
** Write stats: 70.0002
** Write stats: 75.0164
** Write stats: 80.0006
** Write stats: 85.0002
** Write stats: 90.0003
** Write stats: 95.0305
** Write stats: 100
** Write stats: 105
** Write stats: 110
** Write stats: 115
** Write stats: 120
** Write stats: 125
** Write stats: 130.009
** Write stats: 135.013
** Write stats: 140
** Write stats: 145
** Write stats: 150.001
** Write stats: 155.046
** Write stats: 160
** Write stats: 165
** Write stats: 170
** Write stats: 175.02
** Write stats: 180.071
** Write stats: 185
** Write stats: 190
** Write stats: 195
** Write stats: 200
** Write stats: 205.021
** Write stats: 210.017
** Write stats: 215
** Write stats: 220
** Write stats: 225
** Write stats: 230.053
** Write stats: 235.006
** Write stats: 240
** Write stats: 245
** Write stats: 250
** Write stats: 255
** Write stats: 260.002
** Write stats: 265
** Write stats: 270
** Write stats: 275
** Write stats: 280.001
** Write stats: 285
** Write stats: 290
** Write stats: 295.138
** Write stats: 300.001
** Write stats: 305
** Write stats: 310
** Write stats: 315.075
** Write stats: 320
** Write stats: 325
** Write stats: 330
** Write stats: 335
** Write stats: 340.044
** Write stats: 345
** Write stats: 350
** Write stats: 355
** Write stats: 360.001
** Write stats: 365
** Write stats: 370
** Write stats: 375.115
** Write stats: 380.097
** Write stats: 385
** Write stats: 390
** Write stats: 395
** Write stats: 400
** Write stats: 405
** Write stats: 410.001
** Write stats: 415.044
** Write stats: 420.08
** Write stats: 425
** Write stats: 430.067
** Write stats: 435.088
** Write stats: 440
** Write stats: 445
** Write stats: 450.092
** Write stats: 455
** Write stats: 460.057
** Write stats: 465
** Write stats: 470
** Write stats: 475.001
** Write stats: 480
** Write stats: 485
** Write stats: 490.049
** Write stats: 495
** Write stats: 500.001
** Write stats: 505
** Write stats: 510.001
** Write stats: 515.049
** Write stats: 520.046
** Write stats: 525.001
** Write stats: 530
** Write stats: 535
** Write stats: 540.001
** Write stats: 545.001
** Write stats: 550.001
** Write stats: 555
** Write stats: 560
** Write stats: 565.023
** Write stats: 570
** Write stats: 575
** Write stats: 580.001
** Write stats: 585.001
** Write stats: 590
** Write stats: 595.091
** Write stats: 598.089
