Extract contract MultiOwnable from /sb/multiowned_vulnerable.sol
Extract contract TestContract from /sb/multiowned_vulnerable.sol
Extracted 2 contract(s) from /sb/multiowned_vulnerable.sol
[0;32m> Created "fuzzMe"[0m
[0;32m> To fuzz contracts:[0m
  chmod +x fuzzMe
  ./fuzzMe
contracts/TestContract.sol:57:25: Warning: Using contract member "balance" inherited from the address type is deprecated. Convert the contract to "address" type to access the member, for example use "address(contract).balance" instead.
    msg.sender.transfer(this.balance);
                        ^----------^
contracts/TestContract.sol:56:3: Warning: No visibility specified. Defaulting to "public". 
  function withdrawAll() onlyOwner {
  ^ (Relevant source part starts here and spans across multiple lines).
contracts/TestContract.sol:60:3: Warning: No visibility specified. Defaulting to "public". 
  function() payable {
  ^ (Relevant source part starts here and spans across multiple lines).
contracts/MultiOwnable.sol:57:25: Warning: Using contract member "balance" inherited from the address type is deprecated. Convert the contract to "address" type to access the member, for example use "address(contract).balance" instead.
    msg.sender.transfer(this.balance);
                        ^----------^
contracts/MultiOwnable.sol:56:3: Warning: No visibility specified. Defaulting to "public". 
  function withdrawAll() onlyOwner {
  ^ (Relevant source part starts here and spans across multiple lines).
contracts/MultiOwnable.sol:60:3: Warning: No visibility specified. Defaulting to "public". 
  function() payable {
  ^ (Relevant source part starts here and spans across multiple lines).
assets/NormalAttacker.sol:5:3: Warning: No visibility specified. Defaulting to "public". 
  function() payable {
  ^ (Relevant source part starts here and spans across multiple lines).
assets/ReentrancyAttacker.sol:8:7: Warning: Return value of low-level calls not used.
      msg.sender.call(bytes4(255));
      ^--------------------------^
assets/ReentrancyAttacker.sol:5:3: Warning: No visibility specified. Defaulting to "public". 
  function() payable {
  ^ (Relevant source part starts here and spans across multiple lines).
>> Fuzz TestContract
** Write stats: 0.005262
** Write stats: 5.00285
** Write stats: 10.0093
** Write stats: 15.0021
** Write stats: 20.0019
** Write stats: 25.0062
** Write stats: 30.0032
** Write stats: 35.0072
** Write stats: 40.0087
** Write stats: 45.0033
** Write stats: 50.0082
** Write stats: 55.0048
** Write stats: 60.0118
** Write stats: 65.009
** Write stats: 70.0007
** Write stats: 75.0013
** Write stats: 80.0149
** Write stats: 85.0122
** Write stats: 90.012
** Write stats: 95.0112
** Write stats: 100.012
** Write stats: 105.002
** Write stats: 110.01
** Write stats: 115.007
** Write stats: 120.002
** Write stats: 125.016
** Write stats: 130.01
** Write stats: 135.015
** Write stats: 140.012
** Write stats: 145.004
** Write stats: 150
** Write stats: 155.003
** Write stats: 160.003
** Write stats: 165.005
** Write stats: 170.014
** Write stats: 175.015
** Write stats: 180.006
** Write stats: 185.003
** Write stats: 190.01
** Write stats: 195.011
** Write stats: 200.006
** Write stats: 205.019
** Write stats: 210.018
** Write stats: 215.009
** Write stats: 220.004
** Write stats: 225.003
** Write stats: 230.001
** Write stats: 235.011
** Write stats: 240.005
** Write stats: 245.011
** Write stats: 250.018
** Write stats: 255.004
** Write stats: 260.011
** Write stats: 265.017
** Write stats: 270.037
** Write stats: 275.018
** Write stats: 280.011
** Write stats: 285.002
** Write stats: 290.008
** Write stats: 295.037
** Write stats: 298.041
>> Fuzz MultiOwnable
** Write stats: 0.006121
** Write stats: 5.00322
** Write stats: 10.0052
** Write stats: 15.0022
** Write stats: 20.0015
** Write stats: 25.0029
** Write stats: 30.0008
** Write stats: 35.0004
** Write stats: 40.0088
** Write stats: 45.0134
** Write stats: 50.0084
** Write stats: 55.0113
** Write stats: 60.0097
** Write stats: 65.0018
** Write stats: 70.001
** Write stats: 75.0022
** Write stats: 80.0062
** Write stats: 85.0032
** Write stats: 90.0089
** Write stats: 95.0049
** Write stats: 100.013
** Write stats: 105.01
** Write stats: 110.02
** Write stats: 115.021
** Write stats: 120.007
** Write stats: 125.027
** Write stats: 130.01
** Write stats: 135.001
** Write stats: 140.022
** Write stats: 145.027
** Write stats: 150.014
** Write stats: 155.02
** Write stats: 160.01
** Write stats: 165.026
** Write stats: 170.006
** Write stats: 175.017
** Write stats: 180.001
** Write stats: 185.022
** Write stats: 190.003
** Write stats: 195.016
** Write stats: 200.006
** Write stats: 205.007
** Write stats: 210.013
** Write stats: 215.006
** Write stats: 220.018
** Write stats: 225.001
** Write stats: 230.012
** Write stats: 235.018
** Write stats: 240.007
** Write stats: 245.001
** Write stats: 250
** Write stats: 255
** Write stats: 260.015
** Write stats: 265.008
** Write stats: 270.009
** Write stats: 275.006
** Write stats: 280.014
** Write stats: 285.01
** Write stats: 290.016
** Write stats: 295.015
** Write stats: 298.031
