Extract contract IntegerOverflowMappingSym1 from /sb/integer_overflow_mapping_sym_1.sol
Extracted 1 contract(s) from /sb/integer_overflow_mapping_sym_1.sol
[0;32m> Created "fuzzMe"[0m
[0;32m> To fuzz contracts:[0m
  chmod +x fuzzMe
  ./fuzzMe
assets/NormalAttacker.sol:5:3: Warning: No visibility specified. Defaulting to "public". 
  function() payable {
  ^ (Relevant source part starts here and spans across multiple lines).
assets/ReentrancyAttacker.sol:8:7: Warning: Return value of low-level calls not used.
      msg.sender.call(bytes4(255));
      ^--------------------------^
assets/ReentrancyAttacker.sol:5:3: Warning: No visibility specified. Defaulting to "public". 
  function() payable {
  ^ (Relevant source part starts here and spans across multiple lines).
>> Fuzz IntegerOverflowMappingSym1
** Write stats: 0.005108
** Write stats: 5.00076
** Write stats: 10.0037
** Write stats: 15.002
** Write stats: 20.0016
** Write stats: 25.0036
** Write stats: 30.001
** Write stats: 35.007
** Write stats: 40.0051
** Write stats: 45.0017
** Write stats: 50.0089
** Write stats: 55.0178
** Write stats: 60.0069
** Write stats: 65.012
** Write stats: 70.0087
** Write stats: 75.0072
** Write stats: 80.0216
** Write stats: 85.0257
** Write stats: 90.0035
** Write stats: 95.0178
** Write stats: 100.005
** Write stats: 105.02
** Write stats: 110.025
** Write stats: 115.013
** Write stats: 120.004
** Write stats: 125.027
** Write stats: 130.003
** Write stats: 135.009
** Write stats: 140.007
** Write stats: 145.016
** Write stats: 150.026
** Write stats: 155.032
** Write stats: 160.032
** Write stats: 165.022
** Write stats: 170.044
** Write stats: 175.006
** Write stats: 180.065
** Write stats: 185.058
** Write stats: 190.042
** Write stats: 195.002
** Write stats: 200.039
** Write stats: 205.129
** Write stats: 210.101
** Write stats: 215.044
** Write stats: 220.048
** Write stats: 225.012
** Write stats: 230.092
** Write stats: 235.012
** Write stats: 240.036
** Write stats: 245.027
** Write stats: 250.002
** Write stats: 255.016
** Write stats: 260.037
** Write stats: 265.025
** Write stats: 270.023
** Write stats: 275.077
** Write stats: 280.111
** Write stats: 285.048
** Write stats: 290.005
** Write stats: 295.042
** Write stats: 300.002
** Write stats: 305.021
** Write stats: 310.054
** Write stats: 315.03
** Write stats: 320.138
** Write stats: 325.011
** Write stats: 330.045
** Write stats: 335.03
** Write stats: 340.009
** Write stats: 345.181
** Write stats: 350.006
** Write stats: 355.021
** Write stats: 360.005
** Write stats: 365.012
** Write stats: 370.04
** Write stats: 375.033
** Write stats: 380.059
** Write stats: 385.028
** Write stats: 390.096
** Write stats: 395.206
** Write stats: 400.017
** Write stats: 405.086
** Write stats: 410.032
** Write stats: 415.027
** Write stats: 420.034
** Write stats: 425.014
** Write stats: 430.022
** Write stats: 435.027
** Write stats: 440.026
** Write stats: 445.059
** Write stats: 450.024
** Write stats: 455.014
** Write stats: 460.093
** Write stats: 465.036
** Write stats: 470.018
** Write stats: 475.077
** Write stats: 480.032
** Write stats: 485.107
** Write stats: 490.079
** Write stats: 495.063
** Write stats: 500.002
** Write stats: 505.063
** Write stats: 510.07
** Write stats: 515.034
** Write stats: 520.081
** Write stats: 525.031
** Write stats: 530.033
** Write stats: 535.071
** Write stats: 540.05
** Write stats: 545.096
** Write stats: 550.07
** Write stats: 555.102
** Write stats: 560.011
** Write stats: 565.141
** Write stats: 570.008
** Write stats: 575.103
** Write stats: 580.086
** Write stats: 585.022
** Write stats: 590.228
** Write stats: 595.113
** Write stats: 598.05
