Extract contract NameRegistrar from /sb/name_registrar.sol
Extracted 1 contract(s) from /sb/name_registrar.sol
[0;32m> Created "fuzzMe"[0m
[0;32m> To fuzz contracts:[0m
  chmod +x fuzzMe
  ./fuzzMe
contracts/NameRegistrar.sol:23:9: Warning: Variable is declared as a storage pointer. Use an explicit "storage" keyword to silence this warning.
        NameRecord newRecord;
        ^------------------^
contracts/NameRegistrar.sol:23:9: Warning: Uninitialized storage pointer. Did you mean '<type> memory newRecord'?
        NameRecord newRecord;
        ^------------------^
assets/NormalAttacker.sol:5:3: Warning: No visibility specified. Defaulting to "public". 
  function() payable {
  ^ (Relevant source part starts here and spans across multiple lines).
assets/ReentrancyAttacker.sol:8:7: Warning: Return value of low-level calls not used.
      msg.sender.call(bytes4(255));
      ^--------------------------^
assets/ReentrancyAttacker.sol:5:3: Warning: No visibility specified. Defaulting to "public". 
  function() payable {
  ^ (Relevant source part starts here and spans across multiple lines).
>> Fuzz NameRegistrar
** Write stats: 0.003108
** Write stats: 5.00049
** Write stats: 10.0032
** Write stats: 15.0075
** Write stats: 20.006
** Write stats: 25.0069
** Write stats: 30.0038
** Write stats: 35.0004
** Write stats: 40.0122
** Write stats: 45.0102
** Write stats: 50.0023
** Write stats: 55.0111
** Write stats: 60.0038
** Write stats: 65.0098
** Write stats: 70.0155
** Write stats: 75.0089
** Write stats: 80.0054
** Write stats: 85.0104
** Write stats: 90.0148
** Write stats: 95.0122
** Write stats: 100.011
** Write stats: 105.02
** Write stats: 110.003
** Write stats: 115.017
** Write stats: 120.006
** Write stats: 125.011
** Write stats: 130.022
** Write stats: 135.023
** Write stats: 140.005
** Write stats: 145.011
** Write stats: 150.02
** Write stats: 155.007
** Write stats: 160.02
** Write stats: 165.021
** Write stats: 170.017
** Write stats: 175.02
** Write stats: 180.023
** Write stats: 185.018
** Write stats: 190.016
** Write stats: 195
** Write stats: 200.005
** Write stats: 205.02
** Write stats: 210.013
** Write stats: 215.018
** Write stats: 220.001
** Write stats: 225.002
** Write stats: 230.017
** Write stats: 235.021
** Write stats: 240.018
** Write stats: 245.027
** Write stats: 250.017
** Write stats: 255.001
** Write stats: 260.008
** Write stats: 265.015
** Write stats: 270.002
** Write stats: 275.023
** Write stats: 280.03
** Write stats: 285.028
** Write stats: 290.002
** Write stats: 295.01
** Write stats: 300.031
** Write stats: 305.016
** Write stats: 310
** Write stats: 315.024
** Write stats: 320.004
** Write stats: 325.015
** Write stats: 330.024
** Write stats: 335.003
** Write stats: 340.01
** Write stats: 345.019
** Write stats: 350.01
** Write stats: 355.009
** Write stats: 360.009
** Write stats: 365.002
** Write stats: 370.025
** Write stats: 375.016
** Write stats: 380.019
** Write stats: 385.027
** Write stats: 390.014
** Write stats: 395.01
** Write stats: 400.025
** Write stats: 405.03
** Write stats: 410.006
** Write stats: 415.032
** Write stats: 420.009
** Write stats: 425.004
** Write stats: 430.035
** Write stats: 435.016
** Write stats: 440.007
** Write stats: 445.015
** Write stats: 450.011
** Write stats: 455.017
** Write stats: 460.008
** Write stats: 465.023
** Write stats: 470.031
** Write stats: 475.016
** Write stats: 480.018
** Write stats: 485.002
** Write stats: 490.028
** Write stats: 495.015
** Write stats: 500.018
** Write stats: 505.025
** Write stats: 510.015
** Write stats: 515.027
** Write stats: 520.007
** Write stats: 525.014
** Write stats: 530.033
** Write stats: 535.014
** Write stats: 540.001
** Write stats: 545.007
** Write stats: 550.013
** Write stats: 555.034
** Write stats: 560.035
** Write stats: 565.001
** Write stats: 570.03
** Write stats: 575.022
** Write stats: 580.034
** Write stats: 585.011
** Write stats: 590.026
** Write stats: 595.006
** Write stats: 598.035
