Extract contract Overflow from /sb/integer_overflow_1.sol
Extracted 1 contract(s) from /sb/integer_overflow_1.sol
[0;32m> Created "fuzzMe"[0m
[0;32m> To fuzz contracts:[0m
  chmod +x fuzzMe
  ./fuzzMe
contracts/Overflow.sol:12:6: Warning: No visibility specified. Defaulting to "public". 
     function add(uint value) returns (bool){
     ^ (Relevant source part starts here and spans across multiple lines).
assets/NormalAttacker.sol:5:3: Warning: No visibility specified. Defaulting to "public". 
  function() payable {
  ^ (Relevant source part starts here and spans across multiple lines).
assets/ReentrancyAttacker.sol:8:7: Warning: Return value of low-level calls not used.
      msg.sender.call(bytes4(255));
      ^--------------------------^
assets/ReentrancyAttacker.sol:5:3: Warning: No visibility specified. Defaulting to "public". 
  function() payable {
  ^ (Relevant source part starts here and spans across multiple lines).
>> Fuzz Overflow
** Write stats: 0.001989
** Write stats: 5.0002
** Write stats: 10.0002
** Write stats: 15.0001
** Write stats: 20.0001
** Write stats: 25.0001
** Write stats: 30.0001
** Write stats: 35.0002
** Write stats: 40.006
** Write stats: 45.0001
** Write stats: 50.0001
** Write stats: 55.0001
** Write stats: 60.0037
** Write stats: 65.0001
** Write stats: 70.0001
** Write stats: 75.0001
** Write stats: 80.7367
** Write stats: 85.0001
** Write stats: 90.0001
** Write stats: 95.0001
** Write stats: 100
** Write stats: 105
** Write stats: 110
** Write stats: 115
** Write stats: 120
** Write stats: 125
** Write stats: 130
** Write stats: 135
** Write stats: 140
** Write stats: 145.166
** Write stats: 150
** Write stats: 155.003
** Write stats: 160
** Write stats: 165
** Write stats: 170
** Write stats: 175.003
** Write stats: 180
** Write stats: 185
** Write stats: 190
** Write stats: 195
** Write stats: 200.001
** Write stats: 205
** Write stats: 210
** Write stats: 215
** Write stats: 220.008
** Write stats: 225
** Write stats: 230
** Write stats: 235
** Write stats: 240.008
** Write stats: 245
** Write stats: 250.003
** Write stats: 255.001
** Write stats: 260
** Write stats: 265
** Write stats: 270
** Write stats: 275
** Write stats: 280
** Write stats: 285
** Write stats: 290.008
** Write stats: 295
** Write stats: 300
** Write stats: 305
** Write stats: 310
** Write stats: 315
** Write stats: 320
** Write stats: 325
** Write stats: 330
** Write stats: 335
** Write stats: 340
** Write stats: 345
** Write stats: 350
** Write stats: 355.006
** Write stats: 360
** Write stats: 365.009
** Write stats: 370.001
** Write stats: 375
** Write stats: 380.003
** Write stats: 385
** Write stats: 390
** Write stats: 395
** Write stats: 400.006
** Write stats: 405.003
** Write stats: 410
** Write stats: 415
** Write stats: 420
** Write stats: 425.002
** Write stats: 430
** Write stats: 435.003
** Write stats: 440
** Write stats: 445
** Write stats: 450
** Write stats: 455
** Write stats: 460
** Write stats: 465
** Write stats: 470
** Write stats: 475.008
** Write stats: 480.018
** Write stats: 485.007
** Write stats: 490
** Write stats: 495
** Write stats: 500
** Write stats: 505.003
** Write stats: 510.01
** Write stats: 515
** Write stats: 520.002
** Write stats: 525
** Write stats: 530
** Write stats: 535
** Write stats: 540
** Write stats: 545
** Write stats: 550
** Write stats: 555
** Write stats: 560
** Write stats: 565
** Write stats: 570
** Write stats: 575
** Write stats: 580.006
** Write stats: 585
** Write stats: 590
** Write stats: 595
** Write stats: 598.004
