Extract contract Bank from /sb/modifier_reentrancy.sol
Extract contract ModifierEntrancy from /sb/modifier_reentrancy.sol
Extract contract attack from /sb/modifier_reentrancy.sol
Extracted 3 contract(s) from /sb/modifier_reentrancy.sol
[0;32m> Created "fuzzMe"[0m
[0;32m> To fuzz contracts:[0m
  chmod +x fuzzMe
  ./fuzzMe
assets/NormalAttacker.sol:5:3: Warning: No visibility specified. Defaulting to "public". 
  function() payable {
  ^ (Relevant source part starts here and spans across multiple lines).
assets/ReentrancyAttacker.sol:8:7: Warning: Return value of low-level calls not used.
      msg.sender.call(bytes4(255));
      ^--------------------------^
assets/ReentrancyAttacker.sol:5:3: Warning: No visibility specified. Defaulting to "public". 
  function() payable {
  ^ (Relevant source part starts here and spans across multiple lines).
>> Fuzz attack
** Write stats: 0.00524
** Write stats: 5.00016
** Write stats: 10.0001
** Write stats: 15.0001
** Write stats: 20.0001
** Write stats: 25.0036
** Write stats: 30.0119
** Write stats: 35.0001
** Write stats: 40.0004
** Write stats: 45.0005
** Write stats: 50.0002
** Write stats: 55.0004
** Write stats: 60.0001
** Write stats: 65.0001
** Write stats: 70.0001
** Write stats: 75.0001
** Write stats: 80.0004
** Write stats: 85.0001
** Write stats: 90.0009
** Write stats: 95.0001
** Write stats: 100
** Write stats: 105
** Write stats: 110
** Write stats: 115
** Write stats: 120
** Write stats: 125
** Write stats: 130.002
** Write stats: 135.018
** Write stats: 140
** Write stats: 145.156
** Write stats: 150
** Write stats: 155.001
** Write stats: 160
** Write stats: 165
** Write stats: 170
** Write stats: 175
** Write stats: 180
** Write stats: 185
** Write stats: 190.001
** Write stats: 195
** Write stats: 198.002
>> Fuzz ModifierEntrancy
** Write stats: 0.002432
** Write stats: 5.00024
** Write stats: 10.0003
** Write stats: 15.0001
** Write stats: 20.0005
** Write stats: 25.0004
** Write stats: 30.0003
** Write stats: 35.0004
** Write stats: 40.0007
** Write stats: 45.0001
** Write stats: 50.0172
** Write stats: 55.0001
** Write stats: 60.0001
** Write stats: 65.0002
** Write stats: 70.0002
** Write stats: 75.0002
** Write stats: 80.0001
** Write stats: 85.0005
** Write stats: 90.001
** Write stats: 95.0002
** Write stats: 100
** Write stats: 105.019
** Write stats: 110
** Write stats: 115.001
** Write stats: 120.011
** Write stats: 125
** Write stats: 130.017
** Write stats: 135
** Write stats: 140.001
** Write stats: 145.003
** Write stats: 150
** Write stats: 155
** Write stats: 160
** Write stats: 165.005
** Write stats: 170.017
** Write stats: 175.001
** Write stats: 180.017
** Write stats: 185.001
** Write stats: 190.019
** Write stats: 195.03
** Write stats: 198.011
>> Fuzz Bank
** Write stats: 0.001744
** Write stats: 5.00013
** Write stats: 10.0001
** Write stats: 15.0001
** Write stats: 20.0001
** Write stats: 25.0001
** Write stats: 30.0001
** Write stats: 35.0001
** Write stats: 40.0001
** Write stats: 45.7294
** Write stats: 50.0001
** Write stats: 55.0001
** Write stats: 60.0001
** Write stats: 65.0001
** Write stats: 70.0001
** Write stats: 75.0001
** Write stats: 80.0001
** Write stats: 85
** Write stats: 90.0001
** Write stats: 95.0001
** Write stats: 100
** Write stats: 105
** Write stats: 110
** Write stats: 115
** Write stats: 120
** Write stats: 125
** Write stats: 130
** Write stats: 135
** Write stats: 140
** Write stats: 145
** Write stats: 150
** Write stats: 155
** Write stats: 160
** Write stats: 165
** Write stats: 170
** Write stats: 175
** Write stats: 185
** Write stats: 190
** Write stats: 195
** Write stats: 198
