Extract contract Log from /sb/0x7b368c4e805c3870b6c49a3f1f49f69af8662cf3.sol
Extract contract W_WALLET from /sb/0x7b368c4e805c3870b6c49a3f1f49f69af8662cf3.sol
Extracted 2 contract(s) from /sb/0x7b368c4e805c3870b6c49a3f1f49f69af8662cf3.sol
[0;32m> Created "fuzzMe"[0m
[0;32m> To fuzz contracts:[0m
  chmod +x fuzzMe
  ./fuzzMe
contracts/W_WALLET.sol:15:9: Warning: Use of the "var" keyword is deprecated.
        var acc = Acc[msg.sender];
        ^-----^
contracts/W_WALLET.sol:25:9: Warning: Use of the "var" keyword is deprecated.
        var acc = Acc[msg.sender];
        ^-----^
contracts/W_WALLET.sol:56:5: Warning: Defining constructors as functions with the same name as the contract is deprecated. Use "constructor(...) { ... }" instead.
    function W_WALLET(address log) public{
    ^ (Relevant source part starts here and spans across multiple lines).
contracts/Log.sol:15:9: Warning: Use of the "var" keyword is deprecated.
        var acc = Acc[msg.sender];
        ^-----^
contracts/Log.sol:25:9: Warning: Use of the "var" keyword is deprecated.
        var acc = Acc[msg.sender];
        ^-----^
contracts/Log.sol:56:5: Warning: Defining constructors as functions with the same name as the contract is deprecated. Use "constructor(...) { ... }" instead.
    function W_WALLET(address log) public{
    ^ (Relevant source part starts here and spans across multiple lines).
assets/NormalAttacker.sol:5:3: Warning: No visibility specified. Defaulting to "public". 
  function() payable {
  ^ (Relevant source part starts here and spans across multiple lines).
assets/ReentrancyAttacker.sol:8:7: Warning: Return value of low-level calls not used.
      msg.sender.call(bytes4(255));
      ^--------------------------^
assets/ReentrancyAttacker.sol:5:3: Warning: No visibility specified. Defaulting to "public". 
  function() payable {
  ^ (Relevant source part starts here and spans across multiple lines).
>> Fuzz W_WALLET
** Write stats: 0.006493
** Write stats: 5.00033
** Write stats: 10.0008
** Write stats: 15.0018
** Write stats: 20.0034
** Write stats: 25.0055
** Write stats: 30.0007
** Write stats: 35.001
** Write stats: 40.0061
** Write stats: 45.0035
** Write stats: 50.005
** Write stats: 55.003
** Write stats: 60.0046
** Write stats: 65.0033
** Write stats: 70.0066
** Write stats: 75.0018
** Write stats: 80.0025
** Write stats: 85.0053
** Write stats: 90.0015
** Write stats: 95.0036
** Write stats: 100
** Write stats: 105.007
** Write stats: 110.001
** Write stats: 115.006
** Write stats: 120.002
** Write stats: 125.007
** Write stats: 130.001
** Write stats: 135.003
** Write stats: 140.004
** Write stats: 145.005
** Write stats: 150.004
** Write stats: 155.002
** Write stats: 160.005
** Write stats: 165
** Write stats: 170.002
** Write stats: 175.005
** Write stats: 180.004
** Write stats: 185.001
** Write stats: 190.001
** Write stats: 195.002
** Write stats: 200.003
** Write stats: 205.001
** Write stats: 210.004
** Write stats: 215.002
** Write stats: 220.002
** Write stats: 225
** Write stats: 230.005
** Write stats: 235.002
** Write stats: 240.003
** Write stats: 245.004
** Write stats: 250.006
** Write stats: 255.002
** Write stats: 260.002
** Write stats: 265.003
** Write stats: 270.002
** Write stats: 275.007
** Write stats: 280.005
** Write stats: 285.005
** Write stats: 290.005
** Write stats: 295.001
** Write stats: 298.014
>> Fuzz Log
** Write stats: 0.013918
** Write stats: 5.01485
** Write stats: 10.0128
** Write stats: 15.0001
** Write stats: 20.0287
** Write stats: 25.0103
** Write stats: 30.0029
** Write stats: 35.0286
** Write stats: 40.0168
** Write stats: 45.0375
** Write stats: 50.0423
** Write stats: 55.0167
** Write stats: 60.0407
** Write stats: 65.06
** Write stats: 70.0024
** Write stats: 75.0419
** Write stats: 80.0246
** Write stats: 85.0496
** Write stats: 90.0125
** Write stats: 95.0188
** Write stats: 100.017
** Write stats: 105.034
** Write stats: 110.051
** Write stats: 115.025
** Write stats: 120.051
** Write stats: 125.05
** Write stats: 130.04
** Write stats: 135.063
** Write stats: 140.016
** Write stats: 145.075
** Write stats: 150.073
** Write stats: 155.061
** Write stats: 160.09
** Write stats: 165.021
** Write stats: 170.098
** Write stats: 175.045
** Write stats: 180.091
** Write stats: 185.026
** Write stats: 190.008
** Write stats: 195.065
** Write stats: 200.07
** Write stats: 205.083
** Write stats: 210.089
** Write stats: 215.023
** Write stats: 220.068
** Write stats: 225.087
** Write stats: 230.065
** Write stats: 235.029
** Write stats: 240.097
** Write stats: 245.036
** Write stats: 250.051
** Write stats: 255.045
** Write stats: 260.025
** Write stats: 265.003
** Write stats: 270.039
** Write stats: 275.013
** Write stats: 280.016
** Write stats: 285.007
** Write stats: 290.04
** Write stats: 295.024
** Write stats: 298.109
