Extract contract Refunder from /sb/send_loop.sol
Extracted 1 contract(s) from /sb/send_loop.sol
[0;32m> Created "fuzzMe"[0m
[0;32m> To fuzz contracts:[0m
  chmod +x fuzzMe
  ./fuzzMe
contracts/Refunder.sol:17:30: Warning: This looks like an address but has an invalid checksum. If this is not used as an address, please prepend '00'. Correct checksummed address: '0x79B483371E87d664cd39491b5f06250165e4b185'. For more information please see https://solidity.readthedocs.io/en/develop/types.html#address-literals
        refundAddresses.push(0x79B483371E87d664cd39491b5F06250165e4b185);
                             ^----------------------------------------^
contracts/Refunder.sol:15:5: Warning: No visibility specified. Defaulting to "public". 
    constructor() {
    ^ (Relevant source part starts here and spans across multiple lines).
assets/NormalAttacker.sol:5:3: Warning: No visibility specified. Defaulting to "public". 
  function() payable {
  ^ (Relevant source part starts here and spans across multiple lines).
assets/ReentrancyAttacker.sol:8:7: Warning: Return value of low-level calls not used.
      msg.sender.call(bytes4(255));
      ^--------------------------^
assets/ReentrancyAttacker.sol:5:3: Warning: No visibility specified. Defaulting to "public". 
  function() payable {
  ^ (Relevant source part starts here and spans across multiple lines).
>> Fuzz Refunder
** Write stats: 0.00185
** Write stats: 5.01659
** Write stats: 15.0044
** Write stats: 20.0251
** Write stats: 25.0401
** Write stats: 30.0377
** Write stats: 35.0379
** Write stats: 40.0227
** Write stats: 50.0578
** Write stats: 55.0068
** Write stats: 60.0446
** Write stats: 65.069
** Write stats: 70.0548
** Write stats: 75.0404
** Write stats: 80.0711
** Write stats: 85.0755
** Write stats: 90.0125
** Write stats: 95.0099
** Write stats: 115.097
** Write stats: 120.085
** Write stats: 125.101
** Write stats: 130.047
** Write stats: 135.04
** Write stats: 140.086
** Write stats: 145.125
** Write stats: 150.082
** Write stats: 155.133
** Write stats: 160.124
** Write stats: 165.076
** Write stats: 170.089
** Write stats: 175.056
** Write stats: 198.105
