Extract contract Map from /sb/mapping_write.sol
Extracted 1 contract(s) from /sb/mapping_write.sol
[0;32m> Created "fuzzMe"[0m
[0;32m> To fuzz contracts:[0m
  chmod +x fuzzMe
  ./fuzzMe
assets/NormalAttacker.sol:5:3: Warning: No visibility specified. Defaulting to "public". 
  function() payable {
  ^ (Relevant source part starts here and spans across multiple lines).
assets/ReentrancyAttacker.sol:8:7: Warning: Return value of low-level calls not used.
      msg.sender.call(bytes4(255));
      ^--------------------------^
assets/ReentrancyAttacker.sol:5:3: Warning: No visibility specified. Defaulting to "public". 
  function() payable {
  ^ (Relevant source part starts here and spans across multiple lines).
>> Fuzz Map
** Write stats: 0.007452
** Write stats: 5.00083
** Write stats: 10.001
** Write stats: 15.0043
** Write stats: 20.0011
** Write stats: 25.0027
** Write stats: 30.004
** Write stats: 35.0051
** Write stats: 40.0042
** Write stats: 45.0057
** Write stats: 50.0024
** Write stats: 55.005
** Write stats: 60.0047
** Write stats: 65.0033
** Write stats: 70.0023
** Write stats: 75.0024
** Write stats: 80.0046
** Write stats: 85.0047
** Write stats: 90.0028
** Write stats: 95.004
** Write stats: 100.006
** Write stats: 105.007
** Write stats: 110.007
** Write stats: 115.014
** Write stats: 120.012
** Write stats: 125.005
** Write stats: 130.013
** Write stats: 135.012
** Write stats: 140.014
** Write stats: 145.012
** Write stats: 150.012
** Write stats: 155.004
** Write stats: 160.002
** Write stats: 165.004
** Write stats: 170.002
** Write stats: 175.001
** Write stats: 180.001
** Write stats: 185.003
** Write stats: 190.003
** Write stats: 195.015
** Write stats: 200.014
** Write stats: 205.002
** Write stats: 210.004
** Write stats: 215.006
** Write stats: 220.001
** Write stats: 225.003
** Write stats: 230.006
** Write stats: 235
** Write stats: 240.002
** Write stats: 245.011
** Write stats: 250.005
** Write stats: 255.009
** Write stats: 260.004
** Write stats: 265.001
** Write stats: 270.007
** Write stats: 275.007
** Write stats: 280.001
** Write stats: 285.017
** Write stats: 290.015
** Write stats: 295.013
** Write stats: 300.016
** Write stats: 305.011
** Write stats: 310.016
** Write stats: 315.003
** Write stats: 320.005
** Write stats: 325.016
** Write stats: 330.011
** Write stats: 335.006
** Write stats: 340.009
** Write stats: 345.004
** Write stats: 350.002
** Write stats: 355.007
** Write stats: 360.012
** Write stats: 365.002
** Write stats: 370.005
** Write stats: 375.001
** Write stats: 380.009
** Write stats: 385.013
** Write stats: 390.007
** Write stats: 395.017
** Write stats: 400.012
** Write stats: 405.011
** Write stats: 410.004
** Write stats: 415.008
** Write stats: 420.015
** Write stats: 425.001
** Write stats: 430.019
** Write stats: 435.001
** Write stats: 440.013
** Write stats: 445.008
** Write stats: 450.021
** Write stats: 455.012
** Write stats: 460
** Write stats: 465.007
** Write stats: 470.025
** Write stats: 475.003
** Write stats: 480.01
** Write stats: 485.016
** Write stats: 490.011
** Write stats: 495.01
** Write stats: 500.023
** Write stats: 505.018
** Write stats: 510.014
** Write stats: 515.003
** Write stats: 520.029
** Write stats: 525.032
** Write stats: 530.023
** Write stats: 535.013
** Write stats: 540.003
** Write stats: 545.024
** Write stats: 550.024
** Write stats: 555.017
** Write stats: 560.014
** Write stats: 565.032
** Write stats: 570.032
** Write stats: 575.018
** Write stats: 580.003
** Write stats: 585.032
** Write stats: 590.004
** Write stats: 595.009
** Write stats: 598.018
