Extract contract ACCURAL_DEPOSIT from /sb/0x4320e6f8c05b27ab4707cd1f6d5ce6f3e4b3a5a1.sol
Extract contract LogFile from /sb/0x4320e6f8c05b27ab4707cd1f6d5ce6f3e4b3a5a1.sol
Extracted 2 contract(s) from /sb/0x4320e6f8c05b27ab4707cd1f6d5ce6f3e4b3a5a1.sol
[0;32m> Created "fuzzMe"[0m
[0;32m> To fuzz contracts:[0m
  chmod +x fuzzMe
  ./fuzzMe
assets/NormalAttacker.sol:5:3: Warning: No visibility specified. Defaulting to "public". 
  function() payable {
  ^ (Relevant source part starts here and spans across multiple lines).
assets/ReentrancyAttacker.sol:8:7: Warning: Return value of low-level calls not used.
      msg.sender.call(bytes4(255));
      ^--------------------------^
assets/ReentrancyAttacker.sol:5:3: Warning: No visibility specified. Defaulting to "public". 
  function() payable {
  ^ (Relevant source part starts here and spans across multiple lines).
>> Fuzz LogFile
** Write stats: 0.005248
** Write stats: 5.01119
** Write stats: 10.0178
** Write stats: 15.0291
** Write stats: 20.0189
** Write stats: 25.0314
** Write stats: 30.0004
** Write stats: 35.0087
** Write stats: 40.0468
** Write stats: 45.0151
** Write stats: 50.0115
** Write stats: 55.046
** Write stats: 60.0078
** Write stats: 65.0405
** Write stats: 70.0584
** Write stats: 75.052
** Write stats: 80.0544
** Write stats: 85.0678
** Write stats: 90.0372
** Write stats: 95.0703
** Write stats: 100.038
** Write stats: 105.055
** Write stats: 110.018
** Write stats: 115.015
** Write stats: 120.02
** Write stats: 125.031
** Write stats: 130.072
** Write stats: 135.047
** Write stats: 140.007
** Write stats: 145.065
** Write stats: 150.079
** Write stats: 155.043
** Write stats: 160.088
** Write stats: 165.056
** Write stats: 170.054
** Write stats: 175.084
** Write stats: 180.021
** Write stats: 185.008
** Write stats: 190.016
** Write stats: 195.001
** Write stats: 200.115
** Write stats: 205.102
** Write stats: 210.052
** Write stats: 215.005
** Write stats: 220.011
** Write stats: 225.087
** Write stats: 230.042
** Write stats: 235.074
** Write stats: 240.009
** Write stats: 245.05
** Write stats: 250.044
** Write stats: 255.103
** Write stats: 260.045
** Write stats: 265.012
** Write stats: 270.074
** Write stats: 275.131
** Write stats: 280.054
** Write stats: 285.024
** Write stats: 290.011
** Write stats: 295.114
** Write stats: 298.093
>> Fuzz ACCURAL_DEPOSIT
** Write stats: 0.0098
** Write stats: 5.0019
** Write stats: 10.001
** Write stats: 15.0006
** Write stats: 20.0011
** Write stats: 25.0018
** Write stats: 30.001
** Write stats: 35.001
** Write stats: 40.0005
** Write stats: 45.0019
** Write stats: 50.0004
** Write stats: 55.0016
** Write stats: 60.0012
** Write stats: 65.0054
** Write stats: 70.0027
** Write stats: 75.0015
** Write stats: 80.0035
** Write stats: 85.0005
** Write stats: 90.0053
** Write stats: 95.006
** Write stats: 100.001
** Write stats: 105.005
** Write stats: 110.004
** Write stats: 115.001
** Write stats: 120.006
** Write stats: 125
** Write stats: 130.007
** Write stats: 135.003
** Write stats: 140.005
** Write stats: 145.002
** Write stats: 150.002
** Write stats: 155.003
** Write stats: 160.005
** Write stats: 165.001
** Write stats: 170.004
** Write stats: 175.006
** Write stats: 180.004
** Write stats: 185.006
** Write stats: 190.006
** Write stats: 195.001
** Write stats: 200.006
** Write stats: 205.002
** Write stats: 210
** Write stats: 215.001
** Write stats: 220.005
** Write stats: 225.011
** Write stats: 230.006
** Write stats: 235.006
** Write stats: 240.01
** Write stats: 245.011
** Write stats: 250.005
** Write stats: 255.014
** Write stats: 260.018
** Write stats: 265.001
** Write stats: 270.003
** Write stats: 275.007
** Write stats: 280.011
** Write stats: 285.014
** Write stats: 290.001
** Write stats: 295.003
** Write stats: 298.02
