Extract contract OpenAddressLottery from /sb/open_address_lottery.sol
Extracted 1 contract(s) from /sb/open_address_lottery.sol
[0;32m> Created "fuzzMe"[0m
[0;32m> To fuzz contracts:[0m
  chmod +x fuzzMe
  ./fuzzMe
contracts/OpenAddressLottery.sol:41:5: Warning: Defining constructors as functions with the same name as the contract is deprecated. Use "constructor(...) { ... }" instead.
    function OpenAddressLottery() {
    ^ (Relevant source part starts here and spans across multiple lines).
contracts/OpenAddressLottery.sol:91:9: Warning: Variable is declared as a storage pointer. Use an explicit "storage" keyword to silence this warning.
        SeedComponents s;
        ^--------------^
contracts/OpenAddressLottery.sol:58:20: Warning: Using contract member "balance" inherited from the address type is deprecated. Convert the contract to "address" type to access the member, for example use "address(contract).balance" instead.
            if(win>this.balance) //if the balance isnt sufficient...
                   ^----------^
contracts/OpenAddressLottery.sol:59:21: Warning: Using contract member "balance" inherited from the address type is deprecated. Convert the contract to "address" type to access the member, for example use "address(contract).balance" instead.
                win=this.balance; //...send everything we've got
                    ^----------^
contracts/OpenAddressLottery.sol:69:18: Warning: This function only accepts a single "bytes" argument. Please use "abi.encodePacked(...)" or a similar function to encode the data.
        n = uint(keccak256(uint(addr), secretSeed)[0]) % 8;
                 ^-------------------------------^
contracts/OpenAddressLottery.sol:73:30: Warning: This function only accepts a single "bytes" argument. Please use "abi.encodePacked(...)" or a similar function to encode the data.
        secretSeed = uint256(keccak256(
                             ^ (Relevant source part starts here and spans across multiple lines).
contracts/OpenAddressLottery.sol:91:9: Warning: Uninitialized storage pointer. Did you mean '<type> memory s'?
        SeedComponents s;
        ^--------------^
contracts/OpenAddressLottery.sol:41:5: Warning: No visibility specified. Defaulting to "public". 
    function OpenAddressLottery() {
    ^ (Relevant source part starts here and spans across multiple lines).
contracts/OpenAddressLottery.sol:46:5: Warning: No visibility specified. Defaulting to "public". 
    function participate() payable {
    ^ (Relevant source part starts here and spans across multiple lines).
contracts/OpenAddressLottery.sol:67:5: Warning: No visibility specified. Defaulting to "public". 
    function luckyNumberOfAddress(address addr) constant returns(uint n){
    ^ (Relevant source part starts here and spans across multiple lines).
contracts/OpenAddressLottery.sol:82:5: Warning: No visibility specified. Defaulting to "public". 
    function kill() {
    ^ (Relevant source part starts here and spans across multiple lines).
contracts/OpenAddressLottery.sol:88:5: Warning: No visibility specified. Defaulting to "public". 
    function forceReseed() { //reseed initiated by the owner - for testing purposes
    ^ (Relevant source part starts here and spans across multiple lines).
contracts/OpenAddressLottery.sol:93:32: Warning: "block.blockhash()" has been deprecated in favor of "blockhash()"
        s.component2 = uint256(block.blockhash(block.number - 1));
                               ^-------------^
contracts/OpenAddressLottery.sol:100:5: Warning: No visibility specified. Defaulting to "public". 
    function () payable { //if someone sends money without any function call, just assume he wanted to participate
    ^ (Relevant source part starts here and spans across multiple lines).
assets/NormalAttacker.sol:5:3: Warning: No visibility specified. Defaulting to "public". 
  function() payable {
  ^ (Relevant source part starts here and spans across multiple lines).
assets/ReentrancyAttacker.sol:8:7: Warning: Return value of low-level calls not used.
      msg.sender.call(bytes4(255));
      ^--------------------------^
assets/ReentrancyAttacker.sol:5:3: Warning: No visibility specified. Defaulting to "public". 
  function() payable {
  ^ (Relevant source part starts here and spans across multiple lines).
>> Fuzz OpenAddressLottery
** Write stats: 0.002981
** Write stats: 5.00856
** Write stats: 10.0001
** Write stats: 15.0002
** Write stats: 20.0003
** Write stats: 25.0003
** Write stats: 30.0002
** Write stats: 35.0002
** Write stats: 40.0002
** Write stats: 45.0001
** Write stats: 50.0001
** Write stats: 55.0164
** Write stats: 60.0001
** Write stats: 65.0004
** Write stats: 70.0003
** Write stats: 75.0002
** Write stats: 80.0002
** Write stats: 85.0001
** Write stats: 90.0002
** Write stats: 95.0002
** Write stats: 100
** Write stats: 105
** Write stats: 110
** Write stats: 115.01
** Write stats: 120
** Write stats: 125
** Write stats: 130
** Write stats: 135
** Write stats: 140
** Write stats: 145
** Write stats: 150
** Write stats: 155.001
** Write stats: 160.009
** Write stats: 165
** Write stats: 170
** Write stats: 175
** Write stats: 180
** Write stats: 185
** Write stats: 190
** Write stats: 195
** Write stats: 200
** Write stats: 205.001
** Write stats: 210
** Write stats: 215
** Write stats: 220.001
** Write stats: 225.002
** Write stats: 230.002
** Write stats: 235.002
** Write stats: 240.001
** Write stats: 245.002
** Write stats: 250
** Write stats: 255.004
** Write stats: 260.001
** Write stats: 265
** Write stats: 270.003
** Write stats: 275.003
** Write stats: 280.003
** Write stats: 285.004
** Write stats: 290.002
** Write stats: 295.004
** Write stats: 300
** Write stats: 305.004
** Write stats: 310.006
** Write stats: 315.003
** Write stats: 320.005
** Write stats: 325.004
** Write stats: 330.002
** Write stats: 335.001
** Write stats: 340.006
** Write stats: 345.003
** Write stats: 350.003
** Write stats: 355.001
** Write stats: 360.006
** Write stats: 365.004
** Write stats: 370.006
** Write stats: 375.006
** Write stats: 380.007
** Write stats: 385.009
** Write stats: 390.002
** Write stats: 395.004
** Write stats: 400
** Write stats: 405.001
** Write stats: 410.002
** Write stats: 415.002
** Write stats: 420.008
** Write stats: 425.01
** Write stats: 430.008
** Write stats: 435.004
** Write stats: 440.008
** Write stats: 445.003
** Write stats: 450.004
** Write stats: 455.003
** Write stats: 460.004
** Write stats: 465.007
** Write stats: 470.008
** Write stats: 475.01
** Write stats: 480.007
** Write stats: 485.002
** Write stats: 490
** Write stats: 495.001
** Write stats: 500.001
** Write stats: 505.007
** Write stats: 510.005
** Write stats: 515.004
** Write stats: 520.007
** Write stats: 525.007
** Write stats: 530.001
** Write stats: 535
** Write stats: 540.006
** Write stats: 545.003
** Write stats: 550.001
** Write stats: 555.008
** Write stats: 560.004
** Write stats: 565.008
** Write stats: 570.014
** Write stats: 575.005
** Write stats: 580
** Write stats: 585.003
** Write stats: 590.004
** Write stats: 595.003
** Write stats: 598.02
