Extract contract Wallet from /sb/wallet_03_wrong_constructor.sol
Extracted 1 contract(s) from /sb/wallet_03_wrong_constructor.sol
[0;32m> Created "fuzzMe"[0m
[0;32m> To fuzz contracts:[0m
  chmod +x fuzzMe
  ./fuzzMe
contracts/Wallet.sol:38:22: Warning: Using contract member "balance" inherited from the address type is deprecated. Convert the contract to "address" type to access the member, for example use "address(contract).balance" instead.
         to.transfer(this.balance);
                     ^----------^
assets/NormalAttacker.sol:5:3: Warning: No visibility specified. Defaulting to "public". 
  function() payable {
  ^ (Relevant source part starts here and spans across multiple lines).
assets/ReentrancyAttacker.sol:8:7: Warning: Return value of low-level calls not used.
      msg.sender.call(bytes4(255));
      ^--------------------------^
assets/ReentrancyAttacker.sol:5:3: Warning: No visibility specified. Defaulting to "public". 
  function() payable {
  ^ (Relevant source part starts here and spans across multiple lines).
>> Fuzz Wallet
** Write stats: 0.00565
** Write stats: 5.00496
** Write stats: 10.004
** Write stats: 15.0027
** Write stats: 20.0011
** Write stats: 25.0016
** Write stats: 30.0069
** Write stats: 35.0009
** Write stats: 40.0054
** Write stats: 45.0026
** Write stats: 50.0042
** Write stats: 55.0059
** Write stats: 60.0035
** Write stats: 65.0074
** Write stats: 70.0135
** Write stats: 75.0036
** Write stats: 80.002
** Write stats: 85.004
** Write stats: 90.0114
** Write stats: 95.0012
** Write stats: 100.008
** Write stats: 105.011
** Write stats: 110.002
** Write stats: 115.006
** Write stats: 120.013
** Write stats: 125.001
** Write stats: 130.009
** Write stats: 135.012
** Write stats: 140.004
** Write stats: 145.013
** Write stats: 150.009
** Write stats: 155.007
** Write stats: 160.011
** Write stats: 165.005
** Write stats: 170.001
** Write stats: 175.003
** Write stats: 180.014
** Write stats: 185.003
** Write stats: 190.008
** Write stats: 195.007
** Write stats: 200.007
** Write stats: 205.004
** Write stats: 210.006
** Write stats: 215
** Write stats: 220.003
** Write stats: 225.008
** Write stats: 230.015
** Write stats: 235.016
** Write stats: 240.019
** Write stats: 245.021
** Write stats: 250.029
** Write stats: 255.025
** Write stats: 260.023
** Write stats: 265.013
** Write stats: 270
** Write stats: 275.032
** Write stats: 280.029
** Write stats: 285.018
** Write stats: 290.012
** Write stats: 295.021
** Write stats: 300.033
** Write stats: 305.037
** Write stats: 310.034
** Write stats: 315.04
** Write stats: 320.011
** Write stats: 325.024
** Write stats: 330.011
** Write stats: 335.007
** Write stats: 340.01
** Write stats: 345.007
** Write stats: 350.013
** Write stats: 355.044
** Write stats: 360.002
** Write stats: 365.019
** Write stats: 370.031
** Write stats: 375.014
** Write stats: 380.018
** Write stats: 385.04
** Write stats: 390.036
** Write stats: 395.018
** Write stats: 400.032
** Write stats: 405.011
** Write stats: 410.013
** Write stats: 415.043
** Write stats: 420.032
** Write stats: 425.021
** Write stats: 430.027
** Write stats: 435.043
** Write stats: 440.014
** Write stats: 445.024
** Write stats: 450.039
** Write stats: 455.041
** Write stats: 460.039
** Write stats: 465.002
** Write stats: 470.044
** Write stats: 475.009
** Write stats: 480.013
** Write stats: 485.004
** Write stats: 490.014
** Write stats: 495.046
** Write stats: 500.036
** Write stats: 505.02
** Write stats: 510.043
** Write stats: 515.008
** Write stats: 520.034
** Write stats: 525.038
** Write stats: 530.014
** Write stats: 535.042
** Write stats: 540.003
** Write stats: 545.037
** Write stats: 550.011
** Write stats: 555.005
** Write stats: 560.002
** Write stats: 565.025
** Write stats: 570.019
** Write stats: 575.009
** Write stats: 580.005
** Write stats: 585.03
** Write stats: 590.029
** Write stats: 595.025
** Write stats: 598.049
