Extract contract Log from /sb/0xbe4041d55db380c5ae9d4a9b9703f1ed4e7e3888.sol
Extract contract MONEY_BOX from /sb/0xbe4041d55db380c5ae9d4a9b9703f1ed4e7e3888.sol
Extracted 2 contract(s) from /sb/0xbe4041d55db380c5ae9d4a9b9703f1ed4e7e3888.sol
[0;32m> Created "fuzzMe"[0m
[0;32m> To fuzz contracts:[0m
  chmod +x fuzzMe
  ./fuzzMe
contracts/MONEY_BOX.sol:28:24: Warning: "throw" is deprecated in favour of "revert()", "require()" and "assert()".
        if(intitalized)throw;
                       ^---^
contracts/MONEY_BOX.sol:35:24: Warning: "throw" is deprecated in favour of "revert()", "require()" and "assert()".
        if(intitalized)throw;
                       ^---^
contracts/MONEY_BOX.sol:49:9: Warning: Use of the "var" keyword is deprecated.
        var acc = Acc[msg.sender];
        ^-----^
contracts/MONEY_BOX.sol:59:9: Warning: Use of the "var" keyword is deprecated.
        var acc = Acc[msg.sender];
        ^-----^
contracts/Log.sol:28:24: Warning: "throw" is deprecated in favour of "revert()", "require()" and "assert()".
        if(intitalized)throw;
                       ^---^
contracts/Log.sol:35:24: Warning: "throw" is deprecated in favour of "revert()", "require()" and "assert()".
        if(intitalized)throw;
                       ^---^
contracts/Log.sol:49:9: Warning: Use of the "var" keyword is deprecated.
        var acc = Acc[msg.sender];
        ^-----^
contracts/Log.sol:59:9: Warning: Use of the "var" keyword is deprecated.
        var acc = Acc[msg.sender];
        ^-----^
assets/NormalAttacker.sol:5:3: Warning: No visibility specified. Defaulting to "public". 
  function() payable {
  ^ (Relevant source part starts here and spans across multiple lines).
assets/ReentrancyAttacker.sol:8:7: Warning: Return value of low-level calls not used.
      msg.sender.call(bytes4(255));
      ^--------------------------^
assets/ReentrancyAttacker.sol:5:3: Warning: No visibility specified. Defaulting to "public". 
  function() payable {
  ^ (Relevant source part starts here and spans across multiple lines).
>> Fuzz MONEY_BOX
** Write stats: 0.009058
** Write stats: 5.0009
** Write stats: 10.0004
** Write stats: 15.001
** Write stats: 20.0001
** Write stats: 25.0038
** Write stats: 30.0001
** Write stats: 35.0008
** Write stats: 40.0002
** Write stats: 45.0022
** Write stats: 50.0005
** Write stats: 55.0015
** Write stats: 60.0044
** Write stats: 65.0055
** Write stats: 70.0027
** Write stats: 75.0047
** Write stats: 80.0038
** Write stats: 85.005
** Write stats: 90.0029
** Write stats: 95.0002
** Write stats: 100.003
** Write stats: 105.005
** Write stats: 110.001
** Write stats: 115.002
** Write stats: 120.006
** Write stats: 125.003
** Write stats: 130.003
** Write stats: 135.005
** Write stats: 140.006
** Write stats: 145.001
** Write stats: 150
** Write stats: 155.003
** Write stats: 160
** Write stats: 165.002
** Write stats: 170.001
** Write stats: 175.005
** Write stats: 180.003
** Write stats: 185.001
** Write stats: 190.005
** Write stats: 195.002
** Write stats: 200.004
** Write stats: 205.001
** Write stats: 210.001
** Write stats: 215.009
** Write stats: 220.004
** Write stats: 225.007
** Write stats: 230.006
** Write stats: 235.006
** Write stats: 240.006
** Write stats: 245.011
** Write stats: 250.007
** Write stats: 255.006
** Write stats: 260.01
** Write stats: 265.011
** Write stats: 270.016
** Write stats: 275.005
** Write stats: 280.012
** Write stats: 285.019
** Write stats: 290.014
** Write stats: 295.006
** Write stats: 298.015
>> Fuzz Log
** Write stats: 0.0062
** Write stats: 5.01181
** Write stats: 10.0211
** Write stats: 15.0064
** Write stats: 20.0113
** Write stats: 25.0074
** Write stats: 30.0278
** Write stats: 35.0327
** Write stats: 40.0401
** Write stats: 45.0408
** Write stats: 50.0024
** Write stats: 55.011
** Write stats: 60.0554
** Write stats: 65.0485
** Write stats: 70.0231
** Write stats: 75.0146
** Write stats: 80.0569
** Write stats: 85.0671
** Write stats: 90.0005
** Write stats: 95.0125
** Write stats: 100.031
** Write stats: 105.059
** Write stats: 110.023
** Write stats: 115.052
** Write stats: 120.078
** Write stats: 125.023
** Write stats: 130.087
** Write stats: 135.05
** Write stats: 140.037
** Write stats: 145.066
** Write stats: 150.004
** Write stats: 155.013
** Write stats: 160.06
** Write stats: 165.095
** Write stats: 170.064
** Write stats: 175.063
** Write stats: 180.099
** Write stats: 185.023
** Write stats: 190.03
** Write stats: 195.077
** Write stats: 200.035
** Write stats: 205.049
** Write stats: 210.034
** Write stats: 215.077
** Write stats: 220.069
** Write stats: 225.111
** Write stats: 230.048
** Write stats: 235.043
** Write stats: 240.054
** Write stats: 245.015
** Write stats: 250.005
** Write stats: 255.056
** Write stats: 260.023
** Write stats: 265.129
** Write stats: 270.115
** Write stats: 275.064
** Write stats: 280.128
** Write stats: 285.058
** Write stats: 290.133
** Write stats: 295.115
** Write stats: 298.126
