Extract contract SendBack from /sb/mishandled.sol
Extracted 1 contract(s) from /sb/mishandled.sol
[0;32m> Created "fuzzMe"[0m
[0;32m> To fuzz contracts:[0m
  chmod +x fuzzMe
  ./fuzzMe
contracts/SendBack.sol:14:3: Warning: Failure condition of 'send' ignored. Consider using 'transfer' instead.
		msg.sender.send(amountToWithdraw);
		^-------------------------------^
contracts/SendBack.sol:10:5: Warning: No visibility specified. Defaulting to "public". 
    function withdrawBalance() {  
    ^ (Relevant source part starts here and spans across multiple lines).
assets/NormalAttacker.sol:5:3: Warning: No visibility specified. Defaulting to "public". 
  function() payable {
  ^ (Relevant source part starts here and spans across multiple lines).
assets/ReentrancyAttacker.sol:8:7: Warning: Return value of low-level calls not used.
      msg.sender.call(bytes4(255));
      ^--------------------------^
assets/ReentrancyAttacker.sol:5:3: Warning: No visibility specified. Defaulting to "public". 
  function() payable {
  ^ (Relevant source part starts here and spans across multiple lines).
>> Fuzz SendBack
** Write stats: 0.002141
** Write stats: 5.00225
** Write stats: 10.0016
** Write stats: 15.001
** Write stats: 20.0007
** Write stats: 25.0012
** Write stats: 30.0077
** Write stats: 35.0023
** Write stats: 40.0081
** Write stats: 45.0093
** Write stats: 50.0095
** Write stats: 55.0196
** Write stats: 60.0111
** Write stats: 65.0169
** Write stats: 70.0124
** Write stats: 75.0108
** Write stats: 80.0075
** Write stats: 85.0174
** Write stats: 90.0259
** Write stats: 95.0195
** Write stats: 100.007
** Write stats: 105.01
** Write stats: 110.004
** Write stats: 115.002
** Write stats: 120.01
** Write stats: 125.001
** Write stats: 130.015
** Write stats: 135.004
** Write stats: 140.025
** Write stats: 145.025
** Write stats: 150.032
** Write stats: 155.007
** Write stats: 160.025
** Write stats: 165.061
** Write stats: 170.075
** Write stats: 175.024
** Write stats: 180.012
** Write stats: 185.048
** Write stats: 190.003
** Write stats: 195.032
** Write stats: 200.018
** Write stats: 205.047
** Write stats: 210.002
** Write stats: 215.014
** Write stats: 220.02
** Write stats: 225.022
** Write stats: 230.021
** Write stats: 235.033
** Write stats: 240.023
** Write stats: 245.022
** Write stats: 250.025
** Write stats: 255.052
** Write stats: 260.021
** Write stats: 265.009
** Write stats: 270.03
** Write stats: 275.035
** Write stats: 280.071
** Write stats: 285.015
** Write stats: 290.005
** Write stats: 295.01
** Write stats: 300.039
** Write stats: 305.044
** Write stats: 310.009
** Write stats: 315.022
** Write stats: 320.024
** Write stats: 325.018
** Write stats: 330.02
** Write stats: 335.015
** Write stats: 340.005
** Write stats: 345.052
** Write stats: 350.017
** Write stats: 355.031
** Write stats: 360.051
** Write stats: 365.029
** Write stats: 370.043
** Write stats: 375.043
** Write stats: 380.036
** Write stats: 385.005
** Write stats: 390.051
** Write stats: 395.161
** Write stats: 400.037
** Write stats: 405.005
** Write stats: 410.063
** Write stats: 415.004
** Write stats: 420.026
** Write stats: 425.042
** Write stats: 430.04
** Write stats: 435.017
** Write stats: 440.004
** Write stats: 445.005
** Write stats: 450.054
** Write stats: 455.002
** Write stats: 460.026
** Write stats: 465.066
** Write stats: 470.005
** Write stats: 475.02
** Write stats: 480.039
** Write stats: 485.031
** Write stats: 490.011
** Write stats: 495.014
** Write stats: 500.008
** Write stats: 505.048
** Write stats: 510.005
** Write stats: 515.057
** Write stats: 520.043
** Write stats: 525.038
** Write stats: 530.032
** Write stats: 535.035
** Write stats: 540.072
** Write stats: 545.054
** Write stats: 550.014
** Write stats: 555.096
** Write stats: 560.02
** Write stats: 565.013
** Write stats: 570.033
** Write stats: 575.061
** Write stats: 580.054
** Write stats: 585.024
** Write stats: 590.05
** Write stats: 595.001
** Write stats: 598.014
