Extract contract ReturnValue from /sb/unchecked_return_value.sol
Extracted 1 contract(s) from /sb/unchecked_return_value.sol
[0;32m> Created "fuzzMe"[0m
[0;32m> To fuzz contracts:[0m
  chmod +x fuzzMe
  ./fuzzMe
contracts/ReturnValue.sol:17:5: Warning: Return value of low-level calls not used.
    callee.call();
    ^-----------^
assets/NormalAttacker.sol:5:3: Warning: No visibility specified. Defaulting to "public". 
  function() payable {
  ^ (Relevant source part starts here and spans across multiple lines).
assets/ReentrancyAttacker.sol:8:7: Warning: Return value of low-level calls not used.
      msg.sender.call(bytes4(255));
      ^--------------------------^
assets/ReentrancyAttacker.sol:5:3: Warning: No visibility specified. Defaulting to "public". 
  function() payable {
  ^ (Relevant source part starts here and spans across multiple lines).
>> Fuzz ReturnValue
** Write stats: 0.003843
** Write stats: 5.00698
** Write stats: 10.0001
** Write stats: 15.0001
** Write stats: 20.0001
** Write stats: 25.0001
** Write stats: 30.0002
** Write stats: 35.0002
** Write stats: 40.0001
** Write stats: 45.0001
** Write stats: 50.0053
** Write stats: 55.0001
** Write stats: 60.0001
** Write stats: 65.0001
** Write stats: 70
** Write stats: 75.0001
** Write stats: 80.0004
** Write stats: 85.0001
** Write stats: 90.0169
** Write stats: 95.0001
** Write stats: 100
** Write stats: 105
** Write stats: 110.012
** Write stats: 115.005
** Write stats: 120.006
** Write stats: 125
** Write stats: 130
** Write stats: 135
** Write stats: 140
** Write stats: 145
** Write stats: 150
** Write stats: 155
** Write stats: 160.006
** Write stats: 165
** Write stats: 170
** Write stats: 175.001
** Write stats: 180
** Write stats: 185
** Write stats: 190.005
** Write stats: 195
** Write stats: 200.004
** Write stats: 205
** Write stats: 210.02
** Write stats: 215
** Write stats: 220
** Write stats: 225
** Write stats: 230
** Write stats: 235
** Write stats: 240
** Write stats: 245
** Write stats: 250.001
** Write stats: 255
** Write stats: 260.01
** Write stats: 265
** Write stats: 270
** Write stats: 275
** Write stats: 280.001
** Write stats: 285
** Write stats: 290
** Write stats: 295
** Write stats: 300
** Write stats: 305.001
** Write stats: 310
** Write stats: 315
** Write stats: 320
** Write stats: 325
** Write stats: 330.001
** Write stats: 335
** Write stats: 340.001
** Write stats: 345
** Write stats: 350
** Write stats: 355
** Write stats: 360
** Write stats: 365
** Write stats: 375.024
** Write stats: 380
** Write stats: 385.014
** Write stats: 390
** Write stats: 395
** Write stats: 400
** Write stats: 405.008
** Write stats: 410.017
** Write stats: 415.006
** Write stats: 420.001
** Write stats: 425.035
** Write stats: 430
** Write stats: 435
** Write stats: 440
** Write stats: 445
** Write stats: 450.034
** Write stats: 455
** Write stats: 460
** Write stats: 465
** Write stats: 470.001
** Write stats: 475
** Write stats: 480
** Write stats: 485
** Write stats: 490.023
** Write stats: 495.026
** Write stats: 500
** Write stats: 505.032
** Write stats: 510.013
** Write stats: 515
** Write stats: 520.02
** Write stats: 525
** Write stats: 530.001
** Write stats: 535
** Write stats: 540.006
** Write stats: 545.005
** Write stats: 550
** Write stats: 555.027
** Write stats: 560.007
** Write stats: 565.025
** Write stats: 570.008
** Write stats: 575
** Write stats: 580
** Write stats: 585
** Write stats: 590.055
** Write stats: 595
** Write stats: 598.002
