Extract contract Ownable from /sb/0x39cfd754c85023648bf003bea2dd498c5612abfa.sol
Extract contract Token from /sb/0x39cfd754c85023648bf003bea2dd498c5612abfa.sol
Extract contract TokenBank from /sb/0x39cfd754c85023648bf003bea2dd498c5612abfa.sol
Extracted 3 contract(s) from /sb/0x39cfd754c85023648bf003bea2dd498c5612abfa.sol
[0;32m> Created "fuzzMe"[0m
[0;32m> To fuzz contracts:[0m
  chmod +x fuzzMe
  ./fuzzMe
contracts/Token.sol:44:27: Warning: "sha3" has been deprecated in favour of "keccak256"
        token.call(bytes4(sha3("transfer(address,uint256)")),to,amount); 
                          ^-------------------------------^
contracts/Token.sol:44:9: Warning: Return value of low-level calls not used.
        token.call(bytes4(sha3("transfer(address,uint256)")),to,amount); 
        ^-------------------------------------------------------------^
contracts/Token.sol:61:5: Warning: No visibility specified. Defaulting to "public". 
    function()
    ^ (Relevant source part starts here and spans across multiple lines).
contracts/Token.sol:67:5: Warning: No visibility specified. Defaulting to "public". 
    function Deposit() 
    ^ (Relevant source part starts here and spans across multiple lines).
contracts/Ownable.sol:44:27: Warning: "sha3" has been deprecated in favour of "keccak256"
        token.call(bytes4(sha3("transfer(address,uint256)")),to,amount); 
                          ^-------------------------------^
contracts/Ownable.sol:44:9: Warning: Return value of low-level calls not used.
        token.call(bytes4(sha3("transfer(address,uint256)")),to,amount); 
        ^-------------------------------------------------------------^
contracts/Ownable.sol:61:5: Warning: No visibility specified. Defaulting to "public". 
    function()
    ^ (Relevant source part starts here and spans across multiple lines).
contracts/Ownable.sol:67:5: Warning: No visibility specified. Defaulting to "public". 
    function Deposit() 
    ^ (Relevant source part starts here and spans across multiple lines).
contracts/TokenBank.sol:44:27: Warning: "sha3" has been deprecated in favour of "keccak256"
        token.call(bytes4(sha3("transfer(address,uint256)")),to,amount); 
                          ^-------------------------------^
contracts/TokenBank.sol:44:9: Warning: Return value of low-level calls not used.
        token.call(bytes4(sha3("transfer(address,uint256)")),to,amount); 
        ^-------------------------------------------------------------^
contracts/TokenBank.sol:61:5: Warning: No visibility specified. Defaulting to "public". 
    function()
    ^ (Relevant source part starts here and spans across multiple lines).
contracts/TokenBank.sol:67:5: Warning: No visibility specified. Defaulting to "public". 
    function Deposit() 
    ^ (Relevant source part starts here and spans across multiple lines).
assets/NormalAttacker.sol:5:3: Warning: No visibility specified. Defaulting to "public". 
  function() payable {
  ^ (Relevant source part starts here and spans across multiple lines).
assets/ReentrancyAttacker.sol:8:7: Warning: Return value of low-level calls not used.
      msg.sender.call(bytes4(255));
      ^--------------------------^
assets/ReentrancyAttacker.sol:5:3: Warning: No visibility specified. Defaulting to "public". 
  function() payable {
  ^ (Relevant source part starts here and spans across multiple lines).
>> Fuzz Token
** Write stats: 0.005988
** Write stats: 5.00018
** Write stats: 10.0002
** Write stats: 15.0001
** Write stats: 20.0001
** Write stats: 25.0002
** Write stats: 30.0001
** Write stats: 35.0024
** Write stats: 40.0004
** Write stats: 45.0001
** Write stats: 50.0078
** Write stats: 55.0579
** Write stats: 60.0001
** Write stats: 65.0001
** Write stats: 70.0186
** Write stats: 75.0447
** Write stats: 80.0001
** Write stats: 85.0194
** Write stats: 90.0001
** Write stats: 95.0003
** Write stats: 100
** Write stats: 105.019
** Write stats: 110.01
** Write stats: 115
** Write stats: 120
** Write stats: 125
** Write stats: 130
** Write stats: 135
** Write stats: 140.013
** Write stats: 145.001
** Write stats: 150
** Write stats: 155
** Write stats: 160
** Write stats: 165
** Write stats: 170
** Write stats: 175
** Write stats: 180
** Write stats: 185
** Write stats: 190
** Write stats: 195
** Write stats: 198.001
>> Fuzz Ownable
** Write stats: 0.003438
** Write stats: 5.00009
** Write stats: 10.0001
** Write stats: 15.0001
** Write stats: 20.0005
** Write stats: 25.0001
** Write stats: 30.0001
** Write stats: 35.0002
** Write stats: 40.0001
** Write stats: 45.0001
** Write stats: 50.0011
** Write stats: 55.0001
** Write stats: 60.0001
** Write stats: 65.0003
** Write stats: 70.0002
** Write stats: 75.0032
** Write stats: 80.0002
** Write stats: 85.0001
** Write stats: 90.0001
** Write stats: 95.0001
** Write stats: 100
** Write stats: 105
** Write stats: 110.007
** Write stats: 115
** Write stats: 120
** Write stats: 125
** Write stats: 130
** Write stats: 135
** Write stats: 140
** Write stats: 145
** Write stats: 150
** Write stats: 155
** Write stats: 160
** Write stats: 165
** Write stats: 170
** Write stats: 175
** Write stats: 180
** Write stats: 185
** Write stats: 190
** Write stats: 195.005
** Write stats: 198.011
>> Fuzz TokenBank
** Write stats: 0.010684
** Write stats: 5.0036
** Write stats: 10.0035
** Write stats: 15.0043
** Write stats: 20.0011
** Write stats: 25.0033
** Write stats: 30.0034
** Write stats: 35.0024
** Write stats: 40.0004
** Write stats: 45.0015
** Write stats: 50.0005
** Write stats: 55.0029
** Write stats: 60.0021
** Write stats: 65.0043
** Write stats: 70.0033
** Write stats: 75.004
** Write stats: 80.0026
** Write stats: 85.0011
** Write stats: 90.0044
** Write stats: 95.0017
** Write stats: 100.001
** Write stats: 105.005
** Write stats: 110.002
** Write stats: 115.005
** Write stats: 120.005
** Write stats: 125.005
** Write stats: 130.006
** Write stats: 135.002
** Write stats: 140
** Write stats: 145.001
** Write stats: 150.004
** Write stats: 155.011
** Write stats: 160.009
** Write stats: 165.012
** Write stats: 170.013
** Write stats: 175.007
** Write stats: 180.005
** Write stats: 185.011
** Write stats: 190.002
** Write stats: 195.011
** Write stats: 198.018
