Extract contract B from /sb/0xf29ebe930a539a60279ace72c707cba851a57707.sol
Extracted 1 contract(s) from /sb/0xf29ebe930a539a60279ace72c707cba851a57707.sol
[0;32m> Created "fuzzMe"[0m
[0;32m> To fuzz contracts:[0m
  chmod +x fuzzMe
  ./fuzzMe
contracts/B.sol:16:9: Warning: Return value of low-level calls not used.
        target.call.value(msg.value)();
        ^----------------------------^
assets/NormalAttacker.sol:5:3: Warning: No visibility specified. Defaulting to "public". 
  function() payable {
  ^ (Relevant source part starts here and spans across multiple lines).
assets/ReentrancyAttacker.sol:8:7: Warning: Return value of low-level calls not used.
      msg.sender.call(bytes4(255));
      ^--------------------------^
assets/ReentrancyAttacker.sol:5:3: Warning: No visibility specified. Defaulting to "public". 
  function() payable {
  ^ (Relevant source part starts here and spans across multiple lines).
>> Fuzz B
** Write stats: 0.00381
** Write stats: 5.00009
** Write stats: 10.0001
** Write stats: 15.0015
** Write stats: 20.0001
** Write stats: 25.0001
** Write stats: 30.0001
** Write stats: 35.0001
** Write stats: 40.0001
** Write stats: 45.0003
** Write stats: 50.0013
** Write stats: 55.0001
** Write stats: 60.0001
** Write stats: 65.0001
** Write stats: 70.0001
** Write stats: 75.2952
** Write stats: 80.0001
** Write stats: 85.0001
** Write stats: 90.0001
** Write stats: 95.0002
** Write stats: 100
** Write stats: 105
** Write stats: 110.002
** Write stats: 115
** Write stats: 120
** Write stats: 125
** Write stats: 130
** Write stats: 135.008
** Write stats: 140
** Write stats: 145
** Write stats: 155
** Write stats: 160
** Write stats: 165
** Write stats: 170
** Write stats: 175.008
** Write stats: 180
** Write stats: 185
** Write stats: 190
** Write stats: 195.003
** Write stats: 200
** Write stats: 205
** Write stats: 210
** Write stats: 215
** Write stats: 220
** Write stats: 225
** Write stats: 230.008
** Write stats: 235
** Write stats: 240
** Write stats: 245
** Write stats: 250
** Write stats: 255
** Write stats: 260.01
** Write stats: 265
** Write stats: 270
** Write stats: 275
** Write stats: 280
** Write stats: 285
** Write stats: 290.002
** Write stats: 295
** Write stats: 300.012
** Write stats: 305
** Write stats: 310
** Write stats: 315.001
** Write stats: 325.004
** Write stats: 330.011
** Write stats: 335
** Write stats: 340.001
** Write stats: 345
** Write stats: 350
** Write stats: 355.009
** Write stats: 360.006
** Write stats: 365
** Write stats: 370.01
** Write stats: 375
** Write stats: 380
** Write stats: 385
** Write stats: 390.014
** Write stats: 395
** Write stats: 400
** Write stats: 405
** Write stats: 410
** Write stats: 415
** Write stats: 420
** Write stats: 425.012
** Write stats: 430
** Write stats: 435
** Write stats: 440.011
** Write stats: 445.008
** Write stats: 450
** Write stats: 455
** Write stats: 460
** Write stats: 465
** Write stats: 470
** Write stats: 475.003
** Write stats: 480
** Write stats: 485
** Write stats: 490
** Write stats: 495.003
** Write stats: 500
** Write stats: 505
** Write stats: 510
** Write stats: 515.007
** Write stats: 520.015
** Write stats: 525
** Write stats: 530
** Write stats: 535
** Write stats: 540.014
** Write stats: 545.008
** Write stats: 550.027
** Write stats: 555
** Write stats: 560
** Write stats: 565
** Write stats: 570
** Write stats: 575
** Write stats: 580.006
** Write stats: 585
** Write stats: 590
** Write stats: 595.017
** Write stats: 598.007
