Extract contract Log from /sb/0xf015c35649c82f5467c9c74b7f28ee67665aad68.sol
Extract contract MY_BANK from /sb/0xf015c35649c82f5467c9c74b7f28ee67665aad68.sol
Extracted 2 contract(s) from /sb/0xf015c35649c82f5467c9c74b7f28ee67665aad68.sol
[0;32m> Created "fuzzMe"[0m
[0;32m> To fuzz contracts:[0m
  chmod +x fuzzMe
  ./fuzzMe
contracts/MY_BANK.sol:15:9: Warning: Use of the "var" keyword is deprecated.
        var acc = Acc[msg.sender];
        ^-----^
contracts/MY_BANK.sol:25:9: Warning: Use of the "var" keyword is deprecated.
        var acc = Acc[msg.sender];
        ^-----^
contracts/MY_BANK.sol:56:5: Warning: Defining constructors as functions with the same name as the contract is deprecated. Use "constructor(...) { ... }" instead.
    function MY_BANK(address log) public{
    ^ (Relevant source part starts here and spans across multiple lines).
contracts/Log.sol:15:9: Warning: Use of the "var" keyword is deprecated.
        var acc = Acc[msg.sender];
        ^-----^
contracts/Log.sol:25:9: Warning: Use of the "var" keyword is deprecated.
        var acc = Acc[msg.sender];
        ^-----^
contracts/Log.sol:56:5: Warning: Defining constructors as functions with the same name as the contract is deprecated. Use "constructor(...) { ... }" instead.
    function MY_BANK(address log) public{
    ^ (Relevant source part starts here and spans across multiple lines).
assets/NormalAttacker.sol:5:3: Warning: No visibility specified. Defaulting to "public". 
  function() payable {
  ^ (Relevant source part starts here and spans across multiple lines).
assets/ReentrancyAttacker.sol:8:7: Warning: Return value of low-level calls not used.
      msg.sender.call(bytes4(255));
      ^--------------------------^
assets/ReentrancyAttacker.sol:5:3: Warning: No visibility specified. Defaulting to "public". 
  function() payable {
  ^ (Relevant source part starts here and spans across multiple lines).
>> Fuzz MY_BANK
** Write stats: 0.006684
** Write stats: 5.00381
** Write stats: 10.003
** Write stats: 15.0023
** Write stats: 20.0038
** Write stats: 25.0033
** Write stats: 30.0013
** Write stats: 35.0059
** Write stats: 40.0026
** Write stats: 45.0047
** Write stats: 50.0016
** Write stats: 55.0007
** Write stats: 60.0005
** Write stats: 65.0038
** Write stats: 70.0003
** Write stats: 75.0017
** Write stats: 80.001
** Write stats: 85.0044
** Write stats: 90.0063
** Write stats: 95.0023
** Write stats: 100.005
** Write stats: 105.001
** Write stats: 110.002
** Write stats: 115.004
** Write stats: 120.001
** Write stats: 125.006
** Write stats: 130
** Write stats: 135.003
** Write stats: 140.002
** Write stats: 145.001
** Write stats: 150.001
** Write stats: 155.004
** Write stats: 160
** Write stats: 165.002
** Write stats: 170.004
** Write stats: 175.004
** Write stats: 180.004
** Write stats: 185.001
** Write stats: 190.002
** Write stats: 195.005
** Write stats: 200.005
** Write stats: 205.002
** Write stats: 210.001
** Write stats: 215
** Write stats: 220
** Write stats: 225.001
** Write stats: 230.007
** Write stats: 235.005
** Write stats: 240.001
** Write stats: 245.001
** Write stats: 250
** Write stats: 255.006
** Write stats: 260
** Write stats: 265.007
** Write stats: 270.002
** Write stats: 275.006
** Write stats: 280.005
** Write stats: 285.004
** Write stats: 290.006
** Write stats: 295.006
** Write stats: 298.018
>> Fuzz Log
** Write stats: 0.006014
** Write stats: 5.00688
** Write stats: 10.0035
** Write stats: 15.0013
** Write stats: 20.016
** Write stats: 25.0264
** Write stats: 30.0113
** Write stats: 35.0043
** Write stats: 40.0306
** Write stats: 45.0146
** Write stats: 50.0478
** Write stats: 55.0498
** Write stats: 60.0125
** Write stats: 65.0162
** Write stats: 70.0443
** Write stats: 75.0469
** Write stats: 80.0038
** Write stats: 85.0111
** Write stats: 90.0721
** Write stats: 95.0099
** Write stats: 100.016
** Write stats: 105.009
** Write stats: 110.001
** Write stats: 115.018
** Write stats: 120.067
** Write stats: 125.033
** Write stats: 130.024
** Write stats: 135.088
** Write stats: 140.035
** Write stats: 145.041
** Write stats: 150.026
** Write stats: 155.045
** Write stats: 160.022
** Write stats: 165.06
** Write stats: 170.085
** Write stats: 175.089
** Write stats: 180.008
** Write stats: 185.019
** Write stats: 190.039
** Write stats: 195.075
** Write stats: 200.09
** Write stats: 205.012
** Write stats: 210.075
** Write stats: 215.081
** Write stats: 220.002
** Write stats: 225.02
** Write stats: 230.028
** Write stats: 235.064
** Write stats: 240.062
** Write stats: 245.033
** Write stats: 250.073
** Write stats: 255.071
** Write stats: 260.097
** Write stats: 265.08
** Write stats: 270.025
** Write stats: 275.036
** Write stats: 280.094
** Write stats: 285.094
** Write stats: 290.13
** Write stats: 295.114
** Write stats: 298.025
