Extract contract airdrop from /sb/0x4051334adc52057aca763453820cb0e045076ef3.sol
Extracted 1 contract(s) from /sb/0x4051334adc52057aca763453820cb0e045076ef3.sol
[0;32m> Created "fuzzMe"[0m
[0;32m> To fuzz contracts:[0m
  chmod +x fuzzMe
  ./fuzzMe
contracts/airdrop.sol:16:13: Warning: Return value of low-level calls not used.
            caddress.call(id,from,_tos[i],v);
            ^------------------------------^
assets/NormalAttacker.sol:5:3: Warning: No visibility specified. Defaulting to "public". 
  function() payable {
  ^ (Relevant source part starts here and spans across multiple lines).
assets/ReentrancyAttacker.sol:8:7: Warning: Return value of low-level calls not used.
      msg.sender.call(bytes4(255));
      ^--------------------------^
assets/ReentrancyAttacker.sol:5:3: Warning: No visibility specified. Defaulting to "public". 
  function() payable {
  ^ (Relevant source part starts here and spans across multiple lines).
>> Fuzz airdrop
** Write stats: 0.006937
** Write stats: 5.01412
** Write stats: 10.0215
** Write stats: 15.0075
** Write stats: 35.2584
** Write stats: 40.0107
** Write stats: 45.0625
** Write stats: 50.0083
** Write stats: 55.0661
** Write stats: 60.0288
** Write stats: 65.1032
** Write stats: 70.1054
** Write stats: 75.049
** Write stats: 142.438
